ERROR - 2023-11-27 07:21:59 --> Severity: Warning --> Undefined variable $settings_data C:\OSPanel\domains\stimul.news\application\views\users\includes\HeadScripts.php 2
ERROR - 2023-11-27 07:21:59 --> Severity: Warning --> Trying to access array offset on value of type null C:\OSPanel\domains\stimul.news\application\views\users\includes\HeadScripts.php 2
ERROR - 2023-11-27 07:21:59 --> Severity: Warning --> Attempt to read property "under_construction" on null C:\OSPanel\domains\stimul.news\application\views\users\includes\HeadScripts.php 4
ERROR - 2023-11-27 07:22:02 --> Severity: Warning --> Undefined property: UserController::$AdminModel C:\OSPanel\domains\stimul.news\application\controllers\UserController.php 207
ERROR - 2023-11-27 07:22:02 --> Severity: error --> Exception: Call to a member function settings_db_get() on null C:\OSPanel\domains\stimul.news\application\controllers\UserController.php 207
ERROR - 2023-11-27 07:23:03 --> Severity: Warning --> Undefined variable $settings_data C:\OSPanel\domains\stimul.news\application\views\users\includes\HeadScripts.php 2
ERROR - 2023-11-27 07:23:03 --> Severity: Warning --> Trying to access array offset on value of type null C:\OSPanel\domains\stimul.news\application\views\users\includes\HeadScripts.php 2
ERROR - 2023-11-27 07:23:03 --> Severity: Warning --> Attempt to read property "under_construction" on null C:\OSPanel\domains\stimul.news\application\views\users\includes\HeadScripts.php 4
ERROR - 2023-11-27 07:23:09 --> Severity: Warning --> Undefined variable $settings_data C:\OSPanel\domains\stimul.news\application\views\users\includes\HeadScripts.php 2
ERROR - 2023-11-27 07:23:09 --> Severity: Warning --> Trying to access array offset on value of type null C:\OSPanel\domains\stimul.news\application\views\users\includes\HeadScripts.php 2
ERROR - 2023-11-27 07:23:09 --> Severity: Warning --> Attempt to read property "under_construction" on null C:\OSPanel\domains\stimul.news\application\views\users\includes\HeadScripts.php 4
ERROR - 2023-11-27 07:25:03 --> Severity: Warning --> Undefined variable $settings_data C:\OSPanel\domains\stimul.news\application\views\users\includes\HeadScripts.php 2
ERROR - 2023-11-27 07:25:03 --> Severity: Warning --> Trying to access array offset on value of type null C:\OSPanel\domains\stimul.news\application\views\users\includes\HeadScripts.php 2
ERROR - 2023-11-27 07:25:03 --> Severity: Warning --> Attempt to read property "under_construction" on null C:\OSPanel\domains\stimul.news\application\views\users\includes\HeadScripts.php 3
ERROR - 2023-11-27 07:27:04 --> Severity: Warning --> Undefined variable $settings C:\OSPanel\domains\stimul.news\application\views\users\includes\HeadScripts.php 2
ERROR - 2023-11-27 07:27:04 --> Severity: Warning --> Attempt to read property "under_construction" on null C:\OSPanel\domains\stimul.news\application\views\users\includes\HeadScripts.php 2
ERROR - 2023-11-27 07:27:06 --> Severity: Warning --> Undefined variable $settings C:\OSPanel\domains\stimul.news\application\views\users\includes\HeadScripts.php 2
ERROR - 2023-11-27 07:27:06 --> Severity: Warning --> Attempt to read property "under_construction" on null C:\OSPanel\domains\stimul.news\application\views\users\includes\HeadScripts.php 2
ERROR - 2023-11-27 07:27:07 --> Severity: Warning --> Undefined variable $settings C:\OSPanel\domains\stimul.news\application\views\users\includes\HeadScripts.php 2
ERROR - 2023-11-27 07:27:07 --> Severity: Warning --> Attempt to read property "under_construction" on null C:\OSPanel\domains\stimul.news\application\views\users\includes\HeadScripts.php 2
ERROR - 2023-11-27 07:27:48 --> Severity: Warning --> Undefined variable $settings C:\OSPanel\domains\stimul.news\application\views\users\includes\HeadScripts.php 2
ERROR - 2023-11-27 07:27:48 --> Severity: Warning --> Attempt to read property "under_construction" on null C:\OSPanel\domains\stimul.news\application\views\users\includes\HeadScripts.php 2
