ERROR - 2024-01-08 21:03:05 --> Severity: Warning --> Trying to access array offset on value of type null C:\OSPanel\domains\stimul.news\application\views\admins\Partners\Edit.php 32
ERROR - 2024-01-08 21:03:05 --> Severity: Warning --> Trying to access array offset on value of type null C:\OSPanel\domains\stimul.news\application\views\admins\Partners\Edit.php 38
ERROR - 2024-01-08 21:03:05 --> Severity: Warning --> Trying to access array offset on value of type null C:\OSPanel\domains\stimul.news\application\views\admins\Partners\Edit.php 40
ERROR - 2024-01-08 21:03:05 --> Severity: Warning --> Trying to access array offset on value of type null C:\OSPanel\domains\stimul.news\application\views\admins\Partners\Edit.php 62
ERROR - 2024-01-08 21:03:05 --> Severity: Warning --> Trying to access array offset on value of type null C:\OSPanel\domains\stimul.news\application\views\admins\Partners\Edit.php 73
ERROR - 2024-01-08 21:03:05 --> Severity: Warning --> Trying to access array offset on value of type null C:\OSPanel\domains\stimul.news\application\views\admins\Partners\Edit.php 80
ERROR - 2024-01-08 21:13:00 --> Query error: You have an error in your SQL syntax; check the manual that corresponds to your MySQL server version for the right syntax to use near '-6893488147419103232, 10' at line 6 - Invalid query: SELECT *
FROM `news`
LEFT JOIN `categories` ON `c_uid` = `n_category_uid`
WHERE `n_status` = 1
ORDER BY `n_uid` DESC
 LIMIT -6893488147419103232, 10
ERROR - 2024-01-08 21:13:00 --> Severity: error --> Exception: Call to a member function result_array() on bool C:\OSPanel\domains\stimul.news\application\models\UserModel.php 98
ERROR - 2024-01-08 21:14:10 --> Query error: You have an error in your SQL syntax; check the manual that corresponds to your MySQL server version for the right syntax to use near '-6893488147419103232, 10' at line 6 - Invalid query: SELECT *
FROM `news`
LEFT JOIN `categories` ON `c_uid` = `n_category_uid`
WHERE `n_status` = 1
ORDER BY `n_uid` DESC
 LIMIT -6893488147419103232, 10
ERROR - 2024-01-08 21:14:10 --> Severity: error --> Exception: Call to a member function result_array() on bool C:\OSPanel\domains\stimul.news\application\models\UserModel.php 98
ERROR - 2024-01-08 21:14:11 --> Query error: You have an error in your SQL syntax; check the manual that corresponds to your MySQL server version for the right syntax to use near '-6893488147419103232, 10' at line 6 - Invalid query: SELECT *
FROM `news`
LEFT JOIN `categories` ON `c_uid` = `n_category_uid`
WHERE `n_status` = 1
ORDER BY `n_uid` DESC
 LIMIT -6893488147419103232, 10
ERROR - 2024-01-08 21:14:11 --> Severity: error --> Exception: Call to a member function result_array() on bool C:\OSPanel\domains\stimul.news\application\models\UserModel.php 98
