ERROR - 2023-12-04 00:01:17 --> Severity: Warning --> Undefined array key "HTTP_REFERER" C:\OSPanel\domains\stimul.news\application\controllers\UserController.php 68
ERROR - 2023-12-04 00:16:12 --> Severity: Warning --> Trying to access array offset on value of type bool C:\OSPanel\domains\stimul.news\application\controllers\UserController.php 140
ERROR - 2023-12-04 00:16:12 --> Severity: Warning --> Trying to access array offset on value of type bool C:\OSPanel\domains\stimul.news\application\controllers\UserController.php 141
ERROR - 2023-12-04 00:16:13 --> Severity: Warning --> Trying to access array offset on value of type bool C:\OSPanel\domains\stimul.news\application\controllers\UserController.php 140
ERROR - 2023-12-04 00:16:13 --> Severity: Warning --> Trying to access array offset on value of type bool C:\OSPanel\domains\stimul.news\application\controllers\UserController.php 141
ERROR - 2023-12-04 00:16:14 --> Severity: Warning --> Trying to access array offset on value of type bool C:\OSPanel\domains\stimul.news\application\controllers\UserController.php 140
ERROR - 2023-12-04 00:16:14 --> Severity: Warning --> Trying to access array offset on value of type bool C:\OSPanel\domains\stimul.news\application\controllers\UserController.php 141
ERROR - 2023-12-04 00:16:15 --> Severity: Warning --> Trying to access array offset on value of type bool C:\OSPanel\domains\stimul.news\application\controllers\UserController.php 140
ERROR - 2023-12-04 00:16:15 --> Severity: Warning --> Trying to access array offset on value of type bool C:\OSPanel\domains\stimul.news\application\controllers\UserController.php 141
ERROR - 2023-12-04 00:16:37 --> Severity: Warning --> Trying to access array offset on value of type bool C:\OSPanel\domains\stimul.news\application\controllers\UserController.php 140
ERROR - 2023-12-04 00:16:37 --> Severity: Warning --> Trying to access array offset on value of type bool C:\OSPanel\domains\stimul.news\application\controllers\UserController.php 141
ERROR - 2023-12-04 00:17:04 --> Severity: Warning --> Trying to access array offset on value of type null C:\OSPanel\domains\stimul.news\application\controllers\UserController.php 88
ERROR - 2023-12-04 00:17:04 --> Severity: Warning --> Trying to access array offset on value of type null C:\OSPanel\domains\stimul.news\application\controllers\UserController.php 88
ERROR - 2023-12-04 00:17:04 --> Severity: Warning --> Trying to access array offset on value of type null C:\OSPanel\domains\stimul.news\application\controllers\UserController.php 90
ERROR - 2023-12-04 00:17:04 --> Severity: Warning --> Trying to access array offset on value of type null C:\OSPanel\domains\stimul.news\application\controllers\UserController.php 91
ERROR - 2023-12-04 00:17:04 --> Severity: Warning --> Trying to access array offset on value of type null C:\OSPanel\domains\stimul.news\application\views\users\contents\SingleNews.php 6
ERROR - 2023-12-04 00:17:04 --> Severity: Warning --> Trying to access array offset on value of type null C:\OSPanel\domains\stimul.news\application\views\users\contents\SingleNews.php 7
ERROR - 2023-12-04 00:17:04 --> Severity: Warning --> Trying to access array offset on value of type null C:\OSPanel\domains\stimul.news\application\views\users\contents\SingleNews.php 8
ERROR - 2023-12-04 00:17:04 --> Severity: Warning --> Trying to access array offset on value of type null C:\OSPanel\domains\stimul.news\application\views\users\contents\SingleNews.php 16
ERROR - 2023-12-04 00:17:04 --> Severity: Warning --> Trying to access array offset on value of type null C:\OSPanel\domains\stimul.news\application\views\users\contents\SingleNews.php 16
ERROR - 2023-12-04 00:17:04 --> Severity: Warning --> Trying to access array offset on value of type null C:\OSPanel\domains\stimul.news\application\views\users\contents\SingleNews.php 18
ERROR - 2023-12-04 00:17:04 --> Severity: Warning --> Trying to access array offset on value of type null C:\OSPanel\domains\stimul.news\application\views\users\contents\SingleNews.php 18
ERROR - 2023-12-04 00:17:04 --> Severity: Warning --> Trying to access array offset on value of type null C:\OSPanel\domains\stimul.news\application\views\users\contents\SingleNews.php 18
ERROR - 2023-12-04 00:17:04 --> Severity: Warning --> Trying to access array offset on value of type null C:\OSPanel\domains\stimul.news\application\views\users\contents\SingleNews.php 23
ERROR - 2023-12-04 00:17:04 --> Severity: Warning --> Trying to access array offset on value of type null C:\OSPanel\domains\stimul.news\application\views\users\contents\SingleNews.php 28
ERROR - 2023-12-04 00:17:04 --> Severity: Warning --> Trying to access array offset on value of type null C:\OSPanel\domains\stimul.news\application\views\users\contents\SingleNews.php 33
ERROR - 2023-12-04 00:17:04 --> Severity: Warning --> Trying to access array offset on value of type null C:\OSPanel\domains\stimul.news\application\controllers\UserController.php 88
ERROR - 2023-12-04 00:17:04 --> Severity: Warning --> Trying to access array offset on value of type null C:\OSPanel\domains\stimul.news\application\controllers\UserController.php 88
ERROR - 2023-12-04 00:17:04 --> Severity: Warning --> Trying to access array offset on value of type null C:\OSPanel\domains\stimul.news\application\controllers\UserController.php 90
ERROR - 2023-12-04 00:17:04 --> Severity: Warning --> Trying to access array offset on value of type null C:\OSPanel\domains\stimul.news\application\controllers\UserController.php 91
ERROR - 2023-12-04 00:17:04 --> Severity: Warning --> Trying to access array offset on value of type null C:\OSPanel\domains\stimul.news\application\views\users\contents\SingleNews.php 6
ERROR - 2023-12-04 00:17:04 --> Severity: Warning --> Trying to access array offset on value of type null C:\OSPanel\domains\stimul.news\application\views\users\contents\SingleNews.php 7
ERROR - 2023-12-04 00:17:04 --> Severity: Warning --> Trying to access array offset on value of type null C:\OSPanel\domains\stimul.news\application\views\users\contents\SingleNews.php 8
ERROR - 2023-12-04 00:17:04 --> Severity: Warning --> Trying to access array offset on value of type null C:\OSPanel\domains\stimul.news\application\views\users\contents\SingleNews.php 16
ERROR - 2023-12-04 00:17:04 --> Severity: Warning --> Trying to access array offset on value of type null C:\OSPanel\domains\stimul.news\application\views\users\contents\SingleNews.php 16
ERROR - 2023-12-04 00:17:04 --> Severity: Warning --> Trying to access array offset on value of type null C:\OSPanel\domains\stimul.news\application\views\users\contents\SingleNews.php 18
ERROR - 2023-12-04 00:17:04 --> Severity: Warning --> Trying to access array offset on value of type null C:\OSPanel\domains\stimul.news\application\views\users\contents\SingleNews.php 18
ERROR - 2023-12-04 00:17:04 --> Severity: Warning --> Trying to access array offset on value of type null C:\OSPanel\domains\stimul.news\application\views\users\contents\SingleNews.php 18
ERROR - 2023-12-04 00:17:04 --> Severity: Warning --> Trying to access array offset on value of type null C:\OSPanel\domains\stimul.news\application\views\users\contents\SingleNews.php 23
ERROR - 2023-12-04 00:17:04 --> Severity: Warning --> Trying to access array offset on value of type null C:\OSPanel\domains\stimul.news\application\views\users\contents\SingleNews.php 28
ERROR - 2023-12-04 00:17:04 --> Severity: Warning --> Trying to access array offset on value of type null C:\OSPanel\domains\stimul.news\application\views\users\contents\SingleNews.php 33
ERROR - 2023-12-04 00:17:05 --> Severity: Warning --> Trying to access array offset on value of type null C:\OSPanel\domains\stimul.news\application\controllers\UserController.php 88
ERROR - 2023-12-04 00:17:05 --> Severity: Warning --> Trying to access array offset on value of type null C:\OSPanel\domains\stimul.news\application\controllers\UserController.php 88
ERROR - 2023-12-04 00:17:05 --> Severity: Warning --> Trying to access array offset on value of type null C:\OSPanel\domains\stimul.news\application\controllers\UserController.php 90
ERROR - 2023-12-04 00:17:05 --> Severity: Warning --> Trying to access array offset on value of type null C:\OSPanel\domains\stimul.news\application\controllers\UserController.php 91
ERROR - 2023-12-04 00:17:05 --> Severity: Warning --> Trying to access array offset on value of type null C:\OSPanel\domains\stimul.news\application\views\users\contents\SingleNews.php 6
ERROR - 2023-12-04 00:17:05 --> Severity: Warning --> Trying to access array offset on value of type null C:\OSPanel\domains\stimul.news\application\views\users\contents\SingleNews.php 7
ERROR - 2023-12-04 00:17:05 --> Severity: Warning --> Trying to access array offset on value of type null C:\OSPanel\domains\stimul.news\application\views\users\contents\SingleNews.php 8
ERROR - 2023-12-04 00:17:05 --> Severity: Warning --> Trying to access array offset on value of type null C:\OSPanel\domains\stimul.news\application\views\users\contents\SingleNews.php 16
ERROR - 2023-12-04 00:17:05 --> Severity: Warning --> Trying to access array offset on value of type null C:\OSPanel\domains\stimul.news\application\views\users\contents\SingleNews.php 16
ERROR - 2023-12-04 00:17:05 --> Severity: Warning --> Trying to access array offset on value of type null C:\OSPanel\domains\stimul.news\application\views\users\contents\SingleNews.php 18
ERROR - 2023-12-04 00:17:05 --> Severity: Warning --> Trying to access array offset on value of type null C:\OSPanel\domains\stimul.news\application\views\users\contents\SingleNews.php 18
ERROR - 2023-12-04 00:17:05 --> Severity: Warning --> Trying to access array offset on value of type null C:\OSPanel\domains\stimul.news\application\views\users\contents\SingleNews.php 18
ERROR - 2023-12-04 00:17:05 --> Severity: Warning --> Trying to access array offset on value of type null C:\OSPanel\domains\stimul.news\application\views\users\contents\SingleNews.php 23
ERROR - 2023-12-04 00:17:05 --> Severity: Warning --> Trying to access array offset on value of type null C:\OSPanel\domains\stimul.news\application\views\users\contents\SingleNews.php 28
ERROR - 2023-12-04 00:17:05 --> Severity: Warning --> Trying to access array offset on value of type null C:\OSPanel\domains\stimul.news\application\views\users\contents\SingleNews.php 33
ERROR - 2023-12-04 00:17:05 --> Severity: Warning --> Trying to access array offset on value of type null C:\OSPanel\domains\stimul.news\application\controllers\UserController.php 88
ERROR - 2023-12-04 00:17:05 --> Severity: Warning --> Trying to access array offset on value of type null C:\OSPanel\domains\stimul.news\application\controllers\UserController.php 88
ERROR - 2023-12-04 00:17:05 --> Severity: Warning --> Trying to access array offset on value of type null C:\OSPanel\domains\stimul.news\application\controllers\UserController.php 90
ERROR - 2023-12-04 00:17:05 --> Severity: Warning --> Trying to access array offset on value of type null C:\OSPanel\domains\stimul.news\application\controllers\UserController.php 91
ERROR - 2023-12-04 00:17:05 --> Severity: Warning --> Trying to access array offset on value of type null C:\OSPanel\domains\stimul.news\application\views\users\contents\SingleNews.php 6
ERROR - 2023-12-04 00:17:05 --> Severity: Warning --> Trying to access array offset on value of type null C:\OSPanel\domains\stimul.news\application\views\users\contents\SingleNews.php 7
ERROR - 2023-12-04 00:17:05 --> Severity: Warning --> Trying to access array offset on value of type null C:\OSPanel\domains\stimul.news\application\views\users\contents\SingleNews.php 8
ERROR - 2023-12-04 00:17:05 --> Severity: Warning --> Trying to access array offset on value of type null C:\OSPanel\domains\stimul.news\application\views\users\contents\SingleNews.php 16
ERROR - 2023-12-04 00:17:05 --> Severity: Warning --> Trying to access array offset on value of type null C:\OSPanel\domains\stimul.news\application\views\users\contents\SingleNews.php 16
ERROR - 2023-12-04 00:17:05 --> Severity: Warning --> Trying to access array offset on value of type null C:\OSPanel\domains\stimul.news\application\views\users\contents\SingleNews.php 18
ERROR - 2023-12-04 00:17:05 --> Severity: Warning --> Trying to access array offset on value of type null C:\OSPanel\domains\stimul.news\application\views\users\contents\SingleNews.php 18
ERROR - 2023-12-04 00:17:05 --> Severity: Warning --> Trying to access array offset on value of type null C:\OSPanel\domains\stimul.news\application\views\users\contents\SingleNews.php 18
ERROR - 2023-12-04 00:17:05 --> Severity: Warning --> Trying to access array offset on value of type null C:\OSPanel\domains\stimul.news\application\views\users\contents\SingleNews.php 23
ERROR - 2023-12-04 00:17:05 --> Severity: Warning --> Trying to access array offset on value of type null C:\OSPanel\domains\stimul.news\application\views\users\contents\SingleNews.php 28
ERROR - 2023-12-04 00:17:05 --> Severity: Warning --> Trying to access array offset on value of type null C:\OSPanel\domains\stimul.news\application\views\users\contents\SingleNews.php 33
ERROR - 2023-12-04 00:17:20 --> Severity: Warning --> Trying to access array offset on value of type null C:\OSPanel\domains\stimul.news\application\controllers\UserController.php 88
ERROR - 2023-12-04 00:17:20 --> Severity: Warning --> Trying to access array offset on value of type null C:\OSPanel\domains\stimul.news\application\controllers\UserController.php 88
ERROR - 2023-12-04 00:17:20 --> Severity: Warning --> Trying to access array offset on value of type null C:\OSPanel\domains\stimul.news\application\controllers\UserController.php 90
ERROR - 2023-12-04 00:17:20 --> Severity: Warning --> Trying to access array offset on value of type null C:\OSPanel\domains\stimul.news\application\controllers\UserController.php 91
ERROR - 2023-12-04 00:17:20 --> Severity: Warning --> Trying to access array offset on value of type null C:\OSPanel\domains\stimul.news\application\views\users\contents\SingleNews.php 6
ERROR - 2023-12-04 00:17:20 --> Severity: Warning --> Trying to access array offset on value of type null C:\OSPanel\domains\stimul.news\application\views\users\contents\SingleNews.php 7
ERROR - 2023-12-04 00:17:20 --> Severity: Warning --> Trying to access array offset on value of type null C:\OSPanel\domains\stimul.news\application\views\users\contents\SingleNews.php 8
ERROR - 2023-12-04 00:17:20 --> Severity: Warning --> Trying to access array offset on value of type null C:\OSPanel\domains\stimul.news\application\views\users\contents\SingleNews.php 16
ERROR - 2023-12-04 00:17:20 --> Severity: Warning --> Trying to access array offset on value of type null C:\OSPanel\domains\stimul.news\application\views\users\contents\SingleNews.php 16
ERROR - 2023-12-04 00:17:20 --> Severity: Warning --> Trying to access array offset on value of type null C:\OSPanel\domains\stimul.news\application\views\users\contents\SingleNews.php 18
ERROR - 2023-12-04 00:17:20 --> Severity: Warning --> Trying to access array offset on value of type null C:\OSPanel\domains\stimul.news\application\views\users\contents\SingleNews.php 18
ERROR - 2023-12-04 00:17:20 --> Severity: Warning --> Trying to access array offset on value of type null C:\OSPanel\domains\stimul.news\application\views\users\contents\SingleNews.php 18
ERROR - 2023-12-04 00:17:20 --> Severity: Warning --> Trying to access array offset on value of type null C:\OSPanel\domains\stimul.news\application\views\users\contents\SingleNews.php 23
ERROR - 2023-12-04 00:17:20 --> Severity: Warning --> Trying to access array offset on value of type null C:\OSPanel\domains\stimul.news\application\views\users\contents\SingleNews.php 28
ERROR - 2023-12-04 00:17:20 --> Severity: Warning --> Trying to access array offset on value of type null C:\OSPanel\domains\stimul.news\application\views\users\contents\SingleNews.php 33
ERROR - 2023-12-04 00:17:23 --> Severity: Warning --> Trying to access array offset on value of type null C:\OSPanel\domains\stimul.news\application\controllers\UserController.php 88
ERROR - 2023-12-04 00:17:23 --> Severity: Warning --> Trying to access array offset on value of type null C:\OSPanel\domains\stimul.news\application\controllers\UserController.php 88
ERROR - 2023-12-04 00:17:23 --> Severity: Warning --> Trying to access array offset on value of type null C:\OSPanel\domains\stimul.news\application\controllers\UserController.php 90
ERROR - 2023-12-04 00:17:23 --> Severity: Warning --> Trying to access array offset on value of type null C:\OSPanel\domains\stimul.news\application\controllers\UserController.php 91
ERROR - 2023-12-04 00:17:23 --> Severity: Warning --> Trying to access array offset on value of type null C:\OSPanel\domains\stimul.news\application\views\users\contents\SingleNews.php 6
ERROR - 2023-12-04 00:17:23 --> Severity: Warning --> Trying to access array offset on value of type null C:\OSPanel\domains\stimul.news\application\views\users\contents\SingleNews.php 7
ERROR - 2023-12-04 00:17:23 --> Severity: Warning --> Trying to access array offset on value of type null C:\OSPanel\domains\stimul.news\application\views\users\contents\SingleNews.php 8
ERROR - 2023-12-04 00:17:23 --> Severity: Warning --> Trying to access array offset on value of type null C:\OSPanel\domains\stimul.news\application\views\users\contents\SingleNews.php 16
ERROR - 2023-12-04 00:17:23 --> Severity: Warning --> Trying to access array offset on value of type null C:\OSPanel\domains\stimul.news\application\views\users\contents\SingleNews.php 16
ERROR - 2023-12-04 00:17:23 --> Severity: Warning --> Trying to access array offset on value of type null C:\OSPanel\domains\stimul.news\application\views\users\contents\SingleNews.php 18
ERROR - 2023-12-04 00:17:23 --> Severity: Warning --> Trying to access array offset on value of type null C:\OSPanel\domains\stimul.news\application\views\users\contents\SingleNews.php 18
ERROR - 2023-12-04 00:17:23 --> Severity: Warning --> Trying to access array offset on value of type null C:\OSPanel\domains\stimul.news\application\views\users\contents\SingleNews.php 18
ERROR - 2023-12-04 00:17:23 --> Severity: Warning --> Trying to access array offset on value of type null C:\OSPanel\domains\stimul.news\application\views\users\contents\SingleNews.php 23
ERROR - 2023-12-04 00:17:23 --> Severity: Warning --> Trying to access array offset on value of type null C:\OSPanel\domains\stimul.news\application\views\users\contents\SingleNews.php 28
ERROR - 2023-12-04 00:17:23 --> Severity: Warning --> Trying to access array offset on value of type null C:\OSPanel\domains\stimul.news\application\views\users\contents\SingleNews.php 33
ERROR - 2023-12-04 00:17:59 --> Severity: Warning --> Undefined array key "HTTP_REFERER" C:\OSPanel\domains\stimul.news\application\controllers\UserController.php 68
ERROR - 2023-12-04 00:18:01 --> Severity: Warning --> Undefined array key "HTTP_REFERER" C:\OSPanel\domains\stimul.news\application\controllers\UserController.php 68
ERROR - 2023-12-04 00:18:06 --> Severity: Warning --> Undefined array key "HTTP_REFERER" C:\OSPanel\domains\stimul.news\application\controllers\UserController.php 68
ERROR - 2023-12-04 00:26:23 --> Severity: Warning --> Trying to access array offset on value of type bool C:\OSPanel\domains\stimul.news\application\controllers\UserController.php 140
ERROR - 2023-12-04 00:26:23 --> Severity: Warning --> Trying to access array offset on value of type bool C:\OSPanel\domains\stimul.news\application\controllers\UserController.php 141
ERROR - 2023-12-04 00:26:56 --> Severity: Warning --> Trying to access array offset on value of type bool C:\OSPanel\domains\stimul.news\application\controllers\UserController.php 140
ERROR - 2023-12-04 00:26:56 --> Severity: Warning --> Trying to access array offset on value of type bool C:\OSPanel\domains\stimul.news\application\controllers\UserController.php 141
ERROR - 2023-12-04 00:27:09 --> Severity: Warning --> Trying to access array offset on value of type bool C:\OSPanel\domains\stimul.news\application\controllers\UserController.php 140
ERROR - 2023-12-04 00:27:09 --> Severity: Warning --> Trying to access array offset on value of type bool C:\OSPanel\domains\stimul.news\application\controllers\UserController.php 141
ERROR - 2023-12-04 00:27:15 --> Severity: Warning --> Trying to access array offset on value of type bool C:\OSPanel\domains\stimul.news\application\controllers\UserController.php 140
ERROR - 2023-12-04 00:27:15 --> Severity: Warning --> Trying to access array offset on value of type bool C:\OSPanel\domains\stimul.news\application\controllers\UserController.php 141
ERROR - 2023-12-04 00:27:53 --> Severity: Warning --> Trying to access array offset on value of type bool C:\OSPanel\domains\stimul.news\application\controllers\UserController.php 140
ERROR - 2023-12-04 00:27:53 --> Severity: Warning --> Trying to access array offset on value of type bool C:\OSPanel\domains\stimul.news\application\controllers\UserController.php 141
ERROR - 2023-12-04 00:31:08 --> Severity: Warning --> Trying to access array offset on value of type null C:\OSPanel\domains\stimul.news\application\controllers\UserController.php 88
ERROR - 2023-12-04 00:31:08 --> Severity: Warning --> Trying to access array offset on value of type null C:\OSPanel\domains\stimul.news\application\controllers\UserController.php 88
ERROR - 2023-12-04 00:31:08 --> Severity: Warning --> Trying to access array offset on value of type null C:\OSPanel\domains\stimul.news\application\controllers\UserController.php 90
ERROR - 2023-12-04 00:31:08 --> Severity: Warning --> Trying to access array offset on value of type null C:\OSPanel\domains\stimul.news\application\controllers\UserController.php 91
ERROR - 2023-12-04 00:31:08 --> Severity: Warning --> Trying to access array offset on value of type null C:\OSPanel\domains\stimul.news\application\views\users\contents\SingleNews.php 6
ERROR - 2023-12-04 00:31:08 --> Severity: Warning --> Trying to access array offset on value of type null C:\OSPanel\domains\stimul.news\application\views\users\contents\SingleNews.php 7
ERROR - 2023-12-04 00:31:08 --> Severity: Warning --> Trying to access array offset on value of type null C:\OSPanel\domains\stimul.news\application\views\users\contents\SingleNews.php 8
ERROR - 2023-12-04 00:31:08 --> Severity: Warning --> Trying to access array offset on value of type null C:\OSPanel\domains\stimul.news\application\views\users\contents\SingleNews.php 16
ERROR - 2023-12-04 00:31:08 --> Severity: Warning --> Trying to access array offset on value of type null C:\OSPanel\domains\stimul.news\application\views\users\contents\SingleNews.php 16
ERROR - 2023-12-04 00:31:08 --> Severity: Warning --> Trying to access array offset on value of type null C:\OSPanel\domains\stimul.news\application\views\users\contents\SingleNews.php 18
ERROR - 2023-12-04 00:31:08 --> Severity: Warning --> Trying to access array offset on value of type null C:\OSPanel\domains\stimul.news\application\views\users\contents\SingleNews.php 18
ERROR - 2023-12-04 00:31:08 --> Severity: Warning --> Trying to access array offset on value of type null C:\OSPanel\domains\stimul.news\application\views\users\contents\SingleNews.php 18
ERROR - 2023-12-04 00:31:08 --> Severity: Warning --> Trying to access array offset on value of type null C:\OSPanel\domains\stimul.news\application\views\users\contents\SingleNews.php 23
ERROR - 2023-12-04 00:31:08 --> Severity: Warning --> Trying to access array offset on value of type null C:\OSPanel\domains\stimul.news\application\views\users\contents\SingleNews.php 28
ERROR - 2023-12-04 00:31:08 --> Severity: Warning --> Trying to access array offset on value of type null C:\OSPanel\domains\stimul.news\application\views\users\contents\SingleNews.php 33
ERROR - 2023-12-04 00:31:21 --> Severity: Warning --> Trying to access array offset on value of type null C:\OSPanel\domains\stimul.news\application\controllers\UserController.php 88
ERROR - 2023-12-04 00:31:21 --> Severity: Warning --> Trying to access array offset on value of type null C:\OSPanel\domains\stimul.news\application\controllers\UserController.php 88
ERROR - 2023-12-04 00:31:21 --> Severity: Warning --> Trying to access array offset on value of type null C:\OSPanel\domains\stimul.news\application\controllers\UserController.php 90
ERROR - 2023-12-04 00:31:21 --> Severity: Warning --> Trying to access array offset on value of type null C:\OSPanel\domains\stimul.news\application\controllers\UserController.php 91
ERROR - 2023-12-04 00:31:21 --> Severity: Warning --> Trying to access array offset on value of type null C:\OSPanel\domains\stimul.news\application\views\users\contents\SingleNews.php 6
ERROR - 2023-12-04 00:31:21 --> Severity: Warning --> Trying to access array offset on value of type null C:\OSPanel\domains\stimul.news\application\views\users\contents\SingleNews.php 7
ERROR - 2023-12-04 00:31:21 --> Severity: Warning --> Trying to access array offset on value of type null C:\OSPanel\domains\stimul.news\application\views\users\contents\SingleNews.php 8
ERROR - 2023-12-04 00:31:21 --> Severity: Warning --> Trying to access array offset on value of type null C:\OSPanel\domains\stimul.news\application\views\users\contents\SingleNews.php 16
ERROR - 2023-12-04 00:31:21 --> Severity: Warning --> Trying to access array offset on value of type null C:\OSPanel\domains\stimul.news\application\views\users\contents\SingleNews.php 16
ERROR - 2023-12-04 00:31:21 --> Severity: Warning --> Trying to access array offset on value of type null C:\OSPanel\domains\stimul.news\application\views\users\contents\SingleNews.php 18
ERROR - 2023-12-04 00:31:21 --> Severity: Warning --> Trying to access array offset on value of type null C:\OSPanel\domains\stimul.news\application\views\users\contents\SingleNews.php 18
ERROR - 2023-12-04 00:31:21 --> Severity: Warning --> Trying to access array offset on value of type null C:\OSPanel\domains\stimul.news\application\views\users\contents\SingleNews.php 18
ERROR - 2023-12-04 00:31:21 --> Severity: Warning --> Trying to access array offset on value of type null C:\OSPanel\domains\stimul.news\application\views\users\contents\SingleNews.php 23
ERROR - 2023-12-04 00:31:21 --> Severity: Warning --> Trying to access array offset on value of type null C:\OSPanel\domains\stimul.news\application\views\users\contents\SingleNews.php 28
ERROR - 2023-12-04 00:31:21 --> Severity: Warning --> Trying to access array offset on value of type null C:\OSPanel\domains\stimul.news\application\views\users\contents\SingleNews.php 33
ERROR - 2023-12-04 00:31:34 --> Severity: Warning --> Trying to access array offset on value of type null C:\OSPanel\domains\stimul.news\application\controllers\UserController.php 88
ERROR - 2023-12-04 00:31:34 --> Severity: Warning --> Trying to access array offset on value of type null C:\OSPanel\domains\stimul.news\application\controllers\UserController.php 88
ERROR - 2023-12-04 00:31:34 --> Severity: Warning --> Trying to access array offset on value of type null C:\OSPanel\domains\stimul.news\application\controllers\UserController.php 90
ERROR - 2023-12-04 00:31:34 --> Severity: Warning --> Trying to access array offset on value of type null C:\OSPanel\domains\stimul.news\application\controllers\UserController.php 91
ERROR - 2023-12-04 00:31:34 --> Severity: Warning --> Trying to access array offset on value of type null C:\OSPanel\domains\stimul.news\application\views\users\contents\SingleNews.php 6
ERROR - 2023-12-04 00:31:34 --> Severity: Warning --> Trying to access array offset on value of type null C:\OSPanel\domains\stimul.news\application\views\users\contents\SingleNews.php 7
ERROR - 2023-12-04 00:31:34 --> Severity: Warning --> Trying to access array offset on value of type null C:\OSPanel\domains\stimul.news\application\views\users\contents\SingleNews.php 8
ERROR - 2023-12-04 00:31:34 --> Severity: Warning --> Trying to access array offset on value of type null C:\OSPanel\domains\stimul.news\application\views\users\contents\SingleNews.php 16
ERROR - 2023-12-04 00:31:34 --> Severity: Warning --> Trying to access array offset on value of type null C:\OSPanel\domains\stimul.news\application\views\users\contents\SingleNews.php 16
ERROR - 2023-12-04 00:31:34 --> Severity: Warning --> Trying to access array offset on value of type null C:\OSPanel\domains\stimul.news\application\views\users\contents\SingleNews.php 18
ERROR - 2023-12-04 00:31:34 --> Severity: Warning --> Trying to access array offset on value of type null C:\OSPanel\domains\stimul.news\application\views\users\contents\SingleNews.php 18
ERROR - 2023-12-04 00:31:34 --> Severity: Warning --> Trying to access array offset on value of type null C:\OSPanel\domains\stimul.news\application\views\users\contents\SingleNews.php 18
ERROR - 2023-12-04 00:31:34 --> Severity: Warning --> Trying to access array offset on value of type null C:\OSPanel\domains\stimul.news\application\views\users\contents\SingleNews.php 23
ERROR - 2023-12-04 00:31:34 --> Severity: Warning --> Trying to access array offset on value of type null C:\OSPanel\domains\stimul.news\application\views\users\contents\SingleNews.php 28
ERROR - 2023-12-04 00:31:34 --> Severity: Warning --> Trying to access array offset on value of type null C:\OSPanel\domains\stimul.news\application\views\users\contents\SingleNews.php 33
ERROR - 2023-12-04 00:31:45 --> Severity: Warning --> Trying to access array offset on value of type null C:\OSPanel\domains\stimul.news\application\controllers\UserController.php 88
ERROR - 2023-12-04 00:31:45 --> Severity: Warning --> Trying to access array offset on value of type null C:\OSPanel\domains\stimul.news\application\controllers\UserController.php 88
ERROR - 2023-12-04 00:31:45 --> Severity: Warning --> Trying to access array offset on value of type null C:\OSPanel\domains\stimul.news\application\controllers\UserController.php 90
ERROR - 2023-12-04 00:31:45 --> Severity: Warning --> Trying to access array offset on value of type null C:\OSPanel\domains\stimul.news\application\controllers\UserController.php 91
ERROR - 2023-12-04 00:31:45 --> Severity: Warning --> Trying to access array offset on value of type null C:\OSPanel\domains\stimul.news\application\views\users\contents\SingleNews.php 6
ERROR - 2023-12-04 00:31:45 --> Severity: Warning --> Trying to access array offset on value of type null C:\OSPanel\domains\stimul.news\application\views\users\contents\SingleNews.php 7
ERROR - 2023-12-04 00:31:45 --> Severity: Warning --> Trying to access array offset on value of type null C:\OSPanel\domains\stimul.news\application\views\users\contents\SingleNews.php 8
ERROR - 2023-12-04 00:31:45 --> Severity: Warning --> Trying to access array offset on value of type null C:\OSPanel\domains\stimul.news\application\views\users\contents\SingleNews.php 16
ERROR - 2023-12-04 00:31:45 --> Severity: Warning --> Trying to access array offset on value of type null C:\OSPanel\domains\stimul.news\application\views\users\contents\SingleNews.php 16
ERROR - 2023-12-04 00:31:45 --> Severity: Warning --> Trying to access array offset on value of type null C:\OSPanel\domains\stimul.news\application\views\users\contents\SingleNews.php 18
ERROR - 2023-12-04 00:31:45 --> Severity: Warning --> Trying to access array offset on value of type null C:\OSPanel\domains\stimul.news\application\views\users\contents\SingleNews.php 18
ERROR - 2023-12-04 00:31:45 --> Severity: Warning --> Trying to access array offset on value of type null C:\OSPanel\domains\stimul.news\application\views\users\contents\SingleNews.php 18
ERROR - 2023-12-04 00:31:45 --> Severity: Warning --> Trying to access array offset on value of type null C:\OSPanel\domains\stimul.news\application\views\users\contents\SingleNews.php 23
ERROR - 2023-12-04 00:31:45 --> Severity: Warning --> Trying to access array offset on value of type null C:\OSPanel\domains\stimul.news\application\views\users\contents\SingleNews.php 28
ERROR - 2023-12-04 00:31:45 --> Severity: Warning --> Trying to access array offset on value of type null C:\OSPanel\domains\stimul.news\application\views\users\contents\SingleNews.php 33
ERROR - 2023-12-04 00:31:49 --> Severity: Warning --> Trying to access array offset on value of type null C:\OSPanel\domains\stimul.news\application\controllers\UserController.php 88
ERROR - 2023-12-04 00:31:49 --> Severity: Warning --> Trying to access array offset on value of type null C:\OSPanel\domains\stimul.news\application\controllers\UserController.php 88
ERROR - 2023-12-04 00:31:49 --> Severity: Warning --> Trying to access array offset on value of type null C:\OSPanel\domains\stimul.news\application\controllers\UserController.php 90
ERROR - 2023-12-04 00:31:49 --> Severity: Warning --> Trying to access array offset on value of type null C:\OSPanel\domains\stimul.news\application\controllers\UserController.php 91
ERROR - 2023-12-04 00:31:49 --> Severity: Warning --> Trying to access array offset on value of type null C:\OSPanel\domains\stimul.news\application\views\users\contents\SingleNews.php 6
ERROR - 2023-12-04 00:31:49 --> Severity: Warning --> Trying to access array offset on value of type null C:\OSPanel\domains\stimul.news\application\views\users\contents\SingleNews.php 7
ERROR - 2023-12-04 00:31:49 --> Severity: Warning --> Trying to access array offset on value of type null C:\OSPanel\domains\stimul.news\application\views\users\contents\SingleNews.php 8
ERROR - 2023-12-04 00:31:49 --> Severity: Warning --> Trying to access array offset on value of type null C:\OSPanel\domains\stimul.news\application\views\users\contents\SingleNews.php 16
ERROR - 2023-12-04 00:31:49 --> Severity: Warning --> Trying to access array offset on value of type null C:\OSPanel\domains\stimul.news\application\views\users\contents\SingleNews.php 16
ERROR - 2023-12-04 00:31:49 --> Severity: Warning --> Trying to access array offset on value of type null C:\OSPanel\domains\stimul.news\application\views\users\contents\SingleNews.php 18
ERROR - 2023-12-04 00:31:49 --> Severity: Warning --> Trying to access array offset on value of type null C:\OSPanel\domains\stimul.news\application\views\users\contents\SingleNews.php 18
ERROR - 2023-12-04 00:31:49 --> Severity: Warning --> Trying to access array offset on value of type null C:\OSPanel\domains\stimul.news\application\views\users\contents\SingleNews.php 18
ERROR - 2023-12-04 00:31:49 --> Severity: Warning --> Trying to access array offset on value of type null C:\OSPanel\domains\stimul.news\application\views\users\contents\SingleNews.php 23
ERROR - 2023-12-04 00:31:49 --> Severity: Warning --> Trying to access array offset on value of type null C:\OSPanel\domains\stimul.news\application\views\users\contents\SingleNews.php 28
ERROR - 2023-12-04 00:31:49 --> Severity: Warning --> Trying to access array offset on value of type null C:\OSPanel\domains\stimul.news\application\views\users\contents\SingleNews.php 33
ERROR - 2023-12-04 00:31:49 --> Severity: Warning --> Trying to access array offset on value of type null C:\OSPanel\domains\stimul.news\application\controllers\UserController.php 88
ERROR - 2023-12-04 00:31:49 --> Severity: Warning --> Trying to access array offset on value of type null C:\OSPanel\domains\stimul.news\application\controllers\UserController.php 88
ERROR - 2023-12-04 00:31:49 --> Severity: Warning --> Trying to access array offset on value of type null C:\OSPanel\domains\stimul.news\application\controllers\UserController.php 90
ERROR - 2023-12-04 00:31:49 --> Severity: Warning --> Trying to access array offset on value of type null C:\OSPanel\domains\stimul.news\application\controllers\UserController.php 91
ERROR - 2023-12-04 00:31:49 --> Severity: Warning --> Trying to access array offset on value of type null C:\OSPanel\domains\stimul.news\application\views\users\contents\SingleNews.php 6
ERROR - 2023-12-04 00:31:49 --> Severity: Warning --> Trying to access array offset on value of type null C:\OSPanel\domains\stimul.news\application\views\users\contents\SingleNews.php 7
ERROR - 2023-12-04 00:31:49 --> Severity: Warning --> Trying to access array offset on value of type null C:\OSPanel\domains\stimul.news\application\views\users\contents\SingleNews.php 8
ERROR - 2023-12-04 00:31:49 --> Severity: Warning --> Trying to access array offset on value of type null C:\OSPanel\domains\stimul.news\application\views\users\contents\SingleNews.php 16
ERROR - 2023-12-04 00:31:49 --> Severity: Warning --> Trying to access array offset on value of type null C:\OSPanel\domains\stimul.news\application\views\users\contents\SingleNews.php 16
ERROR - 2023-12-04 00:31:49 --> Severity: Warning --> Trying to access array offset on value of type null C:\OSPanel\domains\stimul.news\application\views\users\contents\SingleNews.php 18
ERROR - 2023-12-04 00:31:49 --> Severity: Warning --> Trying to access array offset on value of type null C:\OSPanel\domains\stimul.news\application\views\users\contents\SingleNews.php 18
ERROR - 2023-12-04 00:31:49 --> Severity: Warning --> Trying to access array offset on value of type null C:\OSPanel\domains\stimul.news\application\views\users\contents\SingleNews.php 18
ERROR - 2023-12-04 00:31:49 --> Severity: Warning --> Trying to access array offset on value of type null C:\OSPanel\domains\stimul.news\application\views\users\contents\SingleNews.php 23
ERROR - 2023-12-04 00:31:49 --> Severity: Warning --> Trying to access array offset on value of type null C:\OSPanel\domains\stimul.news\application\views\users\contents\SingleNews.php 28
ERROR - 2023-12-04 00:31:49 --> Severity: Warning --> Trying to access array offset on value of type null C:\OSPanel\domains\stimul.news\application\views\users\contents\SingleNews.php 33
ERROR - 2023-12-04 00:31:53 --> Severity: Warning --> Trying to access array offset on value of type null C:\OSPanel\domains\stimul.news\application\controllers\UserController.php 88
ERROR - 2023-12-04 00:31:53 --> Severity: Warning --> Trying to access array offset on value of type null C:\OSPanel\domains\stimul.news\application\controllers\UserController.php 88
ERROR - 2023-12-04 00:31:53 --> Severity: Warning --> Trying to access array offset on value of type null C:\OSPanel\domains\stimul.news\application\controllers\UserController.php 90
ERROR - 2023-12-04 00:31:53 --> Severity: Warning --> Trying to access array offset on value of type null C:\OSPanel\domains\stimul.news\application\controllers\UserController.php 91
ERROR - 2023-12-04 00:31:53 --> Severity: Warning --> Trying to access array offset on value of type null C:\OSPanel\domains\stimul.news\application\views\users\contents\SingleNews.php 6
ERROR - 2023-12-04 00:31:53 --> Severity: Warning --> Trying to access array offset on value of type null C:\OSPanel\domains\stimul.news\application\views\users\contents\SingleNews.php 7
ERROR - 2023-12-04 00:31:53 --> Severity: Warning --> Trying to access array offset on value of type null C:\OSPanel\domains\stimul.news\application\views\users\contents\SingleNews.php 8
ERROR - 2023-12-04 00:31:53 --> Severity: Warning --> Trying to access array offset on value of type null C:\OSPanel\domains\stimul.news\application\views\users\contents\SingleNews.php 16
ERROR - 2023-12-04 00:31:53 --> Severity: Warning --> Trying to access array offset on value of type null C:\OSPanel\domains\stimul.news\application\views\users\contents\SingleNews.php 16
ERROR - 2023-12-04 00:31:53 --> Severity: Warning --> Trying to access array offset on value of type null C:\OSPanel\domains\stimul.news\application\views\users\contents\SingleNews.php 18
ERROR - 2023-12-04 00:31:53 --> Severity: Warning --> Trying to access array offset on value of type null C:\OSPanel\domains\stimul.news\application\views\users\contents\SingleNews.php 18
ERROR - 2023-12-04 00:31:53 --> Severity: Warning --> Trying to access array offset on value of type null C:\OSPanel\domains\stimul.news\application\views\users\contents\SingleNews.php 18
ERROR - 2023-12-04 00:31:53 --> Severity: Warning --> Trying to access array offset on value of type null C:\OSPanel\domains\stimul.news\application\views\users\contents\SingleNews.php 23
ERROR - 2023-12-04 00:31:53 --> Severity: Warning --> Trying to access array offset on value of type null C:\OSPanel\domains\stimul.news\application\views\users\contents\SingleNews.php 28
ERROR - 2023-12-04 00:31:53 --> Severity: Warning --> Trying to access array offset on value of type null C:\OSPanel\domains\stimul.news\application\views\users\contents\SingleNews.php 33
ERROR - 2023-12-04 00:31:57 --> Severity: Warning --> Trying to access array offset on value of type null C:\OSPanel\domains\stimul.news\application\controllers\UserController.php 88
ERROR - 2023-12-04 00:31:57 --> Severity: Warning --> Trying to access array offset on value of type null C:\OSPanel\domains\stimul.news\application\controllers\UserController.php 88
ERROR - 2023-12-04 00:31:57 --> Severity: Warning --> Trying to access array offset on value of type null C:\OSPanel\domains\stimul.news\application\controllers\UserController.php 90
ERROR - 2023-12-04 00:31:57 --> Severity: Warning --> Trying to access array offset on value of type null C:\OSPanel\domains\stimul.news\application\controllers\UserController.php 91
ERROR - 2023-12-04 00:31:57 --> Severity: Warning --> Trying to access array offset on value of type null C:\OSPanel\domains\stimul.news\application\views\users\contents\SingleNews.php 6
ERROR - 2023-12-04 00:31:57 --> Severity: Warning --> Trying to access array offset on value of type null C:\OSPanel\domains\stimul.news\application\views\users\contents\SingleNews.php 7
ERROR - 2023-12-04 00:31:57 --> Severity: Warning --> Trying to access array offset on value of type null C:\OSPanel\domains\stimul.news\application\views\users\contents\SingleNews.php 8
ERROR - 2023-12-04 00:31:57 --> Severity: Warning --> Trying to access array offset on value of type null C:\OSPanel\domains\stimul.news\application\views\users\contents\SingleNews.php 16
ERROR - 2023-12-04 00:31:57 --> Severity: Warning --> Trying to access array offset on value of type null C:\OSPanel\domains\stimul.news\application\views\users\contents\SingleNews.php 16
ERROR - 2023-12-04 00:31:57 --> Severity: Warning --> Trying to access array offset on value of type null C:\OSPanel\domains\stimul.news\application\views\users\contents\SingleNews.php 18
ERROR - 2023-12-04 00:31:57 --> Severity: Warning --> Trying to access array offset on value of type null C:\OSPanel\domains\stimul.news\application\views\users\contents\SingleNews.php 18
ERROR - 2023-12-04 00:31:57 --> Severity: Warning --> Trying to access array offset on value of type null C:\OSPanel\domains\stimul.news\application\views\users\contents\SingleNews.php 18
ERROR - 2023-12-04 00:31:57 --> Severity: Warning --> Trying to access array offset on value of type null C:\OSPanel\domains\stimul.news\application\views\users\contents\SingleNews.php 23
ERROR - 2023-12-04 00:31:57 --> Severity: Warning --> Trying to access array offset on value of type null C:\OSPanel\domains\stimul.news\application\views\users\contents\SingleNews.php 28
ERROR - 2023-12-04 00:31:57 --> Severity: Warning --> Trying to access array offset on value of type null C:\OSPanel\domains\stimul.news\application\views\users\contents\SingleNews.php 33
ERROR - 2023-12-04 00:32:05 --> Severity: Warning --> Trying to access array offset on value of type null C:\OSPanel\domains\stimul.news\application\controllers\UserController.php 88
ERROR - 2023-12-04 00:32:05 --> Severity: Warning --> Trying to access array offset on value of type null C:\OSPanel\domains\stimul.news\application\controllers\UserController.php 88
ERROR - 2023-12-04 00:32:05 --> Severity: Warning --> Trying to access array offset on value of type null C:\OSPanel\domains\stimul.news\application\controllers\UserController.php 90
ERROR - 2023-12-04 00:32:05 --> Severity: Warning --> Trying to access array offset on value of type null C:\OSPanel\domains\stimul.news\application\controllers\UserController.php 91
ERROR - 2023-12-04 00:32:05 --> Severity: Warning --> Trying to access array offset on value of type null C:\OSPanel\domains\stimul.news\application\views\users\contents\SingleNews.php 6
ERROR - 2023-12-04 00:32:05 --> Severity: Warning --> Trying to access array offset on value of type null C:\OSPanel\domains\stimul.news\application\views\users\contents\SingleNews.php 7
ERROR - 2023-12-04 00:32:05 --> Severity: Warning --> Trying to access array offset on value of type null C:\OSPanel\domains\stimul.news\application\views\users\contents\SingleNews.php 8
ERROR - 2023-12-04 00:32:05 --> Severity: Warning --> Trying to access array offset on value of type null C:\OSPanel\domains\stimul.news\application\views\users\contents\SingleNews.php 16
ERROR - 2023-12-04 00:32:05 --> Severity: Warning --> Trying to access array offset on value of type null C:\OSPanel\domains\stimul.news\application\views\users\contents\SingleNews.php 16
ERROR - 2023-12-04 00:32:05 --> Severity: Warning --> Trying to access array offset on value of type null C:\OSPanel\domains\stimul.news\application\views\users\contents\SingleNews.php 18
ERROR - 2023-12-04 00:32:05 --> Severity: Warning --> Trying to access array offset on value of type null C:\OSPanel\domains\stimul.news\application\views\users\contents\SingleNews.php 18
ERROR - 2023-12-04 00:32:05 --> Severity: Warning --> Trying to access array offset on value of type null C:\OSPanel\domains\stimul.news\application\views\users\contents\SingleNews.php 18
ERROR - 2023-12-04 00:32:05 --> Severity: Warning --> Trying to access array offset on value of type null C:\OSPanel\domains\stimul.news\application\views\users\contents\SingleNews.php 23
ERROR - 2023-12-04 00:32:05 --> Severity: Warning --> Trying to access array offset on value of type null C:\OSPanel\domains\stimul.news\application\views\users\contents\SingleNews.php 28
ERROR - 2023-12-04 00:32:05 --> Severity: Warning --> Trying to access array offset on value of type null C:\OSPanel\domains\stimul.news\application\views\users\contents\SingleNews.php 33
ERROR - 2023-12-04 00:32:08 --> Severity: Warning --> Trying to access array offset on value of type null C:\OSPanel\domains\stimul.news\application\controllers\UserController.php 88
ERROR - 2023-12-04 00:32:08 --> Severity: Warning --> Trying to access array offset on value of type null C:\OSPanel\domains\stimul.news\application\controllers\UserController.php 88
ERROR - 2023-12-04 00:32:08 --> Severity: Warning --> Trying to access array offset on value of type null C:\OSPanel\domains\stimul.news\application\controllers\UserController.php 90
ERROR - 2023-12-04 00:32:08 --> Severity: Warning --> Trying to access array offset on value of type null C:\OSPanel\domains\stimul.news\application\controllers\UserController.php 91
ERROR - 2023-12-04 00:32:08 --> Severity: Warning --> Trying to access array offset on value of type null C:\OSPanel\domains\stimul.news\application\views\users\contents\SingleNews.php 6
ERROR - 2023-12-04 00:32:08 --> Severity: Warning --> Trying to access array offset on value of type null C:\OSPanel\domains\stimul.news\application\views\users\contents\SingleNews.php 7
ERROR - 2023-12-04 00:32:08 --> Severity: Warning --> Trying to access array offset on value of type null C:\OSPanel\domains\stimul.news\application\views\users\contents\SingleNews.php 8
ERROR - 2023-12-04 00:32:08 --> Severity: Warning --> Trying to access array offset on value of type null C:\OSPanel\domains\stimul.news\application\views\users\contents\SingleNews.php 16
ERROR - 2023-12-04 00:32:08 --> Severity: Warning --> Trying to access array offset on value of type null C:\OSPanel\domains\stimul.news\application\views\users\contents\SingleNews.php 16
ERROR - 2023-12-04 00:32:08 --> Severity: Warning --> Trying to access array offset on value of type null C:\OSPanel\domains\stimul.news\application\views\users\contents\SingleNews.php 18
ERROR - 2023-12-04 00:32:08 --> Severity: Warning --> Trying to access array offset on value of type null C:\OSPanel\domains\stimul.news\application\views\users\contents\SingleNews.php 18
ERROR - 2023-12-04 00:32:08 --> Severity: Warning --> Trying to access array offset on value of type null C:\OSPanel\domains\stimul.news\application\views\users\contents\SingleNews.php 18
ERROR - 2023-12-04 00:32:08 --> Severity: Warning --> Trying to access array offset on value of type null C:\OSPanel\domains\stimul.news\application\views\users\contents\SingleNews.php 23
ERROR - 2023-12-04 00:32:08 --> Severity: Warning --> Trying to access array offset on value of type null C:\OSPanel\domains\stimul.news\application\views\users\contents\SingleNews.php 28
ERROR - 2023-12-04 00:32:08 --> Severity: Warning --> Trying to access array offset on value of type null C:\OSPanel\domains\stimul.news\application\views\users\contents\SingleNews.php 33
ERROR - 2023-12-04 00:32:12 --> Severity: Warning --> Trying to access array offset on value of type null C:\OSPanel\domains\stimul.news\application\controllers\UserController.php 88
ERROR - 2023-12-04 00:32:12 --> Severity: Warning --> Trying to access array offset on value of type null C:\OSPanel\domains\stimul.news\application\controllers\UserController.php 88
ERROR - 2023-12-04 00:32:12 --> Severity: Warning --> Trying to access array offset on value of type null C:\OSPanel\domains\stimul.news\application\controllers\UserController.php 90
ERROR - 2023-12-04 00:32:12 --> Severity: Warning --> Trying to access array offset on value of type null C:\OSPanel\domains\stimul.news\application\controllers\UserController.php 91
ERROR - 2023-12-04 00:32:12 --> Severity: Warning --> Trying to access array offset on value of type null C:\OSPanel\domains\stimul.news\application\views\users\contents\SingleNews.php 6
ERROR - 2023-12-04 00:32:12 --> Severity: Warning --> Trying to access array offset on value of type null C:\OSPanel\domains\stimul.news\application\views\users\contents\SingleNews.php 7
ERROR - 2023-12-04 00:32:12 --> Severity: Warning --> Trying to access array offset on value of type null C:\OSPanel\domains\stimul.news\application\views\users\contents\SingleNews.php 8
ERROR - 2023-12-04 00:32:12 --> Severity: Warning --> Trying to access array offset on value of type null C:\OSPanel\domains\stimul.news\application\views\users\contents\SingleNews.php 16
ERROR - 2023-12-04 00:32:12 --> Severity: Warning --> Trying to access array offset on value of type null C:\OSPanel\domains\stimul.news\application\views\users\contents\SingleNews.php 16
ERROR - 2023-12-04 00:32:12 --> Severity: Warning --> Trying to access array offset on value of type null C:\OSPanel\domains\stimul.news\application\views\users\contents\SingleNews.php 18
ERROR - 2023-12-04 00:32:12 --> Severity: Warning --> Trying to access array offset on value of type null C:\OSPanel\domains\stimul.news\application\views\users\contents\SingleNews.php 18
ERROR - 2023-12-04 00:32:12 --> Severity: Warning --> Trying to access array offset on value of type null C:\OSPanel\domains\stimul.news\application\views\users\contents\SingleNews.php 18
ERROR - 2023-12-04 00:32:12 --> Severity: Warning --> Trying to access array offset on value of type null C:\OSPanel\domains\stimul.news\application\views\users\contents\SingleNews.php 23
ERROR - 2023-12-04 00:32:12 --> Severity: Warning --> Trying to access array offset on value of type null C:\OSPanel\domains\stimul.news\application\views\users\contents\SingleNews.php 28
ERROR - 2023-12-04 00:32:12 --> Severity: Warning --> Trying to access array offset on value of type null C:\OSPanel\domains\stimul.news\application\views\users\contents\SingleNews.php 33
ERROR - 2023-12-04 00:32:16 --> Severity: Warning --> Trying to access array offset on value of type null C:\OSPanel\domains\stimul.news\application\controllers\UserController.php 88
ERROR - 2023-12-04 00:32:16 --> Severity: Warning --> Trying to access array offset on value of type null C:\OSPanel\domains\stimul.news\application\controllers\UserController.php 88
ERROR - 2023-12-04 00:32:16 --> Severity: Warning --> Trying to access array offset on value of type null C:\OSPanel\domains\stimul.news\application\controllers\UserController.php 90
ERROR - 2023-12-04 00:32:16 --> Severity: Warning --> Trying to access array offset on value of type null C:\OSPanel\domains\stimul.news\application\controllers\UserController.php 91
ERROR - 2023-12-04 00:32:16 --> Severity: Warning --> Trying to access array offset on value of type null C:\OSPanel\domains\stimul.news\application\views\users\contents\SingleNews.php 6
ERROR - 2023-12-04 00:32:16 --> Severity: Warning --> Trying to access array offset on value of type null C:\OSPanel\domains\stimul.news\application\views\users\contents\SingleNews.php 7
ERROR - 2023-12-04 00:32:16 --> Severity: Warning --> Trying to access array offset on value of type null C:\OSPanel\domains\stimul.news\application\views\users\contents\SingleNews.php 8
ERROR - 2023-12-04 00:32:16 --> Severity: Warning --> Trying to access array offset on value of type null C:\OSPanel\domains\stimul.news\application\views\users\contents\SingleNews.php 16
ERROR - 2023-12-04 00:32:16 --> Severity: Warning --> Trying to access array offset on value of type null C:\OSPanel\domains\stimul.news\application\views\users\contents\SingleNews.php 16
ERROR - 2023-12-04 00:32:16 --> Severity: Warning --> Trying to access array offset on value of type null C:\OSPanel\domains\stimul.news\application\views\users\contents\SingleNews.php 18
ERROR - 2023-12-04 00:32:16 --> Severity: Warning --> Trying to access array offset on value of type null C:\OSPanel\domains\stimul.news\application\views\users\contents\SingleNews.php 18
ERROR - 2023-12-04 00:32:16 --> Severity: Warning --> Trying to access array offset on value of type null C:\OSPanel\domains\stimul.news\application\views\users\contents\SingleNews.php 18
ERROR - 2023-12-04 00:32:16 --> Severity: Warning --> Trying to access array offset on value of type null C:\OSPanel\domains\stimul.news\application\views\users\contents\SingleNews.php 23
ERROR - 2023-12-04 00:32:16 --> Severity: Warning --> Trying to access array offset on value of type null C:\OSPanel\domains\stimul.news\application\views\users\contents\SingleNews.php 28
ERROR - 2023-12-04 00:32:16 --> Severity: Warning --> Trying to access array offset on value of type null C:\OSPanel\domains\stimul.news\application\views\users\contents\SingleNews.php 33
ERROR - 2023-12-04 00:32:20 --> Severity: Warning --> Trying to access array offset on value of type null C:\OSPanel\domains\stimul.news\application\controllers\UserController.php 88
ERROR - 2023-12-04 00:32:20 --> Severity: Warning --> Trying to access array offset on value of type null C:\OSPanel\domains\stimul.news\application\controllers\UserController.php 88
ERROR - 2023-12-04 00:32:20 --> Severity: Warning --> Trying to access array offset on value of type null C:\OSPanel\domains\stimul.news\application\controllers\UserController.php 90
ERROR - 2023-12-04 00:32:20 --> Severity: Warning --> Trying to access array offset on value of type null C:\OSPanel\domains\stimul.news\application\controllers\UserController.php 91
ERROR - 2023-12-04 00:32:20 --> Severity: Warning --> Trying to access array offset on value of type null C:\OSPanel\domains\stimul.news\application\views\users\contents\SingleNews.php 6
ERROR - 2023-12-04 00:32:20 --> Severity: Warning --> Trying to access array offset on value of type null C:\OSPanel\domains\stimul.news\application\views\users\contents\SingleNews.php 7
ERROR - 2023-12-04 00:32:20 --> Severity: Warning --> Trying to access array offset on value of type null C:\OSPanel\domains\stimul.news\application\views\users\contents\SingleNews.php 8
ERROR - 2023-12-04 00:32:20 --> Severity: Warning --> Trying to access array offset on value of type null C:\OSPanel\domains\stimul.news\application\views\users\contents\SingleNews.php 16
ERROR - 2023-12-04 00:32:20 --> Severity: Warning --> Trying to access array offset on value of type null C:\OSPanel\domains\stimul.news\application\views\users\contents\SingleNews.php 16
ERROR - 2023-12-04 00:32:20 --> Severity: Warning --> Trying to access array offset on value of type null C:\OSPanel\domains\stimul.news\application\views\users\contents\SingleNews.php 18
ERROR - 2023-12-04 00:32:20 --> Severity: Warning --> Trying to access array offset on value of type null C:\OSPanel\domains\stimul.news\application\views\users\contents\SingleNews.php 18
ERROR - 2023-12-04 00:32:20 --> Severity: Warning --> Trying to access array offset on value of type null C:\OSPanel\domains\stimul.news\application\views\users\contents\SingleNews.php 18
ERROR - 2023-12-04 00:32:20 --> Severity: Warning --> Trying to access array offset on value of type null C:\OSPanel\domains\stimul.news\application\views\users\contents\SingleNews.php 23
ERROR - 2023-12-04 00:32:20 --> Severity: Warning --> Trying to access array offset on value of type null C:\OSPanel\domains\stimul.news\application\views\users\contents\SingleNews.php 28
ERROR - 2023-12-04 00:32:20 --> Severity: Warning --> Trying to access array offset on value of type null C:\OSPanel\domains\stimul.news\application\views\users\contents\SingleNews.php 33
ERROR - 2023-12-04 00:32:28 --> Severity: Warning --> Trying to access array offset on value of type null C:\OSPanel\domains\stimul.news\application\controllers\UserController.php 88
ERROR - 2023-12-04 00:32:28 --> Severity: Warning --> Trying to access array offset on value of type null C:\OSPanel\domains\stimul.news\application\controllers\UserController.php 88
ERROR - 2023-12-04 00:32:28 --> Severity: Warning --> Trying to access array offset on value of type null C:\OSPanel\domains\stimul.news\application\controllers\UserController.php 90
ERROR - 2023-12-04 00:32:28 --> Severity: Warning --> Trying to access array offset on value of type null C:\OSPanel\domains\stimul.news\application\controllers\UserController.php 91
ERROR - 2023-12-04 00:32:28 --> Severity: Warning --> Trying to access array offset on value of type null C:\OSPanel\domains\stimul.news\application\views\users\contents\SingleNews.php 6
ERROR - 2023-12-04 00:32:28 --> Severity: Warning --> Trying to access array offset on value of type null C:\OSPanel\domains\stimul.news\application\views\users\contents\SingleNews.php 7
ERROR - 2023-12-04 00:32:28 --> Severity: Warning --> Trying to access array offset on value of type null C:\OSPanel\domains\stimul.news\application\views\users\contents\SingleNews.php 8
ERROR - 2023-12-04 00:32:28 --> Severity: Warning --> Trying to access array offset on value of type null C:\OSPanel\domains\stimul.news\application\views\users\contents\SingleNews.php 16
ERROR - 2023-12-04 00:32:28 --> Severity: Warning --> Trying to access array offset on value of type null C:\OSPanel\domains\stimul.news\application\views\users\contents\SingleNews.php 16
ERROR - 2023-12-04 00:32:28 --> Severity: Warning --> Trying to access array offset on value of type null C:\OSPanel\domains\stimul.news\application\views\users\contents\SingleNews.php 18
ERROR - 2023-12-04 00:32:28 --> Severity: Warning --> Trying to access array offset on value of type null C:\OSPanel\domains\stimul.news\application\views\users\contents\SingleNews.php 18
ERROR - 2023-12-04 00:32:28 --> Severity: Warning --> Trying to access array offset on value of type null C:\OSPanel\domains\stimul.news\application\views\users\contents\SingleNews.php 18
ERROR - 2023-12-04 00:32:28 --> Severity: Warning --> Trying to access array offset on value of type null C:\OSPanel\domains\stimul.news\application\views\users\contents\SingleNews.php 23
ERROR - 2023-12-04 00:32:28 --> Severity: Warning --> Trying to access array offset on value of type null C:\OSPanel\domains\stimul.news\application\views\users\contents\SingleNews.php 28
ERROR - 2023-12-04 00:32:28 --> Severity: Warning --> Trying to access array offset on value of type null C:\OSPanel\domains\stimul.news\application\views\users\contents\SingleNews.php 33
