ERROR - 2023-10-08 04:45:05 --> Severity: Warning --> Undefined array key "alert_heading_message" C:\OSPanel\domains\stimul.news\application\views\admins\News\List.php 23
ERROR - 2023-10-08 04:45:29 --> Severity: Warning --> Undefined array key "alert_heading_message" C:\OSPanel\domains\stimul.news\application\views\admins\News\List.php 23
ERROR - 2023-10-08 04:46:13 --> Severity: Warning --> Undefined variable $page_name C:\OSPanel\domains\stimul.news\application\views\users\includes\HeadScripts.php 6
ERROR - 2023-10-08 04:46:13 --> Severity: Warning --> Undefined variable $branding_options C:\OSPanel\domains\stimul.news\application\views\users\includes\HeadScripts.php 7
ERROR - 2023-10-08 04:46:13 --> Severity: Warning --> Attempt to read property "favicon" on null C:\OSPanel\domains\stimul.news\application\views\users\includes\HeadScripts.php 7
ERROR - 2023-10-08 04:46:13 --> Severity: Warning --> Attempt to read property "file_name" on null C:\OSPanel\domains\stimul.news\application\views\users\includes\HeadScripts.php 7
ERROR - 2023-10-08 04:46:13 --> Severity: Warning --> Undefined variable $topbar_options C:\OSPanel\domains\stimul.news\application\views\users\includes\HeaderNavbar.php 81
ERROR - 2023-10-08 04:46:13 --> Severity: Warning --> Undefined variable $branding_options C:\OSPanel\domains\stimul.news\application\views\users\includes\HeaderNavbar.php 134
ERROR - 2023-10-08 04:46:13 --> Severity: Warning --> Attempt to read property "logo_dark" on null C:\OSPanel\domains\stimul.news\application\views\users\includes\HeaderNavbar.php 134
ERROR - 2023-10-08 04:46:13 --> Severity: Warning --> Attempt to read property "file_name" on null C:\OSPanel\domains\stimul.news\application\views\users\includes\HeaderNavbar.php 134
ERROR - 2023-10-08 04:46:13 --> Severity: Warning --> Undefined variable $branding_options C:\OSPanel\domains\stimul.news\application\views\users\includes\Footer.php 8
ERROR - 2023-10-08 04:46:13 --> Severity: Warning --> Attempt to read property "logo_light" on null C:\OSPanel\domains\stimul.news\application\views\users\includes\Footer.php 8
ERROR - 2023-10-08 04:46:13 --> Severity: Warning --> Attempt to read property "file_name" on null C:\OSPanel\domains\stimul.news\application\views\users\includes\Footer.php 8
ERROR - 2023-10-08 05:39:20 --> Severity: Warning --> Trying to access array offset on value of type null C:\OSPanel\domains\stimul.news\application\views\admins\News\Edit.php 33
ERROR - 2023-10-08 05:39:20 --> Severity: Warning --> Trying to access array offset on value of type null C:\OSPanel\domains\stimul.news\application\views\admins\News\Edit.php 34
ERROR - 2023-10-08 05:39:20 --> Severity: Warning --> Attempt to read property "news_preview" on null C:\OSPanel\domains\stimul.news\application\views\admins\News\Edit.php 41
ERROR - 2023-10-08 05:39:20 --> Severity: Warning --> Attempt to read property "news_preview" on null C:\OSPanel\domains\stimul.news\application\views\admins\News\Edit.php 43
ERROR - 2023-10-08 05:39:20 --> Severity: Warning --> Attempt to read property "news_title" on null C:\OSPanel\domains\stimul.news\application\views\admins\News\Edit.php 68
ERROR - 2023-10-08 05:39:20 --> Severity: Warning --> Attempt to read property "en" on null C:\OSPanel\domains\stimul.news\application\views\admins\News\Edit.php 68
ERROR - 2023-10-08 05:39:20 --> Severity: Warning --> Attempt to read property "news_short" on null C:\OSPanel\domains\stimul.news\application\views\admins\News\Edit.php 74
ERROR - 2023-10-08 05:39:20 --> Severity: Warning --> Attempt to read property "en" on null C:\OSPanel\domains\stimul.news\application\views\admins\News\Edit.php 74
ERROR - 2023-10-08 05:39:20 --> Severity: Warning --> Attempt to read property "news_full" on null C:\OSPanel\domains\stimul.news\application\views\admins\News\Edit.php 81
ERROR - 2023-10-08 05:39:20 --> Severity: Warning --> Attempt to read property "en" on null C:\OSPanel\domains\stimul.news\application\views\admins\News\Edit.php 81
ERROR - 2023-10-08 05:39:20 --> Severity: Warning --> Attempt to read property "news_title" on null C:\OSPanel\domains\stimul.news\application\views\admins\News\Edit.php 101
ERROR - 2023-10-08 05:39:20 --> Severity: Warning --> Attempt to read property "ru" on null C:\OSPanel\domains\stimul.news\application\views\admins\News\Edit.php 101
ERROR - 2023-10-08 05:39:20 --> Severity: Warning --> Attempt to read property "news_short" on null C:\OSPanel\domains\stimul.news\application\views\admins\News\Edit.php 107
ERROR - 2023-10-08 05:39:20 --> Severity: Warning --> Attempt to read property "ru" on null C:\OSPanel\domains\stimul.news\application\views\admins\News\Edit.php 107
ERROR - 2023-10-08 05:39:20 --> Severity: Warning --> Attempt to read property "news_full" on null C:\OSPanel\domains\stimul.news\application\views\admins\News\Edit.php 114
ERROR - 2023-10-08 05:39:20 --> Severity: Warning --> Attempt to read property "ru" on null C:\OSPanel\domains\stimul.news\application\views\admins\News\Edit.php 114
ERROR - 2023-10-08 05:39:20 --> Severity: Warning --> Attempt to read property "news_title" on null C:\OSPanel\domains\stimul.news\application\views\admins\News\Edit.php 134
ERROR - 2023-10-08 05:39:20 --> Severity: Warning --> Attempt to read property "az" on null C:\OSPanel\domains\stimul.news\application\views\admins\News\Edit.php 134
ERROR - 2023-10-08 05:39:20 --> Severity: Warning --> Attempt to read property "news_short" on null C:\OSPanel\domains\stimul.news\application\views\admins\News\Edit.php 140
ERROR - 2023-10-08 05:39:20 --> Severity: Warning --> Attempt to read property "az" on null C:\OSPanel\domains\stimul.news\application\views\admins\News\Edit.php 140
ERROR - 2023-10-08 05:39:20 --> Severity: Warning --> Attempt to read property "news_full" on null C:\OSPanel\domains\stimul.news\application\views\admins\News\Edit.php 147
ERROR - 2023-10-08 05:39:20 --> Severity: Warning --> Attempt to read property "az" on null C:\OSPanel\domains\stimul.news\application\views\admins\News\Edit.php 147
ERROR - 2023-10-08 05:39:20 --> Severity: Warning --> Attempt to read property "news_category" on null C:\OSPanel\domains\stimul.news\application\views\admins\News\Edit.php 175
ERROR - 2023-10-08 05:39:20 --> Severity: Warning --> Attempt to read property "news_category" on null C:\OSPanel\domains\stimul.news\application\views\admins\News\Edit.php 175
ERROR - 2023-10-08 05:39:20 --> Severity: Warning --> Attempt to read property "news_status" on null C:\OSPanel\domains\stimul.news\application\views\admins\News\Edit.php 192
ERROR - 2023-10-08 05:39:23 --> Severity: Warning --> Trying to access array offset on value of type null C:\OSPanel\domains\stimul.news\application\views\admins\News\Edit.php 33
ERROR - 2023-10-08 05:39:23 --> Severity: Warning --> Trying to access array offset on value of type null C:\OSPanel\domains\stimul.news\application\views\admins\News\Edit.php 34
ERROR - 2023-10-08 05:39:23 --> Severity: Warning --> Attempt to read property "news_preview" on null C:\OSPanel\domains\stimul.news\application\views\admins\News\Edit.php 41
ERROR - 2023-10-08 05:39:23 --> Severity: Warning --> Attempt to read property "news_preview" on null C:\OSPanel\domains\stimul.news\application\views\admins\News\Edit.php 43
ERROR - 2023-10-08 05:39:23 --> Severity: Warning --> Attempt to read property "news_title" on null C:\OSPanel\domains\stimul.news\application\views\admins\News\Edit.php 68
ERROR - 2023-10-08 05:39:23 --> Severity: Warning --> Attempt to read property "en" on null C:\OSPanel\domains\stimul.news\application\views\admins\News\Edit.php 68
ERROR - 2023-10-08 05:39:23 --> Severity: Warning --> Attempt to read property "news_short" on null C:\OSPanel\domains\stimul.news\application\views\admins\News\Edit.php 74
ERROR - 2023-10-08 05:39:23 --> Severity: Warning --> Attempt to read property "en" on null C:\OSPanel\domains\stimul.news\application\views\admins\News\Edit.php 74
ERROR - 2023-10-08 05:39:23 --> Severity: Warning --> Attempt to read property "news_full" on null C:\OSPanel\domains\stimul.news\application\views\admins\News\Edit.php 81
ERROR - 2023-10-08 05:39:23 --> Severity: Warning --> Attempt to read property "en" on null C:\OSPanel\domains\stimul.news\application\views\admins\News\Edit.php 81
ERROR - 2023-10-08 05:39:23 --> Severity: Warning --> Attempt to read property "news_title" on null C:\OSPanel\domains\stimul.news\application\views\admins\News\Edit.php 101
ERROR - 2023-10-08 05:39:23 --> Severity: Warning --> Attempt to read property "ru" on null C:\OSPanel\domains\stimul.news\application\views\admins\News\Edit.php 101
ERROR - 2023-10-08 05:39:23 --> Severity: Warning --> Attempt to read property "news_short" on null C:\OSPanel\domains\stimul.news\application\views\admins\News\Edit.php 107
ERROR - 2023-10-08 05:39:23 --> Severity: Warning --> Attempt to read property "ru" on null C:\OSPanel\domains\stimul.news\application\views\admins\News\Edit.php 107
ERROR - 2023-10-08 05:39:23 --> Severity: Warning --> Attempt to read property "news_full" on null C:\OSPanel\domains\stimul.news\application\views\admins\News\Edit.php 114
ERROR - 2023-10-08 05:39:23 --> Severity: Warning --> Attempt to read property "ru" on null C:\OSPanel\domains\stimul.news\application\views\admins\News\Edit.php 114
ERROR - 2023-10-08 05:39:23 --> Severity: Warning --> Attempt to read property "news_title" on null C:\OSPanel\domains\stimul.news\application\views\admins\News\Edit.php 134
ERROR - 2023-10-08 05:39:23 --> Severity: Warning --> Attempt to read property "az" on null C:\OSPanel\domains\stimul.news\application\views\admins\News\Edit.php 134
ERROR - 2023-10-08 05:39:23 --> Severity: Warning --> Attempt to read property "news_short" on null C:\OSPanel\domains\stimul.news\application\views\admins\News\Edit.php 140
ERROR - 2023-10-08 05:39:23 --> Severity: Warning --> Attempt to read property "az" on null C:\OSPanel\domains\stimul.news\application\views\admins\News\Edit.php 140
ERROR - 2023-10-08 05:39:23 --> Severity: Warning --> Attempt to read property "news_full" on null C:\OSPanel\domains\stimul.news\application\views\admins\News\Edit.php 147
ERROR - 2023-10-08 05:39:23 --> Severity: Warning --> Attempt to read property "az" on null C:\OSPanel\domains\stimul.news\application\views\admins\News\Edit.php 147
ERROR - 2023-10-08 05:39:23 --> Severity: Warning --> Attempt to read property "news_category" on null C:\OSPanel\domains\stimul.news\application\views\admins\News\Edit.php 175
ERROR - 2023-10-08 05:39:23 --> Severity: Warning --> Attempt to read property "news_category" on null C:\OSPanel\domains\stimul.news\application\views\admins\News\Edit.php 175
ERROR - 2023-10-08 05:39:23 --> Severity: Warning --> Attempt to read property "news_status" on null C:\OSPanel\domains\stimul.news\application\views\admins\News\Edit.php 192
ERROR - 2023-10-08 05:39:25 --> Severity: Warning --> Trying to access array offset on value of type null C:\OSPanel\domains\stimul.news\application\views\admins\News\Edit.php 33
ERROR - 2023-10-08 05:39:25 --> Severity: Warning --> Trying to access array offset on value of type null C:\OSPanel\domains\stimul.news\application\views\admins\News\Edit.php 34
ERROR - 2023-10-08 05:39:25 --> Severity: Warning --> Attempt to read property "news_preview" on null C:\OSPanel\domains\stimul.news\application\views\admins\News\Edit.php 41
ERROR - 2023-10-08 05:39:25 --> Severity: Warning --> Attempt to read property "news_preview" on null C:\OSPanel\domains\stimul.news\application\views\admins\News\Edit.php 43
ERROR - 2023-10-08 05:39:25 --> Severity: Warning --> Attempt to read property "news_title" on null C:\OSPanel\domains\stimul.news\application\views\admins\News\Edit.php 68
ERROR - 2023-10-08 05:39:25 --> Severity: Warning --> Attempt to read property "en" on null C:\OSPanel\domains\stimul.news\application\views\admins\News\Edit.php 68
ERROR - 2023-10-08 05:39:25 --> Severity: Warning --> Attempt to read property "news_short" on null C:\OSPanel\domains\stimul.news\application\views\admins\News\Edit.php 74
ERROR - 2023-10-08 05:39:25 --> Severity: Warning --> Attempt to read property "en" on null C:\OSPanel\domains\stimul.news\application\views\admins\News\Edit.php 74
ERROR - 2023-10-08 05:39:25 --> Severity: Warning --> Attempt to read property "news_full" on null C:\OSPanel\domains\stimul.news\application\views\admins\News\Edit.php 81
ERROR - 2023-10-08 05:39:25 --> Severity: Warning --> Attempt to read property "en" on null C:\OSPanel\domains\stimul.news\application\views\admins\News\Edit.php 81
ERROR - 2023-10-08 05:39:25 --> Severity: Warning --> Attempt to read property "news_title" on null C:\OSPanel\domains\stimul.news\application\views\admins\News\Edit.php 101
ERROR - 2023-10-08 05:39:25 --> Severity: Warning --> Attempt to read property "ru" on null C:\OSPanel\domains\stimul.news\application\views\admins\News\Edit.php 101
ERROR - 2023-10-08 05:39:25 --> Severity: Warning --> Attempt to read property "news_short" on null C:\OSPanel\domains\stimul.news\application\views\admins\News\Edit.php 107
ERROR - 2023-10-08 05:39:25 --> Severity: Warning --> Attempt to read property "ru" on null C:\OSPanel\domains\stimul.news\application\views\admins\News\Edit.php 107
ERROR - 2023-10-08 05:39:25 --> Severity: Warning --> Attempt to read property "news_full" on null C:\OSPanel\domains\stimul.news\application\views\admins\News\Edit.php 114
ERROR - 2023-10-08 05:39:25 --> Severity: Warning --> Attempt to read property "ru" on null C:\OSPanel\domains\stimul.news\application\views\admins\News\Edit.php 114
ERROR - 2023-10-08 05:39:25 --> Severity: Warning --> Attempt to read property "news_title" on null C:\OSPanel\domains\stimul.news\application\views\admins\News\Edit.php 134
ERROR - 2023-10-08 05:39:25 --> Severity: Warning --> Attempt to read property "az" on null C:\OSPanel\domains\stimul.news\application\views\admins\News\Edit.php 134
ERROR - 2023-10-08 05:39:25 --> Severity: Warning --> Attempt to read property "news_short" on null C:\OSPanel\domains\stimul.news\application\views\admins\News\Edit.php 140
ERROR - 2023-10-08 05:39:25 --> Severity: Warning --> Attempt to read property "az" on null C:\OSPanel\domains\stimul.news\application\views\admins\News\Edit.php 140
ERROR - 2023-10-08 05:39:25 --> Severity: Warning --> Attempt to read property "news_full" on null C:\OSPanel\domains\stimul.news\application\views\admins\News\Edit.php 147
ERROR - 2023-10-08 05:39:25 --> Severity: Warning --> Attempt to read property "az" on null C:\OSPanel\domains\stimul.news\application\views\admins\News\Edit.php 147
ERROR - 2023-10-08 05:39:25 --> Severity: Warning --> Attempt to read property "news_category" on null C:\OSPanel\domains\stimul.news\application\views\admins\News\Edit.php 175
ERROR - 2023-10-08 05:39:25 --> Severity: Warning --> Attempt to read property "news_category" on null C:\OSPanel\domains\stimul.news\application\views\admins\News\Edit.php 175
ERROR - 2023-10-08 05:39:25 --> Severity: Warning --> Attempt to read property "news_status" on null C:\OSPanel\domains\stimul.news\application\views\admins\News\Edit.php 192
ERROR - 2023-10-08 05:39:34 --> Severity: Warning --> Trying to access array offset on value of type null C:\OSPanel\domains\stimul.news\application\views\admins\News\Edit.php 33
ERROR - 2023-10-08 05:39:34 --> Severity: Warning --> Trying to access array offset on value of type null C:\OSPanel\domains\stimul.news\application\views\admins\News\Edit.php 34
ERROR - 2023-10-08 05:39:34 --> Severity: Warning --> Attempt to read property "news_preview" on null C:\OSPanel\domains\stimul.news\application\views\admins\News\Edit.php 41
ERROR - 2023-10-08 05:39:34 --> Severity: Warning --> Attempt to read property "news_preview" on null C:\OSPanel\domains\stimul.news\application\views\admins\News\Edit.php 43
ERROR - 2023-10-08 05:39:34 --> Severity: Warning --> Attempt to read property "news_title" on null C:\OSPanel\domains\stimul.news\application\views\admins\News\Edit.php 68
ERROR - 2023-10-08 05:39:34 --> Severity: Warning --> Attempt to read property "en" on null C:\OSPanel\domains\stimul.news\application\views\admins\News\Edit.php 68
ERROR - 2023-10-08 05:39:34 --> Severity: Warning --> Attempt to read property "news_short" on null C:\OSPanel\domains\stimul.news\application\views\admins\News\Edit.php 74
ERROR - 2023-10-08 05:39:34 --> Severity: Warning --> Attempt to read property "en" on null C:\OSPanel\domains\stimul.news\application\views\admins\News\Edit.php 74
ERROR - 2023-10-08 05:39:34 --> Severity: Warning --> Attempt to read property "news_full" on null C:\OSPanel\domains\stimul.news\application\views\admins\News\Edit.php 81
ERROR - 2023-10-08 05:39:34 --> Severity: Warning --> Attempt to read property "en" on null C:\OSPanel\domains\stimul.news\application\views\admins\News\Edit.php 81
ERROR - 2023-10-08 05:39:34 --> Severity: Warning --> Attempt to read property "news_title" on null C:\OSPanel\domains\stimul.news\application\views\admins\News\Edit.php 101
ERROR - 2023-10-08 05:39:34 --> Severity: Warning --> Attempt to read property "ru" on null C:\OSPanel\domains\stimul.news\application\views\admins\News\Edit.php 101
ERROR - 2023-10-08 05:39:34 --> Severity: Warning --> Attempt to read property "news_short" on null C:\OSPanel\domains\stimul.news\application\views\admins\News\Edit.php 107
ERROR - 2023-10-08 05:39:34 --> Severity: Warning --> Attempt to read property "ru" on null C:\OSPanel\domains\stimul.news\application\views\admins\News\Edit.php 107
ERROR - 2023-10-08 05:39:34 --> Severity: Warning --> Attempt to read property "news_full" on null C:\OSPanel\domains\stimul.news\application\views\admins\News\Edit.php 114
ERROR - 2023-10-08 05:39:34 --> Severity: Warning --> Attempt to read property "ru" on null C:\OSPanel\domains\stimul.news\application\views\admins\News\Edit.php 114
ERROR - 2023-10-08 05:39:34 --> Severity: Warning --> Attempt to read property "news_title" on null C:\OSPanel\domains\stimul.news\application\views\admins\News\Edit.php 134
ERROR - 2023-10-08 05:39:34 --> Severity: Warning --> Attempt to read property "az" on null C:\OSPanel\domains\stimul.news\application\views\admins\News\Edit.php 134
ERROR - 2023-10-08 05:39:34 --> Severity: Warning --> Attempt to read property "news_short" on null C:\OSPanel\domains\stimul.news\application\views\admins\News\Edit.php 140
ERROR - 2023-10-08 05:39:34 --> Severity: Warning --> Attempt to read property "az" on null C:\OSPanel\domains\stimul.news\application\views\admins\News\Edit.php 140
ERROR - 2023-10-08 05:39:34 --> Severity: Warning --> Attempt to read property "news_full" on null C:\OSPanel\domains\stimul.news\application\views\admins\News\Edit.php 147
ERROR - 2023-10-08 05:39:34 --> Severity: Warning --> Attempt to read property "az" on null C:\OSPanel\domains\stimul.news\application\views\admins\News\Edit.php 147
ERROR - 2023-10-08 05:39:34 --> Severity: Warning --> Attempt to read property "news_category" on null C:\OSPanel\domains\stimul.news\application\views\admins\News\Edit.php 175
ERROR - 2023-10-08 05:39:34 --> Severity: Warning --> Attempt to read property "news_category" on null C:\OSPanel\domains\stimul.news\application\views\admins\News\Edit.php 175
ERROR - 2023-10-08 05:39:34 --> Severity: Warning --> Attempt to read property "news_status" on null C:\OSPanel\domains\stimul.news\application\views\admins\News\Edit.php 192
ERROR - 2023-10-08 05:49:27 --> Severity: Warning --> Trying to access array offset on value of type null C:\OSPanel\domains\stimul.news\application\views\admins\News\Edit.php 33
ERROR - 2023-10-08 05:49:27 --> Severity: Warning --> Trying to access array offset on value of type null C:\OSPanel\domains\stimul.news\application\views\admins\News\Edit.php 34
ERROR - 2023-10-08 05:49:27 --> Severity: Warning --> Attempt to read property "news_preview" on null C:\OSPanel\domains\stimul.news\application\views\admins\News\Edit.php 41
ERROR - 2023-10-08 05:49:27 --> Severity: Warning --> Attempt to read property "news_preview" on null C:\OSPanel\domains\stimul.news\application\views\admins\News\Edit.php 43
ERROR - 2023-10-08 05:49:27 --> Severity: Warning --> Attempt to read property "news_title" on null C:\OSPanel\domains\stimul.news\application\views\admins\News\Edit.php 68
ERROR - 2023-10-08 05:49:27 --> Severity: Warning --> Attempt to read property "en" on null C:\OSPanel\domains\stimul.news\application\views\admins\News\Edit.php 68
ERROR - 2023-10-08 05:49:27 --> Severity: Warning --> Attempt to read property "news_short" on null C:\OSPanel\domains\stimul.news\application\views\admins\News\Edit.php 74
ERROR - 2023-10-08 05:49:27 --> Severity: Warning --> Attempt to read property "en" on null C:\OSPanel\domains\stimul.news\application\views\admins\News\Edit.php 74
ERROR - 2023-10-08 05:49:27 --> Severity: Warning --> Attempt to read property "news_full" on null C:\OSPanel\domains\stimul.news\application\views\admins\News\Edit.php 81
ERROR - 2023-10-08 05:49:27 --> Severity: Warning --> Attempt to read property "en" on null C:\OSPanel\domains\stimul.news\application\views\admins\News\Edit.php 81
ERROR - 2023-10-08 05:49:27 --> Severity: Warning --> Attempt to read property "news_title" on null C:\OSPanel\domains\stimul.news\application\views\admins\News\Edit.php 101
ERROR - 2023-10-08 05:49:27 --> Severity: Warning --> Attempt to read property "ru" on null C:\OSPanel\domains\stimul.news\application\views\admins\News\Edit.php 101
ERROR - 2023-10-08 05:49:27 --> Severity: Warning --> Attempt to read property "news_short" on null C:\OSPanel\domains\stimul.news\application\views\admins\News\Edit.php 107
ERROR - 2023-10-08 05:49:27 --> Severity: Warning --> Attempt to read property "ru" on null C:\OSPanel\domains\stimul.news\application\views\admins\News\Edit.php 107
ERROR - 2023-10-08 05:49:27 --> Severity: Warning --> Attempt to read property "news_full" on null C:\OSPanel\domains\stimul.news\application\views\admins\News\Edit.php 114
ERROR - 2023-10-08 05:49:27 --> Severity: Warning --> Attempt to read property "ru" on null C:\OSPanel\domains\stimul.news\application\views\admins\News\Edit.php 114
ERROR - 2023-10-08 05:49:27 --> Severity: Warning --> Attempt to read property "news_title" on null C:\OSPanel\domains\stimul.news\application\views\admins\News\Edit.php 134
ERROR - 2023-10-08 05:49:27 --> Severity: Warning --> Attempt to read property "az" on null C:\OSPanel\domains\stimul.news\application\views\admins\News\Edit.php 134
ERROR - 2023-10-08 05:49:27 --> Severity: Warning --> Attempt to read property "news_short" on null C:\OSPanel\domains\stimul.news\application\views\admins\News\Edit.php 140
ERROR - 2023-10-08 05:49:27 --> Severity: Warning --> Attempt to read property "az" on null C:\OSPanel\domains\stimul.news\application\views\admins\News\Edit.php 140
ERROR - 2023-10-08 05:49:27 --> Severity: Warning --> Attempt to read property "news_full" on null C:\OSPanel\domains\stimul.news\application\views\admins\News\Edit.php 147
ERROR - 2023-10-08 05:49:27 --> Severity: Warning --> Attempt to read property "az" on null C:\OSPanel\domains\stimul.news\application\views\admins\News\Edit.php 147
ERROR - 2023-10-08 05:49:27 --> Severity: Warning --> Attempt to read property "news_category" on null C:\OSPanel\domains\stimul.news\application\views\admins\News\Edit.php 175
ERROR - 2023-10-08 05:49:27 --> Severity: Warning --> Attempt to read property "news_category" on null C:\OSPanel\domains\stimul.news\application\views\admins\News\Edit.php 175
ERROR - 2023-10-08 05:49:27 --> Severity: Warning --> Attempt to read property "news_status" on null C:\OSPanel\domains\stimul.news\application\views\admins\News\Edit.php 192
