ERROR - 2023-11-28 00:01:04 --> Severity: Warning --> Undefined array key "HTTP_REFERER" C:\OSPanel\domains\stimul.news\application\controllers\UserController.php 68
ERROR - 2023-11-28 00:07:04 --> Severity: Warning --> Trying to access array offset on value of type bool C:\OSPanel\domains\stimul.news\application\controllers\UserController.php 140
ERROR - 2023-11-28 00:07:04 --> Severity: Warning --> Trying to access array offset on value of type bool C:\OSPanel\domains\stimul.news\application\controllers\UserController.php 141
ERROR - 2023-11-28 00:07:05 --> Severity: Warning --> Trying to access array offset on value of type bool C:\OSPanel\domains\stimul.news\application\controllers\UserController.php 140
ERROR - 2023-11-28 00:07:05 --> Severity: Warning --> Trying to access array offset on value of type bool C:\OSPanel\domains\stimul.news\application\controllers\UserController.php 141
ERROR - 2023-11-28 00:07:06 --> Severity: Warning --> Trying to access array offset on value of type bool C:\OSPanel\domains\stimul.news\application\controllers\UserController.php 140
ERROR - 2023-11-28 00:07:06 --> Severity: Warning --> Trying to access array offset on value of type bool C:\OSPanel\domains\stimul.news\application\controllers\UserController.php 141
ERROR - 2023-11-28 00:07:06 --> Severity: Warning --> Trying to access array offset on value of type bool C:\OSPanel\domains\stimul.news\application\controllers\UserController.php 140
ERROR - 2023-11-28 00:07:06 --> Severity: Warning --> Trying to access array offset on value of type bool C:\OSPanel\domains\stimul.news\application\controllers\UserController.php 141
ERROR - 2023-11-28 00:07:31 --> Severity: Warning --> Undefined array key "HTTP_REFERER" C:\OSPanel\domains\stimul.news\application\controllers\UserController.php 68
ERROR - 2023-11-28 00:07:32 --> Severity: Warning --> Undefined array key "HTTP_REFERER" C:\OSPanel\domains\stimul.news\application\controllers\UserController.php 68
ERROR - 2023-11-28 00:07:32 --> Severity: Warning --> Undefined array key "HTTP_REFERER" C:\OSPanel\domains\stimul.news\application\controllers\UserController.php 68
ERROR - 2023-11-28 00:07:32 --> Severity: Warning --> Undefined array key "HTTP_REFERER" C:\OSPanel\domains\stimul.news\application\controllers\UserController.php 68
ERROR - 2023-11-28 00:07:32 --> Severity: Warning --> Undefined array key "HTTP_REFERER" C:\OSPanel\domains\stimul.news\application\controllers\UserController.php 68
ERROR - 2023-11-28 00:07:32 --> Severity: Warning --> Undefined array key "HTTP_REFERER" C:\OSPanel\domains\stimul.news\application\controllers\UserController.php 68
ERROR - 2023-11-28 00:07:32 --> Severity: Warning --> Undefined array key "HTTP_REFERER" C:\OSPanel\domains\stimul.news\application\controllers\UserController.php 68
ERROR - 2023-11-28 00:07:32 --> Severity: Warning --> Undefined array key "HTTP_REFERER" C:\OSPanel\domains\stimul.news\application\controllers\UserController.php 68
ERROR - 2023-11-28 00:07:32 --> Severity: Warning --> Undefined array key "HTTP_REFERER" C:\OSPanel\domains\stimul.news\application\controllers\UserController.php 68
ERROR - 2023-11-28 00:07:32 --> Severity: Warning --> Undefined array key "HTTP_REFERER" C:\OSPanel\domains\stimul.news\application\controllers\UserController.php 68
ERROR - 2023-11-28 00:07:32 --> Severity: Warning --> Undefined array key "HTTP_REFERER" C:\OSPanel\domains\stimul.news\application\controllers\UserController.php 68
ERROR - 2023-11-28 00:07:32 --> Severity: Warning --> Undefined array key "HTTP_REFERER" C:\OSPanel\domains\stimul.news\application\controllers\UserController.php 68
ERROR - 2023-11-28 00:07:32 --> Severity: Warning --> Undefined array key "HTTP_REFERER" C:\OSPanel\domains\stimul.news\application\controllers\UserController.php 68
ERROR - 2023-11-28 00:07:32 --> Severity: Warning --> Undefined array key "HTTP_REFERER" C:\OSPanel\domains\stimul.news\application\controllers\UserController.php 68
ERROR - 2023-11-28 00:07:32 --> Severity: Warning --> Undefined array key "HTTP_REFERER" C:\OSPanel\domains\stimul.news\application\controllers\UserController.php 68
ERROR - 2023-11-28 00:07:32 --> Severity: Warning --> Undefined array key "HTTP_REFERER" C:\OSPanel\domains\stimul.news\application\controllers\UserController.php 68
ERROR - 2023-11-28 00:07:32 --> Severity: Warning --> Undefined array key "HTTP_REFERER" C:\OSPanel\domains\stimul.news\application\controllers\UserController.php 68
ERROR - 2023-11-28 00:07:32 --> Severity: Warning --> Undefined array key "HTTP_REFERER" C:\OSPanel\domains\stimul.news\application\controllers\UserController.php 68
ERROR - 2023-11-28 00:07:32 --> Severity: Warning --> Undefined array key "HTTP_REFERER" C:\OSPanel\domains\stimul.news\application\controllers\UserController.php 68
ERROR - 2023-11-28 00:07:32 --> Severity: Warning --> Undefined array key "HTTP_REFERER" C:\OSPanel\domains\stimul.news\application\controllers\UserController.php 68
ERROR - 2023-11-28 00:07:32 --> Severity: Warning --> Undefined array key "HTTP_REFERER" C:\OSPanel\domains\stimul.news\application\controllers\UserController.php 68
ERROR - 2023-11-28 00:07:32 --> Severity: Warning --> Undefined array key "HTTP_REFERER" C:\OSPanel\domains\stimul.news\application\controllers\UserController.php 68
ERROR - 2023-11-28 00:07:33 --> Severity: Warning --> Undefined array key "HTTP_REFERER" C:\OSPanel\domains\stimul.news\application\controllers\UserController.php 68
ERROR - 2023-11-28 00:07:33 --> Severity: Warning --> Undefined array key "HTTP_REFERER" C:\OSPanel\domains\stimul.news\application\controllers\UserController.php 68
ERROR - 2023-11-28 00:07:34 --> Severity: Warning --> Undefined array key "HTTP_REFERER" C:\OSPanel\domains\stimul.news\application\controllers\UserController.php 68
ERROR - 2023-11-28 00:07:34 --> Severity: Warning --> Undefined array key "HTTP_REFERER" C:\OSPanel\domains\stimul.news\application\controllers\UserController.php 68
ERROR - 2023-11-28 00:07:34 --> Severity: Warning --> Undefined array key "HTTP_REFERER" C:\OSPanel\domains\stimul.news\application\controllers\UserController.php 68
ERROR - 2023-11-28 00:07:34 --> Severity: Warning --> Undefined array key "HTTP_REFERER" C:\OSPanel\domains\stimul.news\application\controllers\UserController.php 68
ERROR - 2023-11-28 00:07:34 --> Severity: Warning --> Undefined array key "HTTP_REFERER" C:\OSPanel\domains\stimul.news\application\controllers\UserController.php 68
ERROR - 2023-11-28 00:07:34 --> Severity: Warning --> Undefined array key "HTTP_REFERER" C:\OSPanel\domains\stimul.news\application\controllers\UserController.php 68
ERROR - 2023-11-28 00:07:34 --> Severity: Warning --> Undefined array key "HTTP_REFERER" C:\OSPanel\domains\stimul.news\application\controllers\UserController.php 68
ERROR - 2023-11-28 00:07:34 --> Severity: Warning --> Undefined array key "HTTP_REFERER" C:\OSPanel\domains\stimul.news\application\controllers\UserController.php 68
ERROR - 2023-11-28 00:07:34 --> Severity: Warning --> Undefined array key "HTTP_REFERER" C:\OSPanel\domains\stimul.news\application\controllers\UserController.php 68
ERROR - 2023-11-28 00:07:34 --> Severity: Warning --> Undefined array key "HTTP_REFERER" C:\OSPanel\domains\stimul.news\application\controllers\UserController.php 68
ERROR - 2023-11-28 00:07:34 --> Severity: Warning --> Undefined array key "HTTP_REFERER" C:\OSPanel\domains\stimul.news\application\controllers\UserController.php 68
ERROR - 2023-11-28 00:07:34 --> Severity: Warning --> Undefined array key "HTTP_REFERER" C:\OSPanel\domains\stimul.news\application\controllers\UserController.php 68
ERROR - 2023-11-28 00:07:34 --> Severity: Warning --> Undefined array key "HTTP_REFERER" C:\OSPanel\domains\stimul.news\application\controllers\UserController.php 68
ERROR - 2023-11-28 00:07:34 --> Severity: Warning --> Undefined array key "HTTP_REFERER" C:\OSPanel\domains\stimul.news\application\controllers\UserController.php 68
ERROR - 2023-11-28 00:07:34 --> Severity: Warning --> Undefined array key "HTTP_REFERER" C:\OSPanel\domains\stimul.news\application\controllers\UserController.php 68
ERROR - 2023-11-28 00:07:34 --> Severity: Warning --> Undefined array key "HTTP_REFERER" C:\OSPanel\domains\stimul.news\application\controllers\UserController.php 68
ERROR - 2023-11-28 00:07:34 --> Severity: Warning --> Undefined array key "HTTP_REFERER" C:\OSPanel\domains\stimul.news\application\controllers\UserController.php 68
ERROR - 2023-11-28 00:07:35 --> Severity: Warning --> Undefined array key "HTTP_REFERER" C:\OSPanel\domains\stimul.news\application\controllers\UserController.php 68
ERROR - 2023-11-28 00:07:36 --> Severity: Warning --> Undefined array key "HTTP_REFERER" C:\OSPanel\domains\stimul.news\application\controllers\UserController.php 68
ERROR - 2023-11-28 00:07:36 --> Severity: Warning --> Undefined array key "HTTP_REFERER" C:\OSPanel\domains\stimul.news\application\controllers\UserController.php 68
ERROR - 2023-11-28 00:07:52 --> Severity: Warning --> Trying to access array offset on value of type null C:\OSPanel\domains\stimul.news\application\controllers\UserController.php 88
ERROR - 2023-11-28 00:07:52 --> Severity: Warning --> Trying to access array offset on value of type null C:\OSPanel\domains\stimul.news\application\controllers\UserController.php 88
ERROR - 2023-11-28 00:07:52 --> Severity: Warning --> Trying to access array offset on value of type null C:\OSPanel\domains\stimul.news\application\controllers\UserController.php 90
ERROR - 2023-11-28 00:07:52 --> Severity: Warning --> Trying to access array offset on value of type null C:\OSPanel\domains\stimul.news\application\controllers\UserController.php 91
ERROR - 2023-11-28 00:07:52 --> Severity: Warning --> Trying to access array offset on value of type null C:\OSPanel\domains\stimul.news\application\views\users\contents\SingleNews.php 6
ERROR - 2023-11-28 00:07:52 --> Severity: Warning --> Trying to access array offset on value of type null C:\OSPanel\domains\stimul.news\application\views\users\contents\SingleNews.php 7
ERROR - 2023-11-28 00:07:52 --> Severity: Warning --> Trying to access array offset on value of type null C:\OSPanel\domains\stimul.news\application\views\users\contents\SingleNews.php 8
ERROR - 2023-11-28 00:07:52 --> Severity: Warning --> Trying to access array offset on value of type null C:\OSPanel\domains\stimul.news\application\views\users\contents\SingleNews.php 16
ERROR - 2023-11-28 00:07:52 --> Severity: Warning --> Trying to access array offset on value of type null C:\OSPanel\domains\stimul.news\application\views\users\contents\SingleNews.php 16
ERROR - 2023-11-28 00:07:52 --> Severity: Warning --> Trying to access array offset on value of type null C:\OSPanel\domains\stimul.news\application\views\users\contents\SingleNews.php 18
ERROR - 2023-11-28 00:07:52 --> Severity: Warning --> Trying to access array offset on value of type null C:\OSPanel\domains\stimul.news\application\views\users\contents\SingleNews.php 18
ERROR - 2023-11-28 00:07:52 --> Severity: Warning --> Trying to access array offset on value of type null C:\OSPanel\domains\stimul.news\application\views\users\contents\SingleNews.php 18
ERROR - 2023-11-28 00:07:52 --> Severity: Warning --> Trying to access array offset on value of type null C:\OSPanel\domains\stimul.news\application\views\users\contents\SingleNews.php 23
ERROR - 2023-11-28 00:07:52 --> Severity: Warning --> Trying to access array offset on value of type null C:\OSPanel\domains\stimul.news\application\views\users\contents\SingleNews.php 28
ERROR - 2023-11-28 00:07:52 --> Severity: Warning --> Trying to access array offset on value of type null C:\OSPanel\domains\stimul.news\application\views\users\contents\SingleNews.php 33
ERROR - 2023-11-28 00:07:53 --> Severity: Warning --> Trying to access array offset on value of type null C:\OSPanel\domains\stimul.news\application\controllers\UserController.php 88
ERROR - 2023-11-28 00:07:53 --> Severity: Warning --> Trying to access array offset on value of type null C:\OSPanel\domains\stimul.news\application\controllers\UserController.php 88
ERROR - 2023-11-28 00:07:53 --> Severity: Warning --> Trying to access array offset on value of type null C:\OSPanel\domains\stimul.news\application\controllers\UserController.php 90
ERROR - 2023-11-28 00:07:53 --> Severity: Warning --> Trying to access array offset on value of type null C:\OSPanel\domains\stimul.news\application\controllers\UserController.php 91
ERROR - 2023-11-28 00:07:53 --> Severity: Warning --> Trying to access array offset on value of type null C:\OSPanel\domains\stimul.news\application\views\users\contents\SingleNews.php 6
ERROR - 2023-11-28 00:07:53 --> Severity: Warning --> Trying to access array offset on value of type null C:\OSPanel\domains\stimul.news\application\views\users\contents\SingleNews.php 7
ERROR - 2023-11-28 00:07:53 --> Severity: Warning --> Trying to access array offset on value of type null C:\OSPanel\domains\stimul.news\application\views\users\contents\SingleNews.php 8
ERROR - 2023-11-28 00:07:53 --> Severity: Warning --> Trying to access array offset on value of type null C:\OSPanel\domains\stimul.news\application\views\users\contents\SingleNews.php 16
ERROR - 2023-11-28 00:07:53 --> Severity: Warning --> Trying to access array offset on value of type null C:\OSPanel\domains\stimul.news\application\views\users\contents\SingleNews.php 16
ERROR - 2023-11-28 00:07:53 --> Severity: Warning --> Trying to access array offset on value of type null C:\OSPanel\domains\stimul.news\application\views\users\contents\SingleNews.php 18
ERROR - 2023-11-28 00:07:53 --> Severity: Warning --> Trying to access array offset on value of type null C:\OSPanel\domains\stimul.news\application\views\users\contents\SingleNews.php 18
ERROR - 2023-11-28 00:07:53 --> Severity: Warning --> Trying to access array offset on value of type null C:\OSPanel\domains\stimul.news\application\views\users\contents\SingleNews.php 18
ERROR - 2023-11-28 00:07:53 --> Severity: Warning --> Trying to access array offset on value of type null C:\OSPanel\domains\stimul.news\application\views\users\contents\SingleNews.php 23
ERROR - 2023-11-28 00:07:53 --> Severity: Warning --> Trying to access array offset on value of type null C:\OSPanel\domains\stimul.news\application\views\users\contents\SingleNews.php 28
ERROR - 2023-11-28 00:07:53 --> Severity: Warning --> Trying to access array offset on value of type null C:\OSPanel\domains\stimul.news\application\views\users\contents\SingleNews.php 33
ERROR - 2023-11-28 00:07:54 --> Severity: Warning --> Trying to access array offset on value of type null C:\OSPanel\domains\stimul.news\application\controllers\UserController.php 88
ERROR - 2023-11-28 00:07:54 --> Severity: Warning --> Trying to access array offset on value of type null C:\OSPanel\domains\stimul.news\application\controllers\UserController.php 88
ERROR - 2023-11-28 00:07:54 --> Severity: Warning --> Trying to access array offset on value of type null C:\OSPanel\domains\stimul.news\application\controllers\UserController.php 90
ERROR - 2023-11-28 00:07:54 --> Severity: Warning --> Trying to access array offset on value of type null C:\OSPanel\domains\stimul.news\application\controllers\UserController.php 91
ERROR - 2023-11-28 00:07:54 --> Severity: Warning --> Trying to access array offset on value of type null C:\OSPanel\domains\stimul.news\application\views\users\contents\SingleNews.php 6
ERROR - 2023-11-28 00:07:54 --> Severity: Warning --> Trying to access array offset on value of type null C:\OSPanel\domains\stimul.news\application\views\users\contents\SingleNews.php 7
ERROR - 2023-11-28 00:07:54 --> Severity: Warning --> Trying to access array offset on value of type null C:\OSPanel\domains\stimul.news\application\views\users\contents\SingleNews.php 8
ERROR - 2023-11-28 00:07:54 --> Severity: Warning --> Trying to access array offset on value of type null C:\OSPanel\domains\stimul.news\application\views\users\contents\SingleNews.php 16
ERROR - 2023-11-28 00:07:54 --> Severity: Warning --> Trying to access array offset on value of type null C:\OSPanel\domains\stimul.news\application\views\users\contents\SingleNews.php 16
ERROR - 2023-11-28 00:07:54 --> Severity: Warning --> Trying to access array offset on value of type null C:\OSPanel\domains\stimul.news\application\views\users\contents\SingleNews.php 18
ERROR - 2023-11-28 00:07:54 --> Severity: Warning --> Trying to access array offset on value of type null C:\OSPanel\domains\stimul.news\application\views\users\contents\SingleNews.php 18
ERROR - 2023-11-28 00:07:54 --> Severity: Warning --> Trying to access array offset on value of type null C:\OSPanel\domains\stimul.news\application\views\users\contents\SingleNews.php 18
ERROR - 2023-11-28 00:07:54 --> Severity: Warning --> Trying to access array offset on value of type null C:\OSPanel\domains\stimul.news\application\views\users\contents\SingleNews.php 23
ERROR - 2023-11-28 00:07:54 --> Severity: Warning --> Trying to access array offset on value of type null C:\OSPanel\domains\stimul.news\application\views\users\contents\SingleNews.php 28
ERROR - 2023-11-28 00:07:54 --> Severity: Warning --> Trying to access array offset on value of type null C:\OSPanel\domains\stimul.news\application\views\users\contents\SingleNews.php 33
ERROR - 2023-11-28 00:07:54 --> Severity: Warning --> Trying to access array offset on value of type null C:\OSPanel\domains\stimul.news\application\controllers\UserController.php 88
ERROR - 2023-11-28 00:07:54 --> Severity: Warning --> Trying to access array offset on value of type null C:\OSPanel\domains\stimul.news\application\controllers\UserController.php 88
ERROR - 2023-11-28 00:07:54 --> Severity: Warning --> Trying to access array offset on value of type null C:\OSPanel\domains\stimul.news\application\controllers\UserController.php 90
ERROR - 2023-11-28 00:07:54 --> Severity: Warning --> Trying to access array offset on value of type null C:\OSPanel\domains\stimul.news\application\controllers\UserController.php 91
ERROR - 2023-11-28 00:07:54 --> Severity: Warning --> Trying to access array offset on value of type null C:\OSPanel\domains\stimul.news\application\views\users\contents\SingleNews.php 6
ERROR - 2023-11-28 00:07:54 --> Severity: Warning --> Trying to access array offset on value of type null C:\OSPanel\domains\stimul.news\application\views\users\contents\SingleNews.php 7
ERROR - 2023-11-28 00:07:54 --> Severity: Warning --> Trying to access array offset on value of type null C:\OSPanel\domains\stimul.news\application\views\users\contents\SingleNews.php 8
ERROR - 2023-11-28 00:07:54 --> Severity: Warning --> Trying to access array offset on value of type null C:\OSPanel\domains\stimul.news\application\views\users\contents\SingleNews.php 16
ERROR - 2023-11-28 00:07:54 --> Severity: Warning --> Trying to access array offset on value of type null C:\OSPanel\domains\stimul.news\application\views\users\contents\SingleNews.php 16
ERROR - 2023-11-28 00:07:54 --> Severity: Warning --> Trying to access array offset on value of type null C:\OSPanel\domains\stimul.news\application\views\users\contents\SingleNews.php 18
ERROR - 2023-11-28 00:07:54 --> Severity: Warning --> Trying to access array offset on value of type null C:\OSPanel\domains\stimul.news\application\views\users\contents\SingleNews.php 18
ERROR - 2023-11-28 00:07:54 --> Severity: Warning --> Trying to access array offset on value of type null C:\OSPanel\domains\stimul.news\application\views\users\contents\SingleNews.php 18
ERROR - 2023-11-28 00:07:54 --> Severity: Warning --> Trying to access array offset on value of type null C:\OSPanel\domains\stimul.news\application\views\users\contents\SingleNews.php 23
ERROR - 2023-11-28 00:07:54 --> Severity: Warning --> Trying to access array offset on value of type null C:\OSPanel\domains\stimul.news\application\views\users\contents\SingleNews.php 28
ERROR - 2023-11-28 00:07:54 --> Severity: Warning --> Trying to access array offset on value of type null C:\OSPanel\domains\stimul.news\application\views\users\contents\SingleNews.php 33
ERROR - 2023-11-28 00:08:01 --> Severity: Warning --> Trying to access array offset on value of type null C:\OSPanel\domains\stimul.news\application\controllers\UserController.php 88
ERROR - 2023-11-28 00:08:01 --> Severity: Warning --> Trying to access array offset on value of type null C:\OSPanel\domains\stimul.news\application\controllers\UserController.php 88
ERROR - 2023-11-28 00:08:01 --> Severity: Warning --> Trying to access array offset on value of type null C:\OSPanel\domains\stimul.news\application\controllers\UserController.php 90
ERROR - 2023-11-28 00:08:01 --> Severity: Warning --> Trying to access array offset on value of type null C:\OSPanel\domains\stimul.news\application\controllers\UserController.php 91
ERROR - 2023-11-28 00:08:01 --> Severity: Warning --> Trying to access array offset on value of type null C:\OSPanel\domains\stimul.news\application\views\users\contents\SingleNews.php 6
ERROR - 2023-11-28 00:08:01 --> Severity: Warning --> Trying to access array offset on value of type null C:\OSPanel\domains\stimul.news\application\views\users\contents\SingleNews.php 7
ERROR - 2023-11-28 00:08:01 --> Severity: Warning --> Trying to access array offset on value of type null C:\OSPanel\domains\stimul.news\application\views\users\contents\SingleNews.php 8
ERROR - 2023-11-28 00:08:01 --> Severity: Warning --> Trying to access array offset on value of type null C:\OSPanel\domains\stimul.news\application\views\users\contents\SingleNews.php 16
ERROR - 2023-11-28 00:08:01 --> Severity: Warning --> Trying to access array offset on value of type null C:\OSPanel\domains\stimul.news\application\views\users\contents\SingleNews.php 16
ERROR - 2023-11-28 00:08:01 --> Severity: Warning --> Trying to access array offset on value of type null C:\OSPanel\domains\stimul.news\application\views\users\contents\SingleNews.php 18
ERROR - 2023-11-28 00:08:01 --> Severity: Warning --> Trying to access array offset on value of type null C:\OSPanel\domains\stimul.news\application\views\users\contents\SingleNews.php 18
ERROR - 2023-11-28 00:08:01 --> Severity: Warning --> Trying to access array offset on value of type null C:\OSPanel\domains\stimul.news\application\views\users\contents\SingleNews.php 18
ERROR - 2023-11-28 00:08:01 --> Severity: Warning --> Trying to access array offset on value of type null C:\OSPanel\domains\stimul.news\application\views\users\contents\SingleNews.php 23
ERROR - 2023-11-28 00:08:01 --> Severity: Warning --> Trying to access array offset on value of type null C:\OSPanel\domains\stimul.news\application\views\users\contents\SingleNews.php 28
ERROR - 2023-11-28 00:08:01 --> Severity: Warning --> Trying to access array offset on value of type null C:\OSPanel\domains\stimul.news\application\views\users\contents\SingleNews.php 33
ERROR - 2023-11-28 00:10:29 --> Query error: Server shutdown in progress - Invalid query: SELECT *
FROM `topbar`
ORDER BY `t_uid` DESC
 LIMIT 1
ERROR - 2023-11-28 00:10:29 --> Severity: error --> Exception: Call to a member function row_array() on bool C:\OSPanel\domains\stimul.news\application\models\UserModel.php 26
ERROR - 2023-11-28 00:10:29 --> Query error: Server shutdown in progress - Invalid query: SELECT COUNT(*) AS `numrows`
FROM `branding`
ERROR - 2023-11-28 00:10:29 --> Severity: error --> Exception: Call to a member function num_rows() on bool C:\OSPanel\domains\stimul.news\system\database\DB_query_builder.php 1430
ERROR - 2023-11-28 00:10:29 --> Query error: Server shutdown in progress - Invalid query: SELECT *
FROM `topbar`
ORDER BY `t_uid` DESC
 LIMIT 1
ERROR - 2023-11-28 00:10:29 --> Severity: error --> Exception: Call to a member function row_array() on bool C:\OSPanel\domains\stimul.news\application\models\UserModel.php 26
ERROR - 2023-11-28 00:10:29 --> Query error: Server shutdown in progress - Invalid query: SELECT *
FROM `topbar`
ORDER BY `t_uid` DESC
 LIMIT 1
ERROR - 2023-11-28 00:10:29 --> Severity: error --> Exception: Call to a member function row_array() on bool C:\OSPanel\domains\stimul.news\application\models\UserModel.php 26
ERROR - 2023-11-28 00:10:29 --> Query error: Server shutdown in progress - Invalid query: SELECT COUNT(*) AS `numrows`
FROM `branding`
ERROR - 2023-11-28 00:10:29 --> Severity: error --> Exception: Call to a member function num_rows() on bool C:\OSPanel\domains\stimul.news\system\database\DB_query_builder.php 1430
ERROR - 2023-11-28 00:10:29 --> Query error: Server shutdown in progress - Invalid query: SELECT COUNT(*) AS `numrows`
FROM `branding`
ERROR - 2023-11-28 00:10:29 --> Severity: error --> Exception: Call to a member function num_rows() on bool C:\OSPanel\domains\stimul.news\system\database\DB_query_builder.php 1430
ERROR - 2023-11-28 00:10:29 --> Query error: Server shutdown in progress - Invalid query: SELECT COUNT(*) AS `numrows`
FROM `branding`
ERROR - 2023-11-28 00:10:29 --> Severity: error --> Exception: Call to a member function num_rows() on bool C:\OSPanel\domains\stimul.news\system\database\DB_query_builder.php 1430
ERROR - 2023-11-28 00:10:29 --> Query error: Server shutdown in progress - Invalid query: SELECT COUNT(*) AS `numrows`
FROM `branding`
ERROR - 2023-11-28 00:10:29 --> Severity: error --> Exception: Call to a member function num_rows() on bool C:\OSPanel\domains\stimul.news\system\database\DB_query_builder.php 1430
ERROR - 2023-11-28 00:10:30 --> Query error: Server shutdown in progress - Invalid query: SELECT COUNT(*) AS `numrows`
FROM `branding`
ERROR - 2023-11-28 00:10:30 --> Severity: error --> Exception: Call to a member function num_rows() on bool C:\OSPanel\domains\stimul.news\system\database\DB_query_builder.php 1430
ERROR - 2023-11-28 00:10:30 --> Query error: Server shutdown in progress - Invalid query: SELECT COUNT(*) AS `numrows`
FROM `branding`
ERROR - 2023-11-28 00:10:30 --> Severity: error --> Exception: Call to a member function num_rows() on bool C:\OSPanel\domains\stimul.news\system\database\DB_query_builder.php 1430
ERROR - 2023-11-28 00:10:30 --> Query error: Server shutdown in progress - Invalid query: SELECT COUNT(*) AS `numrows`
FROM `branding`
ERROR - 2023-11-28 00:10:30 --> Severity: error --> Exception: Call to a member function num_rows() on bool C:\OSPanel\domains\stimul.news\system\database\DB_query_builder.php 1430
ERROR - 2023-11-28 00:10:30 --> Query error: Server shutdown in progress - Invalid query: SELECT COUNT(*) AS `numrows`
FROM `branding`
ERROR - 2023-11-28 00:10:30 --> Severity: error --> Exception: Call to a member function num_rows() on bool C:\OSPanel\domains\stimul.news\system\database\DB_query_builder.php 1430
ERROR - 2023-11-28 00:10:30 --> Query error: Server shutdown in progress - Invalid query: SELECT COUNT(*) AS `numrows`
FROM `branding`
ERROR - 2023-11-28 00:10:30 --> Severity: error --> Exception: Call to a member function num_rows() on bool C:\OSPanel\domains\stimul.news\system\database\DB_query_builder.php 1430
ERROR - 2023-11-28 00:10:30 --> Query error: Server shutdown in progress - Invalid query: SELECT *
FROM `topbar`
ORDER BY `t_uid` DESC
 LIMIT 1
ERROR - 2023-11-28 00:10:30 --> Severity: error --> Exception: Call to a member function row_array() on bool C:\OSPanel\domains\stimul.news\application\models\UserModel.php 26
ERROR - 2023-11-28 00:10:30 --> Query error: Server shutdown in progress - Invalid query: SELECT COUNT(*) AS `numrows`
FROM `branding`
ERROR - 2023-11-28 00:10:30 --> Severity: error --> Exception: Call to a member function num_rows() on bool C:\OSPanel\domains\stimul.news\system\database\DB_query_builder.php 1430
ERROR - 2023-11-28 00:10:30 --> Query error: Server shutdown in progress - Invalid query: SELECT COUNT(*) AS `numrows`
FROM `branding`
ERROR - 2023-11-28 00:10:30 --> Severity: error --> Exception: Call to a member function num_rows() on bool C:\OSPanel\domains\stimul.news\system\database\DB_query_builder.php 1430
ERROR - 2023-11-28 00:10:30 --> Query error: Server shutdown in progress - Invalid query: SELECT *
FROM `topbar`
ORDER BY `t_uid` DESC
 LIMIT 1
ERROR - 2023-11-28 00:10:30 --> Severity: error --> Exception: Call to a member function row_array() on bool C:\OSPanel\domains\stimul.news\application\models\UserModel.php 26
ERROR - 2023-11-28 00:10:30 --> Query error: Server shutdown in progress - Invalid query: SELECT COUNT(*) AS `numrows`
FROM `branding`
ERROR - 2023-11-28 00:10:30 --> Severity: error --> Exception: Call to a member function num_rows() on bool C:\OSPanel\domains\stimul.news\system\database\DB_query_builder.php 1430
ERROR - 2023-11-28 00:10:30 --> Query error: Server shutdown in progress - Invalid query: SELECT COUNT(*) AS `numrows`
FROM `branding`
ERROR - 2023-11-28 00:10:30 --> Severity: error --> Exception: Call to a member function num_rows() on bool C:\OSPanel\domains\stimul.news\system\database\DB_query_builder.php 1430
ERROR - 2023-11-28 00:10:30 --> Query error: Server shutdown in progress - Invalid query: SELECT COUNT(*) AS `numrows`
FROM `branding`
ERROR - 2023-11-28 00:10:30 --> Severity: error --> Exception: Call to a member function num_rows() on bool C:\OSPanel\domains\stimul.news\system\database\DB_query_builder.php 1430
ERROR - 2023-11-28 00:10:31 --> Query error: MySQL server has gone away - Invalid query: SELECT *
FROM `topbar`
ORDER BY `t_uid` DESC
 LIMIT 1
ERROR - 2023-11-28 00:10:31 --> Severity: error --> Exception: Call to a member function row_array() on bool C:\OSPanel\domains\stimul.news\application\models\UserModel.php 26
ERROR - 2023-11-28 00:10:38 --> Severity: Warning --> mysqli::real_connect(): (HY000/2002): Подключение не установлено, т.к. конечный компьютер отверг запрос на подключение C:\OSPanel\domains\stimul.news\system\database\drivers\mysqli\mysqli_driver.php 211
ERROR - 2023-11-28 00:10:38 --> Severity: Warning --> mysqli::real_connect(): (HY000/2002): Подключение не установлено, т.к. конечный компьютер отверг запрос на подключение C:\OSPanel\domains\stimul.news\system\database\drivers\mysqli\mysqli_driver.php 211
ERROR - 2023-11-28 00:10:38 --> Severity: Warning --> mysqli::real_connect(): (HY000/2002): Подключение не установлено, т.к. конечный компьютер отверг запрос на подключение C:\OSPanel\domains\stimul.news\system\database\drivers\mysqli\mysqli_driver.php 211
ERROR - 2023-11-28 00:10:38 --> Severity: Warning --> mysqli::real_connect(): (HY000/2002): Подключение не установлено, т.к. конечный компьютер отверг запрос на подключение C:\OSPanel\domains\stimul.news\system\database\drivers\mysqli\mysqli_driver.php 211
ERROR - 2023-11-28 00:10:38 --> Severity: Warning --> mysqli::real_connect(): (HY000/2002): Подключение не установлено, т.к. конечный компьютер отверг запрос на подключение C:\OSPanel\domains\stimul.news\system\database\drivers\mysqli\mysqli_driver.php 211
ERROR - 2023-11-28 00:10:38 --> Unable to connect to the database
ERROR - 2023-11-28 00:10:38 --> Unable to connect to the database
ERROR - 2023-11-28 00:10:38 --> Unable to connect to the database
ERROR - 2023-11-28 00:10:38 --> Unable to connect to the database
ERROR - 2023-11-28 00:10:38 --> Unable to connect to the database
ERROR - 2023-11-28 00:10:38 --> Severity: Warning --> mysqli::real_connect(): (HY000/2002): Подключение не установлено, т.к. конечный компьютер отверг запрос на подключение C:\OSPanel\domains\stimul.news\system\database\drivers\mysqli\mysqli_driver.php 211
ERROR - 2023-11-28 00:10:38 --> Severity: Warning --> mysqli::real_connect(): (HY000/2002): Подключение не установлено, т.к. конечный компьютер отверг запрос на подключение C:\OSPanel\domains\stimul.news\system\database\drivers\mysqli\mysqli_driver.php 211
ERROR - 2023-11-28 00:10:38 --> Severity: Warning --> mysqli::real_connect(): (HY000/2002): Подключение не установлено, т.к. конечный компьютер отверг запрос на подключение C:\OSPanel\domains\stimul.news\system\database\drivers\mysqli\mysqli_driver.php 211
ERROR - 2023-11-28 00:10:38 --> Severity: Warning --> mysqli::real_connect(): (HY000/2002): Подключение не установлено, т.к. конечный компьютер отверг запрос на подключение C:\OSPanel\domains\stimul.news\system\database\drivers\mysqli\mysqli_driver.php 211
ERROR - 2023-11-28 00:10:38 --> Unable to connect to the database
ERROR - 2023-11-28 00:10:38 --> Unable to connect to the database
ERROR - 2023-11-28 00:10:38 --> Unable to connect to the database
ERROR - 2023-11-28 00:10:38 --> Severity: Warning --> mysqli::real_connect(): (HY000/2002): Подключение не установлено, т.к. конечный компьютер отверг запрос на подключение C:\OSPanel\domains\stimul.news\system\database\drivers\mysqli\mysqli_driver.php 211
ERROR - 2023-11-28 00:10:38 --> Severity: Warning --> mysqli::real_connect(): (HY000/2002): Подключение не установлено, т.к. конечный компьютер отверг запрос на подключение C:\OSPanel\domains\stimul.news\system\database\drivers\mysqli\mysqli_driver.php 211
ERROR - 2023-11-28 00:10:38 --> Severity: Warning --> mysqli::real_connect(): (HY000/2002): Подключение не установлено, т.к. конечный компьютер отверг запрос на подключение C:\OSPanel\domains\stimul.news\system\database\drivers\mysqli\mysqli_driver.php 211
ERROR - 2023-11-28 00:10:38 --> Severity: Warning --> mysqli::real_connect(): (HY000/2002): Подключение не установлено, т.к. конечный компьютер отверг запрос на подключение C:\OSPanel\domains\stimul.news\system\database\drivers\mysqli\mysqli_driver.php 211
ERROR - 2023-11-28 00:10:38 --> Severity: Warning --> mysqli::real_connect(): (HY000/2002): Подключение не установлено, т.к. конечный компьютер отверг запрос на подключение C:\OSPanel\domains\stimul.news\system\database\drivers\mysqli\mysqli_driver.php 211
ERROR - 2023-11-28 00:10:38 --> Unable to connect to the database
ERROR - 2023-11-28 00:10:38 --> Severity: Warning --> mysqli::real_connect(): (HY000/2002): Подключение не установлено, т.к. конечный компьютер отверг запрос на подключение C:\OSPanel\domains\stimul.news\system\database\drivers\mysqli\mysqli_driver.php 211
ERROR - 2023-11-28 00:10:38 --> Unable to connect to the database
ERROR - 2023-11-28 00:10:38 --> Unable to connect to the database
ERROR - 2023-11-28 00:10:38 --> Unable to connect to the database
ERROR - 2023-11-28 00:10:38 --> Unable to connect to the database
ERROR - 2023-11-28 00:10:38 --> Unable to connect to the database
ERROR - 2023-11-28 00:10:38 --> Unable to connect to the database
ERROR - 2023-11-28 00:10:38 --> Severity: Warning --> mysqli::real_connect(): (HY000/2002): Подключение не установлено, т.к. конечный компьютер отверг запрос на подключение C:\OSPanel\domains\stimul.news\system\database\drivers\mysqli\mysqli_driver.php 211
ERROR - 2023-11-28 00:10:38 --> Severity: Warning --> mysqli::real_connect(): (HY000/2002): Подключение не установлено, т.к. конечный компьютер отверг запрос на подключение C:\OSPanel\domains\stimul.news\system\database\drivers\mysqli\mysqli_driver.php 211
ERROR - 2023-11-28 00:10:38 --> Severity: Warning --> mysqli::real_connect(): (HY000/2002): Подключение не установлено, т.к. конечный компьютер отверг запрос на подключение C:\OSPanel\domains\stimul.news\system\database\drivers\mysqli\mysqli_driver.php 211
ERROR - 2023-11-28 00:10:38 --> Unable to connect to the database
ERROR - 2023-11-28 00:10:38 --> Unable to connect to the database
ERROR - 2023-11-28 00:10:38 --> Severity: Warning --> mysqli::real_connect(): (HY000/2002): Подключение не установлено, т.к. конечный компьютер отверг запрос на подключение C:\OSPanel\domains\stimul.news\system\database\drivers\mysqli\mysqli_driver.php 211
ERROR - 2023-11-28 00:10:38 --> Unable to connect to the database
ERROR - 2023-11-28 00:10:38 --> Unable to connect to the database
ERROR - 2023-11-28 00:10:38 --> Severity: Warning --> mysqli::real_connect(): (HY000/2002): Подключение не установлено, т.к. конечный компьютер отверг запрос на подключение C:\OSPanel\domains\stimul.news\system\database\drivers\mysqli\mysqli_driver.php 211
ERROR - 2023-11-28 00:10:38 --> Severity: Warning --> mysqli::real_connect(): (HY000/2002): Подключение не установлено, т.к. конечный компьютер отверг запрос на подключение C:\OSPanel\domains\stimul.news\system\database\drivers\mysqli\mysqli_driver.php 211
ERROR - 2023-11-28 00:10:38 --> Unable to connect to the database
ERROR - 2023-11-28 00:10:38 --> Unable to connect to the database
ERROR - 2023-11-28 00:10:38 --> Severity: Warning --> mysqli::real_connect(): (HY000/2002): Подключение не установлено, т.к. конечный компьютер отверг запрос на подключение C:\OSPanel\domains\stimul.news\system\database\drivers\mysqli\mysqli_driver.php 211
ERROR - 2023-11-28 00:10:38 --> Unable to connect to the database
ERROR - 2023-11-28 00:10:38 --> Severity: Warning --> mysqli::real_connect(): (HY000/2002): Подключение не установлено, т.к. конечный компьютер отверг запрос на подключение C:\OSPanel\domains\stimul.news\system\database\drivers\mysqli\mysqli_driver.php 211
ERROR - 2023-11-28 00:10:38 --> Unable to connect to the database
ERROR - 2023-11-28 00:10:39 --> Severity: Warning --> mysqli::real_connect(): (HY000/2002): Подключение не установлено, т.к. конечный компьютер отверг запрос на подключение C:\OSPanel\domains\stimul.news\system\database\drivers\mysqli\mysqli_driver.php 211
ERROR - 2023-11-28 00:10:39 --> Unable to connect to the database
ERROR - 2023-11-28 00:10:40 --> Severity: Warning --> mysqli::real_connect(): (HY000/2002): Подключение не установлено, т.к. конечный компьютер отверг запрос на подключение C:\OSPanel\domains\stimul.news\system\database\drivers\mysqli\mysqli_driver.php 211
ERROR - 2023-11-28 00:10:40 --> Unable to connect to the database
ERROR - 2023-11-28 00:10:42 --> Severity: Warning --> mysqli::real_connect(): (HY000/2002): Подключение не установлено, т.к. конечный компьютер отверг запрос на подключение C:\OSPanel\domains\stimul.news\system\database\drivers\mysqli\mysqli_driver.php 211
ERROR - 2023-11-28 00:10:42 --> Unable to connect to the database
ERROR - 2023-11-28 00:10:42 --> Query error: Подключение не установлено, т.к. конечный компьютер отверг запрос на подключение - Invalid query: SELECT COUNT(*) AS `numrows`
FROM `branding`
ERROR - 2023-11-28 00:10:42 --> Severity: error --> Exception: Call to a member function num_rows() on bool C:\OSPanel\domains\stimul.news\system\database\DB_query_builder.php 1430
ERROR - 2023-11-28 00:10:47 --> Severity: Warning --> mysqli::real_connect(): (HY000/2002): Подключение не установлено, т.к. конечный компьютер отверг запрос на подключение C:\OSPanel\domains\stimul.news\system\database\drivers\mysqli\mysqli_driver.php 211
ERROR - 2023-11-28 00:10:47 --> Unable to connect to the database
ERROR - 2023-11-28 00:10:47 --> Severity: Warning --> mysqli::real_connect(): (HY000/2002): Подключение не установлено, т.к. конечный компьютер отверг запрос на подключение C:\OSPanel\domains\stimul.news\system\database\drivers\mysqli\mysqli_driver.php 211
ERROR - 2023-11-28 00:10:47 --> Unable to connect to the database
ERROR - 2023-11-28 00:10:47 --> Query error: Подключение не установлено, т.к. конечный компьютер отверг запрос на подключение - Invalid query: SELECT *
FROM `topbar`
ORDER BY `t_uid` DESC
 LIMIT 1
ERROR - 2023-11-28 00:10:47 --> Severity: error --> Exception: Call to a member function row_array() on bool C:\OSPanel\domains\stimul.news\application\models\UserModel.php 26
ERROR - 2023-11-28 00:10:53 --> Severity: Warning --> mysqli::real_connect(): (HY000/2002): Подключение не установлено, т.к. конечный компьютер отверг запрос на подключение C:\OSPanel\domains\stimul.news\system\database\drivers\mysqli\mysqli_driver.php 211
ERROR - 2023-11-28 00:10:53 --> Unable to connect to the database
ERROR - 2023-11-28 00:10:53 --> Severity: Warning --> mysqli::real_connect(): (HY000/2002): Подключение не установлено, т.к. конечный компьютер отверг запрос на подключение C:\OSPanel\domains\stimul.news\system\database\drivers\mysqli\mysqli_driver.php 211
ERROR - 2023-11-28 00:10:53 --> Unable to connect to the database
ERROR - 2023-11-28 00:10:53 --> Query error: Подключение не установлено, т.к. конечный компьютер отверг запрос на подключение - Invalid query: SELECT *
FROM `topbar`
ORDER BY `t_uid` DESC
 LIMIT 1
ERROR - 2023-11-28 00:10:53 --> Severity: error --> Exception: Call to a member function row_array() on bool C:\OSPanel\domains\stimul.news\application\models\UserModel.php 26
ERROR - 2023-11-28 00:10:53 --> Severity: Warning --> mysqli::real_connect(): (HY000/2002): Подключение не установлено, т.к. конечный компьютер отверг запрос на подключение C:\OSPanel\domains\stimul.news\system\database\drivers\mysqli\mysqli_driver.php 211
ERROR - 2023-11-28 00:10:53 --> Unable to connect to the database
ERROR - 2023-11-28 00:10:53 --> Query error: Подключение не установлено, т.к. конечный компьютер отверг запрос на подключение - Invalid query: SELECT *
FROM `topbar`
ORDER BY `t_uid` DESC
 LIMIT 1
ERROR - 2023-11-28 00:10:53 --> Severity: error --> Exception: Call to a member function row_array() on bool C:\OSPanel\domains\stimul.news\application\models\UserModel.php 26
ERROR - 2023-11-28 00:10:57 --> Severity: Warning --> mysqli::real_connect(): (HY000/2002): Подключение не установлено, т.к. конечный компьютер отверг запрос на подключение C:\OSPanel\domains\stimul.news\system\database\drivers\mysqli\mysqli_driver.php 211
ERROR - 2023-11-28 00:10:57 --> Unable to connect to the database
ERROR - 2023-11-28 00:10:57 --> Query error: Подключение не установлено, т.к. конечный компьютер отверг запрос на подключение - Invalid query: SELECT COUNT(*) AS `numrows`
FROM `branding`
ERROR - 2023-11-28 00:10:57 --> Severity: error --> Exception: Call to a member function num_rows() on bool C:\OSPanel\domains\stimul.news\system\database\DB_query_builder.php 1430
ERROR - 2023-11-28 00:10:57 --> Severity: Warning --> mysqli::real_connect(): (HY000/2002): Подключение не установлено, т.к. конечный компьютер отверг запрос на подключение C:\OSPanel\domains\stimul.news\system\database\drivers\mysqli\mysqli_driver.php 211
ERROR - 2023-11-28 00:10:57 --> Unable to connect to the database
ERROR - 2023-11-28 00:10:57 --> Severity: Warning --> mysqli::real_connect(): (HY000/2002): Подключение не установлено, т.к. конечный компьютер отверг запрос на подключение C:\OSPanel\domains\stimul.news\system\database\drivers\mysqli\mysqli_driver.php 211
ERROR - 2023-11-28 00:10:57 --> Unable to connect to the database
ERROR - 2023-11-28 00:11:00 --> Severity: Warning --> mysqli::real_connect(): (HY000/2002): Подключение не установлено, т.к. конечный компьютер отверг запрос на подключение C:\OSPanel\domains\stimul.news\system\database\drivers\mysqli\mysqli_driver.php 211
ERROR - 2023-11-28 00:11:00 --> Unable to connect to the database
ERROR - 2023-11-28 00:11:01 --> Severity: Warning --> mysqli::real_connect(): (HY000/2002): Подключение не установлено, т.к. конечный компьютер отверг запрос на подключение C:\OSPanel\domains\stimul.news\system\database\drivers\mysqli\mysqli_driver.php 211
ERROR - 2023-11-28 00:11:01 --> Unable to connect to the database
ERROR - 2023-11-28 00:11:01 --> Query error: Подключение не установлено, т.к. конечный компьютер отверг запрос на подключение - Invalid query: SELECT COUNT(*) AS `numrows`
FROM `branding`
ERROR - 2023-11-28 00:11:01 --> Severity: Warning --> mysqli::real_connect(): (HY000/2002): Подключение не установлено, т.к. конечный компьютер отверг запрос на подключение C:\OSPanel\domains\stimul.news\system\database\drivers\mysqli\mysqli_driver.php 211
ERROR - 2023-11-28 00:11:01 --> Severity: error --> Exception: Call to a member function num_rows() on bool C:\OSPanel\domains\stimul.news\system\database\DB_query_builder.php 1430
ERROR - 2023-11-28 00:11:01 --> Unable to connect to the database
ERROR - 2023-11-28 00:12:20 --> Severity: Warning --> mysqli::real_connect(): (HY000/2002): Подключение не установлено, т.к. конечный компьютер отверг запрос на подключение C:\OSPanel\domains\stimul.news\system\database\drivers\mysqli\mysqli_driver.php 211
ERROR - 2023-11-28 00:12:20 --> Severity: Warning --> mysqli::real_connect(): (HY000/2002): Подключение не установлено, т.к. конечный компьютер отверг запрос на подключение C:\OSPanel\domains\stimul.news\system\database\drivers\mysqli\mysqli_driver.php 211
ERROR - 2023-11-28 00:12:20 --> Severity: Warning --> mysqli::real_connect(): (HY000/2002): Подключение не установлено, т.к. конечный компьютер отверг запрос на подключение C:\OSPanel\domains\stimul.news\system\database\drivers\mysqli\mysqli_driver.php 211
ERROR - 2023-11-28 00:12:20 --> Severity: Warning --> mysqli::real_connect(): (HY000/2002): Подключение не установлено, т.к. конечный компьютер отверг запрос на подключение C:\OSPanel\domains\stimul.news\system\database\drivers\mysqli\mysqli_driver.php 211
ERROR - 2023-11-28 00:12:20 --> Severity: Warning --> mysqli::real_connect(): (HY000/2002): Подключение не установлено, т.к. конечный компьютер отверг запрос на подключение C:\OSPanel\domains\stimul.news\system\database\drivers\mysqli\mysqli_driver.php 211
ERROR - 2023-11-28 00:12:20 --> Severity: Warning --> mysqli::real_connect(): (HY000/2002): Подключение не установлено, т.к. конечный компьютер отверг запрос на подключение C:\OSPanel\domains\stimul.news\system\database\drivers\mysqli\mysqli_driver.php 211
ERROR - 2023-11-28 00:12:20 --> Unable to connect to the database
ERROR - 2023-11-28 00:12:20 --> Unable to connect to the database
ERROR - 2023-11-28 00:12:20 --> Unable to connect to the database
ERROR - 2023-11-28 00:12:20 --> Unable to connect to the database
ERROR - 2023-11-28 00:12:20 --> Unable to connect to the database
ERROR - 2023-11-28 00:12:20 --> Unable to connect to the database
ERROR - 2023-11-28 00:12:20 --> Severity: Warning --> mysqli::real_connect(): (HY000/2002): Подключение не установлено, т.к. конечный компьютер отверг запрос на подключение C:\OSPanel\domains\stimul.news\system\database\drivers\mysqli\mysqli_driver.php 211
ERROR - 2023-11-28 00:12:20 --> Severity: Warning --> mysqli::real_connect(): (HY000/2002): Подключение не установлено, т.к. конечный компьютер отверг запрос на подключение C:\OSPanel\domains\stimul.news\system\database\drivers\mysqli\mysqli_driver.php 211
ERROR - 2023-11-28 00:12:20 --> Severity: Warning --> mysqli::real_connect(): (HY000/2002): Подключение не установлено, т.к. конечный компьютер отверг запрос на подключение C:\OSPanel\domains\stimul.news\system\database\drivers\mysqli\mysqli_driver.php 211
ERROR - 2023-11-28 00:12:20 --> Unable to connect to the database
ERROR - 2023-11-28 00:12:20 --> Unable to connect to the database
ERROR - 2023-11-28 00:12:20 --> Unable to connect to the database
ERROR - 2023-11-28 00:12:20 --> Severity: Warning --> mysqli::real_connect(): (HY000/2002): Подключение не установлено, т.к. конечный компьютер отверг запрос на подключение C:\OSPanel\domains\stimul.news\system\database\drivers\mysqli\mysqli_driver.php 211
ERROR - 2023-11-28 00:12:20 --> Severity: Warning --> mysqli::real_connect(): (HY000/2002): Подключение не установлено, т.к. конечный компьютер отверг запрос на подключение C:\OSPanel\domains\stimul.news\system\database\drivers\mysqli\mysqli_driver.php 211
ERROR - 2023-11-28 00:12:20 --> Unable to connect to the database
ERROR - 2023-11-28 00:12:20 --> Unable to connect to the database
ERROR - 2023-11-28 00:12:20 --> Severity: Warning --> mysqli::real_connect(): (HY000/2002): Подключение не установлено, т.к. конечный компьютер отверг запрос на подключение C:\OSPanel\domains\stimul.news\system\database\drivers\mysqli\mysqli_driver.php 211
ERROR - 2023-11-28 00:12:20 --> Severity: Warning --> mysqli::real_connect(): (HY000/2002): Подключение не установлено, т.к. конечный компьютер отверг запрос на подключение C:\OSPanel\domains\stimul.news\system\database\drivers\mysqli\mysqli_driver.php 211
ERROR - 2023-11-28 00:12:20 --> Severity: Warning --> mysqli::real_connect(): (HY000/2002): Подключение не установлено, т.к. конечный компьютер отверг запрос на подключение C:\OSPanel\domains\stimul.news\system\database\drivers\mysqli\mysqli_driver.php 211
ERROR - 2023-11-28 00:12:20 --> Unable to connect to the database
ERROR - 2023-11-28 00:12:20 --> Unable to connect to the database
ERROR - 2023-11-28 00:12:20 --> Unable to connect to the database
ERROR - 2023-11-28 00:12:20 --> Severity: Warning --> mysqli::real_connect(): (HY000/2002): Подключение не установлено, т.к. конечный компьютер отверг запрос на подключение C:\OSPanel\domains\stimul.news\system\database\drivers\mysqli\mysqli_driver.php 211
ERROR - 2023-11-28 00:12:20 --> Unable to connect to the database
ERROR - 2023-11-28 00:12:24 --> Severity: Warning --> mysqli::real_connect(): (HY000/2002): Подключение не установлено, т.к. конечный компьютер отверг запрос на подключение C:\OSPanel\domains\stimul.news\system\database\drivers\mysqli\mysqli_driver.php 211
ERROR - 2023-11-28 00:12:24 --> Unable to connect to the database
ERROR - 2023-11-28 00:12:24 --> Query error: Подключение не установлено, т.к. конечный компьютер отверг запрос на подключение - Invalid query: SELECT COUNT(*) AS `numrows`
FROM `branding`
ERROR - 2023-11-28 00:12:24 --> Severity: error --> Exception: Call to a member function num_rows() on bool C:\OSPanel\domains\stimul.news\system\database\DB_query_builder.php 1430
ERROR - 2023-11-28 00:12:28 --> Severity: Warning --> mysqli::real_connect(): (HY000/2002): Подключение не установлено, т.к. конечный компьютер отверг запрос на подключение C:\OSPanel\domains\stimul.news\system\database\drivers\mysqli\mysqli_driver.php 211
ERROR - 2023-11-28 00:12:28 --> Unable to connect to the database
ERROR - 2023-11-28 00:12:28 --> Query error: Подключение не установлено, т.к. конечный компьютер отверг запрос на подключение - Invalid query: SELECT COUNT(*) AS `numrows`
FROM `branding`
ERROR - 2023-11-28 00:12:28 --> Severity: error --> Exception: Call to a member function num_rows() on bool C:\OSPanel\domains\stimul.news\system\database\DB_query_builder.php 1430
ERROR - 2023-11-28 00:12:28 --> Severity: Warning --> mysqli::real_connect(): (HY000/2002): Подключение не установлено, т.к. конечный компьютер отверг запрос на подключение C:\OSPanel\domains\stimul.news\system\database\drivers\mysqli\mysqli_driver.php 211
ERROR - 2023-11-28 00:12:28 --> Unable to connect to the database
ERROR - 2023-11-28 00:12:42 --> Severity: Warning --> Trying to access array offset on value of type null C:\OSPanel\domains\stimul.news\application\controllers\UserController.php 88
ERROR - 2023-11-28 00:12:42 --> Severity: Warning --> Trying to access array offset on value of type null C:\OSPanel\domains\stimul.news\application\controllers\UserController.php 88
ERROR - 2023-11-28 00:12:42 --> Severity: Warning --> Trying to access array offset on value of type null C:\OSPanel\domains\stimul.news\application\controllers\UserController.php 90
ERROR - 2023-11-28 00:12:42 --> Severity: Warning --> Trying to access array offset on value of type null C:\OSPanel\domains\stimul.news\application\controllers\UserController.php 91
ERROR - 2023-11-28 00:12:42 --> Severity: Warning --> Trying to access array offset on value of type null C:\OSPanel\domains\stimul.news\application\views\users\contents\SingleNews.php 6
ERROR - 2023-11-28 00:12:42 --> Severity: Warning --> Trying to access array offset on value of type null C:\OSPanel\domains\stimul.news\application\views\users\contents\SingleNews.php 7
ERROR - 2023-11-28 00:12:42 --> Severity: Warning --> Trying to access array offset on value of type null C:\OSPanel\domains\stimul.news\application\views\users\contents\SingleNews.php 8
ERROR - 2023-11-28 00:12:42 --> Severity: Warning --> Trying to access array offset on value of type null C:\OSPanel\domains\stimul.news\application\views\users\contents\SingleNews.php 16
ERROR - 2023-11-28 00:12:42 --> Severity: Warning --> Trying to access array offset on value of type null C:\OSPanel\domains\stimul.news\application\views\users\contents\SingleNews.php 16
ERROR - 2023-11-28 00:12:42 --> Severity: Warning --> Trying to access array offset on value of type null C:\OSPanel\domains\stimul.news\application\views\users\contents\SingleNews.php 18
ERROR - 2023-11-28 00:12:42 --> Severity: Warning --> Trying to access array offset on value of type null C:\OSPanel\domains\stimul.news\application\views\users\contents\SingleNews.php 18
ERROR - 2023-11-28 00:12:42 --> Severity: Warning --> Trying to access array offset on value of type null C:\OSPanel\domains\stimul.news\application\views\users\contents\SingleNews.php 18
ERROR - 2023-11-28 00:12:42 --> Severity: Warning --> Trying to access array offset on value of type null C:\OSPanel\domains\stimul.news\application\views\users\contents\SingleNews.php 23
ERROR - 2023-11-28 00:12:42 --> Severity: Warning --> Trying to access array offset on value of type null C:\OSPanel\domains\stimul.news\application\views\users\contents\SingleNews.php 28
ERROR - 2023-11-28 00:12:42 --> Severity: Warning --> Trying to access array offset on value of type null C:\OSPanel\domains\stimul.news\application\views\users\contents\SingleNews.php 33
ERROR - 2023-11-28 00:12:48 --> Severity: Warning --> Trying to access array offset on value of type null C:\OSPanel\domains\stimul.news\application\controllers\UserController.php 88
ERROR - 2023-11-28 00:12:48 --> Severity: Warning --> Trying to access array offset on value of type null C:\OSPanel\domains\stimul.news\application\controllers\UserController.php 88
ERROR - 2023-11-28 00:12:48 --> Severity: Warning --> Trying to access array offset on value of type null C:\OSPanel\domains\stimul.news\application\controllers\UserController.php 90
ERROR - 2023-11-28 00:12:48 --> Severity: Warning --> Trying to access array offset on value of type null C:\OSPanel\domains\stimul.news\application\controllers\UserController.php 91
ERROR - 2023-11-28 00:12:48 --> Severity: Warning --> Trying to access array offset on value of type null C:\OSPanel\domains\stimul.news\application\views\users\contents\SingleNews.php 6
ERROR - 2023-11-28 00:12:48 --> Severity: Warning --> Trying to access array offset on value of type null C:\OSPanel\domains\stimul.news\application\views\users\contents\SingleNews.php 7
ERROR - 2023-11-28 00:12:48 --> Severity: Warning --> Trying to access array offset on value of type null C:\OSPanel\domains\stimul.news\application\views\users\contents\SingleNews.php 8
ERROR - 2023-11-28 00:12:48 --> Severity: Warning --> Trying to access array offset on value of type null C:\OSPanel\domains\stimul.news\application\views\users\contents\SingleNews.php 16
ERROR - 2023-11-28 00:12:48 --> Severity: Warning --> Trying to access array offset on value of type null C:\OSPanel\domains\stimul.news\application\views\users\contents\SingleNews.php 16
ERROR - 2023-11-28 00:12:48 --> Severity: Warning --> Trying to access array offset on value of type null C:\OSPanel\domains\stimul.news\application\views\users\contents\SingleNews.php 18
ERROR - 2023-11-28 00:12:48 --> Severity: Warning --> Trying to access array offset on value of type null C:\OSPanel\domains\stimul.news\application\views\users\contents\SingleNews.php 18
ERROR - 2023-11-28 00:12:48 --> Severity: Warning --> Trying to access array offset on value of type null C:\OSPanel\domains\stimul.news\application\views\users\contents\SingleNews.php 18
ERROR - 2023-11-28 00:12:48 --> Severity: Warning --> Trying to access array offset on value of type null C:\OSPanel\domains\stimul.news\application\views\users\contents\SingleNews.php 23
ERROR - 2023-11-28 00:12:48 --> Severity: Warning --> Trying to access array offset on value of type null C:\OSPanel\domains\stimul.news\application\views\users\contents\SingleNews.php 28
ERROR - 2023-11-28 00:12:48 --> Severity: Warning --> Trying to access array offset on value of type null C:\OSPanel\domains\stimul.news\application\views\users\contents\SingleNews.php 33
ERROR - 2023-11-28 00:12:48 --> Severity: Warning --> Trying to access array offset on value of type null C:\OSPanel\domains\stimul.news\application\controllers\UserController.php 88
ERROR - 2023-11-28 00:12:48 --> Severity: Warning --> Trying to access array offset on value of type null C:\OSPanel\domains\stimul.news\application\controllers\UserController.php 88
ERROR - 2023-11-28 00:12:48 --> Severity: Warning --> Trying to access array offset on value of type null C:\OSPanel\domains\stimul.news\application\controllers\UserController.php 90
ERROR - 2023-11-28 00:12:48 --> Severity: Warning --> Trying to access array offset on value of type null C:\OSPanel\domains\stimul.news\application\controllers\UserController.php 91
ERROR - 2023-11-28 00:12:48 --> Severity: Warning --> Trying to access array offset on value of type null C:\OSPanel\domains\stimul.news\application\views\users\contents\SingleNews.php 6
ERROR - 2023-11-28 00:12:48 --> Severity: Warning --> Trying to access array offset on value of type null C:\OSPanel\domains\stimul.news\application\views\users\contents\SingleNews.php 7
ERROR - 2023-11-28 00:12:48 --> Severity: Warning --> Trying to access array offset on value of type null C:\OSPanel\domains\stimul.news\application\views\users\contents\SingleNews.php 8
ERROR - 2023-11-28 00:12:48 --> Severity: Warning --> Trying to access array offset on value of type null C:\OSPanel\domains\stimul.news\application\views\users\contents\SingleNews.php 16
ERROR - 2023-11-28 00:12:48 --> Severity: Warning --> Trying to access array offset on value of type null C:\OSPanel\domains\stimul.news\application\views\users\contents\SingleNews.php 16
ERROR - 2023-11-28 00:12:48 --> Severity: Warning --> Trying to access array offset on value of type null C:\OSPanel\domains\stimul.news\application\views\users\contents\SingleNews.php 18
ERROR - 2023-11-28 00:12:48 --> Severity: Warning --> Trying to access array offset on value of type null C:\OSPanel\domains\stimul.news\application\views\users\contents\SingleNews.php 18
ERROR - 2023-11-28 00:12:48 --> Severity: Warning --> Trying to access array offset on value of type null C:\OSPanel\domains\stimul.news\application\views\users\contents\SingleNews.php 18
ERROR - 2023-11-28 00:12:48 --> Severity: Warning --> Trying to access array offset on value of type null C:\OSPanel\domains\stimul.news\application\views\users\contents\SingleNews.php 23
ERROR - 2023-11-28 00:12:48 --> Severity: Warning --> Trying to access array offset on value of type null C:\OSPanel\domains\stimul.news\application\views\users\contents\SingleNews.php 28
ERROR - 2023-11-28 00:12:48 --> Severity: Warning --> Trying to access array offset on value of type null C:\OSPanel\domains\stimul.news\application\views\users\contents\SingleNews.php 33
ERROR - 2023-11-28 00:12:52 --> Severity: Warning --> Trying to access array offset on value of type null C:\OSPanel\domains\stimul.news\application\controllers\UserController.php 88
ERROR - 2023-11-28 00:12:52 --> Severity: Warning --> Trying to access array offset on value of type null C:\OSPanel\domains\stimul.news\application\controllers\UserController.php 88
ERROR - 2023-11-28 00:12:52 --> Severity: Warning --> Trying to access array offset on value of type null C:\OSPanel\domains\stimul.news\application\controllers\UserController.php 90
ERROR - 2023-11-28 00:12:52 --> Severity: Warning --> Trying to access array offset on value of type null C:\OSPanel\domains\stimul.news\application\controllers\UserController.php 91
ERROR - 2023-11-28 00:12:52 --> Severity: Warning --> Trying to access array offset on value of type null C:\OSPanel\domains\stimul.news\application\views\users\contents\SingleNews.php 6
ERROR - 2023-11-28 00:12:52 --> Severity: Warning --> Trying to access array offset on value of type null C:\OSPanel\domains\stimul.news\application\views\users\contents\SingleNews.php 7
ERROR - 2023-11-28 00:12:52 --> Severity: Warning --> Trying to access array offset on value of type null C:\OSPanel\domains\stimul.news\application\views\users\contents\SingleNews.php 8
ERROR - 2023-11-28 00:12:52 --> Severity: Warning --> Trying to access array offset on value of type null C:\OSPanel\domains\stimul.news\application\views\users\contents\SingleNews.php 16
ERROR - 2023-11-28 00:12:52 --> Severity: Warning --> Trying to access array offset on value of type null C:\OSPanel\domains\stimul.news\application\views\users\contents\SingleNews.php 16
ERROR - 2023-11-28 00:12:52 --> Severity: Warning --> Trying to access array offset on value of type null C:\OSPanel\domains\stimul.news\application\views\users\contents\SingleNews.php 18
ERROR - 2023-11-28 00:12:52 --> Severity: Warning --> Trying to access array offset on value of type null C:\OSPanel\domains\stimul.news\application\views\users\contents\SingleNews.php 18
ERROR - 2023-11-28 00:12:52 --> Severity: Warning --> Trying to access array offset on value of type null C:\OSPanel\domains\stimul.news\application\views\users\contents\SingleNews.php 18
ERROR - 2023-11-28 00:12:52 --> Severity: Warning --> Trying to access array offset on value of type null C:\OSPanel\domains\stimul.news\application\views\users\contents\SingleNews.php 23
ERROR - 2023-11-28 00:12:52 --> Severity: Warning --> Trying to access array offset on value of type null C:\OSPanel\domains\stimul.news\application\views\users\contents\SingleNews.php 28
ERROR - 2023-11-28 00:12:52 --> Severity: Warning --> Trying to access array offset on value of type null C:\OSPanel\domains\stimul.news\application\views\users\contents\SingleNews.php 33
ERROR - 2023-11-28 00:12:53 --> Severity: Warning --> Trying to access array offset on value of type null C:\OSPanel\domains\stimul.news\application\controllers\UserController.php 88
ERROR - 2023-11-28 00:12:53 --> Severity: Warning --> Trying to access array offset on value of type null C:\OSPanel\domains\stimul.news\application\controllers\UserController.php 88
ERROR - 2023-11-28 00:12:53 --> Severity: Warning --> Trying to access array offset on value of type null C:\OSPanel\domains\stimul.news\application\controllers\UserController.php 90
ERROR - 2023-11-28 00:12:53 --> Severity: Warning --> Trying to access array offset on value of type null C:\OSPanel\domains\stimul.news\application\controllers\UserController.php 91
ERROR - 2023-11-28 00:12:53 --> Severity: Warning --> Trying to access array offset on value of type null C:\OSPanel\domains\stimul.news\application\views\users\contents\SingleNews.php 6
ERROR - 2023-11-28 00:12:53 --> Severity: Warning --> Trying to access array offset on value of type null C:\OSPanel\domains\stimul.news\application\views\users\contents\SingleNews.php 7
ERROR - 2023-11-28 00:12:53 --> Severity: Warning --> Trying to access array offset on value of type null C:\OSPanel\domains\stimul.news\application\views\users\contents\SingleNews.php 8
ERROR - 2023-11-28 00:12:53 --> Severity: Warning --> Trying to access array offset on value of type null C:\OSPanel\domains\stimul.news\application\views\users\contents\SingleNews.php 16
ERROR - 2023-11-28 00:12:53 --> Severity: Warning --> Trying to access array offset on value of type null C:\OSPanel\domains\stimul.news\application\views\users\contents\SingleNews.php 16
ERROR - 2023-11-28 00:12:53 --> Severity: Warning --> Trying to access array offset on value of type null C:\OSPanel\domains\stimul.news\application\views\users\contents\SingleNews.php 18
ERROR - 2023-11-28 00:12:53 --> Severity: Warning --> Trying to access array offset on value of type null C:\OSPanel\domains\stimul.news\application\views\users\contents\SingleNews.php 18
ERROR - 2023-11-28 00:12:53 --> Severity: Warning --> Trying to access array offset on value of type null C:\OSPanel\domains\stimul.news\application\views\users\contents\SingleNews.php 18
ERROR - 2023-11-28 00:12:53 --> Severity: Warning --> Trying to access array offset on value of type null C:\OSPanel\domains\stimul.news\application\views\users\contents\SingleNews.php 23
ERROR - 2023-11-28 00:12:53 --> Severity: Warning --> Trying to access array offset on value of type null C:\OSPanel\domains\stimul.news\application\views\users\contents\SingleNews.php 28
ERROR - 2023-11-28 00:12:53 --> Severity: Warning --> Trying to access array offset on value of type null C:\OSPanel\domains\stimul.news\application\views\users\contents\SingleNews.php 33
ERROR - 2023-11-28 00:12:53 --> Severity: Warning --> Trying to access array offset on value of type null C:\OSPanel\domains\stimul.news\application\controllers\UserController.php 88
ERROR - 2023-11-28 00:12:53 --> Severity: Warning --> Trying to access array offset on value of type null C:\OSPanel\domains\stimul.news\application\controllers\UserController.php 88
ERROR - 2023-11-28 00:12:53 --> Severity: Warning --> Trying to access array offset on value of type null C:\OSPanel\domains\stimul.news\application\controllers\UserController.php 90
ERROR - 2023-11-28 00:12:53 --> Severity: Warning --> Trying to access array offset on value of type null C:\OSPanel\domains\stimul.news\application\controllers\UserController.php 91
ERROR - 2023-11-28 00:12:53 --> Severity: Warning --> Trying to access array offset on value of type null C:\OSPanel\domains\stimul.news\application\views\users\contents\SingleNews.php 6
ERROR - 2023-11-28 00:12:53 --> Severity: Warning --> Trying to access array offset on value of type null C:\OSPanel\domains\stimul.news\application\views\users\contents\SingleNews.php 7
ERROR - 2023-11-28 00:12:53 --> Severity: Warning --> Trying to access array offset on value of type null C:\OSPanel\domains\stimul.news\application\views\users\contents\SingleNews.php 8
ERROR - 2023-11-28 00:12:53 --> Severity: Warning --> Trying to access array offset on value of type null C:\OSPanel\domains\stimul.news\application\views\users\contents\SingleNews.php 16
ERROR - 2023-11-28 00:12:53 --> Severity: Warning --> Trying to access array offset on value of type null C:\OSPanel\domains\stimul.news\application\views\users\contents\SingleNews.php 16
ERROR - 2023-11-28 00:12:53 --> Severity: Warning --> Trying to access array offset on value of type null C:\OSPanel\domains\stimul.news\application\views\users\contents\SingleNews.php 18
ERROR - 2023-11-28 00:12:53 --> Severity: Warning --> Trying to access array offset on value of type null C:\OSPanel\domains\stimul.news\application\views\users\contents\SingleNews.php 18
ERROR - 2023-11-28 00:12:53 --> Severity: Warning --> Trying to access array offset on value of type null C:\OSPanel\domains\stimul.news\application\views\users\contents\SingleNews.php 18
ERROR - 2023-11-28 00:12:53 --> Severity: Warning --> Trying to access array offset on value of type null C:\OSPanel\domains\stimul.news\application\views\users\contents\SingleNews.php 23
ERROR - 2023-11-28 00:12:53 --> Severity: Warning --> Trying to access array offset on value of type null C:\OSPanel\domains\stimul.news\application\views\users\contents\SingleNews.php 28
ERROR - 2023-11-28 00:12:53 --> Severity: Warning --> Trying to access array offset on value of type null C:\OSPanel\domains\stimul.news\application\views\users\contents\SingleNews.php 33
ERROR - 2023-11-28 00:12:57 --> Severity: Warning --> Trying to access array offset on value of type null C:\OSPanel\domains\stimul.news\application\controllers\UserController.php 88
ERROR - 2023-11-28 00:12:57 --> Severity: Warning --> Trying to access array offset on value of type null C:\OSPanel\domains\stimul.news\application\controllers\UserController.php 88
ERROR - 2023-11-28 00:12:57 --> Severity: Warning --> Trying to access array offset on value of type null C:\OSPanel\domains\stimul.news\application\controllers\UserController.php 90
ERROR - 2023-11-28 00:12:57 --> Severity: Warning --> Trying to access array offset on value of type null C:\OSPanel\domains\stimul.news\application\controllers\UserController.php 91
ERROR - 2023-11-28 00:12:57 --> Severity: Warning --> Trying to access array offset on value of type null C:\OSPanel\domains\stimul.news\application\views\users\contents\SingleNews.php 6
ERROR - 2023-11-28 00:12:57 --> Severity: Warning --> Trying to access array offset on value of type null C:\OSPanel\domains\stimul.news\application\views\users\contents\SingleNews.php 7
ERROR - 2023-11-28 00:12:57 --> Severity: Warning --> Trying to access array offset on value of type null C:\OSPanel\domains\stimul.news\application\views\users\contents\SingleNews.php 8
ERROR - 2023-11-28 00:12:57 --> Severity: Warning --> Trying to access array offset on value of type null C:\OSPanel\domains\stimul.news\application\views\users\contents\SingleNews.php 16
ERROR - 2023-11-28 00:12:57 --> Severity: Warning --> Trying to access array offset on value of type null C:\OSPanel\domains\stimul.news\application\views\users\contents\SingleNews.php 16
ERROR - 2023-11-28 00:12:57 --> Severity: Warning --> Trying to access array offset on value of type null C:\OSPanel\domains\stimul.news\application\views\users\contents\SingleNews.php 18
ERROR - 2023-11-28 00:12:57 --> Severity: Warning --> Trying to access array offset on value of type null C:\OSPanel\domains\stimul.news\application\views\users\contents\SingleNews.php 18
ERROR - 2023-11-28 00:12:57 --> Severity: Warning --> Trying to access array offset on value of type null C:\OSPanel\domains\stimul.news\application\views\users\contents\SingleNews.php 18
ERROR - 2023-11-28 00:12:57 --> Severity: Warning --> Trying to access array offset on value of type null C:\OSPanel\domains\stimul.news\application\views\users\contents\SingleNews.php 23
ERROR - 2023-11-28 00:12:57 --> Severity: Warning --> Trying to access array offset on value of type null C:\OSPanel\domains\stimul.news\application\views\users\contents\SingleNews.php 28
ERROR - 2023-11-28 00:12:57 --> Severity: Warning --> Trying to access array offset on value of type null C:\OSPanel\domains\stimul.news\application\views\users\contents\SingleNews.php 33
ERROR - 2023-11-28 00:12:58 --> Severity: Warning --> Trying to access array offset on value of type null C:\OSPanel\domains\stimul.news\application\controllers\UserController.php 88
ERROR - 2023-11-28 00:12:58 --> Severity: Warning --> Trying to access array offset on value of type null C:\OSPanel\domains\stimul.news\application\controllers\UserController.php 88
ERROR - 2023-11-28 00:12:58 --> Severity: Warning --> Trying to access array offset on value of type null C:\OSPanel\domains\stimul.news\application\controllers\UserController.php 90
ERROR - 2023-11-28 00:12:58 --> Severity: Warning --> Trying to access array offset on value of type null C:\OSPanel\domains\stimul.news\application\controllers\UserController.php 91
ERROR - 2023-11-28 00:12:58 --> Severity: Warning --> Trying to access array offset on value of type null C:\OSPanel\domains\stimul.news\application\views\users\contents\SingleNews.php 6
ERROR - 2023-11-28 00:12:58 --> Severity: Warning --> Trying to access array offset on value of type null C:\OSPanel\domains\stimul.news\application\views\users\contents\SingleNews.php 7
ERROR - 2023-11-28 00:12:58 --> Severity: Warning --> Trying to access array offset on value of type null C:\OSPanel\domains\stimul.news\application\views\users\contents\SingleNews.php 8
ERROR - 2023-11-28 00:12:58 --> Severity: Warning --> Trying to access array offset on value of type null C:\OSPanel\domains\stimul.news\application\views\users\contents\SingleNews.php 16
ERROR - 2023-11-28 00:12:58 --> Severity: Warning --> Trying to access array offset on value of type null C:\OSPanel\domains\stimul.news\application\views\users\contents\SingleNews.php 16
ERROR - 2023-11-28 00:12:58 --> Severity: Warning --> Trying to access array offset on value of type null C:\OSPanel\domains\stimul.news\application\views\users\contents\SingleNews.php 18
ERROR - 2023-11-28 00:12:58 --> Severity: Warning --> Trying to access array offset on value of type null C:\OSPanel\domains\stimul.news\application\views\users\contents\SingleNews.php 18
ERROR - 2023-11-28 00:12:58 --> Severity: Warning --> Trying to access array offset on value of type null C:\OSPanel\domains\stimul.news\application\views\users\contents\SingleNews.php 18
ERROR - 2023-11-28 00:12:58 --> Severity: Warning --> Trying to access array offset on value of type null C:\OSPanel\domains\stimul.news\application\views\users\contents\SingleNews.php 23
ERROR - 2023-11-28 00:12:58 --> Severity: Warning --> Trying to access array offset on value of type null C:\OSPanel\domains\stimul.news\application\views\users\contents\SingleNews.php 28
ERROR - 2023-11-28 00:12:58 --> Severity: Warning --> Trying to access array offset on value of type null C:\OSPanel\domains\stimul.news\application\views\users\contents\SingleNews.php 33
ERROR - 2023-11-28 00:13:03 --> Severity: Warning --> Trying to access array offset on value of type null C:\OSPanel\domains\stimul.news\application\controllers\UserController.php 88
ERROR - 2023-11-28 00:13:03 --> Severity: Warning --> Trying to access array offset on value of type null C:\OSPanel\domains\stimul.news\application\controllers\UserController.php 88
ERROR - 2023-11-28 00:13:03 --> Severity: Warning --> Trying to access array offset on value of type null C:\OSPanel\domains\stimul.news\application\controllers\UserController.php 90
ERROR - 2023-11-28 00:13:03 --> Severity: Warning --> Trying to access array offset on value of type null C:\OSPanel\domains\stimul.news\application\controllers\UserController.php 91
ERROR - 2023-11-28 00:13:03 --> Severity: Warning --> Trying to access array offset on value of type null C:\OSPanel\domains\stimul.news\application\views\users\contents\SingleNews.php 6
ERROR - 2023-11-28 00:13:03 --> Severity: Warning --> Trying to access array offset on value of type null C:\OSPanel\domains\stimul.news\application\views\users\contents\SingleNews.php 7
ERROR - 2023-11-28 00:13:03 --> Severity: Warning --> Trying to access array offset on value of type null C:\OSPanel\domains\stimul.news\application\views\users\contents\SingleNews.php 8
ERROR - 2023-11-28 00:13:03 --> Severity: Warning --> Trying to access array offset on value of type null C:\OSPanel\domains\stimul.news\application\views\users\contents\SingleNews.php 16
ERROR - 2023-11-28 00:13:03 --> Severity: Warning --> Trying to access array offset on value of type null C:\OSPanel\domains\stimul.news\application\views\users\contents\SingleNews.php 16
ERROR - 2023-11-28 00:13:03 --> Severity: Warning --> Trying to access array offset on value of type null C:\OSPanel\domains\stimul.news\application\views\users\contents\SingleNews.php 18
ERROR - 2023-11-28 00:13:03 --> Severity: Warning --> Trying to access array offset on value of type null C:\OSPanel\domains\stimul.news\application\views\users\contents\SingleNews.php 18
ERROR - 2023-11-28 00:13:03 --> Severity: Warning --> Trying to access array offset on value of type null C:\OSPanel\domains\stimul.news\application\views\users\contents\SingleNews.php 18
ERROR - 2023-11-28 00:13:03 --> Severity: Warning --> Trying to access array offset on value of type null C:\OSPanel\domains\stimul.news\application\views\users\contents\SingleNews.php 23
ERROR - 2023-11-28 00:13:03 --> Severity: Warning --> Trying to access array offset on value of type null C:\OSPanel\domains\stimul.news\application\views\users\contents\SingleNews.php 28
ERROR - 2023-11-28 00:13:03 --> Severity: Warning --> Trying to access array offset on value of type null C:\OSPanel\domains\stimul.news\application\views\users\contents\SingleNews.php 33
ERROR - 2023-11-28 00:13:07 --> Severity: Warning --> Trying to access array offset on value of type bool C:\OSPanel\domains\stimul.news\application\controllers\UserController.php 140
ERROR - 2023-11-28 00:13:07 --> Severity: Warning --> Trying to access array offset on value of type bool C:\OSPanel\domains\stimul.news\application\controllers\UserController.php 141
ERROR - 2023-11-28 00:13:12 --> Severity: Warning --> Trying to access array offset on value of type null C:\OSPanel\domains\stimul.news\application\controllers\UserController.php 88
ERROR - 2023-11-28 00:13:12 --> Severity: Warning --> Trying to access array offset on value of type null C:\OSPanel\domains\stimul.news\application\controllers\UserController.php 88
ERROR - 2023-11-28 00:13:12 --> Severity: Warning --> Trying to access array offset on value of type null C:\OSPanel\domains\stimul.news\application\controllers\UserController.php 90
ERROR - 2023-11-28 00:13:12 --> Severity: Warning --> Trying to access array offset on value of type null C:\OSPanel\domains\stimul.news\application\controllers\UserController.php 91
ERROR - 2023-11-28 00:13:12 --> Severity: Warning --> Trying to access array offset on value of type null C:\OSPanel\domains\stimul.news\application\views\users\contents\SingleNews.php 6
ERROR - 2023-11-28 00:13:12 --> Severity: Warning --> Trying to access array offset on value of type null C:\OSPanel\domains\stimul.news\application\views\users\contents\SingleNews.php 7
ERROR - 2023-11-28 00:13:12 --> Severity: Warning --> Trying to access array offset on value of type null C:\OSPanel\domains\stimul.news\application\views\users\contents\SingleNews.php 8
ERROR - 2023-11-28 00:13:12 --> Severity: Warning --> Trying to access array offset on value of type null C:\OSPanel\domains\stimul.news\application\views\users\contents\SingleNews.php 16
ERROR - 2023-11-28 00:13:12 --> Severity: Warning --> Trying to access array offset on value of type null C:\OSPanel\domains\stimul.news\application\views\users\contents\SingleNews.php 16
ERROR - 2023-11-28 00:13:12 --> Severity: Warning --> Trying to access array offset on value of type null C:\OSPanel\domains\stimul.news\application\views\users\contents\SingleNews.php 18
ERROR - 2023-11-28 00:13:12 --> Severity: Warning --> Trying to access array offset on value of type null C:\OSPanel\domains\stimul.news\application\views\users\contents\SingleNews.php 18
ERROR - 2023-11-28 00:13:12 --> Severity: Warning --> Trying to access array offset on value of type null C:\OSPanel\domains\stimul.news\application\views\users\contents\SingleNews.php 18
ERROR - 2023-11-28 00:13:12 --> Severity: Warning --> Trying to access array offset on value of type null C:\OSPanel\domains\stimul.news\application\views\users\contents\SingleNews.php 23
ERROR - 2023-11-28 00:13:12 --> Severity: Warning --> Trying to access array offset on value of type null C:\OSPanel\domains\stimul.news\application\views\users\contents\SingleNews.php 28
ERROR - 2023-11-28 00:13:12 --> Severity: Warning --> Trying to access array offset on value of type null C:\OSPanel\domains\stimul.news\application\views\users\contents\SingleNews.php 33
ERROR - 2023-11-28 00:13:13 --> Severity: Warning --> Trying to access array offset on value of type null C:\OSPanel\domains\stimul.news\application\controllers\UserController.php 88
ERROR - 2023-11-28 00:13:13 --> Severity: Warning --> Trying to access array offset on value of type null C:\OSPanel\domains\stimul.news\application\controllers\UserController.php 88
ERROR - 2023-11-28 00:13:13 --> Severity: Warning --> Trying to access array offset on value of type null C:\OSPanel\domains\stimul.news\application\controllers\UserController.php 90
ERROR - 2023-11-28 00:13:13 --> Severity: Warning --> Trying to access array offset on value of type null C:\OSPanel\domains\stimul.news\application\controllers\UserController.php 91
ERROR - 2023-11-28 00:13:13 --> Severity: Warning --> Trying to access array offset on value of type null C:\OSPanel\domains\stimul.news\application\views\users\contents\SingleNews.php 6
ERROR - 2023-11-28 00:13:13 --> Severity: Warning --> Trying to access array offset on value of type null C:\OSPanel\domains\stimul.news\application\views\users\contents\SingleNews.php 7
ERROR - 2023-11-28 00:13:13 --> Severity: Warning --> Trying to access array offset on value of type null C:\OSPanel\domains\stimul.news\application\views\users\contents\SingleNews.php 8
ERROR - 2023-11-28 00:13:13 --> Severity: Warning --> Trying to access array offset on value of type null C:\OSPanel\domains\stimul.news\application\views\users\contents\SingleNews.php 16
ERROR - 2023-11-28 00:13:13 --> Severity: Warning --> Trying to access array offset on value of type null C:\OSPanel\domains\stimul.news\application\views\users\contents\SingleNews.php 16
ERROR - 2023-11-28 00:13:13 --> Severity: Warning --> Trying to access array offset on value of type null C:\OSPanel\domains\stimul.news\application\views\users\contents\SingleNews.php 18
ERROR - 2023-11-28 00:13:13 --> Severity: Warning --> Trying to access array offset on value of type null C:\OSPanel\domains\stimul.news\application\views\users\contents\SingleNews.php 18
ERROR - 2023-11-28 00:13:13 --> Severity: Warning --> Trying to access array offset on value of type null C:\OSPanel\domains\stimul.news\application\views\users\contents\SingleNews.php 18
ERROR - 2023-11-28 00:13:13 --> Severity: Warning --> Trying to access array offset on value of type null C:\OSPanel\domains\stimul.news\application\views\users\contents\SingleNews.php 23
ERROR - 2023-11-28 00:13:13 --> Severity: Warning --> Trying to access array offset on value of type null C:\OSPanel\domains\stimul.news\application\views\users\contents\SingleNews.php 28
ERROR - 2023-11-28 00:13:13 --> Severity: Warning --> Trying to access array offset on value of type null C:\OSPanel\domains\stimul.news\application\views\users\contents\SingleNews.php 33
ERROR - 2023-11-28 00:13:14 --> Severity: Warning --> Trying to access array offset on value of type bool C:\OSPanel\domains\stimul.news\application\controllers\UserController.php 140
ERROR - 2023-11-28 00:13:14 --> Severity: Warning --> Trying to access array offset on value of type bool C:\OSPanel\domains\stimul.news\application\controllers\UserController.php 141
ERROR - 2023-11-28 00:13:15 --> Severity: Warning --> Trying to access array offset on value of type bool C:\OSPanel\domains\stimul.news\application\controllers\UserController.php 140
ERROR - 2023-11-28 00:13:15 --> Severity: Warning --> Trying to access array offset on value of type bool C:\OSPanel\domains\stimul.news\application\controllers\UserController.php 141
ERROR - 2023-11-28 00:13:17 --> Severity: Warning --> Trying to access array offset on value of type null C:\OSPanel\domains\stimul.news\application\controllers\UserController.php 88
ERROR - 2023-11-28 00:13:17 --> Severity: Warning --> Trying to access array offset on value of type null C:\OSPanel\domains\stimul.news\application\controllers\UserController.php 88
ERROR - 2023-11-28 00:13:17 --> Severity: Warning --> Trying to access array offset on value of type null C:\OSPanel\domains\stimul.news\application\controllers\UserController.php 90
ERROR - 2023-11-28 00:13:17 --> Severity: Warning --> Trying to access array offset on value of type null C:\OSPanel\domains\stimul.news\application\controllers\UserController.php 91
ERROR - 2023-11-28 00:13:17 --> Severity: Warning --> Trying to access array offset on value of type null C:\OSPanel\domains\stimul.news\application\views\users\contents\SingleNews.php 6
ERROR - 2023-11-28 00:13:17 --> Severity: Warning --> Trying to access array offset on value of type null C:\OSPanel\domains\stimul.news\application\views\users\contents\SingleNews.php 7
ERROR - 2023-11-28 00:13:17 --> Severity: Warning --> Trying to access array offset on value of type null C:\OSPanel\domains\stimul.news\application\views\users\contents\SingleNews.php 8
ERROR - 2023-11-28 00:13:17 --> Severity: Warning --> Trying to access array offset on value of type null C:\OSPanel\domains\stimul.news\application\views\users\contents\SingleNews.php 16
ERROR - 2023-11-28 00:13:17 --> Severity: Warning --> Trying to access array offset on value of type null C:\OSPanel\domains\stimul.news\application\views\users\contents\SingleNews.php 16
ERROR - 2023-11-28 00:13:17 --> Severity: Warning --> Trying to access array offset on value of type null C:\OSPanel\domains\stimul.news\application\views\users\contents\SingleNews.php 18
ERROR - 2023-11-28 00:13:17 --> Severity: Warning --> Trying to access array offset on value of type null C:\OSPanel\domains\stimul.news\application\views\users\contents\SingleNews.php 18
ERROR - 2023-11-28 00:13:17 --> Severity: Warning --> Trying to access array offset on value of type null C:\OSPanel\domains\stimul.news\application\views\users\contents\SingleNews.php 18
ERROR - 2023-11-28 00:13:17 --> Severity: Warning --> Trying to access array offset on value of type null C:\OSPanel\domains\stimul.news\application\views\users\contents\SingleNews.php 23
ERROR - 2023-11-28 00:13:17 --> Severity: Warning --> Trying to access array offset on value of type null C:\OSPanel\domains\stimul.news\application\views\users\contents\SingleNews.php 28
ERROR - 2023-11-28 00:13:17 --> Severity: Warning --> Trying to access array offset on value of type null C:\OSPanel\domains\stimul.news\application\views\users\contents\SingleNews.php 33
ERROR - 2023-11-28 00:13:19 --> Severity: Warning --> Trying to access array offset on value of type null C:\OSPanel\domains\stimul.news\application\controllers\UserController.php 88
ERROR - 2023-11-28 00:13:19 --> Severity: Warning --> Trying to access array offset on value of type null C:\OSPanel\domains\stimul.news\application\controllers\UserController.php 88
ERROR - 2023-11-28 00:13:19 --> Severity: Warning --> Trying to access array offset on value of type null C:\OSPanel\domains\stimul.news\application\controllers\UserController.php 90
ERROR - 2023-11-28 00:13:19 --> Severity: Warning --> Trying to access array offset on value of type null C:\OSPanel\domains\stimul.news\application\controllers\UserController.php 91
ERROR - 2023-11-28 00:13:19 --> Severity: Warning --> Trying to access array offset on value of type null C:\OSPanel\domains\stimul.news\application\views\users\contents\SingleNews.php 6
ERROR - 2023-11-28 00:13:19 --> Severity: Warning --> Trying to access array offset on value of type null C:\OSPanel\domains\stimul.news\application\views\users\contents\SingleNews.php 7
ERROR - 2023-11-28 00:13:19 --> Severity: Warning --> Trying to access array offset on value of type null C:\OSPanel\domains\stimul.news\application\views\users\contents\SingleNews.php 8
ERROR - 2023-11-28 00:13:19 --> Severity: Warning --> Trying to access array offset on value of type null C:\OSPanel\domains\stimul.news\application\views\users\contents\SingleNews.php 16
ERROR - 2023-11-28 00:13:19 --> Severity: Warning --> Trying to access array offset on value of type null C:\OSPanel\domains\stimul.news\application\views\users\contents\SingleNews.php 16
ERROR - 2023-11-28 00:13:19 --> Severity: Warning --> Trying to access array offset on value of type null C:\OSPanel\domains\stimul.news\application\views\users\contents\SingleNews.php 18
ERROR - 2023-11-28 00:13:19 --> Severity: Warning --> Trying to access array offset on value of type null C:\OSPanel\domains\stimul.news\application\views\users\contents\SingleNews.php 18
ERROR - 2023-11-28 00:13:19 --> Severity: Warning --> Trying to access array offset on value of type null C:\OSPanel\domains\stimul.news\application\views\users\contents\SingleNews.php 18
ERROR - 2023-11-28 00:13:19 --> Severity: Warning --> Trying to access array offset on value of type null C:\OSPanel\domains\stimul.news\application\views\users\contents\SingleNews.php 23
ERROR - 2023-11-28 00:13:19 --> Severity: Warning --> Trying to access array offset on value of type null C:\OSPanel\domains\stimul.news\application\views\users\contents\SingleNews.php 28
ERROR - 2023-11-28 00:13:19 --> Severity: Warning --> Trying to access array offset on value of type null C:\OSPanel\domains\stimul.news\application\views\users\contents\SingleNews.php 33
ERROR - 2023-11-28 00:13:24 --> Severity: Warning --> Trying to access array offset on value of type null C:\OSPanel\domains\stimul.news\application\controllers\UserController.php 88
ERROR - 2023-11-28 00:13:24 --> Severity: Warning --> Trying to access array offset on value of type null C:\OSPanel\domains\stimul.news\application\controllers\UserController.php 88
ERROR - 2023-11-28 00:13:24 --> Severity: Warning --> Trying to access array offset on value of type null C:\OSPanel\domains\stimul.news\application\controllers\UserController.php 90
ERROR - 2023-11-28 00:13:24 --> Severity: Warning --> Trying to access array offset on value of type null C:\OSPanel\domains\stimul.news\application\controllers\UserController.php 91
ERROR - 2023-11-28 00:13:24 --> Severity: Warning --> Trying to access array offset on value of type null C:\OSPanel\domains\stimul.news\application\views\users\contents\SingleNews.php 6
ERROR - 2023-11-28 00:13:24 --> Severity: Warning --> Trying to access array offset on value of type null C:\OSPanel\domains\stimul.news\application\views\users\contents\SingleNews.php 7
ERROR - 2023-11-28 00:13:24 --> Severity: Warning --> Trying to access array offset on value of type null C:\OSPanel\domains\stimul.news\application\views\users\contents\SingleNews.php 8
ERROR - 2023-11-28 00:13:24 --> Severity: Warning --> Trying to access array offset on value of type null C:\OSPanel\domains\stimul.news\application\views\users\contents\SingleNews.php 16
ERROR - 2023-11-28 00:13:24 --> Severity: Warning --> Trying to access array offset on value of type null C:\OSPanel\domains\stimul.news\application\views\users\contents\SingleNews.php 16
ERROR - 2023-11-28 00:13:24 --> Severity: Warning --> Trying to access array offset on value of type null C:\OSPanel\domains\stimul.news\application\views\users\contents\SingleNews.php 18
ERROR - 2023-11-28 00:13:24 --> Severity: Warning --> Trying to access array offset on value of type null C:\OSPanel\domains\stimul.news\application\views\users\contents\SingleNews.php 18
ERROR - 2023-11-28 00:13:24 --> Severity: Warning --> Trying to access array offset on value of type null C:\OSPanel\domains\stimul.news\application\views\users\contents\SingleNews.php 18
ERROR - 2023-11-28 00:13:24 --> Severity: Warning --> Trying to access array offset on value of type null C:\OSPanel\domains\stimul.news\application\views\users\contents\SingleNews.php 23
ERROR - 2023-11-28 00:13:24 --> Severity: Warning --> Trying to access array offset on value of type null C:\OSPanel\domains\stimul.news\application\views\users\contents\SingleNews.php 28
ERROR - 2023-11-28 00:13:24 --> Severity: Warning --> Trying to access array offset on value of type null C:\OSPanel\domains\stimul.news\application\views\users\contents\SingleNews.php 33
ERROR - 2023-11-28 00:13:33 --> Severity: Warning --> Trying to access array offset on value of type bool C:\OSPanel\domains\stimul.news\application\controllers\UserController.php 140
ERROR - 2023-11-28 00:13:33 --> Severity: Warning --> Trying to access array offset on value of type bool C:\OSPanel\domains\stimul.news\application\controllers\UserController.php 141
ERROR - 2023-11-28 00:15:57 --> Severity: Warning --> Trying to access array offset on value of type bool C:\OSPanel\domains\stimul.news\application\controllers\UserController.php 140
ERROR - 2023-11-28 00:15:57 --> Severity: Warning --> Trying to access array offset on value of type bool C:\OSPanel\domains\stimul.news\application\controllers\UserController.php 141
