ERROR - 2023-11-20 06:29:38 --> Severity: Warning --> Undefined variable $branding_options C:\OSPanel\domains\stimul.news\application\views\users\includes\Footer.php 8
ERROR - 2023-11-20 06:29:38 --> Severity: Warning --> Attempt to read property "logo_light" on null C:\OSPanel\domains\stimul.news\application\views\users\includes\Footer.php 8
ERROR - 2023-11-20 06:29:38 --> Severity: Warning --> Attempt to read property "file_name" on null C:\OSPanel\domains\stimul.news\application\views\users\includes\Footer.php 8
ERROR - 2023-11-20 06:33:20 --> Severity: Warning --> Undefined variable $branding_options C:\OSPanel\domains\stimul.news\application\views\users\includes\Footer.php 8
ERROR - 2023-11-20 06:33:20 --> Severity: Warning --> Attempt to read property "logo_light" on null C:\OSPanel\domains\stimul.news\application\views\users\includes\Footer.php 8
ERROR - 2023-11-20 06:33:20 --> Severity: Warning --> Attempt to read property "file_name" on null C:\OSPanel\domains\stimul.news\application\views\users\includes\Footer.php 8
ERROR - 2023-11-20 06:36:15 --> Severity: Warning --> Undefined variable $branding_options C:\OSPanel\domains\stimul.news\application\views\users\includes\Footer.php 8
ERROR - 2023-11-20 06:36:15 --> Severity: Warning --> Attempt to read property "logo_light" on null C:\OSPanel\domains\stimul.news\application\views\users\includes\Footer.php 8
ERROR - 2023-11-20 06:36:15 --> Severity: Warning --> Attempt to read property "file_name" on null C:\OSPanel\domains\stimul.news\application\views\users\includes\Footer.php 8
ERROR - 2023-11-20 06:37:15 --> Severity: Warning --> Undefined variable $branding_options C:\OSPanel\domains\stimul.news\application\views\users\includes\Footer.php 8
ERROR - 2023-11-20 06:37:15 --> Severity: Warning --> Attempt to read property "logo_light" on null C:\OSPanel\domains\stimul.news\application\views\users\includes\Footer.php 8
ERROR - 2023-11-20 06:37:15 --> Severity: Warning --> Attempt to read property "file_name" on null C:\OSPanel\domains\stimul.news\application\views\users\includes\Footer.php 8
ERROR - 2023-11-20 06:37:22 --> Severity: Warning --> Undefined variable $branding_options C:\OSPanel\domains\stimul.news\application\views\users\includes\Footer.php 8
ERROR - 2023-11-20 06:37:22 --> Severity: Warning --> Attempt to read property "logo_light" on null C:\OSPanel\domains\stimul.news\application\views\users\includes\Footer.php 8
ERROR - 2023-11-20 06:37:22 --> Severity: Warning --> Attempt to read property "file_name" on null C:\OSPanel\domains\stimul.news\application\views\users\includes\Footer.php 8
ERROR - 2023-11-20 06:37:24 --> Severity: Warning --> Undefined variable $branding_options C:\OSPanel\domains\stimul.news\application\views\users\includes\Footer.php 8
ERROR - 2023-11-20 06:37:24 --> Severity: Warning --> Attempt to read property "logo_light" on null C:\OSPanel\domains\stimul.news\application\views\users\includes\Footer.php 8
ERROR - 2023-11-20 06:37:24 --> Severity: Warning --> Attempt to read property "file_name" on null C:\OSPanel\domains\stimul.news\application\views\users\includes\Footer.php 8
ERROR - 2023-11-20 06:52:31 --> Severity: Warning --> Undefined variable $branding_options C:\OSPanel\domains\stimul.news\application\views\users\includes\Footer.php 8
ERROR - 2023-11-20 06:52:31 --> Severity: Warning --> Attempt to read property "logo_light" on null C:\OSPanel\domains\stimul.news\application\views\users\includes\Footer.php 8
ERROR - 2023-11-20 06:52:31 --> Severity: Warning --> Attempt to read property "file_name" on null C:\OSPanel\domains\stimul.news\application\views\users\includes\Footer.php 8
ERROR - 2023-11-20 06:55:34 --> Severity: Warning --> Undefined array key "c_name" C:\OSPanel\domains\stimul.news\application\views\users\includes\HeaderNavbar.php 90
ERROR - 2023-11-20 06:55:34 --> Severity: Warning --> foreach() argument must be of type array|object, null given C:\OSPanel\domains\stimul.news\application\views\users\includes\HeaderNavbar.php 92
ERROR - 2023-11-20 06:55:34 --> Severity: Warning --> Undefined variable $branding_options C:\OSPanel\domains\stimul.news\application\views\users\includes\Footer.php 8
ERROR - 2023-11-20 06:55:34 --> Severity: Warning --> Attempt to read property "logo_light" on null C:\OSPanel\domains\stimul.news\application\views\users\includes\Footer.php 8
ERROR - 2023-11-20 06:55:34 --> Severity: Warning --> Attempt to read property "file_name" on null C:\OSPanel\domains\stimul.news\application\views\users\includes\Footer.php 8
ERROR - 2023-11-20 06:56:11 --> Severity: Warning --> Undefined array key "c_name" C:\OSPanel\domains\stimul.news\application\views\users\includes\HeaderNavbar.php 90
ERROR - 2023-11-20 06:56:11 --> Severity: Warning --> foreach() argument must be of type array|object, null given C:\OSPanel\domains\stimul.news\application\views\users\includes\HeaderNavbar.php 92
ERROR - 2023-11-20 06:56:11 --> Severity: Warning --> Undefined variable $branding_options C:\OSPanel\domains\stimul.news\application\views\users\includes\Footer.php 8
ERROR - 2023-11-20 06:56:11 --> Severity: Warning --> Attempt to read property "logo_light" on null C:\OSPanel\domains\stimul.news\application\views\users\includes\Footer.php 8
ERROR - 2023-11-20 06:56:11 --> Severity: Warning --> Attempt to read property "file_name" on null C:\OSPanel\domains\stimul.news\application\views\users\includes\Footer.php 8
ERROR - 2023-11-20 06:57:04 --> Severity: Warning --> Undefined array key "c_name" C:\OSPanel\domains\stimul.news\application\views\users\includes\HeaderNavbar.php 90
ERROR - 2023-11-20 06:58:09 --> Severity: Warning --> Undefined array key "c_name" C:\OSPanel\domains\stimul.news\application\views\users\includes\HeaderNavbar.php 90
ERROR - 2023-11-20 06:58:26 --> Severity: Warning --> Undefined array key "c_name" C:\OSPanel\domains\stimul.news\application\views\users\includes\HeaderNavbar.php 90
ERROR - 2023-11-20 06:59:29 --> Severity: Warning --> Undefined variable $branding_options C:\OSPanel\domains\stimul.news\application\views\users\includes\Footer.php 8
ERROR - 2023-11-20 06:59:29 --> Severity: Warning --> Attempt to read property "logo_light" on null C:\OSPanel\domains\stimul.news\application\views\users\includes\Footer.php 8
ERROR - 2023-11-20 06:59:29 --> Severity: Warning --> Attempt to read property "file_name" on null C:\OSPanel\domains\stimul.news\application\views\users\includes\Footer.php 8
ERROR - 2023-11-20 06:59:45 --> Severity: Warning --> Undefined variable $branding_options C:\OSPanel\domains\stimul.news\application\views\users\includes\Footer.php 8
ERROR - 2023-11-20 06:59:45 --> Severity: Warning --> Attempt to read property "logo_light" on null C:\OSPanel\domains\stimul.news\application\views\users\includes\Footer.php 8
ERROR - 2023-11-20 06:59:45 --> Severity: Warning --> Attempt to read property "file_name" on null C:\OSPanel\domains\stimul.news\application\views\users\includes\Footer.php 8
ERROR - 2023-11-20 17:30:24 --> Severity: Warning --> Undefined variable $branding_options C:\OSPanel\domains\stimul.news\application\views\users\includes\Footer.php 8
ERROR - 2023-11-20 17:30:24 --> Severity: Warning --> Attempt to read property "logo_light" on null C:\OSPanel\domains\stimul.news\application\views\users\includes\Footer.php 8
ERROR - 2023-11-20 17:30:24 --> Severity: Warning --> Attempt to read property "file_name" on null C:\OSPanel\domains\stimul.news\application\views\users\includes\Footer.php 8
ERROR - 2023-11-20 18:55:40 --> Severity: Warning --> Trying to access array offset on value of type null C:\OSPanel\domains\stimul.news\application\views\admins\includes\Navbar.php 30
ERROR - 2023-11-20 18:55:40 --> Severity: Warning --> Trying to access array offset on value of type null C:\OSPanel\domains\stimul.news\application\views\admins\includes\Navbar.php 33
ERROR - 2023-11-20 18:55:40 --> Severity: Warning --> Trying to access array offset on value of type null C:\OSPanel\domains\stimul.news\application\views\admins\includes\Navbar.php 33
ERROR - 2023-11-20 18:55:40 --> Severity: Warning --> Trying to access array offset on value of type null C:\OSPanel\domains\stimul.news\application\views\admins\includes\Navbar.php 37
ERROR - 2023-11-20 18:55:41 --> Severity: Warning --> Trying to access array offset on value of type null C:\OSPanel\domains\stimul.news\application\views\admins\includes\Navbar.php 30
ERROR - 2023-11-20 18:55:41 --> Severity: Warning --> Trying to access array offset on value of type null C:\OSPanel\domains\stimul.news\application\views\admins\includes\Navbar.php 33
ERROR - 2023-11-20 18:55:41 --> Severity: Warning --> Trying to access array offset on value of type null C:\OSPanel\domains\stimul.news\application\views\admins\includes\Navbar.php 33
ERROR - 2023-11-20 18:55:41 --> Severity: Warning --> Trying to access array offset on value of type null C:\OSPanel\domains\stimul.news\application\views\admins\includes\Navbar.php 37
ERROR - 2023-11-20 19:24:11 --> Could not find the language line "welcome_message"
ERROR - 2023-11-20 19:24:43 --> Could not find the language line "welcome_message"
ERROR - 2023-11-20 19:25:43 --> Could not find the language line "welcome_message"
