ERROR - 2023-09-15 05:43:35 --> Severity: error --> Exception: json_decode(): Argument #1 ($json) must be of type string, array given C:\OSPanel\domains\stimul.news\application\views\admins\Partners\List.php 31
ERROR - 2023-09-15 05:46:24 --> Severity: Warning --> Undefined property: stdClass::$partner_title1 C:\OSPanel\domains\stimul.news\application\views\admins\Partners\List.php 40
ERROR - 2023-09-15 05:46:24 --> Severity: Warning --> Undefined property: stdClass::$partner_title1 C:\OSPanel\domains\stimul.news\application\views\admins\Partners\List.php 40
ERROR - 2023-09-15 05:46:24 --> Severity: Warning --> Undefined property: stdClass::$partner_title1 C:\OSPanel\domains\stimul.news\application\views\admins\Partners\List.php 40
ERROR - 2023-09-15 17:27:33 --> Severity: Warning --> Undefined variable $partners_data_item_decoded C:\OSPanel\domains\stimul.news\application\views\admins\Partners\List.php 37
ERROR - 2023-09-15 17:27:33 --> Severity: Warning --> Attempt to read property "partner_img" on null C:\OSPanel\domains\stimul.news\application\views\admins\Partners\List.php 37
ERROR - 2023-09-15 17:27:33 --> Severity: Warning --> Undefined variable $partners_data_item_decoded C:\OSPanel\domains\stimul.news\application\views\admins\Partners\List.php 37
ERROR - 2023-09-15 17:27:33 --> Severity: Warning --> Attempt to read property "partner_title" on null C:\OSPanel\domains\stimul.news\application\views\admins\Partners\List.php 37
ERROR - 2023-09-15 17:27:33 --> Severity: Warning --> Undefined variable $partners_data_item_decoded C:\OSPanel\domains\stimul.news\application\views\admins\Partners\List.php 37
ERROR - 2023-09-15 17:27:33 --> Severity: Warning --> Attempt to read property "partner_title" on null C:\OSPanel\domains\stimul.news\application\views\admins\Partners\List.php 37
ERROR - 2023-09-15 17:27:33 --> Severity: Warning --> Undefined variable $partners_data_item_decoded C:\OSPanel\domains\stimul.news\application\views\admins\Partners\List.php 39
ERROR - 2023-09-15 17:27:33 --> Severity: Warning --> Attempt to read property "partner_link" on null C:\OSPanel\domains\stimul.news\application\views\admins\Partners\List.php 39
ERROR - 2023-09-15 17:27:33 --> Severity: Warning --> Undefined variable $partners_data_item_decoded C:\OSPanel\domains\stimul.news\application\views\admins\Partners\List.php 40
ERROR - 2023-09-15 17:27:33 --> Severity: Warning --> Attempt to read property "partner_title" on null C:\OSPanel\domains\stimul.news\application\views\admins\Partners\List.php 40
ERROR - 2023-09-15 17:27:33 --> Severity: Warning --> Undefined variable $partners_data_item_decoded C:\OSPanel\domains\stimul.news\application\views\admins\Partners\List.php 42
ERROR - 2023-09-15 17:27:33 --> Severity: Warning --> Attempt to read property "partner_status" on null C:\OSPanel\domains\stimul.news\application\views\admins\Partners\List.php 42
ERROR - 2023-09-15 17:27:33 --> Severity: Warning --> Undefined variable $partners_data_item_decoded C:\OSPanel\domains\stimul.news\application\views\admins\Partners\List.php 45
ERROR - 2023-09-15 17:27:33 --> Severity: Warning --> Attempt to read property "partner_status" on null C:\OSPanel\domains\stimul.news\application\views\admins\Partners\List.php 45
ERROR - 2023-09-15 17:27:33 --> Severity: Warning --> Undefined variable $partners_data_item_decoded C:\OSPanel\domains\stimul.news\application\views\admins\Partners\List.php 37
ERROR - 2023-09-15 17:27:33 --> Severity: Warning --> Attempt to read property "partner_img" on null C:\OSPanel\domains\stimul.news\application\views\admins\Partners\List.php 37
ERROR - 2023-09-15 17:27:33 --> Severity: Warning --> Undefined variable $partners_data_item_decoded C:\OSPanel\domains\stimul.news\application\views\admins\Partners\List.php 37
ERROR - 2023-09-15 17:27:33 --> Severity: Warning --> Attempt to read property "partner_title" on null C:\OSPanel\domains\stimul.news\application\views\admins\Partners\List.php 37
ERROR - 2023-09-15 17:27:33 --> Severity: Warning --> Undefined variable $partners_data_item_decoded C:\OSPanel\domains\stimul.news\application\views\admins\Partners\List.php 37
ERROR - 2023-09-15 17:27:33 --> Severity: Warning --> Attempt to read property "partner_title" on null C:\OSPanel\domains\stimul.news\application\views\admins\Partners\List.php 37
ERROR - 2023-09-15 17:27:33 --> Severity: Warning --> Undefined variable $partners_data_item_decoded C:\OSPanel\domains\stimul.news\application\views\admins\Partners\List.php 39
ERROR - 2023-09-15 17:27:33 --> Severity: Warning --> Attempt to read property "partner_link" on null C:\OSPanel\domains\stimul.news\application\views\admins\Partners\List.php 39
ERROR - 2023-09-15 17:27:33 --> Severity: Warning --> Undefined variable $partners_data_item_decoded C:\OSPanel\domains\stimul.news\application\views\admins\Partners\List.php 40
ERROR - 2023-09-15 17:27:33 --> Severity: Warning --> Attempt to read property "partner_title" on null C:\OSPanel\domains\stimul.news\application\views\admins\Partners\List.php 40
ERROR - 2023-09-15 17:27:33 --> Severity: Warning --> Undefined variable $partners_data_item_decoded C:\OSPanel\domains\stimul.news\application\views\admins\Partners\List.php 42
ERROR - 2023-09-15 17:27:33 --> Severity: Warning --> Attempt to read property "partner_status" on null C:\OSPanel\domains\stimul.news\application\views\admins\Partners\List.php 42
ERROR - 2023-09-15 17:27:33 --> Severity: Warning --> Undefined variable $partners_data_item_decoded C:\OSPanel\domains\stimul.news\application\views\admins\Partners\List.php 45
ERROR - 2023-09-15 17:27:33 --> Severity: Warning --> Attempt to read property "partner_status" on null C:\OSPanel\domains\stimul.news\application\views\admins\Partners\List.php 45
ERROR - 2023-09-15 17:27:33 --> Severity: Warning --> Undefined variable $partners_data_item_decoded C:\OSPanel\domains\stimul.news\application\views\admins\Partners\List.php 37
ERROR - 2023-09-15 17:27:33 --> Severity: Warning --> Attempt to read property "partner_img" on null C:\OSPanel\domains\stimul.news\application\views\admins\Partners\List.php 37
ERROR - 2023-09-15 17:27:33 --> Severity: Warning --> Undefined variable $partners_data_item_decoded C:\OSPanel\domains\stimul.news\application\views\admins\Partners\List.php 37
ERROR - 2023-09-15 17:27:33 --> Severity: Warning --> Attempt to read property "partner_title" on null C:\OSPanel\domains\stimul.news\application\views\admins\Partners\List.php 37
ERROR - 2023-09-15 17:27:33 --> Severity: Warning --> Undefined variable $partners_data_item_decoded C:\OSPanel\domains\stimul.news\application\views\admins\Partners\List.php 37
ERROR - 2023-09-15 17:27:33 --> Severity: Warning --> Attempt to read property "partner_title" on null C:\OSPanel\domains\stimul.news\application\views\admins\Partners\List.php 37
ERROR - 2023-09-15 17:27:33 --> Severity: Warning --> Undefined variable $partners_data_item_decoded C:\OSPanel\domains\stimul.news\application\views\admins\Partners\List.php 39
ERROR - 2023-09-15 17:27:33 --> Severity: Warning --> Attempt to read property "partner_link" on null C:\OSPanel\domains\stimul.news\application\views\admins\Partners\List.php 39
ERROR - 2023-09-15 17:27:33 --> Severity: Warning --> Undefined variable $partners_data_item_decoded C:\OSPanel\domains\stimul.news\application\views\admins\Partners\List.php 40
ERROR - 2023-09-15 17:27:33 --> Severity: Warning --> Attempt to read property "partner_title" on null C:\OSPanel\domains\stimul.news\application\views\admins\Partners\List.php 40
ERROR - 2023-09-15 17:27:33 --> Severity: Warning --> Undefined variable $partners_data_item_decoded C:\OSPanel\domains\stimul.news\application\views\admins\Partners\List.php 42
ERROR - 2023-09-15 17:27:33 --> Severity: Warning --> Attempt to read property "partner_status" on null C:\OSPanel\domains\stimul.news\application\views\admins\Partners\List.php 42
ERROR - 2023-09-15 17:27:33 --> Severity: Warning --> Undefined variable $partners_data_item_decoded C:\OSPanel\domains\stimul.news\application\views\admins\Partners\List.php 45
ERROR - 2023-09-15 17:27:33 --> Severity: Warning --> Attempt to read property "partner_status" on null C:\OSPanel\domains\stimul.news\application\views\admins\Partners\List.php 45
ERROR - 2023-09-15 17:27:55 --> Severity: Warning --> Undefined variable $partners_data_item_decoded C:\OSPanel\domains\stimul.news\application\views\admins\Partners\List.php 37
ERROR - 2023-09-15 17:27:55 --> Severity: Warning --> Attempt to read property "partner_img" on null C:\OSPanel\domains\stimul.news\application\views\admins\Partners\List.php 37
ERROR - 2023-09-15 17:27:55 --> Severity: Warning --> Undefined variable $partners_data_item_decoded C:\OSPanel\domains\stimul.news\application\views\admins\Partners\List.php 37
ERROR - 2023-09-15 17:27:55 --> Severity: Warning --> Attempt to read property "partner_title" on null C:\OSPanel\domains\stimul.news\application\views\admins\Partners\List.php 37
ERROR - 2023-09-15 17:27:55 --> Severity: Warning --> Undefined variable $partners_data_item_decoded C:\OSPanel\domains\stimul.news\application\views\admins\Partners\List.php 37
ERROR - 2023-09-15 17:27:55 --> Severity: Warning --> Attempt to read property "partner_title" on null C:\OSPanel\domains\stimul.news\application\views\admins\Partners\List.php 37
ERROR - 2023-09-15 17:27:55 --> Severity: Warning --> Undefined variable $partners_data_item_decoded C:\OSPanel\domains\stimul.news\application\views\admins\Partners\List.php 39
ERROR - 2023-09-15 17:27:55 --> Severity: Warning --> Attempt to read property "partner_link" on null C:\OSPanel\domains\stimul.news\application\views\admins\Partners\List.php 39
ERROR - 2023-09-15 17:27:55 --> Severity: Warning --> Undefined variable $partners_data_item_decoded C:\OSPanel\domains\stimul.news\application\views\admins\Partners\List.php 40
ERROR - 2023-09-15 17:27:55 --> Severity: Warning --> Attempt to read property "partner_title" on null C:\OSPanel\domains\stimul.news\application\views\admins\Partners\List.php 40
ERROR - 2023-09-15 17:27:55 --> Severity: Warning --> Undefined variable $partners_data_item_decoded C:\OSPanel\domains\stimul.news\application\views\admins\Partners\List.php 42
ERROR - 2023-09-15 17:27:55 --> Severity: Warning --> Attempt to read property "partner_status" on null C:\OSPanel\domains\stimul.news\application\views\admins\Partners\List.php 42
ERROR - 2023-09-15 17:27:55 --> Severity: Warning --> Undefined variable $partners_data_item_decoded C:\OSPanel\domains\stimul.news\application\views\admins\Partners\List.php 45
ERROR - 2023-09-15 17:27:55 --> Severity: Warning --> Attempt to read property "partner_status" on null C:\OSPanel\domains\stimul.news\application\views\admins\Partners\List.php 45
ERROR - 2023-09-15 17:27:55 --> Severity: Warning --> Undefined variable $partners_data_item_decoded C:\OSPanel\domains\stimul.news\application\views\admins\Partners\List.php 37
ERROR - 2023-09-15 17:27:55 --> Severity: Warning --> Attempt to read property "partner_img" on null C:\OSPanel\domains\stimul.news\application\views\admins\Partners\List.php 37
ERROR - 2023-09-15 17:27:55 --> Severity: Warning --> Undefined variable $partners_data_item_decoded C:\OSPanel\domains\stimul.news\application\views\admins\Partners\List.php 37
ERROR - 2023-09-15 17:27:55 --> Severity: Warning --> Attempt to read property "partner_title" on null C:\OSPanel\domains\stimul.news\application\views\admins\Partners\List.php 37
ERROR - 2023-09-15 17:27:55 --> Severity: Warning --> Undefined variable $partners_data_item_decoded C:\OSPanel\domains\stimul.news\application\views\admins\Partners\List.php 37
ERROR - 2023-09-15 17:27:55 --> Severity: Warning --> Attempt to read property "partner_title" on null C:\OSPanel\domains\stimul.news\application\views\admins\Partners\List.php 37
ERROR - 2023-09-15 17:27:55 --> Severity: Warning --> Undefined variable $partners_data_item_decoded C:\OSPanel\domains\stimul.news\application\views\admins\Partners\List.php 39
ERROR - 2023-09-15 17:27:55 --> Severity: Warning --> Attempt to read property "partner_link" on null C:\OSPanel\domains\stimul.news\application\views\admins\Partners\List.php 39
ERROR - 2023-09-15 17:27:55 --> Severity: Warning --> Undefined variable $partners_data_item_decoded C:\OSPanel\domains\stimul.news\application\views\admins\Partners\List.php 40
ERROR - 2023-09-15 17:27:55 --> Severity: Warning --> Attempt to read property "partner_title" on null C:\OSPanel\domains\stimul.news\application\views\admins\Partners\List.php 40
ERROR - 2023-09-15 17:27:55 --> Severity: Warning --> Undefined variable $partners_data_item_decoded C:\OSPanel\domains\stimul.news\application\views\admins\Partners\List.php 42
ERROR - 2023-09-15 17:27:55 --> Severity: Warning --> Attempt to read property "partner_status" on null C:\OSPanel\domains\stimul.news\application\views\admins\Partners\List.php 42
ERROR - 2023-09-15 17:27:55 --> Severity: Warning --> Undefined variable $partners_data_item_decoded C:\OSPanel\domains\stimul.news\application\views\admins\Partners\List.php 45
ERROR - 2023-09-15 17:27:55 --> Severity: Warning --> Attempt to read property "partner_status" on null C:\OSPanel\domains\stimul.news\application\views\admins\Partners\List.php 45
ERROR - 2023-09-15 17:27:55 --> Severity: Warning --> Undefined variable $partners_data_item_decoded C:\OSPanel\domains\stimul.news\application\views\admins\Partners\List.php 37
ERROR - 2023-09-15 17:27:55 --> Severity: Warning --> Attempt to read property "partner_img" on null C:\OSPanel\domains\stimul.news\application\views\admins\Partners\List.php 37
ERROR - 2023-09-15 17:27:55 --> Severity: Warning --> Undefined variable $partners_data_item_decoded C:\OSPanel\domains\stimul.news\application\views\admins\Partners\List.php 37
ERROR - 2023-09-15 17:27:55 --> Severity: Warning --> Attempt to read property "partner_title" on null C:\OSPanel\domains\stimul.news\application\views\admins\Partners\List.php 37
ERROR - 2023-09-15 17:27:55 --> Severity: Warning --> Undefined variable $partners_data_item_decoded C:\OSPanel\domains\stimul.news\application\views\admins\Partners\List.php 37
ERROR - 2023-09-15 17:27:55 --> Severity: Warning --> Attempt to read property "partner_title" on null C:\OSPanel\domains\stimul.news\application\views\admins\Partners\List.php 37
ERROR - 2023-09-15 17:27:55 --> Severity: Warning --> Undefined variable $partners_data_item_decoded C:\OSPanel\domains\stimul.news\application\views\admins\Partners\List.php 39
ERROR - 2023-09-15 17:27:55 --> Severity: Warning --> Attempt to read property "partner_link" on null C:\OSPanel\domains\stimul.news\application\views\admins\Partners\List.php 39
ERROR - 2023-09-15 17:27:55 --> Severity: Warning --> Undefined variable $partners_data_item_decoded C:\OSPanel\domains\stimul.news\application\views\admins\Partners\List.php 40
ERROR - 2023-09-15 17:27:55 --> Severity: Warning --> Attempt to read property "partner_title" on null C:\OSPanel\domains\stimul.news\application\views\admins\Partners\List.php 40
ERROR - 2023-09-15 17:27:55 --> Severity: Warning --> Undefined variable $partners_data_item_decoded C:\OSPanel\domains\stimul.news\application\views\admins\Partners\List.php 42
ERROR - 2023-09-15 17:27:55 --> Severity: Warning --> Attempt to read property "partner_status" on null C:\OSPanel\domains\stimul.news\application\views\admins\Partners\List.php 42
ERROR - 2023-09-15 17:27:55 --> Severity: Warning --> Undefined variable $partners_data_item_decoded C:\OSPanel\domains\stimul.news\application\views\admins\Partners\List.php 45
ERROR - 2023-09-15 17:27:55 --> Severity: Warning --> Attempt to read property "partner_status" on null C:\OSPanel\domains\stimul.news\application\views\admins\Partners\List.php 45
ERROR - 2023-09-15 17:34:18 --> Severity: Warning --> Undefined variable $partners_data_item_decoded C:\OSPanel\domains\stimul.news\application\views\admins\Partners\List.php 37
ERROR - 2023-09-15 17:34:18 --> Severity: Warning --> Attempt to read property "partner_img" on null C:\OSPanel\domains\stimul.news\application\views\admins\Partners\List.php 37
ERROR - 2023-09-15 17:34:18 --> Severity: Warning --> Undefined variable $partners_data_item_decoded C:\OSPanel\domains\stimul.news\application\views\admins\Partners\List.php 37
ERROR - 2023-09-15 17:34:18 --> Severity: Warning --> Attempt to read property "partner_title" on null C:\OSPanel\domains\stimul.news\application\views\admins\Partners\List.php 37
ERROR - 2023-09-15 17:34:18 --> Severity: Warning --> Undefined variable $partners_data_item_decoded C:\OSPanel\domains\stimul.news\application\views\admins\Partners\List.php 37
ERROR - 2023-09-15 17:34:18 --> Severity: Warning --> Attempt to read property "partner_title" on null C:\OSPanel\domains\stimul.news\application\views\admins\Partners\List.php 37
ERROR - 2023-09-15 17:34:18 --> Severity: Warning --> Undefined variable $partners_data_item_decoded C:\OSPanel\domains\stimul.news\application\views\admins\Partners\List.php 39
ERROR - 2023-09-15 17:34:18 --> Severity: Warning --> Attempt to read property "partner_link" on null C:\OSPanel\domains\stimul.news\application\views\admins\Partners\List.php 39
ERROR - 2023-09-15 17:34:18 --> Severity: Warning --> Undefined variable $partners_data_item_decoded C:\OSPanel\domains\stimul.news\application\views\admins\Partners\List.php 40
ERROR - 2023-09-15 17:34:18 --> Severity: Warning --> Attempt to read property "partner_title" on null C:\OSPanel\domains\stimul.news\application\views\admins\Partners\List.php 40
ERROR - 2023-09-15 17:34:18 --> Severity: Warning --> Undefined variable $partners_data_item_decoded C:\OSPanel\domains\stimul.news\application\views\admins\Partners\List.php 42
ERROR - 2023-09-15 17:34:18 --> Severity: Warning --> Attempt to read property "partner_status" on null C:\OSPanel\domains\stimul.news\application\views\admins\Partners\List.php 42
ERROR - 2023-09-15 17:34:18 --> Severity: Warning --> Undefined variable $partners_data_item_decoded C:\OSPanel\domains\stimul.news\application\views\admins\Partners\List.php 45
ERROR - 2023-09-15 17:34:18 --> Severity: Warning --> Attempt to read property "partner_status" on null C:\OSPanel\domains\stimul.news\application\views\admins\Partners\List.php 45
ERROR - 2023-09-15 17:34:18 --> Severity: Warning --> Undefined variable $partners_data_item_decoded C:\OSPanel\domains\stimul.news\application\views\admins\Partners\List.php 37
ERROR - 2023-09-15 17:34:18 --> Severity: Warning --> Attempt to read property "partner_img" on null C:\OSPanel\domains\stimul.news\application\views\admins\Partners\List.php 37
ERROR - 2023-09-15 17:34:18 --> Severity: Warning --> Undefined variable $partners_data_item_decoded C:\OSPanel\domains\stimul.news\application\views\admins\Partners\List.php 37
ERROR - 2023-09-15 17:34:18 --> Severity: Warning --> Attempt to read property "partner_title" on null C:\OSPanel\domains\stimul.news\application\views\admins\Partners\List.php 37
ERROR - 2023-09-15 17:34:18 --> Severity: Warning --> Undefined variable $partners_data_item_decoded C:\OSPanel\domains\stimul.news\application\views\admins\Partners\List.php 37
ERROR - 2023-09-15 17:34:18 --> Severity: Warning --> Attempt to read property "partner_title" on null C:\OSPanel\domains\stimul.news\application\views\admins\Partners\List.php 37
ERROR - 2023-09-15 17:34:18 --> Severity: Warning --> Undefined variable $partners_data_item_decoded C:\OSPanel\domains\stimul.news\application\views\admins\Partners\List.php 39
ERROR - 2023-09-15 17:34:18 --> Severity: Warning --> Attempt to read property "partner_link" on null C:\OSPanel\domains\stimul.news\application\views\admins\Partners\List.php 39
ERROR - 2023-09-15 17:34:18 --> Severity: Warning --> Undefined variable $partners_data_item_decoded C:\OSPanel\domains\stimul.news\application\views\admins\Partners\List.php 40
ERROR - 2023-09-15 17:34:18 --> Severity: Warning --> Attempt to read property "partner_title" on null C:\OSPanel\domains\stimul.news\application\views\admins\Partners\List.php 40
ERROR - 2023-09-15 17:34:18 --> Severity: Warning --> Undefined variable $partners_data_item_decoded C:\OSPanel\domains\stimul.news\application\views\admins\Partners\List.php 42
ERROR - 2023-09-15 17:34:18 --> Severity: Warning --> Attempt to read property "partner_status" on null C:\OSPanel\domains\stimul.news\application\views\admins\Partners\List.php 42
ERROR - 2023-09-15 17:34:18 --> Severity: Warning --> Undefined variable $partners_data_item_decoded C:\OSPanel\domains\stimul.news\application\views\admins\Partners\List.php 45
ERROR - 2023-09-15 17:34:18 --> Severity: Warning --> Attempt to read property "partner_status" on null C:\OSPanel\domains\stimul.news\application\views\admins\Partners\List.php 45
ERROR - 2023-09-15 17:34:18 --> Severity: Warning --> Undefined variable $partners_data_item_decoded C:\OSPanel\domains\stimul.news\application\views\admins\Partners\List.php 37
ERROR - 2023-09-15 17:34:18 --> Severity: Warning --> Attempt to read property "partner_img" on null C:\OSPanel\domains\stimul.news\application\views\admins\Partners\List.php 37
ERROR - 2023-09-15 17:34:18 --> Severity: Warning --> Undefined variable $partners_data_item_decoded C:\OSPanel\domains\stimul.news\application\views\admins\Partners\List.php 37
ERROR - 2023-09-15 17:34:18 --> Severity: Warning --> Attempt to read property "partner_title" on null C:\OSPanel\domains\stimul.news\application\views\admins\Partners\List.php 37
ERROR - 2023-09-15 17:34:18 --> Severity: Warning --> Undefined variable $partners_data_item_decoded C:\OSPanel\domains\stimul.news\application\views\admins\Partners\List.php 37
ERROR - 2023-09-15 17:34:18 --> Severity: Warning --> Attempt to read property "partner_title" on null C:\OSPanel\domains\stimul.news\application\views\admins\Partners\List.php 37
ERROR - 2023-09-15 17:34:18 --> Severity: Warning --> Undefined variable $partners_data_item_decoded C:\OSPanel\domains\stimul.news\application\views\admins\Partners\List.php 39
ERROR - 2023-09-15 17:34:18 --> Severity: Warning --> Attempt to read property "partner_link" on null C:\OSPanel\domains\stimul.news\application\views\admins\Partners\List.php 39
ERROR - 2023-09-15 17:34:18 --> Severity: Warning --> Undefined variable $partners_data_item_decoded C:\OSPanel\domains\stimul.news\application\views\admins\Partners\List.php 40
ERROR - 2023-09-15 17:34:18 --> Severity: Warning --> Attempt to read property "partner_title" on null C:\OSPanel\domains\stimul.news\application\views\admins\Partners\List.php 40
ERROR - 2023-09-15 17:34:18 --> Severity: Warning --> Undefined variable $partners_data_item_decoded C:\OSPanel\domains\stimul.news\application\views\admins\Partners\List.php 42
ERROR - 2023-09-15 17:34:18 --> Severity: Warning --> Attempt to read property "partner_status" on null C:\OSPanel\domains\stimul.news\application\views\admins\Partners\List.php 42
ERROR - 2023-09-15 17:34:18 --> Severity: Warning --> Undefined variable $partners_data_item_decoded C:\OSPanel\domains\stimul.news\application\views\admins\Partners\List.php 45
ERROR - 2023-09-15 17:34:18 --> Severity: Warning --> Attempt to read property "partner_status" on null C:\OSPanel\domains\stimul.news\application\views\admins\Partners\List.php 45
ERROR - 2023-09-15 17:36:18 --> Severity: Warning --> Undefined variable $partners_data_item_decoded C:\OSPanel\domains\stimul.news\application\views\admins\Partners\List.php 37
ERROR - 2023-09-15 17:36:18 --> Severity: Warning --> Attempt to read property "partner_title" on null C:\OSPanel\domains\stimul.news\application\views\admins\Partners\List.php 37
ERROR - 2023-09-15 17:36:18 --> Severity: Warning --> Undefined variable $partners_data_item_decoded C:\OSPanel\domains\stimul.news\application\views\admins\Partners\List.php 37
ERROR - 2023-09-15 17:36:18 --> Severity: Warning --> Attempt to read property "partner_title" on null C:\OSPanel\domains\stimul.news\application\views\admins\Partners\List.php 37
ERROR - 2023-09-15 17:36:18 --> Severity: Warning --> Undefined variable $partners_data_item_decoded C:\OSPanel\domains\stimul.news\application\views\admins\Partners\List.php 37
ERROR - 2023-09-15 17:36:18 --> Severity: Warning --> Attempt to read property "partner_title" on null C:\OSPanel\domains\stimul.news\application\views\admins\Partners\List.php 37
ERROR - 2023-09-15 17:36:18 --> Severity: Warning --> Undefined variable $partners_data_item_decoded C:\OSPanel\domains\stimul.news\application\views\admins\Partners\List.php 37
ERROR - 2023-09-15 17:36:18 --> Severity: Warning --> Attempt to read property "partner_title" on null C:\OSPanel\domains\stimul.news\application\views\admins\Partners\List.php 37
ERROR - 2023-09-15 17:36:18 --> Severity: Warning --> Undefined variable $partners_data_item_decoded C:\OSPanel\domains\stimul.news\application\views\admins\Partners\List.php 37
ERROR - 2023-09-15 17:36:18 --> Severity: Warning --> Attempt to read property "partner_title" on null C:\OSPanel\domains\stimul.news\application\views\admins\Partners\List.php 37
ERROR - 2023-09-15 17:36:18 --> Severity: Warning --> Undefined variable $partners_data_item_decoded C:\OSPanel\domains\stimul.news\application\views\admins\Partners\List.php 37
ERROR - 2023-09-15 17:36:18 --> Severity: Warning --> Attempt to read property "partner_title" on null C:\OSPanel\domains\stimul.news\application\views\admins\Partners\List.php 37
ERROR - 2023-09-15 17:36:28 --> Severity: Warning --> Undefined variable $partners_data_item_decoded C:\OSPanel\domains\stimul.news\application\views\admins\Partners\List.php 37
ERROR - 2023-09-15 17:36:28 --> Severity: Warning --> Attempt to read property "partner_title" on null C:\OSPanel\domains\stimul.news\application\views\admins\Partners\List.php 37
ERROR - 2023-09-15 17:36:28 --> Severity: Warning --> Undefined variable $partners_data_item_decoded C:\OSPanel\domains\stimul.news\application\views\admins\Partners\List.php 37
ERROR - 2023-09-15 17:36:28 --> Severity: Warning --> Attempt to read property "partner_title" on null C:\OSPanel\domains\stimul.news\application\views\admins\Partners\List.php 37
ERROR - 2023-09-15 17:36:28 --> Severity: Warning --> Undefined variable $partners_data_item_decoded C:\OSPanel\domains\stimul.news\application\views\admins\Partners\List.php 37
ERROR - 2023-09-15 17:36:28 --> Severity: Warning --> Attempt to read property "partner_title" on null C:\OSPanel\domains\stimul.news\application\views\admins\Partners\List.php 37
