ERROR - 2023-11-19 02:23:01 --> Severity: Warning --> Trying to access array offset on value of type bool C:\OSPanel\domains\stimul.news\application\hooks\AdminAuthCheck.php 48
ERROR - 2023-11-19 02:23:22 --> Severity: Warning --> Trying to access array offset on value of type bool C:\OSPanel\domains\stimul.news\application\hooks\AdminAuthCheck.php 48
ERROR - 2023-11-19 02:23:27 --> Severity: Warning --> Trying to access array offset on value of type bool C:\OSPanel\domains\stimul.news\application\hooks\AdminAuthCheck.php 48
ERROR - 2023-11-19 02:23:38 --> Severity: Warning --> Undefined array key "a_role" C:\OSPanel\domains\stimul.news\application\hooks\AdminAuthCheck.php 48
ERROR - 2023-11-19 02:29:46 --> Severity: Warning --> Undefined array key "a_role" C:\OSPanel\domains\stimul.news\application\hooks\AdminAuthCheck.php 48
ERROR - 2023-11-19 02:29:50 --> Severity: Warning --> Undefined array key "a_role" C:\OSPanel\domains\stimul.news\application\hooks\AdminAuthCheck.php 48
ERROR - 2023-11-19 04:51:30 --> Severity: error --> Exception: Class "AdminRole" not found C:\OSPanel\domains\stimul.news\application\controllers\AdminController.php 21
ERROR - 2023-11-19 05:10:30 --> Severity: Warning --> Undefined variable $isAdmin C:\OSPanel\domains\stimul.news\application\views\admins\Profile\List.php 56
ERROR - 2023-11-19 05:10:30 --> Severity: Warning --> Undefined variable $isAdmin C:\OSPanel\domains\stimul.news\application\views\admins\Profile\List.php 56
ERROR - 2023-11-19 05:11:52 --> Severity: Warning --> Undefined variable $isAdmin C:\OSPanel\domains\stimul.news\application\views\admins\includes\Sidebar.php 41
ERROR - 2023-11-19 05:11:52 --> Severity: Warning --> Undefined variable $isAdmin C:\OSPanel\domains\stimul.news\application\views\admins\includes\Sidebar.php 54
ERROR - 2023-11-19 05:11:52 --> Severity: Warning --> Undefined variable $isAdmin C:\OSPanel\domains\stimul.news\application\views\admins\includes\Sidebar.php 67
ERROR - 2023-11-19 05:11:52 --> Severity: Warning --> Undefined variable $isAdmin C:\OSPanel\domains\stimul.news\application\views\admins\includes\Sidebar.php 95
ERROR - 2023-11-19 05:11:52 --> Severity: Warning --> Undefined variable $isAdmin C:\OSPanel\domains\stimul.news\application\views\admins\includes\Sidebar.php 149
ERROR - 2023-11-19 05:11:52 --> Severity: Warning --> Undefined variable $isAdmin C:\OSPanel\domains\stimul.news\application\views\admins\includes\Sidebar.php 177
ERROR - 2023-11-19 05:11:52 --> Severity: Warning --> Undefined variable $isAdmin C:\OSPanel\domains\stimul.news\application\views\admins\includes\Sidebar.php 205
ERROR - 2023-11-19 05:11:52 --> Severity: Warning --> Undefined variable $isAdmin C:\OSPanel\domains\stimul.news\application\views\admins\includes\Sidebar.php 218
ERROR - 2023-11-19 05:11:52 --> Severity: Warning --> Undefined variable $isAdmin C:\OSPanel\domains\stimul.news\application\views\admins\includes\Sidebar.php 257
ERROR - 2023-11-19 05:11:52 --> Severity: Warning --> Undefined variable $isAdmin C:\OSPanel\domains\stimul.news\application\views\admins\Profile\List.php 56
ERROR - 2023-11-19 05:11:52 --> Severity: Warning --> Undefined variable $isAdmin C:\OSPanel\domains\stimul.news\application\views\admins\Profile\List.php 56
ERROR - 2023-11-19 05:12:00 --> Severity: Warning --> Undefined variable $isAdmin C:\OSPanel\domains\stimul.news\application\views\admins\includes\Sidebar.php 54
ERROR - 2023-11-19 05:12:00 --> Severity: Warning --> Undefined variable $isAdmin C:\OSPanel\domains\stimul.news\application\views\admins\includes\Sidebar.php 67
ERROR - 2023-11-19 05:12:00 --> Severity: Warning --> Undefined variable $isAdmin C:\OSPanel\domains\stimul.news\application\views\admins\includes\Sidebar.php 95
ERROR - 2023-11-19 05:12:00 --> Severity: Warning --> Undefined variable $isAdmin C:\OSPanel\domains\stimul.news\application\views\admins\includes\Sidebar.php 149
ERROR - 2023-11-19 05:12:00 --> Severity: Warning --> Undefined variable $isAdmin C:\OSPanel\domains\stimul.news\application\views\admins\includes\Sidebar.php 177
ERROR - 2023-11-19 05:12:00 --> Severity: Warning --> Undefined variable $isAdmin C:\OSPanel\domains\stimul.news\application\views\admins\includes\Sidebar.php 205
ERROR - 2023-11-19 05:12:00 --> Severity: Warning --> Undefined variable $isAdmin C:\OSPanel\domains\stimul.news\application\views\admins\includes\Sidebar.php 218
ERROR - 2023-11-19 05:12:00 --> Severity: Warning --> Undefined variable $isAdmin C:\OSPanel\domains\stimul.news\application\views\admins\includes\Sidebar.php 257
ERROR - 2023-11-19 05:12:00 --> Severity: Warning --> Undefined variable $isAdmin C:\OSPanel\domains\stimul.news\application\views\admins\Profile\List.php 56
ERROR - 2023-11-19 05:12:00 --> Severity: Warning --> Undefined variable $isAdmin C:\OSPanel\domains\stimul.news\application\views\admins\Profile\List.php 56
ERROR - 2023-11-19 05:12:18 --> Severity: Warning --> Undefined variable $isAdmin C:\OSPanel\domains\stimul.news\application\views\admins\Profile\List.php 56
ERROR - 2023-11-19 05:12:18 --> Severity: Warning --> Undefined variable $isAdmin C:\OSPanel\domains\stimul.news\application\views\admins\Profile\List.php 56
