ERROR - 2023-10-22 08:45:17 --> Severity: Warning --> Undefined variable $page_name C:\OSPanel\domains\stimul.news\application\views\users\includes\HeadScripts.php 6
ERROR - 2023-10-22 08:45:17 --> Severity: Warning --> Undefined variable $branding_options C:\OSPanel\domains\stimul.news\application\views\users\includes\HeadScripts.php 7
ERROR - 2023-10-22 08:45:17 --> Severity: Warning --> Attempt to read property "favicon" on null C:\OSPanel\domains\stimul.news\application\views\users\includes\HeadScripts.php 7
ERROR - 2023-10-22 08:45:17 --> Severity: Warning --> Attempt to read property "file_name" on null C:\OSPanel\domains\stimul.news\application\views\users\includes\HeadScripts.php 7
ERROR - 2023-10-22 08:45:17 --> Severity: Warning --> Undefined variable $topbar_options C:\OSPanel\domains\stimul.news\application\views\users\includes\HeaderNavbar.php 81
ERROR - 2023-10-22 08:45:17 --> Severity: Warning --> Undefined variable $branding_options C:\OSPanel\domains\stimul.news\application\views\users\includes\HeaderNavbar.php 134
ERROR - 2023-10-22 08:45:17 --> Severity: Warning --> Attempt to read property "logo_dark" on null C:\OSPanel\domains\stimul.news\application\views\users\includes\HeaderNavbar.php 134
ERROR - 2023-10-22 08:45:17 --> Severity: Warning --> Attempt to read property "file_name" on null C:\OSPanel\domains\stimul.news\application\views\users\includes\HeaderNavbar.php 134
ERROR - 2023-10-22 08:45:17 --> Severity: Warning --> Undefined variable $branding_options C:\OSPanel\domains\stimul.news\application\views\users\includes\Footer.php 8
ERROR - 2023-10-22 08:45:17 --> Severity: Warning --> Attempt to read property "logo_light" on null C:\OSPanel\domains\stimul.news\application\views\users\includes\Footer.php 8
ERROR - 2023-10-22 08:45:17 --> Severity: Warning --> Attempt to read property "file_name" on null C:\OSPanel\domains\stimul.news\application\views\users\includes\Footer.php 8
ERROR - 2023-10-22 08:45:20 --> Severity: Warning --> Undefined variable $page_name C:\OSPanel\domains\stimul.news\application\views\users\includes\HeadScripts.php 6
ERROR - 2023-10-22 08:45:20 --> Severity: Warning --> Undefined variable $branding_options C:\OSPanel\domains\stimul.news\application\views\users\includes\HeadScripts.php 7
ERROR - 2023-10-22 08:45:20 --> Severity: Warning --> Attempt to read property "favicon" on null C:\OSPanel\domains\stimul.news\application\views\users\includes\HeadScripts.php 7
ERROR - 2023-10-22 08:45:20 --> Severity: Warning --> Attempt to read property "file_name" on null C:\OSPanel\domains\stimul.news\application\views\users\includes\HeadScripts.php 7
ERROR - 2023-10-22 08:45:20 --> Severity: Warning --> Undefined variable $topbar_options C:\OSPanel\domains\stimul.news\application\views\users\includes\HeaderNavbar.php 81
ERROR - 2023-10-22 08:45:20 --> Severity: Warning --> Undefined variable $branding_options C:\OSPanel\domains\stimul.news\application\views\users\includes\HeaderNavbar.php 134
ERROR - 2023-10-22 08:45:20 --> Severity: Warning --> Attempt to read property "logo_dark" on null C:\OSPanel\domains\stimul.news\application\views\users\includes\HeaderNavbar.php 134
ERROR - 2023-10-22 08:45:20 --> Severity: Warning --> Attempt to read property "file_name" on null C:\OSPanel\domains\stimul.news\application\views\users\includes\HeaderNavbar.php 134
ERROR - 2023-10-22 08:45:20 --> Severity: Warning --> Undefined variable $branding_options C:\OSPanel\domains\stimul.news\application\views\users\includes\Footer.php 8
ERROR - 2023-10-22 08:45:20 --> Severity: Warning --> Attempt to read property "logo_light" on null C:\OSPanel\domains\stimul.news\application\views\users\includes\Footer.php 8
ERROR - 2023-10-22 08:45:20 --> Severity: Warning --> Attempt to read property "file_name" on null C:\OSPanel\domains\stimul.news\application\views\users\includes\Footer.php 8
