ERROR - 2023-11-16 04:41:03 --> Severity: error --> Exception: syntax error, unexpected token "public", expecting "(" C:\OSPanel\domains\stimul.news\application\controllers\AdminController.php 291
ERROR - 2023-11-16 04:45:12 --> Severity: Warning --> Undefined variable $admin_page_name C:\OSPanel\domains\stimul.news\application\views\admins\includes\HeadScripts.php 7
ERROR - 2023-11-16 04:45:12 --> Severity: Warning --> Undefined variable $partner_data C:\OSPanel\domains\stimul.news\application\views\admins\Profile\Edit.php 32
ERROR - 2023-11-16 04:45:12 --> Severity: Warning --> Trying to access array offset on value of type null C:\OSPanel\domains\stimul.news\application\views\admins\Profile\Edit.php 32
ERROR - 2023-11-16 04:45:12 --> Severity: Warning --> Undefined variable $partner_data C:\OSPanel\domains\stimul.news\application\views\admins\Profile\Edit.php 37
ERROR - 2023-11-16 04:45:12 --> Severity: Warning --> Trying to access array offset on value of type null C:\OSPanel\domains\stimul.news\application\views\admins\Profile\Edit.php 37
ERROR - 2023-11-16 04:45:12 --> Severity: Warning --> Undefined variable $partner_data C:\OSPanel\domains\stimul.news\application\views\admins\Profile\Edit.php 39
ERROR - 2023-11-16 04:45:12 --> Severity: Warning --> Trying to access array offset on value of type null C:\OSPanel\domains\stimul.news\application\views\admins\Profile\Edit.php 39
ERROR - 2023-11-16 04:45:12 --> Severity: Warning --> Undefined variable $partner_data C:\OSPanel\domains\stimul.news\application\views\admins\Profile\Edit.php 61
ERROR - 2023-11-16 04:45:12 --> Severity: Warning --> Trying to access array offset on value of type null C:\OSPanel\domains\stimul.news\application\views\admins\Profile\Edit.php 61
ERROR - 2023-11-16 04:45:12 --> Severity: Warning --> Undefined variable $partner_data C:\OSPanel\domains\stimul.news\application\views\admins\Profile\Edit.php 72
ERROR - 2023-11-16 04:45:12 --> Severity: Warning --> Trying to access array offset on value of type null C:\OSPanel\domains\stimul.news\application\views\admins\Profile\Edit.php 72
ERROR - 2023-11-16 04:45:12 --> Severity: Warning --> Undefined variable $partner_data C:\OSPanel\domains\stimul.news\application\views\admins\Profile\Edit.php 79
ERROR - 2023-11-16 04:45:12 --> Severity: Warning --> Trying to access array offset on value of type null C:\OSPanel\domains\stimul.news\application\views\admins\Profile\Edit.php 79
ERROR - 2023-11-16 05:00:47 --> Severity: error --> Exception: MenuState(): Argument #1 ($segmentName) must be of type string, null given, called in C:\OSPanel\domains\stimul.news\application\views\admins\includes\Sidebar.php on line 17 C:\OSPanel\domains\stimul.news\application\views\admins\includes\Sidebar.php 7
ERROR - 2023-11-16 05:39:25 --> Severity: Warning --> Undefined variable $admin_page_name C:\OSPanel\domains\stimul.news\application\views\admins\includes\HeadScripts.php 7
ERROR - 2023-11-16 05:39:25 --> Severity: Warning --> Undefined variable $partner_data C:\OSPanel\domains\stimul.news\application\views\admins\Profile\Edit.php 32
ERROR - 2023-11-16 05:39:25 --> Severity: Warning --> Trying to access array offset on value of type null C:\OSPanel\domains\stimul.news\application\views\admins\Profile\Edit.php 32
ERROR - 2023-11-16 05:39:25 --> Severity: Warning --> Undefined variable $partner_data C:\OSPanel\domains\stimul.news\application\views\admins\Profile\Edit.php 37
ERROR - 2023-11-16 05:39:25 --> Severity: Warning --> Trying to access array offset on value of type null C:\OSPanel\domains\stimul.news\application\views\admins\Profile\Edit.php 37
ERROR - 2023-11-16 05:39:25 --> Severity: Warning --> Undefined variable $partner_data C:\OSPanel\domains\stimul.news\application\views\admins\Profile\Edit.php 39
ERROR - 2023-11-16 05:39:25 --> Severity: Warning --> Trying to access array offset on value of type null C:\OSPanel\domains\stimul.news\application\views\admins\Profile\Edit.php 39
ERROR - 2023-11-16 05:39:25 --> Severity: Warning --> Undefined variable $partner_data C:\OSPanel\domains\stimul.news\application\views\admins\Profile\Edit.php 61
ERROR - 2023-11-16 05:39:25 --> Severity: Warning --> Trying to access array offset on value of type null C:\OSPanel\domains\stimul.news\application\views\admins\Profile\Edit.php 61
ERROR - 2023-11-16 05:39:25 --> Severity: Warning --> Undefined variable $partner_data C:\OSPanel\domains\stimul.news\application\views\admins\Profile\Edit.php 72
ERROR - 2023-11-16 05:39:25 --> Severity: Warning --> Trying to access array offset on value of type null C:\OSPanel\domains\stimul.news\application\views\admins\Profile\Edit.php 72
ERROR - 2023-11-16 05:39:25 --> Severity: Warning --> Undefined variable $partner_data C:\OSPanel\domains\stimul.news\application\views\admins\Profile\Edit.php 79
ERROR - 2023-11-16 05:39:25 --> Severity: Warning --> Trying to access array offset on value of type null C:\OSPanel\domains\stimul.news\application\views\admins\Profile\Edit.php 79
ERROR - 2023-11-16 05:40:03 --> Severity: Warning --> Undefined variable $admin_page_name C:\OSPanel\domains\stimul.news\application\views\admins\includes\HeadScripts.php 7
ERROR - 2023-11-16 05:40:03 --> Severity: Warning --> Undefined variable $admin_detail C:\OSPanel\domains\stimul.news\application\views\admins\Profile\Edit.php 8
ERROR - 2023-11-16 05:40:03 --> Severity: Warning --> Trying to access array offset on value of type null C:\OSPanel\domains\stimul.news\application\views\admins\Profile\Edit.php 8
ERROR - 2023-11-16 05:40:03 --> Severity: Warning --> Undefined variable $admin_detail C:\OSPanel\domains\stimul.news\application\views\admins\Profile\Edit.php 8
ERROR - 2023-11-16 05:40:03 --> Severity: Warning --> Trying to access array offset on value of type null C:\OSPanel\domains\stimul.news\application\views\admins\Profile\Edit.php 8
ERROR - 2023-11-16 05:40:03 --> Severity: Warning --> Undefined variable $partner_data C:\OSPanel\domains\stimul.news\application\views\admins\Profile\Edit.php 32
ERROR - 2023-11-16 05:40:03 --> Severity: Warning --> Trying to access array offset on value of type null C:\OSPanel\domains\stimul.news\application\views\admins\Profile\Edit.php 32
ERROR - 2023-11-16 05:40:03 --> Severity: Warning --> Undefined variable $partner_data C:\OSPanel\domains\stimul.news\application\views\admins\Profile\Edit.php 37
ERROR - 2023-11-16 05:40:03 --> Severity: Warning --> Trying to access array offset on value of type null C:\OSPanel\domains\stimul.news\application\views\admins\Profile\Edit.php 37
ERROR - 2023-11-16 05:40:03 --> Severity: Warning --> Undefined variable $partner_data C:\OSPanel\domains\stimul.news\application\views\admins\Profile\Edit.php 39
ERROR - 2023-11-16 05:40:03 --> Severity: Warning --> Trying to access array offset on value of type null C:\OSPanel\domains\stimul.news\application\views\admins\Profile\Edit.php 39
ERROR - 2023-11-16 05:40:03 --> Severity: Warning --> Undefined variable $partner_data C:\OSPanel\domains\stimul.news\application\views\admins\Profile\Edit.php 61
ERROR - 2023-11-16 05:40:03 --> Severity: Warning --> Trying to access array offset on value of type null C:\OSPanel\domains\stimul.news\application\views\admins\Profile\Edit.php 61
ERROR - 2023-11-16 05:40:03 --> Severity: Warning --> Undefined variable $partner_data C:\OSPanel\domains\stimul.news\application\views\admins\Profile\Edit.php 72
ERROR - 2023-11-16 05:40:03 --> Severity: Warning --> Trying to access array offset on value of type null C:\OSPanel\domains\stimul.news\application\views\admins\Profile\Edit.php 72
ERROR - 2023-11-16 05:40:03 --> Severity: Warning --> Undefined variable $partner_data C:\OSPanel\domains\stimul.news\application\views\admins\Profile\Edit.php 79
ERROR - 2023-11-16 05:40:03 --> Severity: Warning --> Trying to access array offset on value of type null C:\OSPanel\domains\stimul.news\application\views\admins\Profile\Edit.php 79
ERROR - 2023-11-16 05:40:22 --> Severity: Warning --> Undefined variable $partner_data C:\OSPanel\domains\stimul.news\application\views\admins\Profile\Edit.php 32
ERROR - 2023-11-16 05:40:22 --> Severity: Warning --> Trying to access array offset on value of type null C:\OSPanel\domains\stimul.news\application\views\admins\Profile\Edit.php 32
ERROR - 2023-11-16 05:40:22 --> Severity: Warning --> Undefined variable $partner_data C:\OSPanel\domains\stimul.news\application\views\admins\Profile\Edit.php 37
ERROR - 2023-11-16 05:40:22 --> Severity: Warning --> Trying to access array offset on value of type null C:\OSPanel\domains\stimul.news\application\views\admins\Profile\Edit.php 37
ERROR - 2023-11-16 05:40:22 --> Severity: Warning --> Undefined variable $partner_data C:\OSPanel\domains\stimul.news\application\views\admins\Profile\Edit.php 39
ERROR - 2023-11-16 05:40:22 --> Severity: Warning --> Trying to access array offset on value of type null C:\OSPanel\domains\stimul.news\application\views\admins\Profile\Edit.php 39
ERROR - 2023-11-16 05:40:22 --> Severity: Warning --> Undefined variable $partner_data C:\OSPanel\domains\stimul.news\application\views\admins\Profile\Edit.php 61
ERROR - 2023-11-16 05:40:22 --> Severity: Warning --> Trying to access array offset on value of type null C:\OSPanel\domains\stimul.news\application\views\admins\Profile\Edit.php 61
ERROR - 2023-11-16 05:40:22 --> Severity: Warning --> Undefined variable $partner_data C:\OSPanel\domains\stimul.news\application\views\admins\Profile\Edit.php 72
ERROR - 2023-11-16 05:40:22 --> Severity: Warning --> Trying to access array offset on value of type null C:\OSPanel\domains\stimul.news\application\views\admins\Profile\Edit.php 72
ERROR - 2023-11-16 05:40:22 --> Severity: Warning --> Undefined variable $partner_data C:\OSPanel\domains\stimul.news\application\views\admins\Profile\Edit.php 79
ERROR - 2023-11-16 05:40:22 --> Severity: Warning --> Trying to access array offset on value of type null C:\OSPanel\domains\stimul.news\application\views\admins\Profile\Edit.php 79
ERROR - 2023-11-16 05:40:48 --> Severity: Warning --> Undefined variable $partner_data C:\OSPanel\domains\stimul.news\application\views\admins\Profile\Edit.php 32
ERROR - 2023-11-16 05:40:48 --> Severity: Warning --> Trying to access array offset on value of type null C:\OSPanel\domains\stimul.news\application\views\admins\Profile\Edit.php 32
ERROR - 2023-11-16 05:40:48 --> Severity: Warning --> Undefined variable $partner_data C:\OSPanel\domains\stimul.news\application\views\admins\Profile\Edit.php 37
ERROR - 2023-11-16 05:40:48 --> Severity: Warning --> Trying to access array offset on value of type null C:\OSPanel\domains\stimul.news\application\views\admins\Profile\Edit.php 37
ERROR - 2023-11-16 05:40:48 --> Severity: Warning --> Undefined variable $partner_data C:\OSPanel\domains\stimul.news\application\views\admins\Profile\Edit.php 39
ERROR - 2023-11-16 05:40:48 --> Severity: Warning --> Trying to access array offset on value of type null C:\OSPanel\domains\stimul.news\application\views\admins\Profile\Edit.php 39
ERROR - 2023-11-16 05:40:48 --> Severity: Warning --> Undefined variable $partner_data C:\OSPanel\domains\stimul.news\application\views\admins\Profile\Edit.php 61
ERROR - 2023-11-16 05:40:48 --> Severity: Warning --> Trying to access array offset on value of type null C:\OSPanel\domains\stimul.news\application\views\admins\Profile\Edit.php 61
ERROR - 2023-11-16 05:40:48 --> Severity: Warning --> Undefined variable $partner_data C:\OSPanel\domains\stimul.news\application\views\admins\Profile\Edit.php 72
ERROR - 2023-11-16 05:40:48 --> Severity: Warning --> Trying to access array offset on value of type null C:\OSPanel\domains\stimul.news\application\views\admins\Profile\Edit.php 72
ERROR - 2023-11-16 05:40:48 --> Severity: Warning --> Undefined variable $partner_data C:\OSPanel\domains\stimul.news\application\views\admins\Profile\Edit.php 79
ERROR - 2023-11-16 05:40:48 --> Severity: Warning --> Trying to access array offset on value of type null C:\OSPanel\domains\stimul.news\application\views\admins\Profile\Edit.php 79
ERROR - 2023-11-16 05:44:03 --> Severity: Warning --> Undefined variable $partner_data C:\OSPanel\domains\stimul.news\application\views\admins\Profile\Edit.php 32
ERROR - 2023-11-16 05:44:03 --> Severity: Warning --> Trying to access array offset on value of type null C:\OSPanel\domains\stimul.news\application\views\admins\Profile\Edit.php 32
ERROR - 2023-11-16 05:44:03 --> Severity: Warning --> Undefined variable $partner_data C:\OSPanel\domains\stimul.news\application\views\admins\Profile\Edit.php 37
ERROR - 2023-11-16 05:44:03 --> Severity: Warning --> Trying to access array offset on value of type null C:\OSPanel\domains\stimul.news\application\views\admins\Profile\Edit.php 37
ERROR - 2023-11-16 05:44:03 --> Severity: Warning --> Undefined variable $partner_data C:\OSPanel\domains\stimul.news\application\views\admins\Profile\Edit.php 39
ERROR - 2023-11-16 05:44:03 --> Severity: Warning --> Trying to access array offset on value of type null C:\OSPanel\domains\stimul.news\application\views\admins\Profile\Edit.php 39
ERROR - 2023-11-16 05:44:03 --> Severity: Warning --> Undefined variable $partner_data C:\OSPanel\domains\stimul.news\application\views\admins\Profile\Edit.php 61
ERROR - 2023-11-16 05:44:03 --> Severity: Warning --> Trying to access array offset on value of type null C:\OSPanel\domains\stimul.news\application\views\admins\Profile\Edit.php 61
ERROR - 2023-11-16 05:44:03 --> Severity: Warning --> Undefined variable $partner_data C:\OSPanel\domains\stimul.news\application\views\admins\Profile\Edit.php 72
ERROR - 2023-11-16 05:44:03 --> Severity: Warning --> Trying to access array offset on value of type null C:\OSPanel\domains\stimul.news\application\views\admins\Profile\Edit.php 72
ERROR - 2023-11-16 05:44:03 --> Severity: Warning --> Undefined variable $partner_data C:\OSPanel\domains\stimul.news\application\views\admins\Profile\Edit.php 79
ERROR - 2023-11-16 05:44:03 --> Severity: Warning --> Trying to access array offset on value of type null C:\OSPanel\domains\stimul.news\application\views\admins\Profile\Edit.php 79
ERROR - 2023-11-16 05:44:29 --> Severity: Warning --> Undefined variable $partner_data C:\OSPanel\domains\stimul.news\application\views\admins\Profile\Edit.php 32
ERROR - 2023-11-16 05:44:29 --> Severity: Warning --> Trying to access array offset on value of type null C:\OSPanel\domains\stimul.news\application\views\admins\Profile\Edit.php 32
ERROR - 2023-11-16 05:44:29 --> Severity: Warning --> Undefined variable $partner_data C:\OSPanel\domains\stimul.news\application\views\admins\Profile\Edit.php 37
ERROR - 2023-11-16 05:44:29 --> Severity: Warning --> Trying to access array offset on value of type null C:\OSPanel\domains\stimul.news\application\views\admins\Profile\Edit.php 37
ERROR - 2023-11-16 05:44:29 --> Severity: Warning --> Undefined variable $partner_data C:\OSPanel\domains\stimul.news\application\views\admins\Profile\Edit.php 39
ERROR - 2023-11-16 05:44:29 --> Severity: Warning --> Trying to access array offset on value of type null C:\OSPanel\domains\stimul.news\application\views\admins\Profile\Edit.php 39
ERROR - 2023-11-16 05:44:29 --> Severity: Warning --> Undefined variable $partner_data C:\OSPanel\domains\stimul.news\application\views\admins\Profile\Edit.php 61
ERROR - 2023-11-16 05:44:29 --> Severity: Warning --> Trying to access array offset on value of type null C:\OSPanel\domains\stimul.news\application\views\admins\Profile\Edit.php 61
ERROR - 2023-11-16 05:44:29 --> Severity: Warning --> Undefined variable $partner_data C:\OSPanel\domains\stimul.news\application\views\admins\Profile\Edit.php 72
ERROR - 2023-11-16 05:44:29 --> Severity: Warning --> Trying to access array offset on value of type null C:\OSPanel\domains\stimul.news\application\views\admins\Profile\Edit.php 72
ERROR - 2023-11-16 05:44:29 --> Severity: Warning --> Undefined variable $partner_data C:\OSPanel\domains\stimul.news\application\views\admins\Profile\Edit.php 79
ERROR - 2023-11-16 05:44:29 --> Severity: Warning --> Trying to access array offset on value of type null C:\OSPanel\domains\stimul.news\application\views\admins\Profile\Edit.php 79
ERROR - 2023-11-16 05:48:02 --> Severity: Warning --> Undefined variable $partner_data C:\OSPanel\domains\stimul.news\application\views\admins\Profile\Edit.php 32
ERROR - 2023-11-16 05:48:02 --> Severity: Warning --> Trying to access array offset on value of type null C:\OSPanel\domains\stimul.news\application\views\admins\Profile\Edit.php 32
ERROR - 2023-11-16 05:48:02 --> Severity: Warning --> Undefined variable $partner_data C:\OSPanel\domains\stimul.news\application\views\admins\Profile\Edit.php 37
ERROR - 2023-11-16 05:48:02 --> Severity: Warning --> Trying to access array offset on value of type null C:\OSPanel\domains\stimul.news\application\views\admins\Profile\Edit.php 37
ERROR - 2023-11-16 05:48:02 --> Severity: Warning --> Undefined variable $partner_data C:\OSPanel\domains\stimul.news\application\views\admins\Profile\Edit.php 39
ERROR - 2023-11-16 05:48:02 --> Severity: Warning --> Trying to access array offset on value of type null C:\OSPanel\domains\stimul.news\application\views\admins\Profile\Edit.php 39
ERROR - 2023-11-16 05:48:02 --> Severity: Warning --> Undefined variable $partner_data C:\OSPanel\domains\stimul.news\application\views\admins\Profile\Edit.php 61
ERROR - 2023-11-16 05:48:02 --> Severity: Warning --> Trying to access array offset on value of type null C:\OSPanel\domains\stimul.news\application\views\admins\Profile\Edit.php 61
ERROR - 2023-11-16 05:48:02 --> Severity: Warning --> Undefined variable $partner_data C:\OSPanel\domains\stimul.news\application\views\admins\Profile\Edit.php 72
ERROR - 2023-11-16 05:48:02 --> Severity: Warning --> Trying to access array offset on value of type null C:\OSPanel\domains\stimul.news\application\views\admins\Profile\Edit.php 72
ERROR - 2023-11-16 05:48:02 --> Severity: Warning --> Undefined variable $partner_data C:\OSPanel\domains\stimul.news\application\views\admins\Profile\Edit.php 79
ERROR - 2023-11-16 05:48:02 --> Severity: Warning --> Trying to access array offset on value of type null C:\OSPanel\domains\stimul.news\application\views\admins\Profile\Edit.php 79
ERROR - 2023-11-16 05:57:37 --> Severity: Warning --> Undefined variable $admin_detail C:\OSPanel\domains\stimul.news\application\views\admins\Profile\Edit.php 8
ERROR - 2023-11-16 05:57:37 --> Severity: Warning --> Trying to access array offset on value of type null C:\OSPanel\domains\stimul.news\application\views\admins\Profile\Edit.php 8
ERROR - 2023-11-16 05:57:37 --> Severity: Warning --> Undefined variable $admin_detail C:\OSPanel\domains\stimul.news\application\views\admins\Profile\Edit.php 8
ERROR - 2023-11-16 05:57:37 --> Severity: Warning --> Trying to access array offset on value of type null C:\OSPanel\domains\stimul.news\application\views\admins\Profile\Edit.php 8
ERROR - 2023-11-16 05:57:37 --> Severity: Warning --> Undefined variable $profile_data C:\OSPanel\domains\stimul.news\application\views\admins\Profile\Edit.php 32
ERROR - 2023-11-16 05:57:37 --> Severity: Warning --> Trying to access array offset on value of type null C:\OSPanel\domains\stimul.news\application\views\admins\Profile\Edit.php 32
ERROR - 2023-11-16 05:57:37 --> Severity: Warning --> Undefined variable $partner_data C:\OSPanel\domains\stimul.news\application\views\admins\Profile\Edit.php 37
ERROR - 2023-11-16 05:57:37 --> Severity: Warning --> Trying to access array offset on value of type null C:\OSPanel\domains\stimul.news\application\views\admins\Profile\Edit.php 37
ERROR - 2023-11-16 05:57:37 --> Severity: Warning --> Undefined variable $partner_data C:\OSPanel\domains\stimul.news\application\views\admins\Profile\Edit.php 39
ERROR - 2023-11-16 05:57:37 --> Severity: Warning --> Trying to access array offset on value of type null C:\OSPanel\domains\stimul.news\application\views\admins\Profile\Edit.php 39
ERROR - 2023-11-16 05:57:37 --> Severity: Warning --> Undefined variable $partner_data C:\OSPanel\domains\stimul.news\application\views\admins\Profile\Edit.php 61
ERROR - 2023-11-16 05:57:37 --> Severity: Warning --> Trying to access array offset on value of type null C:\OSPanel\domains\stimul.news\application\views\admins\Profile\Edit.php 61
ERROR - 2023-11-16 05:57:37 --> Severity: Warning --> Undefined variable $partner_data C:\OSPanel\domains\stimul.news\application\views\admins\Profile\Edit.php 72
ERROR - 2023-11-16 05:57:37 --> Severity: Warning --> Trying to access array offset on value of type null C:\OSPanel\domains\stimul.news\application\views\admins\Profile\Edit.php 72
ERROR - 2023-11-16 05:57:37 --> Severity: Warning --> Undefined variable $partner_data C:\OSPanel\domains\stimul.news\application\views\admins\Profile\Edit.php 79
ERROR - 2023-11-16 05:57:37 --> Severity: Warning --> Trying to access array offset on value of type null C:\OSPanel\domains\stimul.news\application\views\admins\Profile\Edit.php 79
ERROR - 2023-11-16 05:58:20 --> Severity: Warning --> Undefined variable $admins_db_list C:\OSPanel\domains\stimul.news\application\views\admins\Profile\List.php 37
ERROR - 2023-11-16 05:58:20 --> Severity: Warning --> foreach() argument must be of type array|object, null given C:\OSPanel\domains\stimul.news\application\views\admins\Profile\List.php 37
ERROR - 2023-11-16 05:59:11 --> Severity: Warning --> Undefined variable $admin_detail C:\OSPanel\domains\stimul.news\application\views\admins\Profile\Detail.php 8
ERROR - 2023-11-16 05:59:11 --> Severity: Warning --> Trying to access array offset on value of type null C:\OSPanel\domains\stimul.news\application\views\admins\Profile\Detail.php 8
ERROR - 2023-11-16 05:59:11 --> Severity: Warning --> Undefined variable $admin_detail C:\OSPanel\domains\stimul.news\application\views\admins\Profile\Detail.php 8
ERROR - 2023-11-16 05:59:11 --> Severity: Warning --> Trying to access array offset on value of type null C:\OSPanel\domains\stimul.news\application\views\admins\Profile\Detail.php 8
ERROR - 2023-11-16 05:59:11 --> Severity: Warning --> Undefined variable $admin_detail C:\OSPanel\domains\stimul.news\application\views\admins\Profile\Detail.php 16
ERROR - 2023-11-16 05:59:11 --> Severity: Warning --> Trying to access array offset on value of type null C:\OSPanel\domains\stimul.news\application\views\admins\Profile\Detail.php 16
ERROR - 2023-11-16 05:59:11 --> Severity: Warning --> Undefined variable $admin_detail C:\OSPanel\domains\stimul.news\application\views\admins\Profile\Detail.php 17
ERROR - 2023-11-16 05:59:11 --> Severity: Warning --> Trying to access array offset on value of type null C:\OSPanel\domains\stimul.news\application\views\admins\Profile\Detail.php 17
ERROR - 2023-11-16 05:59:11 --> Severity: Warning --> Undefined variable $admin_detail C:\OSPanel\domains\stimul.news\application\views\admins\Profile\Detail.php 17
ERROR - 2023-11-16 05:59:11 --> Severity: Warning --> Trying to access array offset on value of type null C:\OSPanel\domains\stimul.news\application\views\admins\Profile\Detail.php 17
ERROR - 2023-11-16 05:59:11 --> Severity: Warning --> Undefined variable $admin_detail C:\OSPanel\domains\stimul.news\application\views\admins\Profile\Detail.php 17
ERROR - 2023-11-16 05:59:11 --> Severity: Warning --> Trying to access array offset on value of type null C:\OSPanel\domains\stimul.news\application\views\admins\Profile\Detail.php 17
ERROR - 2023-11-16 05:59:11 --> Severity: Warning --> Undefined variable $admin_detail C:\OSPanel\domains\stimul.news\application\views\admins\Profile\Detail.php 29
ERROR - 2023-11-16 05:59:11 --> Severity: Warning --> Trying to access array offset on value of type null C:\OSPanel\domains\stimul.news\application\views\admins\Profile\Detail.php 29
ERROR - 2023-11-16 05:59:11 --> Severity: Warning --> Undefined variable $admin_detail C:\OSPanel\domains\stimul.news\application\views\admins\Profile\Detail.php 36
ERROR - 2023-11-16 05:59:11 --> Severity: Warning --> Trying to access array offset on value of type null C:\OSPanel\domains\stimul.news\application\views\admins\Profile\Detail.php 36
ERROR - 2023-11-16 05:59:11 --> Severity: Warning --> Undefined variable $admin_detail C:\OSPanel\domains\stimul.news\application\views\admins\Profile\Detail.php 43
ERROR - 2023-11-16 05:59:11 --> Severity: Warning --> Trying to access array offset on value of type null C:\OSPanel\domains\stimul.news\application\views\admins\Profile\Detail.php 43
ERROR - 2023-11-16 05:59:11 --> Severity: Warning --> Undefined variable $admin_detail C:\OSPanel\domains\stimul.news\application\views\admins\Profile\Detail.php 51
ERROR - 2023-11-16 05:59:11 --> Severity: Warning --> Trying to access array offset on value of type null C:\OSPanel\domains\stimul.news\application\views\admins\Profile\Detail.php 51
ERROR - 2023-11-16 05:59:11 --> Severity: Warning --> Undefined variable $admin_detail C:\OSPanel\domains\stimul.news\application\views\admins\Profile\Detail.php 52
ERROR - 2023-11-16 05:59:11 --> Severity: Warning --> Trying to access array offset on value of type null C:\OSPanel\domains\stimul.news\application\views\admins\Profile\Detail.php 52
ERROR - 2023-11-16 05:59:11 --> Severity: Warning --> Undefined variable $admin_detail C:\OSPanel\domains\stimul.news\application\views\admins\Profile\Detail.php 61
ERROR - 2023-11-16 05:59:11 --> Severity: Warning --> Trying to access array offset on value of type null C:\OSPanel\domains\stimul.news\application\views\admins\Profile\Detail.php 61
ERROR - 2023-11-16 05:59:11 --> Severity: Warning --> Undefined variable $admin_detail C:\OSPanel\domains\stimul.news\application\views\admins\Profile\Detail.php 69
ERROR - 2023-11-16 05:59:11 --> Severity: Warning --> Trying to access array offset on value of type null C:\OSPanel\domains\stimul.news\application\views\admins\Profile\Detail.php 69
ERROR - 2023-11-16 05:59:11 --> Severity: Warning --> Undefined variable $admin_detail C:\OSPanel\domains\stimul.news\application\views\admins\Profile\Detail.php 71
ERROR - 2023-11-16 05:59:11 --> Severity: Warning --> Trying to access array offset on value of type null C:\OSPanel\domains\stimul.news\application\views\admins\Profile\Detail.php 71
ERROR - 2023-11-16 05:59:11 --> Severity: Warning --> Undefined variable $admin_detail C:\OSPanel\domains\stimul.news\application\views\admins\Profile\Detail.php 73
ERROR - 2023-11-16 05:59:11 --> Severity: Warning --> Trying to access array offset on value of type null C:\OSPanel\domains\stimul.news\application\views\admins\Profile\Detail.php 73
ERROR - 2023-11-16 05:59:11 --> Severity: Warning --> Undefined variable $admin_detail C:\OSPanel\domains\stimul.news\application\views\admins\Profile\Detail.php 86
ERROR - 2023-11-16 05:59:11 --> Severity: Warning --> Trying to access array offset on value of type null C:\OSPanel\domains\stimul.news\application\views\admins\Profile\Detail.php 86
ERROR - 2023-11-16 05:59:41 --> Severity: Warning --> Undefined variable $admin_detail C:\OSPanel\domains\stimul.news\application\views\admins\Profile\Edit.php 8
ERROR - 2023-11-16 05:59:41 --> Severity: Warning --> Trying to access array offset on value of type null C:\OSPanel\domains\stimul.news\application\views\admins\Profile\Edit.php 8
ERROR - 2023-11-16 05:59:41 --> Severity: Warning --> Undefined variable $admin_detail C:\OSPanel\domains\stimul.news\application\views\admins\Profile\Edit.php 8
ERROR - 2023-11-16 05:59:41 --> Severity: Warning --> Trying to access array offset on value of type null C:\OSPanel\domains\stimul.news\application\views\admins\Profile\Edit.php 8
ERROR - 2023-11-16 05:59:41 --> Severity: Warning --> Undefined array key "p_uid" C:\OSPanel\domains\stimul.news\application\views\admins\Profile\Edit.php 32
ERROR - 2023-11-16 05:59:41 --> Severity: Warning --> Undefined variable $partner_data C:\OSPanel\domains\stimul.news\application\views\admins\Profile\Edit.php 37
ERROR - 2023-11-16 05:59:41 --> Severity: Warning --> Trying to access array offset on value of type null C:\OSPanel\domains\stimul.news\application\views\admins\Profile\Edit.php 37
ERROR - 2023-11-16 05:59:41 --> Severity: Warning --> Undefined variable $partner_data C:\OSPanel\domains\stimul.news\application\views\admins\Profile\Edit.php 39
ERROR - 2023-11-16 05:59:41 --> Severity: Warning --> Trying to access array offset on value of type null C:\OSPanel\domains\stimul.news\application\views\admins\Profile\Edit.php 39
ERROR - 2023-11-16 05:59:41 --> Severity: Warning --> Undefined variable $partner_data C:\OSPanel\domains\stimul.news\application\views\admins\Profile\Edit.php 61
ERROR - 2023-11-16 05:59:41 --> Severity: Warning --> Trying to access array offset on value of type null C:\OSPanel\domains\stimul.news\application\views\admins\Profile\Edit.php 61
ERROR - 2023-11-16 05:59:41 --> Severity: Warning --> Undefined variable $partner_data C:\OSPanel\domains\stimul.news\application\views\admins\Profile\Edit.php 72
ERROR - 2023-11-16 05:59:41 --> Severity: Warning --> Trying to access array offset on value of type null C:\OSPanel\domains\stimul.news\application\views\admins\Profile\Edit.php 72
ERROR - 2023-11-16 05:59:41 --> Severity: Warning --> Undefined variable $partner_data C:\OSPanel\domains\stimul.news\application\views\admins\Profile\Edit.php 79
ERROR - 2023-11-16 05:59:41 --> Severity: Warning --> Trying to access array offset on value of type null C:\OSPanel\domains\stimul.news\application\views\admins\Profile\Edit.php 79
ERROR - 2023-11-16 05:59:56 --> Severity: Warning --> Array to string conversion C:\OSPanel\domains\stimul.news\application\views\admins\Profile\Edit.php 8
ERROR - 2023-11-16 05:59:56 --> Severity: Warning --> Undefined variable $Array C:\OSPanel\domains\stimul.news\application\views\admins\Profile\Edit.php 8
ERROR - 2023-11-16 05:59:56 --> Severity: Warning --> Trying to access array offset on value of type null C:\OSPanel\domains\stimul.news\application\views\admins\Profile\Edit.php 8
ERROR - 2023-11-16 05:59:56 --> Severity: Warning --> Array to string conversion C:\OSPanel\domains\stimul.news\application\views\admins\Profile\Edit.php 8
ERROR - 2023-11-16 05:59:56 --> Severity: Warning --> Undefined variable $Array C:\OSPanel\domains\stimul.news\application\views\admins\Profile\Edit.php 8
ERROR - 2023-11-16 05:59:56 --> Severity: Warning --> Trying to access array offset on value of type null C:\OSPanel\domains\stimul.news\application\views\admins\Profile\Edit.php 8
ERROR - 2023-11-16 05:59:56 --> Severity: Warning --> Undefined array key "p_uid" C:\OSPanel\domains\stimul.news\application\views\admins\Profile\Edit.php 32
ERROR - 2023-11-16 05:59:56 --> Severity: Warning --> Undefined variable $partner_data C:\OSPanel\domains\stimul.news\application\views\admins\Profile\Edit.php 37
ERROR - 2023-11-16 05:59:56 --> Severity: Warning --> Trying to access array offset on value of type null C:\OSPanel\domains\stimul.news\application\views\admins\Profile\Edit.php 37
ERROR - 2023-11-16 05:59:56 --> Severity: Warning --> Undefined variable $partner_data C:\OSPanel\domains\stimul.news\application\views\admins\Profile\Edit.php 39
ERROR - 2023-11-16 05:59:56 --> Severity: Warning --> Trying to access array offset on value of type null C:\OSPanel\domains\stimul.news\application\views\admins\Profile\Edit.php 39
ERROR - 2023-11-16 05:59:56 --> Severity: Warning --> Undefined variable $partner_data C:\OSPanel\domains\stimul.news\application\views\admins\Profile\Edit.php 61
ERROR - 2023-11-16 05:59:56 --> Severity: Warning --> Trying to access array offset on value of type null C:\OSPanel\domains\stimul.news\application\views\admins\Profile\Edit.php 61
ERROR - 2023-11-16 05:59:56 --> Severity: Warning --> Undefined variable $partner_data C:\OSPanel\domains\stimul.news\application\views\admins\Profile\Edit.php 72
ERROR - 2023-11-16 05:59:56 --> Severity: Warning --> Trying to access array offset on value of type null C:\OSPanel\domains\stimul.news\application\views\admins\Profile\Edit.php 72
ERROR - 2023-11-16 05:59:56 --> Severity: Warning --> Undefined variable $partner_data C:\OSPanel\domains\stimul.news\application\views\admins\Profile\Edit.php 79
ERROR - 2023-11-16 05:59:56 --> Severity: Warning --> Trying to access array offset on value of type null C:\OSPanel\domains\stimul.news\application\views\admins\Profile\Edit.php 79
ERROR - 2023-11-16 06:00:10 --> Severity: Warning --> Undefined array key "p_uid" C:\OSPanel\domains\stimul.news\application\views\admins\Profile\Edit.php 32
ERROR - 2023-11-16 06:00:10 --> Severity: Warning --> Undefined variable $partner_data C:\OSPanel\domains\stimul.news\application\views\admins\Profile\Edit.php 37
ERROR - 2023-11-16 06:00:10 --> Severity: Warning --> Trying to access array offset on value of type null C:\OSPanel\domains\stimul.news\application\views\admins\Profile\Edit.php 37
ERROR - 2023-11-16 06:00:10 --> Severity: Warning --> Undefined variable $partner_data C:\OSPanel\domains\stimul.news\application\views\admins\Profile\Edit.php 39
ERROR - 2023-11-16 06:00:10 --> Severity: Warning --> Trying to access array offset on value of type null C:\OSPanel\domains\stimul.news\application\views\admins\Profile\Edit.php 39
ERROR - 2023-11-16 06:00:10 --> Severity: Warning --> Undefined variable $partner_data C:\OSPanel\domains\stimul.news\application\views\admins\Profile\Edit.php 61
ERROR - 2023-11-16 06:00:10 --> Severity: Warning --> Trying to access array offset on value of type null C:\OSPanel\domains\stimul.news\application\views\admins\Profile\Edit.php 61
ERROR - 2023-11-16 06:00:10 --> Severity: Warning --> Undefined variable $partner_data C:\OSPanel\domains\stimul.news\application\views\admins\Profile\Edit.php 72
ERROR - 2023-11-16 06:00:10 --> Severity: Warning --> Trying to access array offset on value of type null C:\OSPanel\domains\stimul.news\application\views\admins\Profile\Edit.php 72
ERROR - 2023-11-16 06:00:10 --> Severity: Warning --> Undefined variable $partner_data C:\OSPanel\domains\stimul.news\application\views\admins\Profile\Edit.php 79
ERROR - 2023-11-16 06:00:10 --> Severity: Warning --> Trying to access array offset on value of type null C:\OSPanel\domains\stimul.news\application\views\admins\Profile\Edit.php 79
ERROR - 2023-11-16 06:01:06 --> Severity: Warning --> Undefined array key "p_uid" C:\OSPanel\domains\stimul.news\application\views\admins\Profile\Edit.php 32
ERROR - 2023-11-16 06:01:06 --> Severity: Warning --> Undefined variable $partner_data C:\OSPanel\domains\stimul.news\application\views\admins\Profile\Edit.php 37
ERROR - 2023-11-16 06:01:06 --> Severity: Warning --> Trying to access array offset on value of type null C:\OSPanel\domains\stimul.news\application\views\admins\Profile\Edit.php 37
ERROR - 2023-11-16 06:01:06 --> Severity: Warning --> Undefined variable $partner_data C:\OSPanel\domains\stimul.news\application\views\admins\Profile\Edit.php 39
ERROR - 2023-11-16 06:01:06 --> Severity: Warning --> Trying to access array offset on value of type null C:\OSPanel\domains\stimul.news\application\views\admins\Profile\Edit.php 39
ERROR - 2023-11-16 06:01:06 --> Severity: Warning --> Undefined variable $partner_data C:\OSPanel\domains\stimul.news\application\views\admins\Profile\Edit.php 61
ERROR - 2023-11-16 06:01:06 --> Severity: Warning --> Trying to access array offset on value of type null C:\OSPanel\domains\stimul.news\application\views\admins\Profile\Edit.php 61
ERROR - 2023-11-16 06:01:06 --> Severity: Warning --> Undefined variable $partner_data C:\OSPanel\domains\stimul.news\application\views\admins\Profile\Edit.php 72
ERROR - 2023-11-16 06:01:06 --> Severity: Warning --> Trying to access array offset on value of type null C:\OSPanel\domains\stimul.news\application\views\admins\Profile\Edit.php 72
ERROR - 2023-11-16 06:01:06 --> Severity: Warning --> Undefined variable $partner_data C:\OSPanel\domains\stimul.news\application\views\admins\Profile\Edit.php 79
ERROR - 2023-11-16 06:01:06 --> Severity: Warning --> Trying to access array offset on value of type null C:\OSPanel\domains\stimul.news\application\views\admins\Profile\Edit.php 79
ERROR - 2023-11-16 06:08:26 --> Severity: Warning --> Undefined array key "p_uid" C:\OSPanel\domains\stimul.news\application\views\admins\Profile\Edit.php 32
ERROR - 2023-11-16 06:08:27 --> Severity: Warning --> Undefined variable $partner_data C:\OSPanel\domains\stimul.news\application\views\admins\Profile\Edit.php 37
ERROR - 2023-11-16 06:08:27 --> Severity: Warning --> Trying to access array offset on value of type null C:\OSPanel\domains\stimul.news\application\views\admins\Profile\Edit.php 37
ERROR - 2023-11-16 06:08:27 --> Severity: Warning --> Undefined variable $partner_data C:\OSPanel\domains\stimul.news\application\views\admins\Profile\Edit.php 39
ERROR - 2023-11-16 06:08:27 --> Severity: Warning --> Trying to access array offset on value of type null C:\OSPanel\domains\stimul.news\application\views\admins\Profile\Edit.php 39
ERROR - 2023-11-16 06:08:27 --> Severity: Warning --> Undefined variable $partner_data C:\OSPanel\domains\stimul.news\application\views\admins\Profile\Edit.php 61
ERROR - 2023-11-16 06:08:27 --> Severity: Warning --> Trying to access array offset on value of type null C:\OSPanel\domains\stimul.news\application\views\admins\Profile\Edit.php 61
ERROR - 2023-11-16 06:08:27 --> Severity: Warning --> Undefined variable $partner_data C:\OSPanel\domains\stimul.news\application\views\admins\Profile\Edit.php 72
ERROR - 2023-11-16 06:08:27 --> Severity: Warning --> Trying to access array offset on value of type null C:\OSPanel\domains\stimul.news\application\views\admins\Profile\Edit.php 72
ERROR - 2023-11-16 06:08:27 --> Severity: Warning --> Undefined variable $partner_data C:\OSPanel\domains\stimul.news\application\views\admins\Profile\Edit.php 79
ERROR - 2023-11-16 06:08:27 --> Severity: Warning --> Trying to access array offset on value of type null C:\OSPanel\domains\stimul.news\application\views\admins\Profile\Edit.php 79
ERROR - 2023-11-16 06:15:05 --> Severity: Warning --> Undefined array key "p_uid" C:\OSPanel\domains\stimul.news\application\views\admins\Profile\Edit.php 32
ERROR - 2023-11-16 06:15:05 --> Severity: Warning --> Undefined variable $partner_data C:\OSPanel\domains\stimul.news\application\views\admins\Profile\Edit.php 37
ERROR - 2023-11-16 06:15:05 --> Severity: Warning --> Trying to access array offset on value of type null C:\OSPanel\domains\stimul.news\application\views\admins\Profile\Edit.php 37
ERROR - 2023-11-16 06:15:05 --> Severity: Warning --> Undefined variable $partner_data C:\OSPanel\domains\stimul.news\application\views\admins\Profile\Edit.php 39
ERROR - 2023-11-16 06:15:05 --> Severity: Warning --> Trying to access array offset on value of type null C:\OSPanel\domains\stimul.news\application\views\admins\Profile\Edit.php 39
ERROR - 2023-11-16 06:15:05 --> Severity: Warning --> Undefined variable $partner_data C:\OSPanel\domains\stimul.news\application\views\admins\Profile\Edit.php 61
ERROR - 2023-11-16 06:15:05 --> Severity: Warning --> Trying to access array offset on value of type null C:\OSPanel\domains\stimul.news\application\views\admins\Profile\Edit.php 61
ERROR - 2023-11-16 06:15:05 --> Severity: Warning --> Undefined variable $partner_data C:\OSPanel\domains\stimul.news\application\views\admins\Profile\Edit.php 72
ERROR - 2023-11-16 06:15:05 --> Severity: Warning --> Trying to access array offset on value of type null C:\OSPanel\domains\stimul.news\application\views\admins\Profile\Edit.php 72
ERROR - 2023-11-16 06:15:05 --> Severity: Warning --> Undefined variable $partner_data C:\OSPanel\domains\stimul.news\application\views\admins\Profile\Edit.php 79
ERROR - 2023-11-16 06:15:05 --> Severity: Warning --> Trying to access array offset on value of type null C:\OSPanel\domains\stimul.news\application\views\admins\Profile\Edit.php 79
ERROR - 2023-11-16 06:39:27 --> Severity: Warning --> Undefined array key "p_uid" C:\OSPanel\domains\stimul.news\application\views\admins\Profile\Edit.php 32
ERROR - 2023-11-16 06:39:27 --> Severity: Warning --> Undefined variable $partner_data C:\OSPanel\domains\stimul.news\application\views\admins\Profile\Edit.php 37
ERROR - 2023-11-16 06:39:27 --> Severity: Warning --> Trying to access array offset on value of type null C:\OSPanel\domains\stimul.news\application\views\admins\Profile\Edit.php 37
ERROR - 2023-11-16 06:39:27 --> Severity: Warning --> Undefined variable $partner_data C:\OSPanel\domains\stimul.news\application\views\admins\Profile\Edit.php 39
ERROR - 2023-11-16 06:39:27 --> Severity: Warning --> Trying to access array offset on value of type null C:\OSPanel\domains\stimul.news\application\views\admins\Profile\Edit.php 39
ERROR - 2023-11-16 06:39:27 --> Severity: Warning --> Undefined variable $partner_data C:\OSPanel\domains\stimul.news\application\views\admins\Profile\Edit.php 61
ERROR - 2023-11-16 06:39:27 --> Severity: Warning --> Trying to access array offset on value of type null C:\OSPanel\domains\stimul.news\application\views\admins\Profile\Edit.php 61
ERROR - 2023-11-16 06:39:27 --> Severity: Warning --> Undefined variable $partner_data C:\OSPanel\domains\stimul.news\application\views\admins\Profile\Edit.php 72
ERROR - 2023-11-16 06:39:27 --> Severity: Warning --> Trying to access array offset on value of type null C:\OSPanel\domains\stimul.news\application\views\admins\Profile\Edit.php 72
ERROR - 2023-11-16 06:39:27 --> Severity: Warning --> Undefined variable $partner_data C:\OSPanel\domains\stimul.news\application\views\admins\Profile\Edit.php 79
ERROR - 2023-11-16 06:39:27 --> Severity: Warning --> Trying to access array offset on value of type null C:\OSPanel\domains\stimul.news\application\views\admins\Profile\Edit.php 79
ERROR - 2023-11-16 06:39:30 --> Severity: Warning --> Undefined array key "p_uid" C:\OSPanel\domains\stimul.news\application\views\admins\Profile\Edit.php 32
ERROR - 2023-11-16 06:39:30 --> Severity: Warning --> Undefined variable $partner_data C:\OSPanel\domains\stimul.news\application\views\admins\Profile\Edit.php 37
ERROR - 2023-11-16 06:39:30 --> Severity: Warning --> Trying to access array offset on value of type null C:\OSPanel\domains\stimul.news\application\views\admins\Profile\Edit.php 37
ERROR - 2023-11-16 06:39:30 --> Severity: Warning --> Undefined variable $partner_data C:\OSPanel\domains\stimul.news\application\views\admins\Profile\Edit.php 39
ERROR - 2023-11-16 06:39:30 --> Severity: Warning --> Trying to access array offset on value of type null C:\OSPanel\domains\stimul.news\application\views\admins\Profile\Edit.php 39
ERROR - 2023-11-16 06:39:30 --> Severity: Warning --> Undefined variable $partner_data C:\OSPanel\domains\stimul.news\application\views\admins\Profile\Edit.php 61
ERROR - 2023-11-16 06:39:30 --> Severity: Warning --> Trying to access array offset on value of type null C:\OSPanel\domains\stimul.news\application\views\admins\Profile\Edit.php 61
ERROR - 2023-11-16 06:39:30 --> Severity: Warning --> Undefined variable $partner_data C:\OSPanel\domains\stimul.news\application\views\admins\Profile\Edit.php 72
ERROR - 2023-11-16 06:39:30 --> Severity: Warning --> Trying to access array offset on value of type null C:\OSPanel\domains\stimul.news\application\views\admins\Profile\Edit.php 72
ERROR - 2023-11-16 06:39:30 --> Severity: Warning --> Undefined variable $partner_data C:\OSPanel\domains\stimul.news\application\views\admins\Profile\Edit.php 79
ERROR - 2023-11-16 06:39:30 --> Severity: Warning --> Trying to access array offset on value of type null C:\OSPanel\domains\stimul.news\application\views\admins\Profile\Edit.php 79
ERROR - 2023-11-16 06:47:27 --> Severity: Warning --> Undefined array key "p_uid" C:\OSPanel\domains\stimul.news\application\views\admins\Profile\Edit.php 32
ERROR - 2023-11-16 06:47:27 --> Severity: Warning --> Undefined variable $partner_data C:\OSPanel\domains\stimul.news\application\views\admins\Profile\Edit.php 37
ERROR - 2023-11-16 06:47:27 --> Severity: Warning --> Trying to access array offset on value of type null C:\OSPanel\domains\stimul.news\application\views\admins\Profile\Edit.php 37
ERROR - 2023-11-16 06:47:27 --> Severity: Warning --> Undefined variable $partner_data C:\OSPanel\domains\stimul.news\application\views\admins\Profile\Edit.php 39
ERROR - 2023-11-16 06:47:27 --> Severity: Warning --> Trying to access array offset on value of type null C:\OSPanel\domains\stimul.news\application\views\admins\Profile\Edit.php 39
ERROR - 2023-11-16 06:47:27 --> Severity: Warning --> Undefined variable $partner_data C:\OSPanel\domains\stimul.news\application\views\admins\Profile\Edit.php 61
ERROR - 2023-11-16 06:47:27 --> Severity: Warning --> Trying to access array offset on value of type null C:\OSPanel\domains\stimul.news\application\views\admins\Profile\Edit.php 61
ERROR - 2023-11-16 06:47:27 --> Severity: Warning --> Undefined variable $partner_data C:\OSPanel\domains\stimul.news\application\views\admins\Profile\Edit.php 72
ERROR - 2023-11-16 06:47:27 --> Severity: Warning --> Trying to access array offset on value of type null C:\OSPanel\domains\stimul.news\application\views\admins\Profile\Edit.php 72
ERROR - 2023-11-16 06:47:27 --> Severity: Warning --> Undefined variable $partner_data C:\OSPanel\domains\stimul.news\application\views\admins\Profile\Edit.php 79
ERROR - 2023-11-16 06:47:27 --> Severity: Warning --> Trying to access array offset on value of type null C:\OSPanel\domains\stimul.news\application\views\admins\Profile\Edit.php 79
ERROR - 2023-11-16 06:47:32 --> Severity: Warning --> Undefined array key "p_uid" C:\OSPanel\domains\stimul.news\application\views\admins\Profile\Edit.php 32
ERROR - 2023-11-16 06:47:32 --> Severity: Warning --> Undefined variable $partner_data C:\OSPanel\domains\stimul.news\application\views\admins\Profile\Edit.php 37
ERROR - 2023-11-16 06:47:32 --> Severity: Warning --> Trying to access array offset on value of type null C:\OSPanel\domains\stimul.news\application\views\admins\Profile\Edit.php 37
ERROR - 2023-11-16 06:47:32 --> Severity: Warning --> Undefined variable $partner_data C:\OSPanel\domains\stimul.news\application\views\admins\Profile\Edit.php 39
ERROR - 2023-11-16 06:47:32 --> Severity: Warning --> Trying to access array offset on value of type null C:\OSPanel\domains\stimul.news\application\views\admins\Profile\Edit.php 39
ERROR - 2023-11-16 06:47:32 --> Severity: Warning --> Undefined variable $partner_data C:\OSPanel\domains\stimul.news\application\views\admins\Profile\Edit.php 61
ERROR - 2023-11-16 06:47:32 --> Severity: Warning --> Trying to access array offset on value of type null C:\OSPanel\domains\stimul.news\application\views\admins\Profile\Edit.php 61
ERROR - 2023-11-16 06:47:32 --> Severity: Warning --> Undefined variable $partner_data C:\OSPanel\domains\stimul.news\application\views\admins\Profile\Edit.php 72
ERROR - 2023-11-16 06:47:32 --> Severity: Warning --> Trying to access array offset on value of type null C:\OSPanel\domains\stimul.news\application\views\admins\Profile\Edit.php 72
ERROR - 2023-11-16 06:47:32 --> Severity: Warning --> Undefined variable $partner_data C:\OSPanel\domains\stimul.news\application\views\admins\Profile\Edit.php 79
ERROR - 2023-11-16 06:47:32 --> Severity: Warning --> Trying to access array offset on value of type null C:\OSPanel\domains\stimul.news\application\views\admins\Profile\Edit.php 79
ERROR - 2023-11-16 06:49:14 --> Severity: Warning --> Undefined array key "p_uid" C:\OSPanel\domains\stimul.news\application\views\admins\Profile\Edit.php 32
ERROR - 2023-11-16 06:49:14 --> Severity: Warning --> Undefined variable $partner_data C:\OSPanel\domains\stimul.news\application\views\admins\Profile\Edit.php 37
ERROR - 2023-11-16 06:49:14 --> Severity: Warning --> Trying to access array offset on value of type null C:\OSPanel\domains\stimul.news\application\views\admins\Profile\Edit.php 37
ERROR - 2023-11-16 06:49:14 --> Severity: Warning --> Undefined variable $partner_data C:\OSPanel\domains\stimul.news\application\views\admins\Profile\Edit.php 39
ERROR - 2023-11-16 06:49:14 --> Severity: Warning --> Trying to access array offset on value of type null C:\OSPanel\domains\stimul.news\application\views\admins\Profile\Edit.php 39
ERROR - 2023-11-16 06:49:14 --> Severity: Warning --> Undefined variable $partner_data C:\OSPanel\domains\stimul.news\application\views\admins\Profile\Edit.php 61
ERROR - 2023-11-16 06:49:14 --> Severity: Warning --> Trying to access array offset on value of type null C:\OSPanel\domains\stimul.news\application\views\admins\Profile\Edit.php 61
ERROR - 2023-11-16 06:49:14 --> Severity: Warning --> Undefined variable $partner_data C:\OSPanel\domains\stimul.news\application\views\admins\Profile\Edit.php 72
ERROR - 2023-11-16 06:49:14 --> Severity: Warning --> Trying to access array offset on value of type null C:\OSPanel\domains\stimul.news\application\views\admins\Profile\Edit.php 72
ERROR - 2023-11-16 06:49:14 --> Severity: Warning --> Undefined variable $partner_data C:\OSPanel\domains\stimul.news\application\views\admins\Profile\Edit.php 79
ERROR - 2023-11-16 06:49:14 --> Severity: Warning --> Trying to access array offset on value of type null C:\OSPanel\domains\stimul.news\application\views\admins\Profile\Edit.php 79
ERROR - 2023-11-16 06:49:37 --> Severity: Warning --> Undefined array key "p_uid" C:\OSPanel\domains\stimul.news\application\views\admins\Profile\Edit.php 23
ERROR - 2023-11-16 06:49:37 --> Severity: Warning --> Undefined variable $partner_data C:\OSPanel\domains\stimul.news\application\views\admins\Profile\Edit.php 28
ERROR - 2023-11-16 06:49:37 --> Severity: Warning --> Trying to access array offset on value of type null C:\OSPanel\domains\stimul.news\application\views\admins\Profile\Edit.php 28
ERROR - 2023-11-16 06:49:37 --> Severity: Warning --> Undefined variable $partner_data C:\OSPanel\domains\stimul.news\application\views\admins\Profile\Edit.php 30
ERROR - 2023-11-16 06:49:37 --> Severity: Warning --> Trying to access array offset on value of type null C:\OSPanel\domains\stimul.news\application\views\admins\Profile\Edit.php 30
ERROR - 2023-11-16 06:49:37 --> Severity: Warning --> Undefined variable $partner_data C:\OSPanel\domains\stimul.news\application\views\admins\Profile\Edit.php 52
ERROR - 2023-11-16 06:49:37 --> Severity: Warning --> Trying to access array offset on value of type null C:\OSPanel\domains\stimul.news\application\views\admins\Profile\Edit.php 52
ERROR - 2023-11-16 06:49:37 --> Severity: Warning --> Undefined variable $partner_data C:\OSPanel\domains\stimul.news\application\views\admins\Profile\Edit.php 63
ERROR - 2023-11-16 06:49:37 --> Severity: Warning --> Trying to access array offset on value of type null C:\OSPanel\domains\stimul.news\application\views\admins\Profile\Edit.php 63
ERROR - 2023-11-16 06:49:37 --> Severity: Warning --> Undefined variable $partner_data C:\OSPanel\domains\stimul.news\application\views\admins\Profile\Edit.php 70
ERROR - 2023-11-16 06:49:37 --> Severity: Warning --> Trying to access array offset on value of type null C:\OSPanel\domains\stimul.news\application\views\admins\Profile\Edit.php 70
ERROR - 2023-11-16 06:49:47 --> Severity: Warning --> Undefined array key "p_uid" C:\OSPanel\domains\stimul.news\application\views\admins\Profile\Edit.php 32
ERROR - 2023-11-16 06:49:47 --> Severity: Warning --> Undefined variable $partner_data C:\OSPanel\domains\stimul.news\application\views\admins\Profile\Edit.php 37
ERROR - 2023-11-16 06:49:47 --> Severity: Warning --> Trying to access array offset on value of type null C:\OSPanel\domains\stimul.news\application\views\admins\Profile\Edit.php 37
ERROR - 2023-11-16 06:49:47 --> Severity: Warning --> Undefined variable $partner_data C:\OSPanel\domains\stimul.news\application\views\admins\Profile\Edit.php 39
ERROR - 2023-11-16 06:49:47 --> Severity: Warning --> Trying to access array offset on value of type null C:\OSPanel\domains\stimul.news\application\views\admins\Profile\Edit.php 39
ERROR - 2023-11-16 06:49:47 --> Severity: Warning --> Undefined variable $partner_data C:\OSPanel\domains\stimul.news\application\views\admins\Profile\Edit.php 61
ERROR - 2023-11-16 06:49:47 --> Severity: Warning --> Trying to access array offset on value of type null C:\OSPanel\domains\stimul.news\application\views\admins\Profile\Edit.php 61
ERROR - 2023-11-16 06:49:47 --> Severity: Warning --> Undefined variable $partner_data C:\OSPanel\domains\stimul.news\application\views\admins\Profile\Edit.php 72
ERROR - 2023-11-16 06:49:47 --> Severity: Warning --> Trying to access array offset on value of type null C:\OSPanel\domains\stimul.news\application\views\admins\Profile\Edit.php 72
ERROR - 2023-11-16 06:49:47 --> Severity: Warning --> Undefined variable $partner_data C:\OSPanel\domains\stimul.news\application\views\admins\Profile\Edit.php 79
ERROR - 2023-11-16 06:49:47 --> Severity: Warning --> Trying to access array offset on value of type null C:\OSPanel\domains\stimul.news\application\views\admins\Profile\Edit.php 79
ERROR - 2023-11-16 06:50:01 --> Severity: Warning --> Undefined variable $partner_data C:\OSPanel\domains\stimul.news\application\views\admins\Profile\Edit.php 37
ERROR - 2023-11-16 06:50:01 --> Severity: Warning --> Trying to access array offset on value of type null C:\OSPanel\domains\stimul.news\application\views\admins\Profile\Edit.php 37
ERROR - 2023-11-16 06:50:01 --> Severity: Warning --> Undefined variable $partner_data C:\OSPanel\domains\stimul.news\application\views\admins\Profile\Edit.php 39
ERROR - 2023-11-16 06:50:01 --> Severity: Warning --> Trying to access array offset on value of type null C:\OSPanel\domains\stimul.news\application\views\admins\Profile\Edit.php 39
ERROR - 2023-11-16 06:50:01 --> Severity: Warning --> Undefined variable $partner_data C:\OSPanel\domains\stimul.news\application\views\admins\Profile\Edit.php 61
ERROR - 2023-11-16 06:50:01 --> Severity: Warning --> Trying to access array offset on value of type null C:\OSPanel\domains\stimul.news\application\views\admins\Profile\Edit.php 61
ERROR - 2023-11-16 06:50:01 --> Severity: Warning --> Undefined variable $partner_data C:\OSPanel\domains\stimul.news\application\views\admins\Profile\Edit.php 72
ERROR - 2023-11-16 06:50:01 --> Severity: Warning --> Trying to access array offset on value of type null C:\OSPanel\domains\stimul.news\application\views\admins\Profile\Edit.php 72
ERROR - 2023-11-16 06:50:01 --> Severity: Warning --> Undefined variable $partner_data C:\OSPanel\domains\stimul.news\application\views\admins\Profile\Edit.php 79
ERROR - 2023-11-16 06:50:01 --> Severity: Warning --> Trying to access array offset on value of type null C:\OSPanel\domains\stimul.news\application\views\admins\Profile\Edit.php 79
ERROR - 2023-11-16 06:50:35 --> Severity: Warning --> Undefined variable $partner_data C:\OSPanel\domains\stimul.news\application\views\admins\Profile\Edit.php 61
ERROR - 2023-11-16 06:50:35 --> Severity: Warning --> Trying to access array offset on value of type null C:\OSPanel\domains\stimul.news\application\views\admins\Profile\Edit.php 61
ERROR - 2023-11-16 06:50:35 --> Severity: Warning --> Undefined variable $partner_data C:\OSPanel\domains\stimul.news\application\views\admins\Profile\Edit.php 72
ERROR - 2023-11-16 06:50:35 --> Severity: Warning --> Trying to access array offset on value of type null C:\OSPanel\domains\stimul.news\application\views\admins\Profile\Edit.php 72
ERROR - 2023-11-16 06:50:35 --> Severity: Warning --> Undefined variable $partner_data C:\OSPanel\domains\stimul.news\application\views\admins\Profile\Edit.php 79
ERROR - 2023-11-16 06:50:35 --> Severity: Warning --> Trying to access array offset on value of type null C:\OSPanel\domains\stimul.news\application\views\admins\Profile\Edit.php 79
ERROR - 2023-11-16 06:51:01 --> Severity: Warning --> Undefined variable $partner_data C:\OSPanel\domains\stimul.news\application\views\admins\Profile\Edit.php 53
ERROR - 2023-11-16 06:51:01 --> Severity: Warning --> Trying to access array offset on value of type null C:\OSPanel\domains\stimul.news\application\views\admins\Profile\Edit.php 53
ERROR - 2023-11-16 06:51:01 --> Severity: Warning --> Undefined variable $partner_data C:\OSPanel\domains\stimul.news\application\views\admins\Profile\Edit.php 64
ERROR - 2023-11-16 06:51:01 --> Severity: Warning --> Trying to access array offset on value of type null C:\OSPanel\domains\stimul.news\application\views\admins\Profile\Edit.php 64
ERROR - 2023-11-16 06:51:01 --> Severity: Warning --> Undefined variable $partner_data C:\OSPanel\domains\stimul.news\application\views\admins\Profile\Edit.php 71
ERROR - 2023-11-16 06:51:01 --> Severity: Warning --> Trying to access array offset on value of type null C:\OSPanel\domains\stimul.news\application\views\admins\Profile\Edit.php 71
ERROR - 2023-11-16 06:56:23 --> Severity: Warning --> Undefined variable $partner_data C:\OSPanel\domains\stimul.news\application\views\admins\Profile\Edit.php 54
ERROR - 2023-11-16 06:56:23 --> Severity: Warning --> Trying to access array offset on value of type null C:\OSPanel\domains\stimul.news\application\views\admins\Profile\Edit.php 54
ERROR - 2023-11-16 06:56:23 --> Severity: Warning --> Undefined variable $partner_data C:\OSPanel\domains\stimul.news\application\views\admins\Profile\Edit.php 66
ERROR - 2023-11-16 06:56:23 --> Severity: Warning --> Trying to access array offset on value of type null C:\OSPanel\domains\stimul.news\application\views\admins\Profile\Edit.php 66
ERROR - 2023-11-16 06:56:23 --> Severity: Warning --> Undefined variable $partner_data C:\OSPanel\domains\stimul.news\application\views\admins\Profile\Edit.php 74
ERROR - 2023-11-16 06:56:23 --> Severity: Warning --> Trying to access array offset on value of type null C:\OSPanel\domains\stimul.news\application\views\admins\Profile\Edit.php 74
ERROR - 2023-11-16 06:56:40 --> Severity: Warning --> Undefined variable $partner_data C:\OSPanel\domains\stimul.news\application\views\admins\Profile\Edit.php 54
ERROR - 2023-11-16 06:56:40 --> Severity: Warning --> Trying to access array offset on value of type null C:\OSPanel\domains\stimul.news\application\views\admins\Profile\Edit.php 54
ERROR - 2023-11-16 23:15:47 --> Severity: Warning --> Undefined array key "a_verified" C:\OSPanel\domains\stimul.news\application\views\admins\Profile\List.php 72
ERROR - 2023-11-16 23:15:47 --> Severity: Warning --> Undefined array key "a_verified" C:\OSPanel\domains\stimul.news\application\views\admins\Profile\List.php 72
ERROR - 2023-11-16 23:16:19 --> Severity: Warning --> Undefined array key "a_verified" C:\OSPanel\domains\stimul.news\application\views\admins\Profile\Detail.php 92
