ERROR - 2023-11-30 00:01:10 --> Severity: Warning --> Undefined array key "HTTP_REFERER" C:\OSPanel\domains\stimul.news\application\controllers\UserController.php 68
ERROR - 2023-11-30 00:07:14 --> Severity: Warning --> Trying to access array offset on value of type bool C:\OSPanel\domains\stimul.news\application\controllers\UserController.php 140
ERROR - 2023-11-30 00:07:14 --> Severity: Warning --> Trying to access array offset on value of type bool C:\OSPanel\domains\stimul.news\application\controllers\UserController.php 141
ERROR - 2023-11-30 00:07:15 --> Severity: Warning --> Trying to access array offset on value of type bool C:\OSPanel\domains\stimul.news\application\controllers\UserController.php 140
ERROR - 2023-11-30 00:07:15 --> Severity: Warning --> Trying to access array offset on value of type bool C:\OSPanel\domains\stimul.news\application\controllers\UserController.php 141
ERROR - 2023-11-30 00:07:15 --> Severity: Warning --> Trying to access array offset on value of type bool C:\OSPanel\domains\stimul.news\application\controllers\UserController.php 140
ERROR - 2023-11-30 00:07:15 --> Severity: Warning --> Trying to access array offset on value of type bool C:\OSPanel\domains\stimul.news\application\controllers\UserController.php 141
ERROR - 2023-11-30 00:07:16 --> Severity: Warning --> Trying to access array offset on value of type bool C:\OSPanel\domains\stimul.news\application\controllers\UserController.php 140
ERROR - 2023-11-30 00:07:16 --> Severity: Warning --> Trying to access array offset on value of type bool C:\OSPanel\domains\stimul.news\application\controllers\UserController.php 141
ERROR - 2023-11-30 00:07:29 --> Severity: Warning --> Undefined array key "HTTP_REFERER" C:\OSPanel\domains\stimul.news\application\controllers\UserController.php 68
ERROR - 2023-11-30 00:07:29 --> Severity: Warning --> Undefined array key "HTTP_REFERER" C:\OSPanel\domains\stimul.news\application\controllers\UserController.php 68
ERROR - 2023-11-30 00:07:29 --> Severity: Warning --> Undefined array key "HTTP_REFERER" C:\OSPanel\domains\stimul.news\application\controllers\UserController.php 68
ERROR - 2023-11-30 00:07:29 --> Severity: Warning --> Undefined array key "HTTP_REFERER" C:\OSPanel\domains\stimul.news\application\controllers\UserController.php 68
ERROR - 2023-11-30 00:07:29 --> Severity: Warning --> Undefined array key "HTTP_REFERER" C:\OSPanel\domains\stimul.news\application\controllers\UserController.php 68
ERROR - 2023-11-30 00:07:29 --> Severity: Warning --> Undefined array key "HTTP_REFERER" C:\OSPanel\domains\stimul.news\application\controllers\UserController.php 68
ERROR - 2023-11-30 00:07:30 --> Severity: Warning --> Undefined array key "HTTP_REFERER" C:\OSPanel\domains\stimul.news\application\controllers\UserController.php 68
ERROR - 2023-11-30 00:07:30 --> Severity: Warning --> Undefined array key "HTTP_REFERER" C:\OSPanel\domains\stimul.news\application\controllers\UserController.php 68
ERROR - 2023-11-30 00:07:30 --> Severity: Warning --> Undefined array key "HTTP_REFERER" C:\OSPanel\domains\stimul.news\application\controllers\UserController.php 68
ERROR - 2023-11-30 00:07:30 --> Severity: Warning --> Undefined array key "HTTP_REFERER" C:\OSPanel\domains\stimul.news\application\controllers\UserController.php 68
ERROR - 2023-11-30 00:07:30 --> Severity: Warning --> Undefined array key "HTTP_REFERER" C:\OSPanel\domains\stimul.news\application\controllers\UserController.php 68
ERROR - 2023-11-30 00:07:30 --> Severity: Warning --> Undefined array key "HTTP_REFERER" C:\OSPanel\domains\stimul.news\application\controllers\UserController.php 68
ERROR - 2023-11-30 00:07:30 --> Severity: Warning --> Undefined array key "HTTP_REFERER" C:\OSPanel\domains\stimul.news\application\controllers\UserController.php 68
ERROR - 2023-11-30 00:07:30 --> Severity: Warning --> Undefined array key "HTTP_REFERER" C:\OSPanel\domains\stimul.news\application\controllers\UserController.php 68
ERROR - 2023-11-30 00:07:30 --> Severity: Warning --> Undefined array key "HTTP_REFERER" C:\OSPanel\domains\stimul.news\application\controllers\UserController.php 68
ERROR - 2023-11-30 00:07:30 --> Severity: Warning --> Undefined array key "HTTP_REFERER" C:\OSPanel\domains\stimul.news\application\controllers\UserController.php 68
ERROR - 2023-11-30 00:07:30 --> Severity: Warning --> Undefined array key "HTTP_REFERER" C:\OSPanel\domains\stimul.news\application\controllers\UserController.php 68
ERROR - 2023-11-30 00:07:30 --> Severity: Warning --> Undefined array key "HTTP_REFERER" C:\OSPanel\domains\stimul.news\application\controllers\UserController.php 68
ERROR - 2023-11-30 00:07:30 --> Severity: Warning --> Undefined array key "HTTP_REFERER" C:\OSPanel\domains\stimul.news\application\controllers\UserController.php 68
ERROR - 2023-11-30 00:07:30 --> Severity: Warning --> Undefined array key "HTTP_REFERER" C:\OSPanel\domains\stimul.news\application\controllers\UserController.php 68
ERROR - 2023-11-30 00:07:30 --> Severity: Warning --> Undefined array key "HTTP_REFERER" C:\OSPanel\domains\stimul.news\application\controllers\UserController.php 68
ERROR - 2023-11-30 00:07:30 --> Severity: Warning --> Undefined array key "HTTP_REFERER" C:\OSPanel\domains\stimul.news\application\controllers\UserController.php 68
ERROR - 2023-11-30 00:07:30 --> Severity: Warning --> Undefined array key "HTTP_REFERER" C:\OSPanel\domains\stimul.news\application\controllers\UserController.php 68
ERROR - 2023-11-30 00:07:30 --> Severity: Warning --> Undefined array key "HTTP_REFERER" C:\OSPanel\domains\stimul.news\application\controllers\UserController.php 68
ERROR - 2023-11-30 00:07:30 --> Severity: Warning --> Undefined array key "HTTP_REFERER" C:\OSPanel\domains\stimul.news\application\controllers\UserController.php 68
ERROR - 2023-11-30 00:07:30 --> Severity: Warning --> Undefined array key "HTTP_REFERER" C:\OSPanel\domains\stimul.news\application\controllers\UserController.php 68
ERROR - 2023-11-30 00:07:30 --> Severity: Warning --> Undefined array key "HTTP_REFERER" C:\OSPanel\domains\stimul.news\application\controllers\UserController.php 68
ERROR - 2023-11-30 00:07:31 --> Severity: Warning --> Undefined array key "HTTP_REFERER" C:\OSPanel\domains\stimul.news\application\controllers\UserController.php 68
ERROR - 2023-11-30 00:07:31 --> Severity: Warning --> Undefined array key "HTTP_REFERER" C:\OSPanel\domains\stimul.news\application\controllers\UserController.php 68
ERROR - 2023-11-30 00:07:31 --> Severity: Warning --> Undefined array key "HTTP_REFERER" C:\OSPanel\domains\stimul.news\application\controllers\UserController.php 68
ERROR - 2023-11-30 00:07:31 --> Severity: Warning --> Undefined array key "HTTP_REFERER" C:\OSPanel\domains\stimul.news\application\controllers\UserController.php 68
ERROR - 2023-11-30 00:07:31 --> Severity: Warning --> Undefined array key "HTTP_REFERER" C:\OSPanel\domains\stimul.news\application\controllers\UserController.php 68
ERROR - 2023-11-30 00:07:31 --> Severity: Warning --> Undefined array key "HTTP_REFERER" C:\OSPanel\domains\stimul.news\application\controllers\UserController.php 68
ERROR - 2023-11-30 00:07:31 --> Severity: Warning --> Undefined array key "HTTP_REFERER" C:\OSPanel\domains\stimul.news\application\controllers\UserController.php 68
ERROR - 2023-11-30 00:07:31 --> Severity: Warning --> Undefined array key "HTTP_REFERER" C:\OSPanel\domains\stimul.news\application\controllers\UserController.php 68
ERROR - 2023-11-30 00:07:31 --> Severity: Warning --> Undefined array key "HTTP_REFERER" C:\OSPanel\domains\stimul.news\application\controllers\UserController.php 68
ERROR - 2023-11-30 00:07:31 --> Severity: Warning --> Undefined array key "HTTP_REFERER" C:\OSPanel\domains\stimul.news\application\controllers\UserController.php 68
ERROR - 2023-11-30 00:07:32 --> Severity: Warning --> Undefined array key "HTTP_REFERER" C:\OSPanel\domains\stimul.news\application\controllers\UserController.php 68
ERROR - 2023-11-30 00:07:32 --> Severity: Warning --> Undefined array key "HTTP_REFERER" C:\OSPanel\domains\stimul.news\application\controllers\UserController.php 68
ERROR - 2023-11-30 00:07:32 --> Severity: Warning --> Undefined array key "HTTP_REFERER" C:\OSPanel\domains\stimul.news\application\controllers\UserController.php 68
ERROR - 2023-11-30 00:07:32 --> Severity: Warning --> Undefined array key "HTTP_REFERER" C:\OSPanel\domains\stimul.news\application\controllers\UserController.php 68
ERROR - 2023-11-30 00:07:32 --> Severity: Warning --> Undefined array key "HTTP_REFERER" C:\OSPanel\domains\stimul.news\application\controllers\UserController.php 68
ERROR - 2023-11-30 00:07:32 --> Severity: Warning --> Undefined array key "HTTP_REFERER" C:\OSPanel\domains\stimul.news\application\controllers\UserController.php 68
ERROR - 2023-11-30 00:07:32 --> Severity: Warning --> Undefined array key "HTTP_REFERER" C:\OSPanel\domains\stimul.news\application\controllers\UserController.php 68
ERROR - 2023-11-30 00:07:39 --> Severity: Warning --> Trying to access array offset on value of type null C:\OSPanel\domains\stimul.news\application\controllers\UserController.php 88
ERROR - 2023-11-30 00:07:39 --> Severity: Warning --> Trying to access array offset on value of type null C:\OSPanel\domains\stimul.news\application\controllers\UserController.php 88
ERROR - 2023-11-30 00:07:39 --> Severity: Warning --> Trying to access array offset on value of type null C:\OSPanel\domains\stimul.news\application\controllers\UserController.php 90
ERROR - 2023-11-30 00:07:39 --> Severity: Warning --> Trying to access array offset on value of type null C:\OSPanel\domains\stimul.news\application\controllers\UserController.php 91
ERROR - 2023-11-30 00:07:39 --> Severity: Warning --> Trying to access array offset on value of type null C:\OSPanel\domains\stimul.news\application\views\users\contents\SingleNews.php 6
ERROR - 2023-11-30 00:07:39 --> Severity: Warning --> Trying to access array offset on value of type null C:\OSPanel\domains\stimul.news\application\views\users\contents\SingleNews.php 7
ERROR - 2023-11-30 00:07:39 --> Severity: Warning --> Trying to access array offset on value of type null C:\OSPanel\domains\stimul.news\application\views\users\contents\SingleNews.php 8
ERROR - 2023-11-30 00:07:39 --> Severity: Warning --> Trying to access array offset on value of type null C:\OSPanel\domains\stimul.news\application\views\users\contents\SingleNews.php 16
ERROR - 2023-11-30 00:07:39 --> Severity: Warning --> Trying to access array offset on value of type null C:\OSPanel\domains\stimul.news\application\views\users\contents\SingleNews.php 16
ERROR - 2023-11-30 00:07:39 --> Severity: Warning --> Trying to access array offset on value of type null C:\OSPanel\domains\stimul.news\application\views\users\contents\SingleNews.php 18
ERROR - 2023-11-30 00:07:39 --> Severity: Warning --> Trying to access array offset on value of type null C:\OSPanel\domains\stimul.news\application\views\users\contents\SingleNews.php 18
ERROR - 2023-11-30 00:07:39 --> Severity: Warning --> Trying to access array offset on value of type null C:\OSPanel\domains\stimul.news\application\views\users\contents\SingleNews.php 18
ERROR - 2023-11-30 00:07:39 --> Severity: Warning --> Trying to access array offset on value of type null C:\OSPanel\domains\stimul.news\application\views\users\contents\SingleNews.php 23
ERROR - 2023-11-30 00:07:39 --> Severity: Warning --> Trying to access array offset on value of type null C:\OSPanel\domains\stimul.news\application\views\users\contents\SingleNews.php 28
ERROR - 2023-11-30 00:07:39 --> Severity: Warning --> Trying to access array offset on value of type null C:\OSPanel\domains\stimul.news\application\views\users\contents\SingleNews.php 33
ERROR - 2023-11-30 00:07:41 --> Severity: Warning --> Trying to access array offset on value of type null C:\OSPanel\domains\stimul.news\application\controllers\UserController.php 88
ERROR - 2023-11-30 00:07:41 --> Severity: Warning --> Trying to access array offset on value of type null C:\OSPanel\domains\stimul.news\application\controllers\UserController.php 88
ERROR - 2023-11-30 00:07:41 --> Severity: Warning --> Trying to access array offset on value of type null C:\OSPanel\domains\stimul.news\application\controllers\UserController.php 90
ERROR - 2023-11-30 00:07:41 --> Severity: Warning --> Trying to access array offset on value of type null C:\OSPanel\domains\stimul.news\application\controllers\UserController.php 91
ERROR - 2023-11-30 00:07:41 --> Severity: Warning --> Trying to access array offset on value of type null C:\OSPanel\domains\stimul.news\application\views\users\contents\SingleNews.php 6
ERROR - 2023-11-30 00:07:41 --> Severity: Warning --> Trying to access array offset on value of type null C:\OSPanel\domains\stimul.news\application\views\users\contents\SingleNews.php 7
ERROR - 2023-11-30 00:07:41 --> Severity: Warning --> Trying to access array offset on value of type null C:\OSPanel\domains\stimul.news\application\views\users\contents\SingleNews.php 8
ERROR - 2023-11-30 00:07:41 --> Severity: Warning --> Trying to access array offset on value of type null C:\OSPanel\domains\stimul.news\application\views\users\contents\SingleNews.php 16
ERROR - 2023-11-30 00:07:41 --> Severity: Warning --> Trying to access array offset on value of type null C:\OSPanel\domains\stimul.news\application\views\users\contents\SingleNews.php 16
ERROR - 2023-11-30 00:07:41 --> Severity: Warning --> Trying to access array offset on value of type null C:\OSPanel\domains\stimul.news\application\views\users\contents\SingleNews.php 18
ERROR - 2023-11-30 00:07:41 --> Severity: Warning --> Trying to access array offset on value of type null C:\OSPanel\domains\stimul.news\application\views\users\contents\SingleNews.php 18
ERROR - 2023-11-30 00:07:41 --> Severity: Warning --> Trying to access array offset on value of type null C:\OSPanel\domains\stimul.news\application\views\users\contents\SingleNews.php 18
ERROR - 2023-11-30 00:07:41 --> Severity: Warning --> Trying to access array offset on value of type null C:\OSPanel\domains\stimul.news\application\views\users\contents\SingleNews.php 23
ERROR - 2023-11-30 00:07:41 --> Severity: Warning --> Trying to access array offset on value of type null C:\OSPanel\domains\stimul.news\application\views\users\contents\SingleNews.php 28
ERROR - 2023-11-30 00:07:41 --> Severity: Warning --> Trying to access array offset on value of type null C:\OSPanel\domains\stimul.news\application\views\users\contents\SingleNews.php 33
ERROR - 2023-11-30 00:07:42 --> Severity: Warning --> Trying to access array offset on value of type null C:\OSPanel\domains\stimul.news\application\controllers\UserController.php 88
ERROR - 2023-11-30 00:07:42 --> Severity: Warning --> Trying to access array offset on value of type null C:\OSPanel\domains\stimul.news\application\controllers\UserController.php 88
ERROR - 2023-11-30 00:07:42 --> Severity: Warning --> Trying to access array offset on value of type null C:\OSPanel\domains\stimul.news\application\controllers\UserController.php 90
ERROR - 2023-11-30 00:07:42 --> Severity: Warning --> Trying to access array offset on value of type null C:\OSPanel\domains\stimul.news\application\controllers\UserController.php 91
ERROR - 2023-11-30 00:07:42 --> Severity: Warning --> Trying to access array offset on value of type null C:\OSPanel\domains\stimul.news\application\views\users\contents\SingleNews.php 6
ERROR - 2023-11-30 00:07:42 --> Severity: Warning --> Trying to access array offset on value of type null C:\OSPanel\domains\stimul.news\application\views\users\contents\SingleNews.php 7
ERROR - 2023-11-30 00:07:42 --> Severity: Warning --> Trying to access array offset on value of type null C:\OSPanel\domains\stimul.news\application\views\users\contents\SingleNews.php 8
ERROR - 2023-11-30 00:07:42 --> Severity: Warning --> Trying to access array offset on value of type null C:\OSPanel\domains\stimul.news\application\views\users\contents\SingleNews.php 16
ERROR - 2023-11-30 00:07:42 --> Severity: Warning --> Trying to access array offset on value of type null C:\OSPanel\domains\stimul.news\application\views\users\contents\SingleNews.php 16
ERROR - 2023-11-30 00:07:42 --> Severity: Warning --> Trying to access array offset on value of type null C:\OSPanel\domains\stimul.news\application\views\users\contents\SingleNews.php 18
ERROR - 2023-11-30 00:07:42 --> Severity: Warning --> Trying to access array offset on value of type null C:\OSPanel\domains\stimul.news\application\views\users\contents\SingleNews.php 18
ERROR - 2023-11-30 00:07:42 --> Severity: Warning --> Trying to access array offset on value of type null C:\OSPanel\domains\stimul.news\application\views\users\contents\SingleNews.php 18
ERROR - 2023-11-30 00:07:42 --> Severity: Warning --> Trying to access array offset on value of type null C:\OSPanel\domains\stimul.news\application\views\users\contents\SingleNews.php 23
ERROR - 2023-11-30 00:07:42 --> Severity: Warning --> Trying to access array offset on value of type null C:\OSPanel\domains\stimul.news\application\views\users\contents\SingleNews.php 28
ERROR - 2023-11-30 00:07:42 --> Severity: Warning --> Trying to access array offset on value of type null C:\OSPanel\domains\stimul.news\application\views\users\contents\SingleNews.php 33
ERROR - 2023-11-30 00:07:42 --> Severity: Warning --> Trying to access array offset on value of type null C:\OSPanel\domains\stimul.news\application\controllers\UserController.php 88
ERROR - 2023-11-30 00:07:42 --> Severity: Warning --> Trying to access array offset on value of type null C:\OSPanel\domains\stimul.news\application\controllers\UserController.php 88
ERROR - 2023-11-30 00:07:42 --> Severity: Warning --> Trying to access array offset on value of type null C:\OSPanel\domains\stimul.news\application\controllers\UserController.php 90
ERROR - 2023-11-30 00:07:42 --> Severity: Warning --> Trying to access array offset on value of type null C:\OSPanel\domains\stimul.news\application\controllers\UserController.php 91
ERROR - 2023-11-30 00:07:42 --> Severity: Warning --> Trying to access array offset on value of type null C:\OSPanel\domains\stimul.news\application\views\users\contents\SingleNews.php 6
ERROR - 2023-11-30 00:07:42 --> Severity: Warning --> Trying to access array offset on value of type null C:\OSPanel\domains\stimul.news\application\views\users\contents\SingleNews.php 7
ERROR - 2023-11-30 00:07:42 --> Severity: Warning --> Trying to access array offset on value of type null C:\OSPanel\domains\stimul.news\application\views\users\contents\SingleNews.php 8
ERROR - 2023-11-30 00:07:42 --> Severity: Warning --> Trying to access array offset on value of type null C:\OSPanel\domains\stimul.news\application\views\users\contents\SingleNews.php 16
ERROR - 2023-11-30 00:07:42 --> Severity: Warning --> Trying to access array offset on value of type null C:\OSPanel\domains\stimul.news\application\views\users\contents\SingleNews.php 16
ERROR - 2023-11-30 00:07:42 --> Severity: Warning --> Trying to access array offset on value of type null C:\OSPanel\domains\stimul.news\application\views\users\contents\SingleNews.php 18
ERROR - 2023-11-30 00:07:42 --> Severity: Warning --> Trying to access array offset on value of type null C:\OSPanel\domains\stimul.news\application\views\users\contents\SingleNews.php 18
ERROR - 2023-11-30 00:07:42 --> Severity: Warning --> Trying to access array offset on value of type null C:\OSPanel\domains\stimul.news\application\views\users\contents\SingleNews.php 18
ERROR - 2023-11-30 00:07:42 --> Severity: Warning --> Trying to access array offset on value of type null C:\OSPanel\domains\stimul.news\application\views\users\contents\SingleNews.php 23
ERROR - 2023-11-30 00:07:42 --> Severity: Warning --> Trying to access array offset on value of type null C:\OSPanel\domains\stimul.news\application\views\users\contents\SingleNews.php 28
ERROR - 2023-11-30 00:07:42 --> Severity: Warning --> Trying to access array offset on value of type null C:\OSPanel\domains\stimul.news\application\views\users\contents\SingleNews.php 33
ERROR - 2023-11-30 00:07:54 --> Severity: Warning --> Trying to access array offset on value of type null C:\OSPanel\domains\stimul.news\application\controllers\UserController.php 88
ERROR - 2023-11-30 00:07:54 --> Severity: Warning --> Trying to access array offset on value of type null C:\OSPanel\domains\stimul.news\application\controllers\UserController.php 88
ERROR - 2023-11-30 00:07:54 --> Severity: Warning --> Trying to access array offset on value of type null C:\OSPanel\domains\stimul.news\application\controllers\UserController.php 90
ERROR - 2023-11-30 00:07:54 --> Severity: Warning --> Trying to access array offset on value of type null C:\OSPanel\domains\stimul.news\application\controllers\UserController.php 91
ERROR - 2023-11-30 00:07:54 --> Severity: Warning --> Trying to access array offset on value of type null C:\OSPanel\domains\stimul.news\application\views\users\contents\SingleNews.php 6
ERROR - 2023-11-30 00:07:54 --> Severity: Warning --> Trying to access array offset on value of type null C:\OSPanel\domains\stimul.news\application\views\users\contents\SingleNews.php 7
ERROR - 2023-11-30 00:07:54 --> Severity: Warning --> Trying to access array offset on value of type null C:\OSPanel\domains\stimul.news\application\views\users\contents\SingleNews.php 8
ERROR - 2023-11-30 00:07:54 --> Severity: Warning --> Trying to access array offset on value of type null C:\OSPanel\domains\stimul.news\application\views\users\contents\SingleNews.php 16
ERROR - 2023-11-30 00:07:54 --> Severity: Warning --> Trying to access array offset on value of type null C:\OSPanel\domains\stimul.news\application\views\users\contents\SingleNews.php 16
ERROR - 2023-11-30 00:07:54 --> Severity: Warning --> Trying to access array offset on value of type null C:\OSPanel\domains\stimul.news\application\views\users\contents\SingleNews.php 18
ERROR - 2023-11-30 00:07:54 --> Severity: Warning --> Trying to access array offset on value of type null C:\OSPanel\domains\stimul.news\application\views\users\contents\SingleNews.php 18
ERROR - 2023-11-30 00:07:54 --> Severity: Warning --> Trying to access array offset on value of type null C:\OSPanel\domains\stimul.news\application\views\users\contents\SingleNews.php 18
ERROR - 2023-11-30 00:07:54 --> Severity: Warning --> Trying to access array offset on value of type null C:\OSPanel\domains\stimul.news\application\views\users\contents\SingleNews.php 23
ERROR - 2023-11-30 00:07:54 --> Severity: Warning --> Trying to access array offset on value of type null C:\OSPanel\domains\stimul.news\application\views\users\contents\SingleNews.php 28
ERROR - 2023-11-30 00:07:54 --> Severity: Warning --> Trying to access array offset on value of type null C:\OSPanel\domains\stimul.news\application\views\users\contents\SingleNews.php 33
ERROR - 2023-11-30 00:11:06 --> Severity: Warning --> Trying to access array offset on value of type null C:\OSPanel\domains\stimul.news\application\controllers\UserController.php 88
ERROR - 2023-11-30 00:11:06 --> Severity: Warning --> Trying to access array offset on value of type null C:\OSPanel\domains\stimul.news\application\controllers\UserController.php 88
ERROR - 2023-11-30 00:11:06 --> Severity: Warning --> Trying to access array offset on value of type null C:\OSPanel\domains\stimul.news\application\controllers\UserController.php 90
ERROR - 2023-11-30 00:11:06 --> Severity: Warning --> Trying to access array offset on value of type null C:\OSPanel\domains\stimul.news\application\controllers\UserController.php 91
ERROR - 2023-11-30 00:11:06 --> Severity: Warning --> Trying to access array offset on value of type null C:\OSPanel\domains\stimul.news\application\views\users\contents\SingleNews.php 6
ERROR - 2023-11-30 00:11:06 --> Severity: Warning --> Trying to access array offset on value of type null C:\OSPanel\domains\stimul.news\application\views\users\contents\SingleNews.php 7
ERROR - 2023-11-30 00:11:06 --> Severity: Warning --> Trying to access array offset on value of type null C:\OSPanel\domains\stimul.news\application\views\users\contents\SingleNews.php 8
ERROR - 2023-11-30 00:11:06 --> Severity: Warning --> Trying to access array offset on value of type null C:\OSPanel\domains\stimul.news\application\views\users\contents\SingleNews.php 16
ERROR - 2023-11-30 00:11:06 --> Severity: Warning --> Trying to access array offset on value of type null C:\OSPanel\domains\stimul.news\application\views\users\contents\SingleNews.php 16
ERROR - 2023-11-30 00:11:06 --> Severity: Warning --> Trying to access array offset on value of type null C:\OSPanel\domains\stimul.news\application\views\users\contents\SingleNews.php 18
ERROR - 2023-11-30 00:11:06 --> Severity: Warning --> Trying to access array offset on value of type null C:\OSPanel\domains\stimul.news\application\views\users\contents\SingleNews.php 18
ERROR - 2023-11-30 00:11:06 --> Severity: Warning --> Trying to access array offset on value of type null C:\OSPanel\domains\stimul.news\application\views\users\contents\SingleNews.php 18
ERROR - 2023-11-30 00:11:06 --> Severity: Warning --> Trying to access array offset on value of type null C:\OSPanel\domains\stimul.news\application\views\users\contents\SingleNews.php 23
ERROR - 2023-11-30 00:11:06 --> Severity: Warning --> Trying to access array offset on value of type null C:\OSPanel\domains\stimul.news\application\views\users\contents\SingleNews.php 28
ERROR - 2023-11-30 00:11:06 --> Severity: Warning --> Trying to access array offset on value of type null C:\OSPanel\domains\stimul.news\application\views\users\contents\SingleNews.php 33
ERROR - 2023-11-30 00:11:09 --> Severity: Warning --> Trying to access array offset on value of type null C:\OSPanel\domains\stimul.news\application\controllers\UserController.php 88
ERROR - 2023-11-30 00:11:09 --> Severity: Warning --> Trying to access array offset on value of type null C:\OSPanel\domains\stimul.news\application\controllers\UserController.php 88
ERROR - 2023-11-30 00:11:09 --> Severity: Warning --> Trying to access array offset on value of type null C:\OSPanel\domains\stimul.news\application\controllers\UserController.php 90
ERROR - 2023-11-30 00:11:09 --> Severity: Warning --> Trying to access array offset on value of type null C:\OSPanel\domains\stimul.news\application\controllers\UserController.php 91
ERROR - 2023-11-30 00:11:09 --> Severity: Warning --> Trying to access array offset on value of type null C:\OSPanel\domains\stimul.news\application\views\users\contents\SingleNews.php 6
ERROR - 2023-11-30 00:11:09 --> Severity: Warning --> Trying to access array offset on value of type null C:\OSPanel\domains\stimul.news\application\views\users\contents\SingleNews.php 7
ERROR - 2023-11-30 00:11:09 --> Severity: Warning --> Trying to access array offset on value of type null C:\OSPanel\domains\stimul.news\application\views\users\contents\SingleNews.php 8
ERROR - 2023-11-30 00:11:09 --> Severity: Warning --> Trying to access array offset on value of type null C:\OSPanel\domains\stimul.news\application\views\users\contents\SingleNews.php 16
ERROR - 2023-11-30 00:11:09 --> Severity: Warning --> Trying to access array offset on value of type null C:\OSPanel\domains\stimul.news\application\views\users\contents\SingleNews.php 16
ERROR - 2023-11-30 00:11:09 --> Severity: Warning --> Trying to access array offset on value of type null C:\OSPanel\domains\stimul.news\application\views\users\contents\SingleNews.php 18
ERROR - 2023-11-30 00:11:09 --> Severity: Warning --> Trying to access array offset on value of type null C:\OSPanel\domains\stimul.news\application\views\users\contents\SingleNews.php 18
ERROR - 2023-11-30 00:11:09 --> Severity: Warning --> Trying to access array offset on value of type null C:\OSPanel\domains\stimul.news\application\views\users\contents\SingleNews.php 18
ERROR - 2023-11-30 00:11:09 --> Severity: Warning --> Trying to access array offset on value of type null C:\OSPanel\domains\stimul.news\application\views\users\contents\SingleNews.php 23
ERROR - 2023-11-30 00:11:09 --> Severity: Warning --> Trying to access array offset on value of type null C:\OSPanel\domains\stimul.news\application\views\users\contents\SingleNews.php 28
ERROR - 2023-11-30 00:11:09 --> Severity: Warning --> Trying to access array offset on value of type null C:\OSPanel\domains\stimul.news\application\views\users\contents\SingleNews.php 33
ERROR - 2023-11-30 00:11:12 --> Severity: Warning --> Trying to access array offset on value of type null C:\OSPanel\domains\stimul.news\application\controllers\UserController.php 88
ERROR - 2023-11-30 00:11:12 --> Severity: Warning --> Trying to access array offset on value of type null C:\OSPanel\domains\stimul.news\application\controllers\UserController.php 88
ERROR - 2023-11-30 00:11:12 --> Severity: Warning --> Trying to access array offset on value of type null C:\OSPanel\domains\stimul.news\application\controllers\UserController.php 90
ERROR - 2023-11-30 00:11:12 --> Severity: Warning --> Trying to access array offset on value of type null C:\OSPanel\domains\stimul.news\application\controllers\UserController.php 91
ERROR - 2023-11-30 00:11:12 --> Severity: Warning --> Trying to access array offset on value of type null C:\OSPanel\domains\stimul.news\application\views\users\contents\SingleNews.php 6
ERROR - 2023-11-30 00:11:12 --> Severity: Warning --> Trying to access array offset on value of type null C:\OSPanel\domains\stimul.news\application\views\users\contents\SingleNews.php 7
ERROR - 2023-11-30 00:11:12 --> Severity: Warning --> Trying to access array offset on value of type null C:\OSPanel\domains\stimul.news\application\views\users\contents\SingleNews.php 8
ERROR - 2023-11-30 00:11:12 --> Severity: Warning --> Trying to access array offset on value of type null C:\OSPanel\domains\stimul.news\application\views\users\contents\SingleNews.php 16
ERROR - 2023-11-30 00:11:12 --> Severity: Warning --> Trying to access array offset on value of type null C:\OSPanel\domains\stimul.news\application\views\users\contents\SingleNews.php 16
ERROR - 2023-11-30 00:11:12 --> Severity: Warning --> Trying to access array offset on value of type null C:\OSPanel\domains\stimul.news\application\views\users\contents\SingleNews.php 18
ERROR - 2023-11-30 00:11:12 --> Severity: Warning --> Trying to access array offset on value of type null C:\OSPanel\domains\stimul.news\application\views\users\contents\SingleNews.php 18
ERROR - 2023-11-30 00:11:12 --> Severity: Warning --> Trying to access array offset on value of type null C:\OSPanel\domains\stimul.news\application\views\users\contents\SingleNews.php 18
ERROR - 2023-11-30 00:11:12 --> Severity: Warning --> Trying to access array offset on value of type null C:\OSPanel\domains\stimul.news\application\views\users\contents\SingleNews.php 23
ERROR - 2023-11-30 00:11:12 --> Severity: Warning --> Trying to access array offset on value of type null C:\OSPanel\domains\stimul.news\application\views\users\contents\SingleNews.php 28
ERROR - 2023-11-30 00:11:12 --> Severity: Warning --> Trying to access array offset on value of type null C:\OSPanel\domains\stimul.news\application\views\users\contents\SingleNews.php 33
ERROR - 2023-11-30 00:11:13 --> Severity: Warning --> Trying to access array offset on value of type null C:\OSPanel\domains\stimul.news\application\controllers\UserController.php 88
ERROR - 2023-11-30 00:11:13 --> Severity: Warning --> Trying to access array offset on value of type null C:\OSPanel\domains\stimul.news\application\controllers\UserController.php 88
ERROR - 2023-11-30 00:11:13 --> Severity: Warning --> Trying to access array offset on value of type null C:\OSPanel\domains\stimul.news\application\controllers\UserController.php 90
ERROR - 2023-11-30 00:11:13 --> Severity: Warning --> Trying to access array offset on value of type null C:\OSPanel\domains\stimul.news\application\controllers\UserController.php 91
ERROR - 2023-11-30 00:11:13 --> Severity: Warning --> Trying to access array offset on value of type null C:\OSPanel\domains\stimul.news\application\views\users\contents\SingleNews.php 6
ERROR - 2023-11-30 00:11:13 --> Severity: Warning --> Trying to access array offset on value of type null C:\OSPanel\domains\stimul.news\application\views\users\contents\SingleNews.php 7
ERROR - 2023-11-30 00:11:13 --> Severity: Warning --> Trying to access array offset on value of type null C:\OSPanel\domains\stimul.news\application\views\users\contents\SingleNews.php 8
ERROR - 2023-11-30 00:11:13 --> Severity: Warning --> Trying to access array offset on value of type null C:\OSPanel\domains\stimul.news\application\views\users\contents\SingleNews.php 16
ERROR - 2023-11-30 00:11:13 --> Severity: Warning --> Trying to access array offset on value of type null C:\OSPanel\domains\stimul.news\application\views\users\contents\SingleNews.php 16
ERROR - 2023-11-30 00:11:13 --> Severity: Warning --> Trying to access array offset on value of type null C:\OSPanel\domains\stimul.news\application\views\users\contents\SingleNews.php 18
ERROR - 2023-11-30 00:11:13 --> Severity: Warning --> Trying to access array offset on value of type null C:\OSPanel\domains\stimul.news\application\views\users\contents\SingleNews.php 18
ERROR - 2023-11-30 00:11:13 --> Severity: Warning --> Trying to access array offset on value of type null C:\OSPanel\domains\stimul.news\application\views\users\contents\SingleNews.php 18
ERROR - 2023-11-30 00:11:13 --> Severity: Warning --> Trying to access array offset on value of type null C:\OSPanel\domains\stimul.news\application\views\users\contents\SingleNews.php 23
ERROR - 2023-11-30 00:11:13 --> Severity: Warning --> Trying to access array offset on value of type null C:\OSPanel\domains\stimul.news\application\views\users\contents\SingleNews.php 28
ERROR - 2023-11-30 00:11:13 --> Severity: Warning --> Trying to access array offset on value of type null C:\OSPanel\domains\stimul.news\application\views\users\contents\SingleNews.php 33
ERROR - 2023-11-30 00:11:17 --> Severity: Warning --> Trying to access array offset on value of type null C:\OSPanel\domains\stimul.news\application\controllers\UserController.php 88
ERROR - 2023-11-30 00:11:17 --> Severity: Warning --> Trying to access array offset on value of type null C:\OSPanel\domains\stimul.news\application\controllers\UserController.php 88
ERROR - 2023-11-30 00:11:17 --> Severity: Warning --> Trying to access array offset on value of type null C:\OSPanel\domains\stimul.news\application\controllers\UserController.php 90
ERROR - 2023-11-30 00:11:17 --> Severity: Warning --> Trying to access array offset on value of type null C:\OSPanel\domains\stimul.news\application\controllers\UserController.php 91
ERROR - 2023-11-30 00:11:17 --> Severity: Warning --> Trying to access array offset on value of type null C:\OSPanel\domains\stimul.news\application\views\users\contents\SingleNews.php 6
ERROR - 2023-11-30 00:11:17 --> Severity: Warning --> Trying to access array offset on value of type null C:\OSPanel\domains\stimul.news\application\views\users\contents\SingleNews.php 7
ERROR - 2023-11-30 00:11:17 --> Severity: Warning --> Trying to access array offset on value of type null C:\OSPanel\domains\stimul.news\application\views\users\contents\SingleNews.php 8
ERROR - 2023-11-30 00:11:17 --> Severity: Warning --> Trying to access array offset on value of type null C:\OSPanel\domains\stimul.news\application\views\users\contents\SingleNews.php 16
ERROR - 2023-11-30 00:11:17 --> Severity: Warning --> Trying to access array offset on value of type null C:\OSPanel\domains\stimul.news\application\views\users\contents\SingleNews.php 16
ERROR - 2023-11-30 00:11:17 --> Severity: Warning --> Trying to access array offset on value of type null C:\OSPanel\domains\stimul.news\application\views\users\contents\SingleNews.php 18
ERROR - 2023-11-30 00:11:17 --> Severity: Warning --> Trying to access array offset on value of type null C:\OSPanel\domains\stimul.news\application\views\users\contents\SingleNews.php 18
ERROR - 2023-11-30 00:11:17 --> Severity: Warning --> Trying to access array offset on value of type null C:\OSPanel\domains\stimul.news\application\views\users\contents\SingleNews.php 18
ERROR - 2023-11-30 00:11:17 --> Severity: Warning --> Trying to access array offset on value of type null C:\OSPanel\domains\stimul.news\application\views\users\contents\SingleNews.php 23
ERROR - 2023-11-30 00:11:17 --> Severity: Warning --> Trying to access array offset on value of type null C:\OSPanel\domains\stimul.news\application\views\users\contents\SingleNews.php 28
ERROR - 2023-11-30 00:11:17 --> Severity: Warning --> Trying to access array offset on value of type null C:\OSPanel\domains\stimul.news\application\views\users\contents\SingleNews.php 33
ERROR - 2023-11-30 00:11:18 --> Severity: Warning --> Trying to access array offset on value of type null C:\OSPanel\domains\stimul.news\application\controllers\UserController.php 88
ERROR - 2023-11-30 00:11:18 --> Severity: Warning --> Trying to access array offset on value of type null C:\OSPanel\domains\stimul.news\application\controllers\UserController.php 88
ERROR - 2023-11-30 00:11:18 --> Severity: Warning --> Trying to access array offset on value of type null C:\OSPanel\domains\stimul.news\application\controllers\UserController.php 90
ERROR - 2023-11-30 00:11:18 --> Severity: Warning --> Trying to access array offset on value of type null C:\OSPanel\domains\stimul.news\application\controllers\UserController.php 91
ERROR - 2023-11-30 00:11:18 --> Severity: Warning --> Trying to access array offset on value of type null C:\OSPanel\domains\stimul.news\application\views\users\contents\SingleNews.php 6
ERROR - 2023-11-30 00:11:18 --> Severity: Warning --> Trying to access array offset on value of type null C:\OSPanel\domains\stimul.news\application\views\users\contents\SingleNews.php 7
ERROR - 2023-11-30 00:11:18 --> Severity: Warning --> Trying to access array offset on value of type null C:\OSPanel\domains\stimul.news\application\views\users\contents\SingleNews.php 8
ERROR - 2023-11-30 00:11:18 --> Severity: Warning --> Trying to access array offset on value of type null C:\OSPanel\domains\stimul.news\application\views\users\contents\SingleNews.php 16
ERROR - 2023-11-30 00:11:18 --> Severity: Warning --> Trying to access array offset on value of type null C:\OSPanel\domains\stimul.news\application\views\users\contents\SingleNews.php 16
ERROR - 2023-11-30 00:11:18 --> Severity: Warning --> Trying to access array offset on value of type null C:\OSPanel\domains\stimul.news\application\views\users\contents\SingleNews.php 18
ERROR - 2023-11-30 00:11:18 --> Severity: Warning --> Trying to access array offset on value of type null C:\OSPanel\domains\stimul.news\application\views\users\contents\SingleNews.php 18
ERROR - 2023-11-30 00:11:18 --> Severity: Warning --> Trying to access array offset on value of type null C:\OSPanel\domains\stimul.news\application\views\users\contents\SingleNews.php 18
ERROR - 2023-11-30 00:11:18 --> Severity: Warning --> Trying to access array offset on value of type null C:\OSPanel\domains\stimul.news\application\views\users\contents\SingleNews.php 23
ERROR - 2023-11-30 00:11:18 --> Severity: Warning --> Trying to access array offset on value of type null C:\OSPanel\domains\stimul.news\application\views\users\contents\SingleNews.php 28
ERROR - 2023-11-30 00:11:18 --> Severity: Warning --> Trying to access array offset on value of type null C:\OSPanel\domains\stimul.news\application\views\users\contents\SingleNews.php 33
ERROR - 2023-11-30 00:11:19 --> Severity: Warning --> Trying to access array offset on value of type null C:\OSPanel\domains\stimul.news\application\controllers\UserController.php 88
ERROR - 2023-11-30 00:11:19 --> Severity: Warning --> Trying to access array offset on value of type null C:\OSPanel\domains\stimul.news\application\controllers\UserController.php 88
ERROR - 2023-11-30 00:11:19 --> Severity: Warning --> Trying to access array offset on value of type null C:\OSPanel\domains\stimul.news\application\controllers\UserController.php 90
ERROR - 2023-11-30 00:11:19 --> Severity: Warning --> Trying to access array offset on value of type null C:\OSPanel\domains\stimul.news\application\controllers\UserController.php 91
ERROR - 2023-11-30 00:11:19 --> Severity: Warning --> Trying to access array offset on value of type null C:\OSPanel\domains\stimul.news\application\views\users\contents\SingleNews.php 6
ERROR - 2023-11-30 00:11:19 --> Severity: Warning --> Trying to access array offset on value of type null C:\OSPanel\domains\stimul.news\application\views\users\contents\SingleNews.php 7
ERROR - 2023-11-30 00:11:19 --> Severity: Warning --> Trying to access array offset on value of type null C:\OSPanel\domains\stimul.news\application\views\users\contents\SingleNews.php 8
ERROR - 2023-11-30 00:11:19 --> Severity: Warning --> Trying to access array offset on value of type null C:\OSPanel\domains\stimul.news\application\views\users\contents\SingleNews.php 16
ERROR - 2023-11-30 00:11:19 --> Severity: Warning --> Trying to access array offset on value of type null C:\OSPanel\domains\stimul.news\application\views\users\contents\SingleNews.php 16
ERROR - 2023-11-30 00:11:19 --> Severity: Warning --> Trying to access array offset on value of type null C:\OSPanel\domains\stimul.news\application\views\users\contents\SingleNews.php 18
ERROR - 2023-11-30 00:11:19 --> Severity: Warning --> Trying to access array offset on value of type null C:\OSPanel\domains\stimul.news\application\views\users\contents\SingleNews.php 18
ERROR - 2023-11-30 00:11:19 --> Severity: Warning --> Trying to access array offset on value of type null C:\OSPanel\domains\stimul.news\application\views\users\contents\SingleNews.php 18
ERROR - 2023-11-30 00:11:19 --> Severity: Warning --> Trying to access array offset on value of type null C:\OSPanel\domains\stimul.news\application\views\users\contents\SingleNews.php 23
ERROR - 2023-11-30 00:11:19 --> Severity: Warning --> Trying to access array offset on value of type null C:\OSPanel\domains\stimul.news\application\views\users\contents\SingleNews.php 28
ERROR - 2023-11-30 00:11:19 --> Severity: Warning --> Trying to access array offset on value of type null C:\OSPanel\domains\stimul.news\application\views\users\contents\SingleNews.php 33
ERROR - 2023-11-30 00:11:24 --> Severity: Warning --> Trying to access array offset on value of type null C:\OSPanel\domains\stimul.news\application\controllers\UserController.php 88
ERROR - 2023-11-30 00:11:24 --> Severity: Warning --> Trying to access array offset on value of type null C:\OSPanel\domains\stimul.news\application\controllers\UserController.php 88
ERROR - 2023-11-30 00:11:24 --> Severity: Warning --> Trying to access array offset on value of type null C:\OSPanel\domains\stimul.news\application\controllers\UserController.php 90
ERROR - 2023-11-30 00:11:24 --> Severity: Warning --> Trying to access array offset on value of type null C:\OSPanel\domains\stimul.news\application\controllers\UserController.php 91
ERROR - 2023-11-30 00:11:24 --> Severity: Warning --> Trying to access array offset on value of type null C:\OSPanel\domains\stimul.news\application\views\users\contents\SingleNews.php 6
ERROR - 2023-11-30 00:11:24 --> Severity: Warning --> Trying to access array offset on value of type null C:\OSPanel\domains\stimul.news\application\views\users\contents\SingleNews.php 7
ERROR - 2023-11-30 00:11:24 --> Severity: Warning --> Trying to access array offset on value of type null C:\OSPanel\domains\stimul.news\application\views\users\contents\SingleNews.php 8
ERROR - 2023-11-30 00:11:24 --> Severity: Warning --> Trying to access array offset on value of type null C:\OSPanel\domains\stimul.news\application\views\users\contents\SingleNews.php 16
ERROR - 2023-11-30 00:11:24 --> Severity: Warning --> Trying to access array offset on value of type null C:\OSPanel\domains\stimul.news\application\views\users\contents\SingleNews.php 16
ERROR - 2023-11-30 00:11:24 --> Severity: Warning --> Trying to access array offset on value of type null C:\OSPanel\domains\stimul.news\application\views\users\contents\SingleNews.php 18
ERROR - 2023-11-30 00:11:24 --> Severity: Warning --> Trying to access array offset on value of type null C:\OSPanel\domains\stimul.news\application\views\users\contents\SingleNews.php 18
ERROR - 2023-11-30 00:11:24 --> Severity: Warning --> Trying to access array offset on value of type null C:\OSPanel\domains\stimul.news\application\views\users\contents\SingleNews.php 18
ERROR - 2023-11-30 00:11:24 --> Severity: Warning --> Trying to access array offset on value of type null C:\OSPanel\domains\stimul.news\application\views\users\contents\SingleNews.php 23
ERROR - 2023-11-30 00:11:24 --> Severity: Warning --> Trying to access array offset on value of type null C:\OSPanel\domains\stimul.news\application\views\users\contents\SingleNews.php 28
ERROR - 2023-11-30 00:11:24 --> Severity: Warning --> Trying to access array offset on value of type null C:\OSPanel\domains\stimul.news\application\views\users\contents\SingleNews.php 33
ERROR - 2023-11-30 00:11:25 --> Severity: Warning --> Trying to access array offset on value of type bool C:\OSPanel\domains\stimul.news\application\controllers\UserController.php 140
ERROR - 2023-11-30 00:11:25 --> Severity: Warning --> Trying to access array offset on value of type bool C:\OSPanel\domains\stimul.news\application\controllers\UserController.php 141
ERROR - 2023-11-30 00:11:29 --> Severity: Warning --> Trying to access array offset on value of type null C:\OSPanel\domains\stimul.news\application\controllers\UserController.php 88
ERROR - 2023-11-30 00:11:29 --> Severity: Warning --> Trying to access array offset on value of type null C:\OSPanel\domains\stimul.news\application\controllers\UserController.php 88
ERROR - 2023-11-30 00:11:29 --> Severity: Warning --> Trying to access array offset on value of type null C:\OSPanel\domains\stimul.news\application\controllers\UserController.php 90
ERROR - 2023-11-30 00:11:29 --> Severity: Warning --> Trying to access array offset on value of type null C:\OSPanel\domains\stimul.news\application\controllers\UserController.php 91
ERROR - 2023-11-30 00:11:29 --> Severity: Warning --> Trying to access array offset on value of type null C:\OSPanel\domains\stimul.news\application\views\users\contents\SingleNews.php 6
ERROR - 2023-11-30 00:11:29 --> Severity: Warning --> Trying to access array offset on value of type null C:\OSPanel\domains\stimul.news\application\views\users\contents\SingleNews.php 7
ERROR - 2023-11-30 00:11:29 --> Severity: Warning --> Trying to access array offset on value of type null C:\OSPanel\domains\stimul.news\application\views\users\contents\SingleNews.php 8
ERROR - 2023-11-30 00:11:29 --> Severity: Warning --> Trying to access array offset on value of type null C:\OSPanel\domains\stimul.news\application\views\users\contents\SingleNews.php 16
ERROR - 2023-11-30 00:11:29 --> Severity: Warning --> Trying to access array offset on value of type null C:\OSPanel\domains\stimul.news\application\views\users\contents\SingleNews.php 16
ERROR - 2023-11-30 00:11:29 --> Severity: Warning --> Trying to access array offset on value of type null C:\OSPanel\domains\stimul.news\application\views\users\contents\SingleNews.php 18
ERROR - 2023-11-30 00:11:29 --> Severity: Warning --> Trying to access array offset on value of type null C:\OSPanel\domains\stimul.news\application\views\users\contents\SingleNews.php 18
ERROR - 2023-11-30 00:11:29 --> Severity: Warning --> Trying to access array offset on value of type null C:\OSPanel\domains\stimul.news\application\views\users\contents\SingleNews.php 18
ERROR - 2023-11-30 00:11:29 --> Severity: Warning --> Trying to access array offset on value of type null C:\OSPanel\domains\stimul.news\application\views\users\contents\SingleNews.php 23
ERROR - 2023-11-30 00:11:29 --> Severity: Warning --> Trying to access array offset on value of type null C:\OSPanel\domains\stimul.news\application\views\users\contents\SingleNews.php 28
ERROR - 2023-11-30 00:11:29 --> Severity: Warning --> Trying to access array offset on value of type null C:\OSPanel\domains\stimul.news\application\views\users\contents\SingleNews.php 33
ERROR - 2023-11-30 00:11:29 --> Severity: Warning --> Trying to access array offset on value of type null C:\OSPanel\domains\stimul.news\application\controllers\UserController.php 88
ERROR - 2023-11-30 00:11:29 --> Severity: Warning --> Trying to access array offset on value of type null C:\OSPanel\domains\stimul.news\application\controllers\UserController.php 88
ERROR - 2023-11-30 00:11:29 --> Severity: Warning --> Trying to access array offset on value of type null C:\OSPanel\domains\stimul.news\application\controllers\UserController.php 90
ERROR - 2023-11-30 00:11:29 --> Severity: Warning --> Trying to access array offset on value of type null C:\OSPanel\domains\stimul.news\application\controllers\UserController.php 91
ERROR - 2023-11-30 00:11:29 --> Severity: Warning --> Trying to access array offset on value of type null C:\OSPanel\domains\stimul.news\application\views\users\contents\SingleNews.php 6
ERROR - 2023-11-30 00:11:29 --> Severity: Warning --> Trying to access array offset on value of type null C:\OSPanel\domains\stimul.news\application\views\users\contents\SingleNews.php 7
ERROR - 2023-11-30 00:11:29 --> Severity: Warning --> Trying to access array offset on value of type null C:\OSPanel\domains\stimul.news\application\views\users\contents\SingleNews.php 8
ERROR - 2023-11-30 00:11:29 --> Severity: Warning --> Trying to access array offset on value of type null C:\OSPanel\domains\stimul.news\application\views\users\contents\SingleNews.php 16
ERROR - 2023-11-30 00:11:29 --> Severity: Warning --> Trying to access array offset on value of type null C:\OSPanel\domains\stimul.news\application\views\users\contents\SingleNews.php 16
ERROR - 2023-11-30 00:11:29 --> Severity: Warning --> Trying to access array offset on value of type null C:\OSPanel\domains\stimul.news\application\views\users\contents\SingleNews.php 18
ERROR - 2023-11-30 00:11:29 --> Severity: Warning --> Trying to access array offset on value of type null C:\OSPanel\domains\stimul.news\application\views\users\contents\SingleNews.php 18
ERROR - 2023-11-30 00:11:29 --> Severity: Warning --> Trying to access array offset on value of type null C:\OSPanel\domains\stimul.news\application\views\users\contents\SingleNews.php 18
ERROR - 2023-11-30 00:11:29 --> Severity: Warning --> Trying to access array offset on value of type null C:\OSPanel\domains\stimul.news\application\views\users\contents\SingleNews.php 23
ERROR - 2023-11-30 00:11:29 --> Severity: Warning --> Trying to access array offset on value of type null C:\OSPanel\domains\stimul.news\application\views\users\contents\SingleNews.php 28
ERROR - 2023-11-30 00:11:29 --> Severity: Warning --> Trying to access array offset on value of type null C:\OSPanel\domains\stimul.news\application\views\users\contents\SingleNews.php 33
ERROR - 2023-11-30 00:11:34 --> Severity: Warning --> Trying to access array offset on value of type null C:\OSPanel\domains\stimul.news\application\controllers\UserController.php 88
ERROR - 2023-11-30 00:11:34 --> Severity: Warning --> Trying to access array offset on value of type null C:\OSPanel\domains\stimul.news\application\controllers\UserController.php 88
ERROR - 2023-11-30 00:11:34 --> Severity: Warning --> Trying to access array offset on value of type null C:\OSPanel\domains\stimul.news\application\controllers\UserController.php 90
ERROR - 2023-11-30 00:11:34 --> Severity: Warning --> Trying to access array offset on value of type null C:\OSPanel\domains\stimul.news\application\controllers\UserController.php 91
ERROR - 2023-11-30 00:11:34 --> Severity: Warning --> Trying to access array offset on value of type null C:\OSPanel\domains\stimul.news\application\views\users\contents\SingleNews.php 6
ERROR - 2023-11-30 00:11:34 --> Severity: Warning --> Trying to access array offset on value of type null C:\OSPanel\domains\stimul.news\application\views\users\contents\SingleNews.php 7
ERROR - 2023-11-30 00:11:34 --> Severity: Warning --> Trying to access array offset on value of type null C:\OSPanel\domains\stimul.news\application\views\users\contents\SingleNews.php 8
ERROR - 2023-11-30 00:11:34 --> Severity: Warning --> Trying to access array offset on value of type null C:\OSPanel\domains\stimul.news\application\views\users\contents\SingleNews.php 16
ERROR - 2023-11-30 00:11:34 --> Severity: Warning --> Trying to access array offset on value of type null C:\OSPanel\domains\stimul.news\application\views\users\contents\SingleNews.php 16
ERROR - 2023-11-30 00:11:34 --> Severity: Warning --> Trying to access array offset on value of type null C:\OSPanel\domains\stimul.news\application\views\users\contents\SingleNews.php 18
ERROR - 2023-11-30 00:11:34 --> Severity: Warning --> Trying to access array offset on value of type null C:\OSPanel\domains\stimul.news\application\views\users\contents\SingleNews.php 18
ERROR - 2023-11-30 00:11:34 --> Severity: Warning --> Trying to access array offset on value of type null C:\OSPanel\domains\stimul.news\application\views\users\contents\SingleNews.php 18
ERROR - 2023-11-30 00:11:34 --> Severity: Warning --> Trying to access array offset on value of type null C:\OSPanel\domains\stimul.news\application\views\users\contents\SingleNews.php 23
ERROR - 2023-11-30 00:11:34 --> Severity: Warning --> Trying to access array offset on value of type null C:\OSPanel\domains\stimul.news\application\views\users\contents\SingleNews.php 28
ERROR - 2023-11-30 00:11:34 --> Severity: Warning --> Trying to access array offset on value of type null C:\OSPanel\domains\stimul.news\application\views\users\contents\SingleNews.php 33
ERROR - 2023-11-30 00:11:35 --> Severity: Warning --> Trying to access array offset on value of type null C:\OSPanel\domains\stimul.news\application\controllers\UserController.php 88
ERROR - 2023-11-30 00:11:35 --> Severity: Warning --> Trying to access array offset on value of type null C:\OSPanel\domains\stimul.news\application\controllers\UserController.php 88
ERROR - 2023-11-30 00:11:35 --> Severity: Warning --> Trying to access array offset on value of type null C:\OSPanel\domains\stimul.news\application\controllers\UserController.php 90
ERROR - 2023-11-30 00:11:35 --> Severity: Warning --> Trying to access array offset on value of type null C:\OSPanel\domains\stimul.news\application\controllers\UserController.php 91
ERROR - 2023-11-30 00:11:35 --> Severity: Warning --> Trying to access array offset on value of type null C:\OSPanel\domains\stimul.news\application\views\users\contents\SingleNews.php 6
ERROR - 2023-11-30 00:11:35 --> Severity: Warning --> Trying to access array offset on value of type null C:\OSPanel\domains\stimul.news\application\views\users\contents\SingleNews.php 7
ERROR - 2023-11-30 00:11:35 --> Severity: Warning --> Trying to access array offset on value of type null C:\OSPanel\domains\stimul.news\application\views\users\contents\SingleNews.php 8
ERROR - 2023-11-30 00:11:35 --> Severity: Warning --> Trying to access array offset on value of type null C:\OSPanel\domains\stimul.news\application\views\users\contents\SingleNews.php 16
ERROR - 2023-11-30 00:11:35 --> Severity: Warning --> Trying to access array offset on value of type null C:\OSPanel\domains\stimul.news\application\views\users\contents\SingleNews.php 16
ERROR - 2023-11-30 00:11:35 --> Severity: Warning --> Trying to access array offset on value of type null C:\OSPanel\domains\stimul.news\application\views\users\contents\SingleNews.php 18
ERROR - 2023-11-30 00:11:35 --> Severity: Warning --> Trying to access array offset on value of type null C:\OSPanel\domains\stimul.news\application\views\users\contents\SingleNews.php 18
ERROR - 2023-11-30 00:11:35 --> Severity: Warning --> Trying to access array offset on value of type null C:\OSPanel\domains\stimul.news\application\views\users\contents\SingleNews.php 18
ERROR - 2023-11-30 00:11:35 --> Severity: Warning --> Trying to access array offset on value of type null C:\OSPanel\domains\stimul.news\application\views\users\contents\SingleNews.php 23
ERROR - 2023-11-30 00:11:35 --> Severity: Warning --> Trying to access array offset on value of type null C:\OSPanel\domains\stimul.news\application\views\users\contents\SingleNews.php 28
ERROR - 2023-11-30 00:11:35 --> Severity: Warning --> Trying to access array offset on value of type null C:\OSPanel\domains\stimul.news\application\views\users\contents\SingleNews.php 33
ERROR - 2023-11-30 00:11:37 --> Severity: Warning --> Trying to access array offset on value of type bool C:\OSPanel\domains\stimul.news\application\controllers\UserController.php 140
ERROR - 2023-11-30 00:11:37 --> Severity: Warning --> Trying to access array offset on value of type bool C:\OSPanel\domains\stimul.news\application\controllers\UserController.php 141
ERROR - 2023-11-30 00:11:39 --> Severity: Warning --> Trying to access array offset on value of type null C:\OSPanel\domains\stimul.news\application\controllers\UserController.php 88
ERROR - 2023-11-30 00:11:39 --> Severity: Warning --> Trying to access array offset on value of type null C:\OSPanel\domains\stimul.news\application\controllers\UserController.php 88
ERROR - 2023-11-30 00:11:39 --> Severity: Warning --> Trying to access array offset on value of type null C:\OSPanel\domains\stimul.news\application\controllers\UserController.php 90
ERROR - 2023-11-30 00:11:39 --> Severity: Warning --> Trying to access array offset on value of type null C:\OSPanel\domains\stimul.news\application\controllers\UserController.php 91
ERROR - 2023-11-30 00:11:39 --> Severity: Warning --> Trying to access array offset on value of type null C:\OSPanel\domains\stimul.news\application\views\users\contents\SingleNews.php 6
ERROR - 2023-11-30 00:11:39 --> Severity: Warning --> Trying to access array offset on value of type null C:\OSPanel\domains\stimul.news\application\views\users\contents\SingleNews.php 7
ERROR - 2023-11-30 00:11:39 --> Severity: Warning --> Trying to access array offset on value of type null C:\OSPanel\domains\stimul.news\application\views\users\contents\SingleNews.php 8
ERROR - 2023-11-30 00:11:39 --> Severity: Warning --> Trying to access array offset on value of type null C:\OSPanel\domains\stimul.news\application\views\users\contents\SingleNews.php 16
ERROR - 2023-11-30 00:11:39 --> Severity: Warning --> Trying to access array offset on value of type null C:\OSPanel\domains\stimul.news\application\views\users\contents\SingleNews.php 16
ERROR - 2023-11-30 00:11:39 --> Severity: Warning --> Trying to access array offset on value of type null C:\OSPanel\domains\stimul.news\application\views\users\contents\SingleNews.php 18
ERROR - 2023-11-30 00:11:39 --> Severity: Warning --> Trying to access array offset on value of type null C:\OSPanel\domains\stimul.news\application\views\users\contents\SingleNews.php 18
ERROR - 2023-11-30 00:11:39 --> Severity: Warning --> Trying to access array offset on value of type null C:\OSPanel\domains\stimul.news\application\views\users\contents\SingleNews.php 18
ERROR - 2023-11-30 00:11:39 --> Severity: Warning --> Trying to access array offset on value of type null C:\OSPanel\domains\stimul.news\application\views\users\contents\SingleNews.php 23
ERROR - 2023-11-30 00:11:39 --> Severity: Warning --> Trying to access array offset on value of type null C:\OSPanel\domains\stimul.news\application\views\users\contents\SingleNews.php 28
ERROR - 2023-11-30 00:11:39 --> Severity: Warning --> Trying to access array offset on value of type null C:\OSPanel\domains\stimul.news\application\views\users\contents\SingleNews.php 33
ERROR - 2023-11-30 00:11:41 --> Severity: Warning --> Trying to access array offset on value of type bool C:\OSPanel\domains\stimul.news\application\controllers\UserController.php 140
ERROR - 2023-11-30 00:11:41 --> Severity: Warning --> Trying to access array offset on value of type bool C:\OSPanel\domains\stimul.news\application\controllers\UserController.php 141
ERROR - 2023-11-30 00:11:48 --> Severity: Warning --> Trying to access array offset on value of type bool C:\OSPanel\domains\stimul.news\application\controllers\UserController.php 140
ERROR - 2023-11-30 00:11:48 --> Severity: Warning --> Trying to access array offset on value of type bool C:\OSPanel\domains\stimul.news\application\controllers\UserController.php 141
ERROR - 2023-11-30 00:13:54 --> Severity: Warning --> Trying to access array offset on value of type null C:\OSPanel\domains\stimul.news\application\controllers\UserController.php 88
ERROR - 2023-11-30 00:13:54 --> Severity: Warning --> Trying to access array offset on value of type null C:\OSPanel\domains\stimul.news\application\controllers\UserController.php 88
ERROR - 2023-11-30 00:13:54 --> Severity: Warning --> Trying to access array offset on value of type null C:\OSPanel\domains\stimul.news\application\controllers\UserController.php 90
ERROR - 2023-11-30 00:13:54 --> Severity: Warning --> Trying to access array offset on value of type null C:\OSPanel\domains\stimul.news\application\controllers\UserController.php 91
ERROR - 2023-11-30 00:13:54 --> Severity: Warning --> Trying to access array offset on value of type null C:\OSPanel\domains\stimul.news\application\views\users\contents\SingleNews.php 6
ERROR - 2023-11-30 00:13:54 --> Severity: Warning --> Trying to access array offset on value of type null C:\OSPanel\domains\stimul.news\application\views\users\contents\SingleNews.php 7
ERROR - 2023-11-30 00:13:54 --> Severity: Warning --> Trying to access array offset on value of type null C:\OSPanel\domains\stimul.news\application\views\users\contents\SingleNews.php 8
ERROR - 2023-11-30 00:13:54 --> Severity: Warning --> Trying to access array offset on value of type null C:\OSPanel\domains\stimul.news\application\views\users\contents\SingleNews.php 16
ERROR - 2023-11-30 00:13:54 --> Severity: Warning --> Trying to access array offset on value of type null C:\OSPanel\domains\stimul.news\application\views\users\contents\SingleNews.php 16
ERROR - 2023-11-30 00:13:54 --> Severity: Warning --> Trying to access array offset on value of type null C:\OSPanel\domains\stimul.news\application\views\users\contents\SingleNews.php 18
ERROR - 2023-11-30 00:13:54 --> Severity: Warning --> Trying to access array offset on value of type null C:\OSPanel\domains\stimul.news\application\views\users\contents\SingleNews.php 18
ERROR - 2023-11-30 00:13:54 --> Severity: Warning --> Trying to access array offset on value of type null C:\OSPanel\domains\stimul.news\application\views\users\contents\SingleNews.php 18
ERROR - 2023-11-30 00:13:54 --> Severity: Warning --> Trying to access array offset on value of type null C:\OSPanel\domains\stimul.news\application\views\users\contents\SingleNews.php 23
ERROR - 2023-11-30 00:13:54 --> Severity: Warning --> Trying to access array offset on value of type null C:\OSPanel\domains\stimul.news\application\views\users\contents\SingleNews.php 28
ERROR - 2023-11-30 00:13:54 --> Severity: Warning --> Trying to access array offset on value of type null C:\OSPanel\domains\stimul.news\application\views\users\contents\SingleNews.php 33
