ERROR - 2023-11-25 04:33:45 --> Severity: Warning --> Array to string conversion C:\OSPanel\domains\stimul.news\application\views\users\NewsList.php 13
ERROR - 2023-11-25 04:34:57 --> Severity: Warning --> Undefined array key -1 C:\OSPanel\domains\stimul.news\application\controllers\UserController.php 105
ERROR - 2023-11-25 04:34:57 --> Severity: Warning --> Trying to access array offset on value of type null C:\OSPanel\domains\stimul.news\application\controllers\UserController.php 105
ERROR - 2023-11-25 04:34:58 --> Severity: Warning --> Undefined variable $user_category_page_name C:\OSPanel\domains\stimul.news\application\views\users\NewsList.php 13
ERROR - 2023-11-25 04:34:58 --> Severity: Warning --> Trying to access array offset on value of type null C:\OSPanel\domains\stimul.news\application\views\users\NewsList.php 13
ERROR - 2023-11-25 04:35:05 --> Severity: Warning --> Undefined array key -1 C:\OSPanel\domains\stimul.news\application\controllers\UserController.php 105
ERROR - 2023-11-25 04:35:05 --> Severity: Warning --> Trying to access array offset on value of type null C:\OSPanel\domains\stimul.news\application\controllers\UserController.php 105
ERROR - 2023-11-25 04:35:05 --> Severity: Warning --> Undefined variable $user_category_page_name C:\OSPanel\domains\stimul.news\application\views\users\NewsList.php 13
ERROR - 2023-11-25 04:35:05 --> Severity: Warning --> Trying to access array offset on value of type null C:\OSPanel\domains\stimul.news\application\views\users\NewsList.php 13
ERROR - 2023-11-25 04:35:37 --> Severity: Warning --> Undefined variable $user_category_page_name C:\OSPanel\domains\stimul.news\application\views\users\NewsList.php 13
ERROR - 2023-11-25 04:35:37 --> Severity: Warning --> Trying to access array offset on value of type null C:\OSPanel\domains\stimul.news\application\views\users\NewsList.php 13
ERROR - 2023-11-25 04:36:35 --> Severity: Warning --> Undefined variable $user_category_page_name C:\OSPanel\domains\stimul.news\application\views\users\NewsList.php 13
ERROR - 2023-11-25 04:36:35 --> Severity: Warning --> Trying to access array offset on value of type null C:\OSPanel\domains\stimul.news\application\views\users\NewsList.php 13
ERROR - 2023-11-25 04:37:57 --> Could not find the language line "news_navbar"
ERROR - 2023-11-25 04:37:57 --> Could not find the language line "categories_navbar"
ERROR - 2023-11-25 04:37:57 --> Could not find the language line "categories_navbar_all"
ERROR - 2023-11-25 04:37:57 --> Could not find the language line "about_us_navbar"
ERROR - 2023-11-25 04:37:57 --> Could not find the language line "contacts_navbar"
ERROR - 2023-11-25 04:37:57 --> Could not find the language line "read_more"
ERROR - 2023-11-25 04:37:57 --> Could not find the language line "read_more"
ERROR - 2023-11-25 04:37:57 --> Could not find the language line "all_news"
ERROR - 2023-11-25 04:37:57 --> Could not find the language line "subscribe_news"
ERROR - 2023-11-25 04:37:57 --> Could not find the language line "subscribe_news_desc"
ERROR - 2023-11-25 04:37:57 --> Could not find the language line "sunscribe_news_unsubscribe"
ERROR - 2023-11-25 04:37:57 --> Could not find the language line "recent_news"
ERROR - 2023-11-25 04:37:57 --> Could not find the language line "contact_info"
ERROR - 2023-11-25 04:38:05 --> Could not find the language line "news_navbar"
ERROR - 2023-11-25 04:38:05 --> Could not find the language line "categories_navbar"
ERROR - 2023-11-25 04:38:05 --> Could not find the language line "categories_navbar_all"
ERROR - 2023-11-25 04:38:05 --> Could not find the language line "about_us_navbar"
ERROR - 2023-11-25 04:38:05 --> Could not find the language line "contacts_navbar"
ERROR - 2023-11-25 04:38:05 --> Could not find the language line "read_more"
ERROR - 2023-11-25 04:38:05 --> Could not find the language line "read_more"
ERROR - 2023-11-25 04:38:05 --> Could not find the language line "all_news"
ERROR - 2023-11-25 04:38:05 --> Could not find the language line "subscribe_news"
ERROR - 2023-11-25 04:38:05 --> Could not find the language line "subscribe_news_desc"
ERROR - 2023-11-25 04:38:05 --> Could not find the language line "sunscribe_news_unsubscribe"
ERROR - 2023-11-25 04:38:05 --> Could not find the language line "recent_news"
ERROR - 2023-11-25 04:38:05 --> Could not find the language line "contact_info"
ERROR - 2023-11-25 04:38:34 --> Could not find the language line "news_navbar"
ERROR - 2023-11-25 04:38:34 --> Could not find the language line "categories_navbar"
ERROR - 2023-11-25 04:38:34 --> Could not find the language line "categories_navbar_all"
ERROR - 2023-11-25 04:38:34 --> Could not find the language line "about_us_navbar"
ERROR - 2023-11-25 04:38:34 --> Could not find the language line "contacts_navbar"
ERROR - 2023-11-25 04:38:34 --> Could not find the language line "read_more"
ERROR - 2023-11-25 04:38:34 --> Could not find the language line "read_more"
ERROR - 2023-11-25 04:38:34 --> Could not find the language line "subscribe_news"
ERROR - 2023-11-25 04:38:34 --> Could not find the language line "subscribe_news_desc"
ERROR - 2023-11-25 04:38:34 --> Could not find the language line "sunscribe_news_unsubscribe"
ERROR - 2023-11-25 04:38:34 --> Could not find the language line "recent_news"
ERROR - 2023-11-25 04:38:34 --> Could not find the language line "contact_info"
ERROR - 2023-11-25 04:43:33 --> Query error: You have an error in your SQL syntax; check the manual that corresponds to your MySQL server version for the right syntax to use near 'IS NULL
ORDER BY `n_uid` DESC
 LIMIT 5' at line 5 - Invalid query: SELECT *
FROM `news`
LEFT JOIN `categories` ON `c_uid` = `n_category_uid`
WHERE `n_status` = 1
AND  IS NULL
ORDER BY `n_uid` DESC
 LIMIT 5
ERROR - 2023-11-25 04:43:46 --> Query error: You have an error in your SQL syntax; check the manual that corresponds to your MySQL server version for the right syntax to use near 'IS NULL
ORDER BY `n_uid` DESC
 LIMIT 5' at line 5 - Invalid query: SELECT *
FROM `news`
LEFT JOIN `categories` ON `c_uid` = `n_category_uid`
WHERE `n_status` = 1
AND  IS NULL
ORDER BY `n_uid` DESC
 LIMIT 5
ERROR - 2023-11-25 04:44:18 --> Query error: You have an error in your SQL syntax; check the manual that corresponds to your MySQL server version for the right syntax to use near 'IS NULL
ORDER BY `n_uid` DESC
 LIMIT 5' at line 5 - Invalid query: SELECT *
FROM `news`
LEFT JOIN `categories` ON `c_uid` = `n_category_uid`
WHERE `n_status` = 1
AND  IS NULL
ORDER BY `n_uid` DESC
 LIMIT 5
ERROR - 2023-11-25 04:45:55 --> Query error: You have an error in your SQL syntax; check the manual that corresponds to your MySQL server version for the right syntax to use near 'IS NULL
ORDER BY `n_uid` DESC
 LIMIT 5' at line 5 - Invalid query: SELECT *
FROM `news`
LEFT JOIN `categories` ON `c_uid` = `n_category_uid`
WHERE `n_status` = 1
AND  IS NULL
ORDER BY `n_uid` DESC
 LIMIT 5
ERROR - 2023-11-25 04:47:02 --> Query error: You have an error in your SQL syntax; check the manual that corresponds to your MySQL server version for the right syntax to use near 'IS NULL
ORDER BY `n_uid` DESC
 LIMIT 5' at line 5 - Invalid query: SELECT *
FROM `news`
LEFT JOIN `categories` ON `c_uid` = `n_category_uid`
WHERE `n_status` = 1
AND  IS NULL
ORDER BY `n_uid` DESC
 LIMIT 5
ERROR - 2023-11-25 04:47:26 --> Query error: You have an error in your SQL syntax; check the manual that corresponds to your MySQL server version for the right syntax to use near 'IS NULL
ORDER BY `n_uid` DESC
 LIMIT 5' at line 5 - Invalid query: SELECT *
FROM `news`
LEFT JOIN `categories` ON `c_uid` = `n_category_uid`
WHERE `n_status` = 1
AND  IS NULL
ORDER BY `n_uid` DESC
 LIMIT 5
ERROR - 2023-11-25 05:47:21 --> Severity: Warning --> Undefined variable $current_segment C:\OSPanel\domains\stimul.news\application\views\users\includes\Breadcrumb.php 12
ERROR - 2023-11-25 05:47:21 --> Severity: Warning --> Undefined variable $current_segment C:\OSPanel\domains\stimul.news\application\views\users\includes\Breadcrumb.php 12
ERROR - 2023-11-25 05:48:31 --> Severity: Warning --> Undefined variable $categories_nav_ul C:\OSPanel\domains\stimul.news\application\views\users\includes\HeaderNavbar.php 73
ERROR - 2023-11-25 05:48:31 --> Severity: Warning --> foreach() argument must be of type array|object, null given C:\OSPanel\domains\stimul.news\application\views\users\includes\HeaderNavbar.php 73
ERROR - 2023-11-25 05:48:31 --> Severity: Warning --> Undefined variable $news_recent_three C:\OSPanel\domains\stimul.news\application\views\users\includes\Footer.php 25
ERROR - 2023-11-25 05:48:31 --> Severity: Warning --> Undefined variable $contacts_data C:\OSPanel\domains\stimul.news\application\views\users\includes\Footer.php 54
ERROR - 2023-11-25 05:48:31 --> Severity: Warning --> Undefined variable $contacts_data C:\OSPanel\domains\stimul.news\application\views\users\includes\Footer.php 78
ERROR - 2023-11-25 05:51:51 --> Severity: error --> Exception: Unsupported operand types: string + string C:\OSPanel\domains\stimul.news\application\views\users\includes\Breadcrumb.php 16
ERROR - 2023-11-25 05:51:56 --> Severity: error --> Exception: Unsupported operand types: string + string C:\OSPanel\domains\stimul.news\application\views\users\includes\Breadcrumb.php 16
ERROR - 2023-11-25 05:57:42 --> Severity: Warning --> Undefined variable $categories_nav_ul C:\OSPanel\domains\stimul.news\application\views\users\includes\HeaderNavbar.php 73
ERROR - 2023-11-25 05:57:42 --> Severity: Warning --> foreach() argument must be of type array|object, null given C:\OSPanel\domains\stimul.news\application\views\users\includes\HeaderNavbar.php 73
ERROR - 2023-11-25 05:57:42 --> Severity: Warning --> Undefined variable $news_recent_three C:\OSPanel\domains\stimul.news\application\views\users\includes\Footer.php 25
ERROR - 2023-11-25 05:57:42 --> Severity: Warning --> Undefined variable $contacts_data C:\OSPanel\domains\stimul.news\application\views\users\includes\Footer.php 54
ERROR - 2023-11-25 05:57:42 --> Severity: Warning --> Undefined variable $contacts_data C:\OSPanel\domains\stimul.news\application\views\users\includes\Footer.php 78
ERROR - 2023-11-25 06:01:23 --> Severity: error --> Exception: is_nan(): Argument #1 ($num) must be of type float, string given C:\OSPanel\domains\stimul.news\application\views\users\includes\Breadcrumb.php 18
ERROR - 2023-11-25 06:01:30 --> Severity: error --> Exception: is_nan(): Argument #1 ($num) must be of type float, string given C:\OSPanel\domains\stimul.news\application\views\users\includes\Breadcrumb.php 18
ERROR - 2023-11-25 06:06:45 --> Severity: Warning --> Undefined array key -1 C:\OSPanel\domains\stimul.news\application\controllers\UserController.php 108
ERROR - 2023-11-25 06:06:45 --> Severity: Warning --> Trying to access array offset on value of type null C:\OSPanel\domains\stimul.news\application\controllers\UserController.php 108
ERROR - 2023-11-25 06:07:05 --> Severity: Warning --> Undefined array key -1 C:\OSPanel\domains\stimul.news\application\controllers\UserController.php 108
ERROR - 2023-11-25 06:07:05 --> Severity: Warning --> Trying to access array offset on value of type null C:\OSPanel\domains\stimul.news\application\controllers\UserController.php 108
ERROR - 2023-11-25 06:07:10 --> Severity: Warning --> Undefined array key -1 C:\OSPanel\domains\stimul.news\application\controllers\UserController.php 108
ERROR - 2023-11-25 06:07:10 --> Severity: Warning --> Trying to access array offset on value of type null C:\OSPanel\domains\stimul.news\application\controllers\UserController.php 108
ERROR - 2023-11-25 06:14:30 --> Severity: Warning --> Undefined variable $breadcrumb_data C:\OSPanel\domains\stimul.news\application\views\users\includes\Breadcrumb.php 1
ERROR - 2023-11-25 06:14:30 --> Severity: Warning --> Trying to access array offset on value of type null C:\OSPanel\domains\stimul.news\application\views\users\includes\Breadcrumb.php 1
ERROR - 2023-11-25 06:17:17 --> Could not find the language line "news_navbar"
ERROR - 2023-11-25 06:17:17 --> Could not find the language line "categories_navbar"
ERROR - 2023-11-25 06:17:17 --> Could not find the language line "categories_navbar_all"
ERROR - 2023-11-25 06:17:17 --> Could not find the language line "about_us_navbar"
ERROR - 2023-11-25 06:17:17 --> Could not find the language line "contacts_navbar"
ERROR - 2023-11-25 06:17:17 --> Could not find the language line "subscribe_news"
ERROR - 2023-11-25 06:17:17 --> Could not find the language line "subscribe_news_desc"
ERROR - 2023-11-25 06:17:17 --> Could not find the language line "sunscribe_news_unsubscribe"
ERROR - 2023-11-25 06:17:17 --> Could not find the language line "recent_news"
ERROR - 2023-11-25 06:17:17 --> Could not find the language line "contact_info"
ERROR - 2023-11-25 06:17:59 --> Severity: Warning --> Undefined variable $breadcrumb_data C:\OSPanel\domains\stimul.news\application\views\users\includes\Breadcrumb.php 1
ERROR - 2023-11-25 06:17:59 --> Severity: Warning --> Trying to access array offset on value of type null C:\OSPanel\domains\stimul.news\application\views\users\includes\Breadcrumb.php 1
