ERROR - 2023-09-16 02:11:24 --> Severity: Compile Error --> Constant expression contains invalid operations C:\OSPanel\domains\stimul.news\application\models\AdminModel.php 71
ERROR - 2023-09-16 02:28:51 --> Severity: Warning --> Trying to access array offset on value of type null C:\OSPanel\domains\stimul.news\application\views\admins\Branding\Edit.php 23
ERROR - 2023-09-16 04:19:05 --> Severity: Warning --> Undefined variable $admin_branding_decoded C:\OSPanel\domains\stimul.news\application\views\admins\Partners\Edit.php 27
ERROR - 2023-09-16 04:19:05 --> Severity: Warning --> Attempt to read property "logo_dark" on null C:\OSPanel\domains\stimul.news\application\views\admins\Partners\Edit.php 27
ERROR - 2023-09-16 04:19:05 --> Severity: Warning --> Attempt to read property "file_name" on null C:\OSPanel\domains\stimul.news\application\views\admins\Partners\Edit.php 27
ERROR - 2023-09-16 04:19:05 --> Severity: Warning --> Undefined variable $admin_branding_decoded C:\OSPanel\domains\stimul.news\application\views\admins\Partners\Edit.php 33
ERROR - 2023-09-16 04:19:05 --> Severity: Warning --> Attempt to read property "logo_light" on null C:\OSPanel\domains\stimul.news\application\views\admins\Partners\Edit.php 33
ERROR - 2023-09-16 04:19:05 --> Severity: Warning --> Attempt to read property "file_name" on null C:\OSPanel\domains\stimul.news\application\views\admins\Partners\Edit.php 33
ERROR - 2023-09-16 04:19:05 --> Severity: Warning --> Undefined variable $admin_branding_decoded C:\OSPanel\domains\stimul.news\application\views\admins\Partners\Edit.php 39
ERROR - 2023-09-16 04:19:05 --> Severity: Warning --> Attempt to read property "favicon" on null C:\OSPanel\domains\stimul.news\application\views\admins\Partners\Edit.php 39
ERROR - 2023-09-16 04:19:05 --> Severity: Warning --> Attempt to read property "file_name" on null C:\OSPanel\domains\stimul.news\application\views\admins\Partners\Edit.php 39
ERROR - 2023-09-16 04:23:05 --> Severity: Warning --> Undefined variable $admin_branding_decoded C:\OSPanel\domains\stimul.news\application\views\admins\Partners\Edit.php 30
ERROR - 2023-09-16 04:23:05 --> Severity: Warning --> Attempt to read property "logo_dark" on null C:\OSPanel\domains\stimul.news\application\views\admins\Partners\Edit.php 30
ERROR - 2023-09-16 04:23:05 --> Severity: Warning --> Attempt to read property "file_name" on null C:\OSPanel\domains\stimul.news\application\views\admins\Partners\Edit.php 30
ERROR - 2023-09-16 04:23:05 --> Severity: Warning --> Undefined variable $admin_branding_decoded C:\OSPanel\domains\stimul.news\application\views\admins\Partners\Edit.php 35
ERROR - 2023-09-16 04:23:05 --> Severity: Warning --> Attempt to read property "logo_light" on null C:\OSPanel\domains\stimul.news\application\views\admins\Partners\Edit.php 35
ERROR - 2023-09-16 04:23:05 --> Severity: Warning --> Attempt to read property "file_name" on null C:\OSPanel\domains\stimul.news\application\views\admins\Partners\Edit.php 35
ERROR - 2023-09-16 04:23:05 --> Severity: Warning --> Undefined variable $admin_branding_decoded C:\OSPanel\domains\stimul.news\application\views\admins\Partners\Edit.php 41
ERROR - 2023-09-16 04:23:05 --> Severity: Warning --> Attempt to read property "favicon" on null C:\OSPanel\domains\stimul.news\application\views\admins\Partners\Edit.php 41
ERROR - 2023-09-16 04:23:05 --> Severity: Warning --> Attempt to read property "file_name" on null C:\OSPanel\domains\stimul.news\application\views\admins\Partners\Edit.php 41
