ERROR - 2023-09-23 01:04:06 --> 404 Page Not Found: Dashboard/index
ERROR - 2023-09-23 01:04:12 --> Severity: error --> Exception: syntax error, unexpected variable "$route", expecting "function" or "const" C:\OSPanel\domains\stimul.news\application\controllers\AdminController.php 823
ERROR - 2023-09-23 01:05:15 --> 404 Page Not Found: Topbar-create/index
ERROR - 2023-09-23 01:37:37 --> 404 Page Not Found: Dashboard/index
ERROR - 2023-09-23 01:38:40 --> 404 Page Not Found: Branding-edit/index
ERROR - 2023-09-23 01:39:10 --> 404 Page Not Found: Branding-edit/index
ERROR - 2023-09-23 01:39:31 --> 404 Page Not Found: Branding-edit/index
ERROR - 2023-09-23 01:39:32 --> 404 Page Not Found: Branding-edit/index
ERROR - 2023-09-23 01:39:36 --> 404 Page Not Found: Branding-edit/index
ERROR - 2023-09-23 01:39:41 --> 404 Page Not Found: Branding-edit/index
ERROR - 2023-09-23 01:40:06 --> 404 Page Not Found: Topbar-edit/index
ERROR - 2023-09-23 01:42:37 --> 404 Page Not Found: Topbar-edit/index
ERROR - 2023-09-23 01:42:42 --> 404 Page Not Found: Topbar-edit/index
ERROR - 2023-09-23 01:42:52 --> 404 Page Not Found: Topbar-edit/index
ERROR - 2023-09-23 01:42:55 --> 404 Page Not Found: Topbar-edit/index
ERROR - 2023-09-23 01:42:57 --> 404 Page Not Found: Branding-edit/index
ERROR - 2023-09-23 01:43:00 --> 404 Page Not Found: Topbar-edit/index
ERROR - 2023-09-23 01:43:14 --> 404 Page Not Found: Branding-edit/index
ERROR - 2023-09-23 02:34:17 --> Severity: Warning --> Undefined variable $partner_info C:\OSPanel\domains\stimul.news\application\views\admins\News\Create.php 48
ERROR - 2023-09-23 02:34:17 --> Severity: Warning --> Attempt to read property "partner_title" on null C:\OSPanel\domains\stimul.news\application\views\admins\News\Create.php 48
ERROR - 2023-09-23 02:34:27 --> Severity: Warning --> Undefined variable $partner_info C:\OSPanel\domains\stimul.news\application\views\admins\News\Create.php 48
ERROR - 2023-09-23 02:34:27 --> Severity: Warning --> Attempt to read property "partner_title" on null C:\OSPanel\domains\stimul.news\application\views\admins\News\Create.php 48
