ERROR - 2023-10-29 02:43:32 --> 404 Page Not Found: AdminController/crud_about_us_create
ERROR - 2023-10-29 03:25:19 --> 404 Page Not Found: AdminController/crud_settings_create
ERROR - 2023-10-29 03:37:00 --> Severity: Warning --> Undefined variable $admin_page_name C:\OSPanel\domains\stimul.news\application\views\admins\includes\HeadScripts.php 6
ERROR - 2023-10-29 03:39:06 --> Severity: Warning --> Undefined variable $admin_page_name C:\OSPanel\domains\stimul.news\application\views\admins\includes\HeadScripts.php 6
ERROR - 2023-10-29 03:39:17 --> Severity: Warning --> Undefined variable $admin_page_name C:\OSPanel\domains\stimul.news\application\views\admins\includes\HeadScripts.php 6
ERROR - 2023-10-29 03:45:00 --> Severity: Warning --> Undefined variable $admin_page_name C:\OSPanel\domains\stimul.news\application\views\admins\includes\HeadScripts.php 6
ERROR - 2023-10-29 03:45:40 --> Severity: Warning --> Undefined variable $admin_page_name C:\OSPanel\domains\stimul.news\application\views\admins\includes\HeadScripts.php 6
ERROR - 2023-10-29 03:46:51 --> Severity: Warning --> Undefined variable $admin_page_name C:\OSPanel\domains\stimul.news\application\views\admins\includes\HeadScripts.php 6
ERROR - 2023-10-29 03:47:01 --> Severity: Warning --> Undefined variable $admin_page_name C:\OSPanel\domains\stimul.news\application\views\admins\includes\HeadScripts.php 6
ERROR - 2023-10-29 03:47:33 --> Severity: Warning --> Undefined variable $admin_page_name C:\OSPanel\domains\stimul.news\application\views\admins\includes\HeadScripts.php 6
ERROR - 2023-10-29 03:48:21 --> Severity: Warning --> Undefined variable $admin_page_name C:\OSPanel\domains\stimul.news\application\views\admins\includes\HeadScripts.php 6
ERROR - 2023-10-29 03:48:34 --> Severity: Warning --> Undefined variable $admin_page_name C:\OSPanel\domains\stimul.news\application\views\admins\includes\HeadScripts.php 6
ERROR - 2023-10-29 03:49:09 --> Severity: Warning --> Undefined variable $admin_page_name C:\OSPanel\domains\stimul.news\application\views\admins\includes\HeadScripts.php 6
ERROR - 2023-10-29 03:50:25 --> Severity: Warning --> Undefined variable $admin_page_name C:\OSPanel\domains\stimul.news\application\views\admins\includes\HeadScripts.php 6
ERROR - 2023-10-29 03:50:26 --> Severity: Warning --> Undefined variable $admin_page_name C:\OSPanel\domains\stimul.news\application\views\admins\includes\HeadScripts.php 6
ERROR - 2023-10-29 03:51:20 --> Severity: Warning --> Undefined variable $admin_page_name C:\OSPanel\domains\stimul.news\application\views\admins\includes\HeadScripts.php 6
ERROR - 2023-10-29 03:51:25 --> Severity: Warning --> Undefined variable $admin_page_name C:\OSPanel\domains\stimul.news\application\views\admins\includes\HeadScripts.php 6
ERROR - 2023-10-29 03:59:37 --> Severity: Warning --> Undefined variable $admin_page_name C:\OSPanel\domains\stimul.news\application\views\admins\includes\HeadScripts.php 6
ERROR - 2023-10-29 03:59:53 --> Severity: Warning --> Undefined variable $admin_page_name C:\OSPanel\domains\stimul.news\application\views\admins\includes\HeadScripts.php 6
ERROR - 2023-10-29 04:00:02 --> Severity: Warning --> Undefined variable $admin_page_name C:\OSPanel\domains\stimul.news\application\views\admins\includes\HeadScripts.php 6
ERROR - 2023-10-29 04:00:09 --> Severity: Warning --> Undefined variable $admin_page_name C:\OSPanel\domains\stimul.news\application\views\admins\includes\HeadScripts.php 6
ERROR - 2023-10-29 04:01:21 --> Severity: Warning --> Undefined variable $admin_page_name C:\OSPanel\domains\stimul.news\application\views\admins\includes\HeadScripts.php 6
ERROR - 2023-10-29 04:03:59 --> Severity: Warning --> Undefined variable $admin_page_name C:\OSPanel\domains\stimul.news\application\views\admins\includes\HeadScripts.php 6
ERROR - 2023-10-29 04:04:06 --> Severity: Warning --> Undefined variable $admin_page_name C:\OSPanel\domains\stimul.news\application\views\admins\includes\HeadScripts.php 6
ERROR - 2023-10-29 04:08:59 --> Severity: Warning --> Undefined variable $admin_page_name C:\OSPanel\domains\stimul.news\application\views\admins\includes\HeadScripts.php 6
ERROR - 2023-10-29 04:12:37 --> Severity: Warning --> Undefined variable $admin_page_name C:\OSPanel\domains\stimul.news\application\views\admins\includes\HeadScripts.php 6
ERROR - 2023-10-29 04:13:31 --> Severity: Warning --> Undefined variable $admin_page_name C:\OSPanel\domains\stimul.news\application\views\admins\includes\HeadScripts.php 6
ERROR - 2023-10-29 04:17:57 --> Severity: Warning --> Undefined variable $admin_page_name C:\OSPanel\domains\stimul.news\application\views\admins\includes\HeadScripts.php 6
ERROR - 2023-10-29 04:17:58 --> Severity: Warning --> Undefined variable $admin_page_name C:\OSPanel\domains\stimul.news\application\views\admins\includes\HeadScripts.php 6
ERROR - 2023-10-29 04:20:22 --> Severity: Warning --> Undefined variable $admin_page_name C:\OSPanel\domains\stimul.news\application\views\admins\includes\HeadScripts.php 6
ERROR - 2023-10-29 04:21:22 --> Severity: Warning --> Undefined variable $admin_page_name C:\OSPanel\domains\stimul.news\application\views\admins\includes\HeadScripts.php 6
ERROR - 2023-10-29 04:21:47 --> Severity: Warning --> Undefined variable $admin_page_name C:\OSPanel\domains\stimul.news\application\views\admins\includes\HeadScripts.php 6
ERROR - 2023-10-29 04:27:03 --> Severity: Warning --> Undefined variable $admin_page_name C:\OSPanel\domains\stimul.news\application\views\admins\includes\HeadScripts.php 6
ERROR - 2023-10-29 04:27:06 --> Severity: Warning --> Undefined variable $admin_page_name C:\OSPanel\domains\stimul.news\application\views\admins\includes\HeadScripts.php 6
ERROR - 2023-10-29 04:28:24 --> Severity: Warning --> Undefined variable $admin_page_name C:\OSPanel\domains\stimul.news\application\views\admins\includes\HeadScripts.php 6
ERROR - 2023-10-29 04:29:30 --> Severity: Warning --> Undefined variable $admin_page_name C:\OSPanel\domains\stimul.news\application\views\admins\includes\HeadScripts.php 6
ERROR - 2023-10-29 04:30:12 --> Severity: Warning --> Undefined variable $admin_page_name C:\OSPanel\domains\stimul.news\application\views\admins\includes\HeadScripts.php 6
ERROR - 2023-10-29 04:30:22 --> Severity: Warning --> Undefined variable $admin_page_name C:\OSPanel\domains\stimul.news\application\views\admins\includes\HeadScripts.php 6
ERROR - 2023-10-29 04:30:57 --> Severity: Warning --> Undefined variable $admin_page_name C:\OSPanel\domains\stimul.news\application\views\admins\includes\HeadScripts.php 6
ERROR - 2023-10-29 04:31:01 --> Severity: Warning --> Undefined variable $admin_page_name C:\OSPanel\domains\stimul.news\application\views\admins\includes\HeadScripts.php 6
ERROR - 2023-10-29 04:31:22 --> Severity: Warning --> Undefined variable $admin_page_name C:\OSPanel\domains\stimul.news\application\views\admins\includes\HeadScripts.php 6
ERROR - 2023-10-29 04:31:36 --> Severity: Warning --> Undefined variable $admin_page_name C:\OSPanel\domains\stimul.news\application\views\admins\includes\HeadScripts.php 6
ERROR - 2023-10-29 04:32:42 --> Severity: Warning --> Undefined variable $admin_page_name C:\OSPanel\domains\stimul.news\application\views\admins\includes\HeadScripts.php 6
ERROR - 2023-10-29 04:33:05 --> Severity: Warning --> Undefined variable $admin_page_name C:\OSPanel\domains\stimul.news\application\views\admins\includes\HeadScripts.php 6
ERROR - 2023-10-29 04:33:08 --> Severity: Warning --> Undefined variable $admin_page_name C:\OSPanel\domains\stimul.news\application\views\admins\includes\HeadScripts.php 6
ERROR - 2023-10-29 04:33:19 --> Severity: Warning --> Undefined variable $admin_page_name C:\OSPanel\domains\stimul.news\application\views\admins\includes\HeadScripts.php 6
ERROR - 2023-10-29 04:33:42 --> Severity: Warning --> Undefined variable $admin_page_name C:\OSPanel\domains\stimul.news\application\views\admins\includes\HeadScripts.php 6
ERROR - 2023-10-29 04:33:51 --> Severity: Warning --> Undefined variable $admin_page_name C:\OSPanel\domains\stimul.news\application\views\admins\includes\HeadScripts.php 6
ERROR - 2023-10-29 04:35:33 --> Severity: Warning --> Undefined variable $admin_page_name C:\OSPanel\domains\stimul.news\application\views\admins\includes\HeadScripts.php 6
ERROR - 2023-10-29 04:37:43 --> Severity: Warning --> Undefined variable $admin_page_name C:\OSPanel\domains\stimul.news\application\views\admins\includes\HeadScripts.php 6
ERROR - 2023-10-29 04:41:53 --> Severity: Warning --> Undefined variable $admin_page_name C:\OSPanel\domains\stimul.news\application\views\admins\includes\HeadScripts.php 6
ERROR - 2023-10-29 04:42:24 --> Severity: Warning --> Undefined variable $admin_page_name C:\OSPanel\domains\stimul.news\application\views\admins\includes\HeadScripts.php 6
ERROR - 2023-10-29 04:42:31 --> Severity: Warning --> Undefined variable $admin_page_name C:\OSPanel\domains\stimul.news\application\views\admins\includes\HeadScripts.php 6
ERROR - 2023-10-29 04:42:45 --> Severity: Warning --> Undefined variable $admin_page_name C:\OSPanel\domains\stimul.news\application\views\admins\includes\HeadScripts.php 6
ERROR - 2023-10-29 04:43:13 --> Severity: Warning --> Undefined variable $admin_page_name C:\OSPanel\domains\stimul.news\application\views\admins\includes\HeadScripts.php 6
ERROR - 2023-10-29 04:45:03 --> Severity: Warning --> Undefined variable $admin_page_name C:\OSPanel\domains\stimul.news\application\views\admins\includes\HeadScripts.php 6
ERROR - 2023-10-29 04:45:55 --> Severity: Warning --> Undefined variable $admin_page_name C:\OSPanel\domains\stimul.news\application\views\admins\includes\HeadScripts.php 6
ERROR - 2023-10-29 04:46:22 --> Severity: Warning --> Undefined variable $admin_page_name C:\OSPanel\domains\stimul.news\application\views\admins\includes\HeadScripts.php 6
ERROR - 2023-10-29 04:46:28 --> Severity: Warning --> Undefined variable $admin_page_name C:\OSPanel\domains\stimul.news\application\views\admins\includes\HeadScripts.php 6
ERROR - 2023-10-29 04:46:39 --> Severity: Warning --> Undefined variable $admin_page_name C:\OSPanel\domains\stimul.news\application\views\admins\includes\HeadScripts.php 6
ERROR - 2023-10-29 04:46:53 --> Severity: Warning --> Undefined variable $admin_page_name C:\OSPanel\domains\stimul.news\application\views\admins\includes\HeadScripts.php 6
ERROR - 2023-10-29 04:47:17 --> Severity: Warning --> Undefined variable $admin_page_name C:\OSPanel\domains\stimul.news\application\views\admins\includes\HeadScripts.php 6
ERROR - 2023-10-29 04:54:33 --> Severity: Warning --> Undefined variable $admin_page_name C:\OSPanel\domains\stimul.news\application\views\admins\includes\HeadScripts.php 6
ERROR - 2023-10-29 04:54:58 --> Severity: Warning --> Undefined variable $admin_page_name C:\OSPanel\domains\stimul.news\application\views\admins\includes\HeadScripts.php 6
ERROR - 2023-10-29 04:55:10 --> Severity: Warning --> Undefined variable $admin_page_name C:\OSPanel\domains\stimul.news\application\views\admins\includes\HeadScripts.php 6
ERROR - 2023-10-29 04:55:18 --> Severity: Warning --> Undefined variable $admin_page_name C:\OSPanel\domains\stimul.news\application\views\admins\includes\HeadScripts.php 6
ERROR - 2023-10-29 04:57:31 --> Severity: Warning --> Undefined variable $admin_page_name C:\OSPanel\domains\stimul.news\application\views\admins\includes\HeadScripts.php 6
ERROR - 2023-10-29 04:57:37 --> Severity: Warning --> Undefined variable $admin_page_name C:\OSPanel\domains\stimul.news\application\views\admins\includes\HeadScripts.php 6
ERROR - 2023-10-29 05:14:50 --> Severity: Warning --> Undefined variable $admin_page_name C:\OSPanel\domains\stimul.news\application\views\admins\includes\HeadScripts.php 6
ERROR - 2023-10-29 05:14:56 --> Severity: Warning --> Undefined variable $admin_page_name C:\OSPanel\domains\stimul.news\application\views\admins\includes\HeadScripts.php 6
ERROR - 2023-10-29 05:15:16 --> Severity: Warning --> Undefined variable $admin_page_name C:\OSPanel\domains\stimul.news\application\views\admins\includes\HeadScripts.php 6
ERROR - 2023-10-29 05:15:36 --> Severity: Warning --> Undefined variable $admin_page_name C:\OSPanel\domains\stimul.news\application\views\admins\includes\HeadScripts.php 6
ERROR - 2023-10-29 05:15:46 --> Severity: Warning --> Undefined variable $admin_page_name C:\OSPanel\domains\stimul.news\application\views\admins\includes\HeadScripts.php 6
ERROR - 2023-10-29 05:15:47 --> Severity: Warning --> Undefined variable $admin_page_name C:\OSPanel\domains\stimul.news\application\views\admins\includes\HeadScripts.php 6
ERROR - 2023-10-29 05:15:47 --> 404 Page Not Found: File_manager/branding
ERROR - 2023-10-29 05:15:57 --> Severity: Warning --> Undefined variable $admin_page_name C:\OSPanel\domains\stimul.news\application\views\admins\includes\HeadScripts.php 6
ERROR - 2023-10-29 05:16:45 --> Severity: Warning --> Undefined variable $admin_page_name C:\OSPanel\domains\stimul.news\application\views\admins\includes\HeadScripts.php 6
ERROR - 2023-10-29 05:17:04 --> Severity: Warning --> Undefined variable $admin_page_name C:\OSPanel\domains\stimul.news\application\views\admins\includes\HeadScripts.php 6
ERROR - 2023-10-29 05:17:29 --> Severity: Warning --> Undefined variable $admin_page_name C:\OSPanel\domains\stimul.news\application\views\admins\includes\HeadScripts.php 6
ERROR - 2023-10-29 05:17:53 --> Severity: Warning --> Undefined variable $admin_page_name C:\OSPanel\domains\stimul.news\application\views\admins\includes\HeadScripts.php 6
ERROR - 2023-10-29 05:18:34 --> Severity: Warning --> Undefined variable $admin_page_name C:\OSPanel\domains\stimul.news\application\views\admins\includes\HeadScripts.php 6
ERROR - 2023-10-29 05:19:03 --> Severity: Warning --> Undefined variable $admin_page_name C:\OSPanel\domains\stimul.news\application\views\admins\includes\HeadScripts.php 6
ERROR - 2023-10-29 05:20:30 --> Severity: Warning --> Undefined variable $admin_page_name C:\OSPanel\domains\stimul.news\application\views\admins\includes\HeadScripts.php 6
ERROR - 2023-10-29 05:22:05 --> Severity: Warning --> Undefined variable $admin_page_name C:\OSPanel\domains\stimul.news\application\views\admins\includes\HeadScripts.php 6
ERROR - 2023-10-29 05:22:53 --> Severity: Warning --> Undefined variable $admin_page_name C:\OSPanel\domains\stimul.news\application\views\admins\includes\HeadScripts.php 6
ERROR - 2023-10-29 05:23:24 --> Severity: Warning --> Undefined variable $admin_page_name C:\OSPanel\domains\stimul.news\application\views\admins\includes\HeadScripts.php 6
ERROR - 2023-10-29 05:25:51 --> Severity: Warning --> Undefined variable $admin_page_name C:\OSPanel\domains\stimul.news\application\views\admins\includes\HeadScripts.php 6
ERROR - 2023-10-29 05:25:54 --> Severity: Warning --> Undefined variable $admin_page_name C:\OSPanel\domains\stimul.news\application\views\admins\includes\HeadScripts.php 6
ERROR - 2023-10-29 05:25:56 --> Severity: Warning --> Undefined variable $admin_page_name C:\OSPanel\domains\stimul.news\application\views\admins\includes\HeadScripts.php 6
ERROR - 2023-10-29 05:25:59 --> Severity: Warning --> Undefined variable $admin_page_name C:\OSPanel\domains\stimul.news\application\views\admins\includes\HeadScripts.php 6
ERROR - 2023-10-29 05:26:20 --> Severity: Warning --> Undefined variable $admin_page_name C:\OSPanel\domains\stimul.news\application\views\admins\includes\HeadScripts.php 6
ERROR - 2023-10-29 05:26:35 --> Severity: Warning --> Undefined variable $admin_page_name C:\OSPanel\domains\stimul.news\application\views\admins\includes\HeadScripts.php 6
ERROR - 2023-10-29 05:27:15 --> Severity: Warning --> Undefined variable $admin_page_name C:\OSPanel\domains\stimul.news\application\views\admins\includes\HeadScripts.php 6
ERROR - 2023-10-29 05:28:49 --> Severity: Warning --> Undefined variable $admin_page_name C:\OSPanel\domains\stimul.news\application\views\admins\includes\HeadScripts.php 6
ERROR - 2023-10-29 05:28:51 --> Severity: Warning --> Undefined variable $admin_page_name C:\OSPanel\domains\stimul.news\application\views\admins\includes\HeadScripts.php 6
ERROR - 2023-10-29 05:29:24 --> Severity: Warning --> Undefined variable $admin_page_name C:\OSPanel\domains\stimul.news\application\views\admins\includes\HeadScripts.php 6
ERROR - 2023-10-29 05:33:23 --> Severity: Warning --> Undefined variable $admin_page_name C:\OSPanel\domains\stimul.news\application\views\admins\includes\HeadScripts.php 6
ERROR - 2023-10-29 05:34:30 --> Severity: Warning --> Undefined variable $admin_page_name C:\OSPanel\domains\stimul.news\application\views\admins\includes\HeadScripts.php 6
ERROR - 2023-10-29 05:35:14 --> Severity: Warning --> Undefined variable $admin_page_name C:\OSPanel\domains\stimul.news\application\views\admins\includes\HeadScripts.php 6
ERROR - 2023-10-29 05:59:59 --> Severity: Warning --> Undefined variable $admin_page_name C:\OSPanel\domains\stimul.news\application\views\admins\includes\HeadScripts.php 6
ERROR - 2023-10-29 06:00:19 --> Severity: Warning --> Undefined variable $admin_page_name C:\OSPanel\domains\stimul.news\application\views\admins\includes\HeadScripts.php 6
ERROR - 2023-10-29 06:00:50 --> Severity: Warning --> Undefined variable $admin_page_name C:\OSPanel\domains\stimul.news\application\views\admins\includes\HeadScripts.php 6
ERROR - 2023-10-29 06:00:59 --> Severity: Warning --> Undefined variable $admin_page_name C:\OSPanel\domains\stimul.news\application\views\admins\includes\HeadScripts.php 6
ERROR - 2023-10-29 06:02:38 --> Severity: Warning --> Undefined variable $admin_page_name C:\OSPanel\domains\stimul.news\application\views\admins\includes\HeadScripts.php 6
ERROR - 2023-10-29 06:03:49 --> Severity: Warning --> Undefined variable $admin_page_name C:\OSPanel\domains\stimul.news\application\views\admins\includes\HeadScripts.php 6
ERROR - 2023-10-29 06:07:04 --> Severity: Warning --> Undefined variable $admin_page_name C:\OSPanel\domains\stimul.news\application\views\admins\includes\HeadScripts.php 6
ERROR - 2023-10-29 06:09:37 --> Severity: Warning --> Undefined variable $admin_page_name C:\OSPanel\domains\stimul.news\application\views\admins\includes\HeadScripts.php 6
ERROR - 2023-10-29 06:11:23 --> Severity: Warning --> Undefined variable $admin_page_name C:\OSPanel\domains\stimul.news\application\views\admins\includes\HeadScripts.php 6
ERROR - 2023-10-29 06:13:37 --> Severity: Warning --> Undefined variable $admin_page_name C:\OSPanel\domains\stimul.news\application\views\admins\includes\HeadScripts.php 6
ERROR - 2023-10-29 06:13:43 --> Severity: Warning --> Undefined variable $admin_page_name C:\OSPanel\domains\stimul.news\application\views\admins\includes\HeadScripts.php 6
ERROR - 2023-10-29 06:13:51 --> Severity: Warning --> Undefined variable $admin_page_name C:\OSPanel\domains\stimul.news\application\views\admins\includes\HeadScripts.php 6
ERROR - 2023-10-29 06:14:19 --> Severity: Warning --> Undefined variable $admin_page_name C:\OSPanel\domains\stimul.news\application\views\admins\includes\HeadScripts.php 6
ERROR - 2023-10-29 06:15:07 --> Severity: Warning --> Undefined variable $admin_page_name C:\OSPanel\domains\stimul.news\application\views\admins\includes\HeadScripts.php 6
ERROR - 2023-10-29 06:15:11 --> Severity: Warning --> Undefined variable $admin_page_name C:\OSPanel\domains\stimul.news\application\views\admins\includes\HeadScripts.php 6
ERROR - 2023-10-29 06:15:32 --> Severity: Warning --> Undefined variable $admin_page_name C:\OSPanel\domains\stimul.news\application\views\admins\includes\HeadScripts.php 6
ERROR - 2023-10-29 06:15:37 --> Severity: Warning --> Undefined variable $admin_page_name C:\OSPanel\domains\stimul.news\application\views\admins\includes\HeadScripts.php 6
ERROR - 2023-10-29 06:15:57 --> Severity: Warning --> Undefined variable $admin_page_name C:\OSPanel\domains\stimul.news\application\views\admins\includes\HeadScripts.php 6
ERROR - 2023-10-29 06:15:59 --> Severity: Warning --> Undefined variable $admin_page_name C:\OSPanel\domains\stimul.news\application\views\admins\includes\HeadScripts.php 6
ERROR - 2023-10-29 06:16:22 --> Severity: Warning --> Undefined variable $admin_page_name C:\OSPanel\domains\stimul.news\application\views\admins\includes\HeadScripts.php 6
ERROR - 2023-10-29 06:17:13 --> Severity: Warning --> Undefined variable $admin_page_name C:\OSPanel\domains\stimul.news\application\views\admins\includes\HeadScripts.php 6
ERROR - 2023-10-29 06:17:28 --> Severity: Warning --> Undefined variable $admin_page_name C:\OSPanel\domains\stimul.news\application\views\admins\includes\HeadScripts.php 6
ERROR - 2023-10-29 06:17:40 --> Severity: Warning --> Undefined variable $admin_page_name C:\OSPanel\domains\stimul.news\application\views\admins\includes\HeadScripts.php 6
ERROR - 2023-10-29 06:18:05 --> Severity: Warning --> Undefined variable $admin_page_name C:\OSPanel\domains\stimul.news\application\views\admins\includes\HeadScripts.php 6
ERROR - 2023-10-29 06:18:45 --> Severity: Warning --> Undefined variable $admin_page_name C:\OSPanel\domains\stimul.news\application\views\admins\includes\HeadScripts.php 6
ERROR - 2023-10-29 06:18:56 --> Severity: Warning --> Undefined variable $admin_page_name C:\OSPanel\domains\stimul.news\application\views\admins\includes\HeadScripts.php 6
ERROR - 2023-10-29 06:19:15 --> Severity: Warning --> Undefined variable $admin_page_name C:\OSPanel\domains\stimul.news\application\views\admins\includes\HeadScripts.php 6
ERROR - 2023-10-29 06:19:22 --> Severity: Warning --> Undefined variable $admin_page_name C:\OSPanel\domains\stimul.news\application\views\admins\includes\HeadScripts.php 6
ERROR - 2023-10-29 06:20:05 --> Severity: Warning --> Undefined variable $admin_page_name C:\OSPanel\domains\stimul.news\application\views\admins\includes\HeadScripts.php 6
ERROR - 2023-10-29 06:20:13 --> Severity: Warning --> Undefined variable $admin_page_name C:\OSPanel\domains\stimul.news\application\views\admins\includes\HeadScripts.php 6
ERROR - 2023-10-29 06:21:32 --> Severity: Warning --> Undefined variable $admin_page_name C:\OSPanel\domains\stimul.news\application\views\admins\includes\HeadScripts.php 6
ERROR - 2023-10-29 06:23:00 --> Severity: Warning --> Undefined variable $admin_page_name C:\OSPanel\domains\stimul.news\application\views\admins\includes\HeadScripts.php 6
ERROR - 2023-10-29 06:23:25 --> Severity: Warning --> Undefined variable $admin_page_name C:\OSPanel\domains\stimul.news\application\views\admins\includes\HeadScripts.php 6
ERROR - 2023-10-29 06:23:38 --> Severity: Warning --> Undefined variable $admin_page_name C:\OSPanel\domains\stimul.news\application\views\admins\includes\HeadScripts.php 6
ERROR - 2023-10-29 06:32:04 --> Severity: Warning --> Undefined variable $admin_page_name C:\OSPanel\domains\stimul.news\application\views\admins\includes\HeadScripts.php 6
ERROR - 2023-10-29 06:32:07 --> Severity: Warning --> Undefined variable $admin_page_name C:\OSPanel\domains\stimul.news\application\views\admins\includes\HeadScripts.php 6
ERROR - 2023-10-29 06:32:33 --> Severity: Warning --> Undefined variable $admin_page_name C:\OSPanel\domains\stimul.news\application\views\admins\includes\HeadScripts.php 6
ERROR - 2023-10-29 06:35:20 --> Severity: Warning --> Undefined variable $admin_page_name C:\OSPanel\domains\stimul.news\application\views\admins\includes\HeadScripts.php 6
ERROR - 2023-10-29 06:35:24 --> Severity: Warning --> Undefined variable $admin_page_name C:\OSPanel\domains\stimul.news\application\views\admins\includes\HeadScripts.php 6
ERROR - 2023-10-29 06:36:01 --> Severity: Warning --> Undefined variable $admin_page_name C:\OSPanel\domains\stimul.news\application\views\admins\includes\HeadScripts.php 6
ERROR - 2023-10-29 06:38:41 --> Severity: Warning --> Undefined variable $admin_page_name C:\OSPanel\domains\stimul.news\application\views\admins\includes\HeadScripts.php 6
ERROR - 2023-10-29 06:38:41 --> Severity: Warning --> Undefined variable $admin_page_name C:\OSPanel\domains\stimul.news\application\views\admins\includes\HeadScripts.php 6
ERROR - 2023-10-29 06:39:47 --> Severity: Warning --> Undefined variable $admin_page_name C:\OSPanel\domains\stimul.news\application\views\admins\includes\HeadScripts.php 6
ERROR - 2023-10-29 06:39:47 --> Severity: Warning --> Undefined variable $admin_page_name C:\OSPanel\domains\stimul.news\application\views\admins\includes\HeadScripts.php 6
ERROR - 2023-10-29 06:40:09 --> Severity: Warning --> Undefined variable $admin_page_name C:\OSPanel\domains\stimul.news\application\views\admins\includes\HeadScripts.php 6
ERROR - 2023-10-29 06:40:09 --> Severity: Warning --> Undefined variable $admin_page_name C:\OSPanel\domains\stimul.news\application\views\admins\includes\HeadScripts.php 6
ERROR - 2023-10-29 06:40:17 --> Severity: Warning --> Undefined variable $admin_page_name C:\OSPanel\domains\stimul.news\application\views\admins\includes\HeadScripts.php 6
ERROR - 2023-10-29 06:40:18 --> Severity: Warning --> Undefined variable $admin_page_name C:\OSPanel\domains\stimul.news\application\views\admins\includes\HeadScripts.php 6
ERROR - 2023-10-29 06:40:22 --> Severity: Warning --> Undefined variable $admin_page_name C:\OSPanel\domains\stimul.news\application\views\admins\includes\HeadScripts.php 6
ERROR - 2023-10-29 06:40:22 --> Severity: Warning --> Undefined variable $admin_page_name C:\OSPanel\domains\stimul.news\application\views\admins\includes\HeadScripts.php 6
ERROR - 2023-10-29 06:40:42 --> Severity: Warning --> Undefined variable $admin_page_name C:\OSPanel\domains\stimul.news\application\views\admins\includes\HeadScripts.php 6
ERROR - 2023-10-29 06:40:42 --> Severity: Warning --> Undefined variable $admin_page_name C:\OSPanel\domains\stimul.news\application\views\admins\includes\HeadScripts.php 6
ERROR - 2023-10-29 06:41:46 --> Severity: Warning --> Undefined variable $admin_page_name C:\OSPanel\domains\stimul.news\application\views\admins\includes\HeadScripts.php 6
ERROR - 2023-10-29 06:41:46 --> Severity: Warning --> Undefined variable $admin_page_name C:\OSPanel\domains\stimul.news\application\views\admins\includes\HeadScripts.php 6
ERROR - 2023-10-29 06:42:31 --> Severity: Warning --> Undefined variable $admin_page_name C:\OSPanel\domains\stimul.news\application\views\admins\includes\HeadScripts.php 6
ERROR - 2023-10-29 06:42:31 --> Severity: Warning --> Undefined variable $admin_page_name C:\OSPanel\domains\stimul.news\application\views\admins\includes\HeadScripts.php 6
ERROR - 2023-10-29 06:42:38 --> Severity: Warning --> Undefined variable $admin_page_name C:\OSPanel\domains\stimul.news\application\views\admins\includes\HeadScripts.php 6
ERROR - 2023-10-29 06:42:38 --> Severity: Warning --> Undefined variable $admin_page_name C:\OSPanel\domains\stimul.news\application\views\admins\includes\HeadScripts.php 6
ERROR - 2023-10-29 06:42:53 --> Severity: Warning --> Undefined variable $admin_page_name C:\OSPanel\domains\stimul.news\application\views\admins\includes\HeadScripts.php 6
ERROR - 2023-10-29 06:42:53 --> Severity: Warning --> Undefined variable $admin_page_name C:\OSPanel\domains\stimul.news\application\views\admins\includes\HeadScripts.php 6
ERROR - 2023-10-29 06:42:59 --> Severity: Warning --> Undefined variable $admin_page_name C:\OSPanel\domains\stimul.news\application\views\admins\includes\HeadScripts.php 6
ERROR - 2023-10-29 06:43:00 --> Severity: Warning --> Undefined variable $admin_page_name C:\OSPanel\domains\stimul.news\application\views\admins\includes\HeadScripts.php 6
ERROR - 2023-10-29 06:43:08 --> Severity: Warning --> Undefined variable $admin_page_name C:\OSPanel\domains\stimul.news\application\views\admins\includes\HeadScripts.php 6
ERROR - 2023-10-29 06:43:08 --> Severity: Warning --> Undefined variable $admin_page_name C:\OSPanel\domains\stimul.news\application\views\admins\includes\HeadScripts.php 6
ERROR - 2023-10-29 06:43:51 --> Severity: Warning --> Undefined variable $admin_page_name C:\OSPanel\domains\stimul.news\application\views\admins\includes\HeadScripts.php 6
ERROR - 2023-10-29 06:43:51 --> Severity: Warning --> Undefined variable $admin_page_name C:\OSPanel\domains\stimul.news\application\views\admins\includes\HeadScripts.php 6
ERROR - 2023-10-29 06:43:57 --> Severity: Warning --> Undefined variable $admin_page_name C:\OSPanel\domains\stimul.news\application\views\admins\includes\HeadScripts.php 6
ERROR - 2023-10-29 06:43:57 --> Severity: Warning --> Undefined variable $admin_page_name C:\OSPanel\domains\stimul.news\application\views\admins\includes\HeadScripts.php 6
ERROR - 2023-10-29 06:44:03 --> Severity: Warning --> Undefined variable $admin_page_name C:\OSPanel\domains\stimul.news\application\views\admins\includes\HeadScripts.php 6
ERROR - 2023-10-29 06:44:03 --> Severity: Warning --> Undefined variable $admin_page_name C:\OSPanel\domains\stimul.news\application\views\admins\includes\HeadScripts.php 6
ERROR - 2023-10-29 06:44:52 --> Severity: Warning --> Undefined variable $admin_page_name C:\OSPanel\domains\stimul.news\application\views\admins\includes\HeadScripts.php 6
ERROR - 2023-10-29 06:44:52 --> Severity: Warning --> Undefined variable $admin_page_name C:\OSPanel\domains\stimul.news\application\views\admins\includes\HeadScripts.php 6
ERROR - 2023-10-29 06:45:41 --> Severity: Warning --> Undefined variable $admin_page_name C:\OSPanel\domains\stimul.news\application\views\admins\includes\HeadScripts.php 6
ERROR - 2023-10-29 06:45:41 --> Severity: Warning --> Undefined variable $admin_page_name C:\OSPanel\domains\stimul.news\application\views\admins\includes\HeadScripts.php 6
ERROR - 2023-10-29 06:45:58 --> Severity: Warning --> Undefined variable $admin_page_name C:\OSPanel\domains\stimul.news\application\views\admins\includes\HeadScripts.php 6
ERROR - 2023-10-29 06:45:58 --> Severity: Warning --> Undefined variable $admin_page_name C:\OSPanel\domains\stimul.news\application\views\admins\includes\HeadScripts.php 6
ERROR - 2023-10-29 06:46:09 --> Severity: Warning --> Undefined variable $admin_page_name C:\OSPanel\domains\stimul.news\application\views\admins\includes\HeadScripts.php 6
ERROR - 2023-10-29 06:46:09 --> Severity: Warning --> Undefined variable $admin_page_name C:\OSPanel\domains\stimul.news\application\views\admins\includes\HeadScripts.php 6
ERROR - 2023-10-29 06:46:39 --> Severity: Warning --> Undefined variable $admin_page_name C:\OSPanel\domains\stimul.news\application\views\admins\includes\HeadScripts.php 6
ERROR - 2023-10-29 06:46:40 --> Severity: Warning --> Undefined variable $admin_page_name C:\OSPanel\domains\stimul.news\application\views\admins\includes\HeadScripts.php 6
ERROR - 2023-10-29 06:46:48 --> Severity: Warning --> Undefined variable $admin_page_name C:\OSPanel\domains\stimul.news\application\views\admins\includes\HeadScripts.php 6
ERROR - 2023-10-29 06:47:01 --> Severity: Warning --> Undefined variable $admin_page_name C:\OSPanel\domains\stimul.news\application\views\admins\includes\HeadScripts.php 6
ERROR - 2023-10-29 06:47:12 --> Severity: Warning --> Undefined variable $admin_page_name C:\OSPanel\domains\stimul.news\application\views\admins\includes\HeadScripts.php 6
ERROR - 2023-10-29 06:47:16 --> Severity: Warning --> Undefined variable $admin_page_name C:\OSPanel\domains\stimul.news\application\views\admins\includes\HeadScripts.php 6
ERROR - 2023-10-29 06:48:20 --> Severity: Warning --> Undefined variable $admin_page_name C:\OSPanel\domains\stimul.news\application\views\admins\includes\HeadScripts.php 6
ERROR - 2023-10-29 06:48:38 --> Severity: Warning --> Undefined variable $admin_page_name C:\OSPanel\domains\stimul.news\application\views\admins\includes\HeadScripts.php 6
ERROR - 2023-10-29 06:49:03 --> Severity: Warning --> Undefined variable $admin_page_name C:\OSPanel\domains\stimul.news\application\views\admins\includes\HeadScripts.php 6
ERROR - 2023-10-29 06:49:07 --> Severity: Warning --> Undefined variable $admin_page_name C:\OSPanel\domains\stimul.news\application\views\admins\includes\HeadScripts.php 6
ERROR - 2023-10-29 06:49:12 --> Severity: Warning --> Undefined variable $admin_page_name C:\OSPanel\domains\stimul.news\application\views\admins\includes\HeadScripts.php 6
ERROR - 2023-10-29 06:49:25 --> Severity: Warning --> Undefined variable $admin_page_name C:\OSPanel\domains\stimul.news\application\views\admins\includes\HeadScripts.php 6
ERROR - 2023-10-29 06:50:05 --> Severity: Warning --> Undefined variable $admin_page_name C:\OSPanel\domains\stimul.news\application\views\admins\includes\HeadScripts.php 6
ERROR - 2023-10-29 06:51:26 --> Severity: Warning --> Undefined variable $admin_page_name C:\OSPanel\domains\stimul.news\application\views\admins\includes\HeadScripts.php 6
ERROR - 2023-10-29 06:51:32 --> Severity: Warning --> Undefined variable $admin_page_name C:\OSPanel\domains\stimul.news\application\views\admins\includes\HeadScripts.php 6
ERROR - 2023-10-29 06:51:51 --> Severity: Warning --> Undefined variable $admin_page_name C:\OSPanel\domains\stimul.news\application\views\admins\includes\HeadScripts.php 6
ERROR - 2023-10-29 06:52:00 --> Severity: Warning --> Undefined variable $admin_page_name C:\OSPanel\domains\stimul.news\application\views\admins\includes\HeadScripts.php 6
ERROR - 2023-10-29 06:52:04 --> Severity: Warning --> Undefined variable $admin_page_name C:\OSPanel\domains\stimul.news\application\views\admins\includes\HeadScripts.php 6
ERROR - 2023-10-29 06:52:08 --> Severity: Warning --> Undefined variable $admin_page_name C:\OSPanel\domains\stimul.news\application\views\admins\includes\HeadScripts.php 6
ERROR - 2023-10-29 06:52:19 --> Severity: Warning --> Undefined variable $admin_page_name C:\OSPanel\domains\stimul.news\application\views\admins\includes\HeadScripts.php 6
ERROR - 2023-10-29 06:52:27 --> Severity: Warning --> Undefined variable $admin_page_name C:\OSPanel\domains\stimul.news\application\views\admins\includes\HeadScripts.php 6
ERROR - 2023-10-29 06:52:36 --> Severity: Warning --> Undefined variable $admin_page_name C:\OSPanel\domains\stimul.news\application\views\admins\includes\HeadScripts.php 6
ERROR - 2023-10-29 06:52:40 --> Severity: Warning --> Undefined variable $admin_page_name C:\OSPanel\domains\stimul.news\application\views\admins\includes\HeadScripts.php 6
ERROR - 2023-10-29 06:52:43 --> Severity: Warning --> Undefined variable $admin_page_name C:\OSPanel\domains\stimul.news\application\views\admins\includes\HeadScripts.php 6
ERROR - 2023-10-29 06:52:45 --> Severity: Warning --> Undefined variable $admin_page_name C:\OSPanel\domains\stimul.news\application\views\admins\includes\HeadScripts.php 6
ERROR - 2023-10-29 06:53:44 --> Severity: Warning --> Undefined variable $admin_page_name C:\OSPanel\domains\stimul.news\application\views\admins\includes\HeadScripts.php 6
ERROR - 2023-10-29 06:53:56 --> Severity: Warning --> Undefined variable $admin_page_name C:\OSPanel\domains\stimul.news\application\views\admins\includes\HeadScripts.php 6
ERROR - 2023-10-29 06:54:02 --> Severity: Warning --> Undefined variable $admin_page_name C:\OSPanel\domains\stimul.news\application\views\admins\includes\HeadScripts.php 6
ERROR - 2023-10-29 06:54:17 --> Severity: Warning --> Undefined variable $admin_page_name C:\OSPanel\domains\stimul.news\application\views\admins\includes\HeadScripts.php 6
ERROR - 2023-10-29 06:54:26 --> Severity: Warning --> Undefined variable $admin_page_name C:\OSPanel\domains\stimul.news\application\views\admins\includes\HeadScripts.php 6
ERROR - 2023-10-29 06:54:50 --> Severity: Warning --> Undefined variable $admin_page_name C:\OSPanel\domains\stimul.news\application\views\admins\includes\HeadScripts.php 6
ERROR - 2023-10-29 06:54:56 --> Severity: Warning --> Undefined variable $admin_page_name C:\OSPanel\domains\stimul.news\application\views\admins\includes\HeadScripts.php 6
ERROR - 2023-10-29 06:55:33 --> Severity: Warning --> Undefined variable $admin_page_name C:\OSPanel\domains\stimul.news\application\views\admins\includes\HeadScripts.php 6
ERROR - 2023-10-29 06:55:37 --> Severity: Warning --> Undefined variable $admin_page_name C:\OSPanel\domains\stimul.news\application\views\admins\includes\HeadScripts.php 6
ERROR - 2023-10-29 06:55:59 --> Severity: Warning --> Undefined variable $admin_page_name C:\OSPanel\domains\stimul.news\application\views\admins\includes\HeadScripts.php 6
ERROR - 2023-10-29 06:56:13 --> Severity: Warning --> Undefined variable $admin_page_name C:\OSPanel\domains\stimul.news\application\views\admins\includes\HeadScripts.php 6
ERROR - 2023-10-29 06:56:19 --> Severity: Warning --> Undefined variable $admin_page_name C:\OSPanel\domains\stimul.news\application\views\admins\includes\HeadScripts.php 6
ERROR - 2023-10-29 06:57:15 --> Severity: Warning --> Undefined variable $admin_page_name C:\OSPanel\domains\stimul.news\application\views\admins\includes\HeadScripts.php 6
ERROR - 2023-10-29 06:57:24 --> Severity: Warning --> Undefined variable $admin_page_name C:\OSPanel\domains\stimul.news\application\views\admins\includes\HeadScripts.php 6
ERROR - 2023-10-29 06:57:42 --> Severity: Warning --> Undefined variable $admin_page_name C:\OSPanel\domains\stimul.news\application\views\admins\includes\HeadScripts.php 6
ERROR - 2023-10-29 07:02:00 --> Severity: Warning --> Undefined variable $admin_page_name C:\OSPanel\domains\stimul.news\application\views\admins\includes\HeadScripts.php 6
ERROR - 2023-10-29 07:02:17 --> Severity: Warning --> Undefined variable $admin_page_name C:\OSPanel\domains\stimul.news\application\views\admins\includes\HeadScripts.php 6
ERROR - 2023-10-29 07:02:35 --> Severity: Warning --> Undefined variable $admin_page_name C:\OSPanel\domains\stimul.news\application\views\admins\includes\HeadScripts.php 6
ERROR - 2023-10-29 07:03:55 --> Severity: Warning --> Undefined variable $admin_page_name C:\OSPanel\domains\stimul.news\application\views\admins\includes\HeadScripts.php 6
ERROR - 2023-10-29 07:05:39 --> Severity: Warning --> Undefined variable $admin_page_name C:\OSPanel\domains\stimul.news\application\views\admins\includes\HeadScripts.php 6
ERROR - 2023-10-29 07:06:10 --> Severity: Warning --> Undefined variable $admin_page_name C:\OSPanel\domains\stimul.news\application\views\admins\includes\HeadScripts.php 6
ERROR - 2023-10-29 07:06:20 --> Severity: Warning --> Undefined variable $admin_page_name C:\OSPanel\domains\stimul.news\application\views\admins\includes\HeadScripts.php 6
ERROR - 2023-10-29 07:07:28 --> Severity: Warning --> Undefined variable $admin_page_name C:\OSPanel\domains\stimul.news\application\views\admins\includes\HeadScripts.php 6
ERROR - 2023-10-29 07:07:36 --> Severity: Warning --> Undefined variable $admin_page_name C:\OSPanel\domains\stimul.news\application\views\admins\includes\HeadScripts.php 6
ERROR - 2023-10-29 07:07:57 --> Severity: Warning --> Undefined variable $admin_page_name C:\OSPanel\domains\stimul.news\application\views\admins\includes\HeadScripts.php 6
ERROR - 2023-10-29 07:08:30 --> Severity: Warning --> Undefined variable $admin_page_name C:\OSPanel\domains\stimul.news\application\views\admins\includes\HeadScripts.php 6
ERROR - 2023-10-29 07:08:56 --> Severity: Warning --> Undefined variable $admin_page_name C:\OSPanel\domains\stimul.news\application\views\admins\includes\HeadScripts.php 6
ERROR - 2023-10-29 07:09:06 --> Severity: Warning --> Undefined variable $admin_page_name C:\OSPanel\domains\stimul.news\application\views\admins\includes\HeadScripts.php 6
ERROR - 2023-10-29 07:11:09 --> Severity: Warning --> Undefined variable $admin_page_name C:\OSPanel\domains\stimul.news\application\views\admins\includes\HeadScripts.php 6
ERROR - 2023-10-29 07:11:32 --> Severity: Warning --> Undefined variable $admin_page_name C:\OSPanel\domains\stimul.news\application\views\admins\includes\HeadScripts.php 6
ERROR - 2023-10-29 07:11:39 --> Severity: Warning --> Undefined variable $admin_page_name C:\OSPanel\domains\stimul.news\application\views\admins\includes\HeadScripts.php 6
ERROR - 2023-10-29 07:11:51 --> Severity: Warning --> Undefined variable $admin_page_name C:\OSPanel\domains\stimul.news\application\views\admins\includes\HeadScripts.php 6
ERROR - 2023-10-29 07:12:02 --> Severity: Warning --> Undefined variable $admin_page_name C:\OSPanel\domains\stimul.news\application\views\admins\includes\HeadScripts.php 6
ERROR - 2023-10-29 07:12:09 --> Severity: Warning --> Undefined variable $admin_page_name C:\OSPanel\domains\stimul.news\application\views\admins\includes\HeadScripts.php 6
ERROR - 2023-10-29 07:12:20 --> Severity: Warning --> Undefined variable $admin_page_name C:\OSPanel\domains\stimul.news\application\views\admins\includes\HeadScripts.php 6
ERROR - 2023-10-29 07:12:25 --> Severity: Warning --> Undefined variable $admin_page_name C:\OSPanel\domains\stimul.news\application\views\admins\includes\HeadScripts.php 6
ERROR - 2023-10-29 07:12:43 --> Severity: Warning --> Undefined variable $admin_page_name C:\OSPanel\domains\stimul.news\application\views\admins\includes\HeadScripts.php 6
ERROR - 2023-10-29 07:12:50 --> Severity: Warning --> Undefined variable $admin_page_name C:\OSPanel\domains\stimul.news\application\views\admins\includes\HeadScripts.php 6
ERROR - 2023-10-29 07:13:05 --> Severity: Warning --> Undefined variable $admin_page_name C:\OSPanel\domains\stimul.news\application\views\admins\includes\HeadScripts.php 6
ERROR - 2023-10-29 07:13:12 --> Severity: Warning --> Undefined variable $admin_page_name C:\OSPanel\domains\stimul.news\application\views\admins\includes\HeadScripts.php 6
ERROR - 2023-10-29 07:13:25 --> Severity: Warning --> Undefined variable $admin_page_name C:\OSPanel\domains\stimul.news\application\views\admins\includes\HeadScripts.php 6
ERROR - 2023-10-29 07:13:57 --> Severity: Warning --> Undefined variable $admin_page_name C:\OSPanel\domains\stimul.news\application\views\admins\includes\HeadScripts.php 6
ERROR - 2023-10-29 07:14:27 --> Severity: Warning --> Undefined variable $admin_page_name C:\OSPanel\domains\stimul.news\application\views\admins\includes\HeadScripts.php 6
ERROR - 2023-10-29 07:14:33 --> Severity: Warning --> Undefined variable $admin_page_name C:\OSPanel\domains\stimul.news\application\views\admins\includes\HeadScripts.php 6
ERROR - 2023-10-29 07:14:50 --> Severity: Warning --> Undefined variable $admin_page_name C:\OSPanel\domains\stimul.news\application\views\admins\includes\HeadScripts.php 6
ERROR - 2023-10-29 07:15:04 --> Severity: Warning --> Undefined variable $admin_page_name C:\OSPanel\domains\stimul.news\application\views\admins\includes\HeadScripts.php 6
ERROR - 2023-10-29 07:15:30 --> Severity: Warning --> Undefined variable $admin_page_name C:\OSPanel\domains\stimul.news\application\views\admins\includes\HeadScripts.php 6
ERROR - 2023-10-29 07:15:46 --> Severity: Warning --> Undefined variable $admin_page_name C:\OSPanel\domains\stimul.news\application\views\admins\includes\HeadScripts.php 6
ERROR - 2023-10-29 07:16:04 --> Severity: Warning --> Undefined variable $admin_page_name C:\OSPanel\domains\stimul.news\application\views\admins\includes\HeadScripts.php 6
ERROR - 2023-10-29 07:17:43 --> Severity: Warning --> Undefined variable $admin_page_name C:\OSPanel\domains\stimul.news\application\views\admins\includes\HeadScripts.php 6
ERROR - 2023-10-29 07:18:10 --> Severity: Warning --> Undefined variable $admin_page_name C:\OSPanel\domains\stimul.news\application\views\admins\includes\HeadScripts.php 6
ERROR - 2023-10-29 07:18:25 --> Severity: Warning --> Undefined variable $admin_page_name C:\OSPanel\domains\stimul.news\application\views\admins\includes\HeadScripts.php 6
ERROR - 2023-10-29 07:18:35 --> Severity: Warning --> Undefined variable $admin_page_name C:\OSPanel\domains\stimul.news\application\views\admins\includes\HeadScripts.php 6
ERROR - 2023-10-29 07:18:40 --> Severity: Warning --> Undefined variable $admin_page_name C:\OSPanel\domains\stimul.news\application\views\admins\includes\HeadScripts.php 6
ERROR - 2023-10-29 07:19:57 --> Severity: Warning --> Undefined variable $admin_page_name C:\OSPanel\domains\stimul.news\application\views\admins\includes\HeadScripts.php 6
ERROR - 2023-10-29 07:21:59 --> Severity: Warning --> Undefined variable $admin_page_name C:\OSPanel\domains\stimul.news\application\views\admins\includes\HeadScripts.php 6
ERROR - 2023-10-29 07:22:27 --> Severity: Warning --> Undefined variable $admin_page_name C:\OSPanel\domains\stimul.news\application\views\admins\includes\HeadScripts.php 6
ERROR - 2023-10-29 07:22:53 --> Severity: Warning --> Undefined variable $admin_page_name C:\OSPanel\domains\stimul.news\application\views\admins\includes\HeadScripts.php 6
ERROR - 2023-10-29 07:23:48 --> Severity: Warning --> Undefined variable $admin_page_name C:\OSPanel\domains\stimul.news\application\views\admins\includes\HeadScripts.php 6
ERROR - 2023-10-29 07:24:04 --> Severity: Warning --> Undefined variable $admin_page_name C:\OSPanel\domains\stimul.news\application\views\admins\includes\HeadScripts.php 6
ERROR - 2023-10-29 07:24:15 --> Severity: Warning --> Undefined variable $admin_page_name C:\OSPanel\domains\stimul.news\application\views\admins\includes\HeadScripts.php 6
ERROR - 2023-10-29 07:24:25 --> Severity: Warning --> Undefined variable $admin_page_name C:\OSPanel\domains\stimul.news\application\views\admins\includes\HeadScripts.php 6
ERROR - 2023-10-29 07:24:34 --> Severity: Warning --> Undefined variable $admin_page_name C:\OSPanel\domains\stimul.news\application\views\admins\includes\HeadScripts.php 6
ERROR - 2023-10-29 07:24:45 --> Severity: Warning --> Undefined variable $admin_page_name C:\OSPanel\domains\stimul.news\application\views\admins\includes\HeadScripts.php 6
ERROR - 2023-10-29 07:24:50 --> Severity: Warning --> Undefined variable $admin_page_name C:\OSPanel\domains\stimul.news\application\views\admins\includes\HeadScripts.php 6
ERROR - 2023-10-29 07:24:54 --> Severity: Warning --> Undefined variable $admin_page_name C:\OSPanel\domains\stimul.news\application\views\admins\includes\HeadScripts.php 6
ERROR - 2023-10-29 07:26:31 --> Severity: Warning --> Undefined variable $admin_page_name C:\OSPanel\domains\stimul.news\application\views\admins\includes\HeadScripts.php 6
ERROR - 2023-10-29 07:27:19 --> Severity: Warning --> Undefined variable $admin_page_name C:\OSPanel\domains\stimul.news\application\views\admins\includes\HeadScripts.php 6
ERROR - 2023-10-29 07:27:26 --> Severity: Warning --> Undefined variable $admin_page_name C:\OSPanel\domains\stimul.news\application\views\admins\includes\HeadScripts.php 6
ERROR - 2023-10-29 07:28:01 --> Severity: Warning --> Undefined variable $admin_page_name C:\OSPanel\domains\stimul.news\application\views\admins\includes\HeadScripts.php 6
ERROR - 2023-10-29 07:28:14 --> Severity: Warning --> Undefined variable $admin_page_name C:\OSPanel\domains\stimul.news\application\views\admins\includes\HeadScripts.php 6
ERROR - 2023-10-29 07:28:18 --> Severity: Warning --> Undefined variable $admin_page_name C:\OSPanel\domains\stimul.news\application\views\admins\includes\HeadScripts.php 6
ERROR - 2023-10-29 07:28:27 --> Severity: Warning --> Undefined variable $admin_page_name C:\OSPanel\domains\stimul.news\application\views\admins\includes\HeadScripts.php 6
ERROR - 2023-10-29 07:28:43 --> Severity: Warning --> Undefined variable $admin_page_name C:\OSPanel\domains\stimul.news\application\views\admins\includes\HeadScripts.php 6
ERROR - 2023-10-29 07:29:49 --> Severity: Warning --> Undefined variable $admin_page_name C:\OSPanel\domains\stimul.news\application\views\admins\includes\HeadScripts.php 6
ERROR - 2023-10-29 07:31:06 --> Severity: Warning --> Undefined variable $admin_page_name C:\OSPanel\domains\stimul.news\application\views\admins\includes\HeadScripts.php 6
ERROR - 2023-10-29 07:31:08 --> 404 Page Not Found: AdminController/crud_gallery_create
ERROR - 2023-10-29 07:31:09 --> Severity: Warning --> Undefined variable $admin_page_name C:\OSPanel\domains\stimul.news\application\views\admins\includes\HeadScripts.php 6
ERROR - 2023-10-29 07:31:39 --> Severity: Warning --> Undefined variable $admin_page_name C:\OSPanel\domains\stimul.news\application\views\admins\includes\HeadScripts.php 6
ERROR - 2023-10-29 07:33:32 --> Severity: Warning --> Undefined variable $admin_page_name C:\OSPanel\domains\stimul.news\application\views\admins\includes\HeadScripts.php 6
ERROR - 2023-10-29 07:33:47 --> Severity: Warning --> Undefined variable $admin_page_name C:\OSPanel\domains\stimul.news\application\views\admins\includes\HeadScripts.php 6
ERROR - 2023-10-29 17:50:11 --> 404 Page Not Found: Dashboard/index
ERROR - 2023-10-29 17:50:34 --> Severity: Warning --> Undefined variable $admin_page_name C:\OSPanel\domains\stimul.news\application\views\admins\includes\HeadScripts.php 6
