ERROR - 2023-12-02 00:01:18 --> Severity: Warning --> Undefined array key "HTTP_REFERER" C:\OSPanel\domains\stimul.news\application\controllers\UserController.php 68
ERROR - 2023-12-02 00:07:21 --> Severity: Warning --> Trying to access array offset on value of type bool C:\OSPanel\domains\stimul.news\application\controllers\UserController.php 140
ERROR - 2023-12-02 00:07:21 --> Severity: Warning --> Trying to access array offset on value of type bool C:\OSPanel\domains\stimul.news\application\controllers\UserController.php 141
ERROR - 2023-12-02 00:07:22 --> Severity: Warning --> Trying to access array offset on value of type bool C:\OSPanel\domains\stimul.news\application\controllers\UserController.php 140
ERROR - 2023-12-02 00:07:22 --> Severity: Warning --> Trying to access array offset on value of type bool C:\OSPanel\domains\stimul.news\application\controllers\UserController.php 141
ERROR - 2023-12-02 00:07:23 --> Severity: Warning --> Trying to access array offset on value of type bool C:\OSPanel\domains\stimul.news\application\controllers\UserController.php 140
ERROR - 2023-12-02 00:07:23 --> Severity: Warning --> Trying to access array offset on value of type bool C:\OSPanel\domains\stimul.news\application\controllers\UserController.php 141
ERROR - 2023-12-02 00:07:23 --> Severity: Warning --> Trying to access array offset on value of type bool C:\OSPanel\domains\stimul.news\application\controllers\UserController.php 140
ERROR - 2023-12-02 00:07:23 --> Severity: Warning --> Trying to access array offset on value of type bool C:\OSPanel\domains\stimul.news\application\controllers\UserController.php 141
ERROR - 2023-12-02 00:07:39 --> Severity: Warning --> Undefined array key "HTTP_REFERER" C:\OSPanel\domains\stimul.news\application\controllers\UserController.php 68
ERROR - 2023-12-02 00:07:39 --> Severity: Warning --> Undefined array key "HTTP_REFERER" C:\OSPanel\domains\stimul.news\application\controllers\UserController.php 68
ERROR - 2023-12-02 00:07:39 --> Severity: Warning --> Undefined array key "HTTP_REFERER" C:\OSPanel\domains\stimul.news\application\controllers\UserController.php 68
ERROR - 2023-12-02 00:07:39 --> Severity: Warning --> Undefined array key "HTTP_REFERER" C:\OSPanel\domains\stimul.news\application\controllers\UserController.php 68
ERROR - 2023-12-02 00:07:39 --> Severity: Warning --> Undefined array key "HTTP_REFERER" C:\OSPanel\domains\stimul.news\application\controllers\UserController.php 68
ERROR - 2023-12-02 00:07:39 --> Severity: Warning --> Undefined array key "HTTP_REFERER" C:\OSPanel\domains\stimul.news\application\controllers\UserController.php 68
ERROR - 2023-12-02 00:07:39 --> Severity: Warning --> Undefined array key "HTTP_REFERER" C:\OSPanel\domains\stimul.news\application\controllers\UserController.php 68
ERROR - 2023-12-02 00:07:39 --> Severity: Warning --> Undefined array key "HTTP_REFERER" C:\OSPanel\domains\stimul.news\application\controllers\UserController.php 68
ERROR - 2023-12-02 00:07:39 --> Severity: Warning --> Undefined array key "HTTP_REFERER" C:\OSPanel\domains\stimul.news\application\controllers\UserController.php 68
ERROR - 2023-12-02 00:07:39 --> Severity: Warning --> Undefined array key "HTTP_REFERER" C:\OSPanel\domains\stimul.news\application\controllers\UserController.php 68
ERROR - 2023-12-02 00:07:40 --> Severity: Warning --> Undefined array key "HTTP_REFERER" C:\OSPanel\domains\stimul.news\application\controllers\UserController.php 68
ERROR - 2023-12-02 00:07:40 --> Severity: Warning --> Undefined array key "HTTP_REFERER" C:\OSPanel\domains\stimul.news\application\controllers\UserController.php 68
ERROR - 2023-12-02 00:07:40 --> Severity: Warning --> Undefined array key "HTTP_REFERER" C:\OSPanel\domains\stimul.news\application\controllers\UserController.php 68
ERROR - 2023-12-02 00:07:40 --> Severity: Warning --> Undefined array key "HTTP_REFERER" C:\OSPanel\domains\stimul.news\application\controllers\UserController.php 68
ERROR - 2023-12-02 00:07:40 --> Severity: Warning --> Undefined array key "HTTP_REFERER" C:\OSPanel\domains\stimul.news\application\controllers\UserController.php 68
ERROR - 2023-12-02 00:07:40 --> Severity: Warning --> Undefined array key "HTTP_REFERER" C:\OSPanel\domains\stimul.news\application\controllers\UserController.php 68
ERROR - 2023-12-02 00:07:40 --> Severity: Warning --> Undefined array key "HTTP_REFERER" C:\OSPanel\domains\stimul.news\application\controllers\UserController.php 68
ERROR - 2023-12-02 00:07:40 --> Severity: Warning --> Undefined array key "HTTP_REFERER" C:\OSPanel\domains\stimul.news\application\controllers\UserController.php 68
ERROR - 2023-12-02 00:07:40 --> Severity: Warning --> Undefined array key "HTTP_REFERER" C:\OSPanel\domains\stimul.news\application\controllers\UserController.php 68
ERROR - 2023-12-02 00:07:40 --> Severity: Warning --> Undefined array key "HTTP_REFERER" C:\OSPanel\domains\stimul.news\application\controllers\UserController.php 68
ERROR - 2023-12-02 00:07:40 --> Severity: Warning --> Undefined array key "HTTP_REFERER" C:\OSPanel\domains\stimul.news\application\controllers\UserController.php 68
ERROR - 2023-12-02 00:07:40 --> Severity: Warning --> Undefined array key "HTTP_REFERER" C:\OSPanel\domains\stimul.news\application\controllers\UserController.php 68
ERROR - 2023-12-02 00:07:40 --> Severity: Warning --> Undefined array key "HTTP_REFERER" C:\OSPanel\domains\stimul.news\application\controllers\UserController.php 68
ERROR - 2023-12-02 00:07:40 --> Severity: Warning --> Undefined array key "HTTP_REFERER" C:\OSPanel\domains\stimul.news\application\controllers\UserController.php 68
ERROR - 2023-12-02 00:07:40 --> Severity: Warning --> Undefined array key "HTTP_REFERER" C:\OSPanel\domains\stimul.news\application\controllers\UserController.php 68
ERROR - 2023-12-02 00:07:40 --> Severity: Warning --> Undefined array key "HTTP_REFERER" C:\OSPanel\domains\stimul.news\application\controllers\UserController.php 68
ERROR - 2023-12-02 00:07:40 --> Severity: Warning --> Undefined array key "HTTP_REFERER" C:\OSPanel\domains\stimul.news\application\controllers\UserController.php 68
ERROR - 2023-12-02 00:07:40 --> Severity: Warning --> Undefined array key "HTTP_REFERER" C:\OSPanel\domains\stimul.news\application\controllers\UserController.php 68
ERROR - 2023-12-02 00:07:40 --> Severity: Warning --> Undefined array key "HTTP_REFERER" C:\OSPanel\domains\stimul.news\application\controllers\UserController.php 68
ERROR - 2023-12-02 00:07:40 --> Severity: Warning --> Undefined array key "HTTP_REFERER" C:\OSPanel\domains\stimul.news\application\controllers\UserController.php 68
ERROR - 2023-12-02 00:07:40 --> Severity: Warning --> Undefined array key "HTTP_REFERER" C:\OSPanel\domains\stimul.news\application\controllers\UserController.php 68
ERROR - 2023-12-02 00:07:40 --> Severity: Warning --> Undefined array key "HTTP_REFERER" C:\OSPanel\domains\stimul.news\application\controllers\UserController.php 68
ERROR - 2023-12-02 00:07:40 --> Severity: Warning --> Undefined array key "HTTP_REFERER" C:\OSPanel\domains\stimul.news\application\controllers\UserController.php 68
ERROR - 2023-12-02 00:07:40 --> Severity: Warning --> Undefined array key "HTTP_REFERER" C:\OSPanel\domains\stimul.news\application\controllers\UserController.php 68
ERROR - 2023-12-02 00:07:40 --> Severity: Warning --> Undefined array key "HTTP_REFERER" C:\OSPanel\domains\stimul.news\application\controllers\UserController.php 68
ERROR - 2023-12-02 00:07:40 --> Severity: Warning --> Undefined array key "HTTP_REFERER" C:\OSPanel\domains\stimul.news\application\controllers\UserController.php 68
ERROR - 2023-12-02 00:07:40 --> Severity: Warning --> Undefined array key "HTTP_REFERER" C:\OSPanel\domains\stimul.news\application\controllers\UserController.php 68
ERROR - 2023-12-02 00:07:40 --> Severity: Warning --> Undefined array key "HTTP_REFERER" C:\OSPanel\domains\stimul.news\application\controllers\UserController.php 68
ERROR - 2023-12-02 00:07:41 --> Severity: Warning --> Undefined array key "HTTP_REFERER" C:\OSPanel\domains\stimul.news\application\controllers\UserController.php 68
ERROR - 2023-12-02 00:07:41 --> Severity: Warning --> Undefined array key "HTTP_REFERER" C:\OSPanel\domains\stimul.news\application\controllers\UserController.php 68
ERROR - 2023-12-02 00:07:41 --> Severity: Warning --> Undefined array key "HTTP_REFERER" C:\OSPanel\domains\stimul.news\application\controllers\UserController.php 68
ERROR - 2023-12-02 00:07:41 --> Severity: Warning --> Undefined array key "HTTP_REFERER" C:\OSPanel\domains\stimul.news\application\controllers\UserController.php 68
ERROR - 2023-12-02 00:07:42 --> Severity: Warning --> Undefined array key "HTTP_REFERER" C:\OSPanel\domains\stimul.news\application\controllers\UserController.php 68
ERROR - 2023-12-02 00:07:42 --> Severity: Warning --> Undefined array key "HTTP_REFERER" C:\OSPanel\domains\stimul.news\application\controllers\UserController.php 68
ERROR - 2023-12-02 00:07:47 --> Severity: Warning --> Trying to access array offset on value of type null C:\OSPanel\domains\stimul.news\application\controllers\UserController.php 88
ERROR - 2023-12-02 00:07:47 --> Severity: Warning --> Trying to access array offset on value of type null C:\OSPanel\domains\stimul.news\application\controllers\UserController.php 88
ERROR - 2023-12-02 00:07:47 --> Severity: Warning --> Trying to access array offset on value of type null C:\OSPanel\domains\stimul.news\application\controllers\UserController.php 90
ERROR - 2023-12-02 00:07:47 --> Severity: Warning --> Trying to access array offset on value of type null C:\OSPanel\domains\stimul.news\application\controllers\UserController.php 91
ERROR - 2023-12-02 00:07:47 --> Severity: Warning --> Trying to access array offset on value of type null C:\OSPanel\domains\stimul.news\application\views\users\contents\SingleNews.php 6
ERROR - 2023-12-02 00:07:47 --> Severity: Warning --> Trying to access array offset on value of type null C:\OSPanel\domains\stimul.news\application\views\users\contents\SingleNews.php 7
ERROR - 2023-12-02 00:07:47 --> Severity: Warning --> Trying to access array offset on value of type null C:\OSPanel\domains\stimul.news\application\views\users\contents\SingleNews.php 8
ERROR - 2023-12-02 00:07:47 --> Severity: Warning --> Trying to access array offset on value of type null C:\OSPanel\domains\stimul.news\application\views\users\contents\SingleNews.php 16
ERROR - 2023-12-02 00:07:47 --> Severity: Warning --> Trying to access array offset on value of type null C:\OSPanel\domains\stimul.news\application\views\users\contents\SingleNews.php 16
ERROR - 2023-12-02 00:07:47 --> Severity: Warning --> Trying to access array offset on value of type null C:\OSPanel\domains\stimul.news\application\views\users\contents\SingleNews.php 18
ERROR - 2023-12-02 00:07:47 --> Severity: Warning --> Trying to access array offset on value of type null C:\OSPanel\domains\stimul.news\application\views\users\contents\SingleNews.php 18
ERROR - 2023-12-02 00:07:47 --> Severity: Warning --> Trying to access array offset on value of type null C:\OSPanel\domains\stimul.news\application\views\users\contents\SingleNews.php 18
ERROR - 2023-12-02 00:07:47 --> Severity: Warning --> Trying to access array offset on value of type null C:\OSPanel\domains\stimul.news\application\views\users\contents\SingleNews.php 23
ERROR - 2023-12-02 00:07:47 --> Severity: Warning --> Trying to access array offset on value of type null C:\OSPanel\domains\stimul.news\application\views\users\contents\SingleNews.php 28
ERROR - 2023-12-02 00:07:47 --> Severity: Warning --> Trying to access array offset on value of type null C:\OSPanel\domains\stimul.news\application\views\users\contents\SingleNews.php 33
ERROR - 2023-12-02 00:07:48 --> Severity: Warning --> Trying to access array offset on value of type null C:\OSPanel\domains\stimul.news\application\controllers\UserController.php 88
ERROR - 2023-12-02 00:07:48 --> Severity: Warning --> Trying to access array offset on value of type null C:\OSPanel\domains\stimul.news\application\controllers\UserController.php 88
ERROR - 2023-12-02 00:07:48 --> Severity: Warning --> Trying to access array offset on value of type null C:\OSPanel\domains\stimul.news\application\controllers\UserController.php 90
ERROR - 2023-12-02 00:07:48 --> Severity: Warning --> Trying to access array offset on value of type null C:\OSPanel\domains\stimul.news\application\controllers\UserController.php 91
ERROR - 2023-12-02 00:07:48 --> Severity: Warning --> Trying to access array offset on value of type null C:\OSPanel\domains\stimul.news\application\views\users\contents\SingleNews.php 6
ERROR - 2023-12-02 00:07:48 --> Severity: Warning --> Trying to access array offset on value of type null C:\OSPanel\domains\stimul.news\application\views\users\contents\SingleNews.php 7
ERROR - 2023-12-02 00:07:48 --> Severity: Warning --> Trying to access array offset on value of type null C:\OSPanel\domains\stimul.news\application\views\users\contents\SingleNews.php 8
ERROR - 2023-12-02 00:07:48 --> Severity: Warning --> Trying to access array offset on value of type null C:\OSPanel\domains\stimul.news\application\views\users\contents\SingleNews.php 16
ERROR - 2023-12-02 00:07:48 --> Severity: Warning --> Trying to access array offset on value of type null C:\OSPanel\domains\stimul.news\application\views\users\contents\SingleNews.php 16
ERROR - 2023-12-02 00:07:48 --> Severity: Warning --> Trying to access array offset on value of type null C:\OSPanel\domains\stimul.news\application\views\users\contents\SingleNews.php 18
ERROR - 2023-12-02 00:07:48 --> Severity: Warning --> Trying to access array offset on value of type null C:\OSPanel\domains\stimul.news\application\views\users\contents\SingleNews.php 18
ERROR - 2023-12-02 00:07:48 --> Severity: Warning --> Trying to access array offset on value of type null C:\OSPanel\domains\stimul.news\application\views\users\contents\SingleNews.php 18
ERROR - 2023-12-02 00:07:48 --> Severity: Warning --> Trying to access array offset on value of type null C:\OSPanel\domains\stimul.news\application\views\users\contents\SingleNews.php 23
ERROR - 2023-12-02 00:07:48 --> Severity: Warning --> Trying to access array offset on value of type null C:\OSPanel\domains\stimul.news\application\views\users\contents\SingleNews.php 28
ERROR - 2023-12-02 00:07:48 --> Severity: Warning --> Trying to access array offset on value of type null C:\OSPanel\domains\stimul.news\application\views\users\contents\SingleNews.php 33
ERROR - 2023-12-02 00:07:49 --> Severity: Warning --> Trying to access array offset on value of type null C:\OSPanel\domains\stimul.news\application\controllers\UserController.php 88
ERROR - 2023-12-02 00:07:49 --> Severity: Warning --> Trying to access array offset on value of type null C:\OSPanel\domains\stimul.news\application\controllers\UserController.php 88
ERROR - 2023-12-02 00:07:49 --> Severity: Warning --> Trying to access array offset on value of type null C:\OSPanel\domains\stimul.news\application\controllers\UserController.php 90
ERROR - 2023-12-02 00:07:49 --> Severity: Warning --> Trying to access array offset on value of type null C:\OSPanel\domains\stimul.news\application\controllers\UserController.php 91
ERROR - 2023-12-02 00:07:49 --> Severity: Warning --> Trying to access array offset on value of type null C:\OSPanel\domains\stimul.news\application\views\users\contents\SingleNews.php 6
ERROR - 2023-12-02 00:07:49 --> Severity: Warning --> Trying to access array offset on value of type null C:\OSPanel\domains\stimul.news\application\views\users\contents\SingleNews.php 7
ERROR - 2023-12-02 00:07:49 --> Severity: Warning --> Trying to access array offset on value of type null C:\OSPanel\domains\stimul.news\application\views\users\contents\SingleNews.php 8
ERROR - 2023-12-02 00:07:49 --> Severity: Warning --> Trying to access array offset on value of type null C:\OSPanel\domains\stimul.news\application\views\users\contents\SingleNews.php 16
ERROR - 2023-12-02 00:07:49 --> Severity: Warning --> Trying to access array offset on value of type null C:\OSPanel\domains\stimul.news\application\views\users\contents\SingleNews.php 16
ERROR - 2023-12-02 00:07:49 --> Severity: Warning --> Trying to access array offset on value of type null C:\OSPanel\domains\stimul.news\application\views\users\contents\SingleNews.php 18
ERROR - 2023-12-02 00:07:49 --> Severity: Warning --> Trying to access array offset on value of type null C:\OSPanel\domains\stimul.news\application\views\users\contents\SingleNews.php 18
ERROR - 2023-12-02 00:07:49 --> Severity: Warning --> Trying to access array offset on value of type null C:\OSPanel\domains\stimul.news\application\views\users\contents\SingleNews.php 18
ERROR - 2023-12-02 00:07:49 --> Severity: Warning --> Trying to access array offset on value of type null C:\OSPanel\domains\stimul.news\application\views\users\contents\SingleNews.php 23
ERROR - 2023-12-02 00:07:49 --> Severity: Warning --> Trying to access array offset on value of type null C:\OSPanel\domains\stimul.news\application\views\users\contents\SingleNews.php 28
ERROR - 2023-12-02 00:07:49 --> Severity: Warning --> Trying to access array offset on value of type null C:\OSPanel\domains\stimul.news\application\views\users\contents\SingleNews.php 33
ERROR - 2023-12-02 00:07:50 --> Severity: Warning --> Trying to access array offset on value of type null C:\OSPanel\domains\stimul.news\application\controllers\UserController.php 88
ERROR - 2023-12-02 00:07:50 --> Severity: Warning --> Trying to access array offset on value of type null C:\OSPanel\domains\stimul.news\application\controllers\UserController.php 88
ERROR - 2023-12-02 00:07:50 --> Severity: Warning --> Trying to access array offset on value of type null C:\OSPanel\domains\stimul.news\application\controllers\UserController.php 90
ERROR - 2023-12-02 00:07:50 --> Severity: Warning --> Trying to access array offset on value of type null C:\OSPanel\domains\stimul.news\application\controllers\UserController.php 91
ERROR - 2023-12-02 00:07:50 --> Severity: Warning --> Trying to access array offset on value of type null C:\OSPanel\domains\stimul.news\application\views\users\contents\SingleNews.php 6
ERROR - 2023-12-02 00:07:50 --> Severity: Warning --> Trying to access array offset on value of type null C:\OSPanel\domains\stimul.news\application\views\users\contents\SingleNews.php 7
ERROR - 2023-12-02 00:07:50 --> Severity: Warning --> Trying to access array offset on value of type null C:\OSPanel\domains\stimul.news\application\views\users\contents\SingleNews.php 8
ERROR - 2023-12-02 00:07:50 --> Severity: Warning --> Trying to access array offset on value of type null C:\OSPanel\domains\stimul.news\application\views\users\contents\SingleNews.php 16
ERROR - 2023-12-02 00:07:50 --> Severity: Warning --> Trying to access array offset on value of type null C:\OSPanel\domains\stimul.news\application\views\users\contents\SingleNews.php 16
ERROR - 2023-12-02 00:07:50 --> Severity: Warning --> Trying to access array offset on value of type null C:\OSPanel\domains\stimul.news\application\views\users\contents\SingleNews.php 18
ERROR - 2023-12-02 00:07:50 --> Severity: Warning --> Trying to access array offset on value of type null C:\OSPanel\domains\stimul.news\application\views\users\contents\SingleNews.php 18
ERROR - 2023-12-02 00:07:50 --> Severity: Warning --> Trying to access array offset on value of type null C:\OSPanel\domains\stimul.news\application\views\users\contents\SingleNews.php 18
ERROR - 2023-12-02 00:07:50 --> Severity: Warning --> Trying to access array offset on value of type null C:\OSPanel\domains\stimul.news\application\views\users\contents\SingleNews.php 23
ERROR - 2023-12-02 00:07:50 --> Severity: Warning --> Trying to access array offset on value of type null C:\OSPanel\domains\stimul.news\application\views\users\contents\SingleNews.php 28
ERROR - 2023-12-02 00:07:50 --> Severity: Warning --> Trying to access array offset on value of type null C:\OSPanel\domains\stimul.news\application\views\users\contents\SingleNews.php 33
ERROR - 2023-12-02 00:07:58 --> Severity: Warning --> Trying to access array offset on value of type null C:\OSPanel\domains\stimul.news\application\controllers\UserController.php 88
ERROR - 2023-12-02 00:07:58 --> Severity: Warning --> Trying to access array offset on value of type null C:\OSPanel\domains\stimul.news\application\controllers\UserController.php 88
ERROR - 2023-12-02 00:07:58 --> Severity: Warning --> Trying to access array offset on value of type null C:\OSPanel\domains\stimul.news\application\controllers\UserController.php 90
ERROR - 2023-12-02 00:07:58 --> Severity: Warning --> Trying to access array offset on value of type null C:\OSPanel\domains\stimul.news\application\controllers\UserController.php 91
ERROR - 2023-12-02 00:07:58 --> Severity: Warning --> Trying to access array offset on value of type null C:\OSPanel\domains\stimul.news\application\views\users\contents\SingleNews.php 6
ERROR - 2023-12-02 00:07:58 --> Severity: Warning --> Trying to access array offset on value of type null C:\OSPanel\domains\stimul.news\application\views\users\contents\SingleNews.php 7
ERROR - 2023-12-02 00:07:58 --> Severity: Warning --> Trying to access array offset on value of type null C:\OSPanel\domains\stimul.news\application\views\users\contents\SingleNews.php 8
ERROR - 2023-12-02 00:07:58 --> Severity: Warning --> Trying to access array offset on value of type null C:\OSPanel\domains\stimul.news\application\views\users\contents\SingleNews.php 16
ERROR - 2023-12-02 00:07:58 --> Severity: Warning --> Trying to access array offset on value of type null C:\OSPanel\domains\stimul.news\application\views\users\contents\SingleNews.php 16
ERROR - 2023-12-02 00:07:58 --> Severity: Warning --> Trying to access array offset on value of type null C:\OSPanel\domains\stimul.news\application\views\users\contents\SingleNews.php 18
ERROR - 2023-12-02 00:07:58 --> Severity: Warning --> Trying to access array offset on value of type null C:\OSPanel\domains\stimul.news\application\views\users\contents\SingleNews.php 18
ERROR - 2023-12-02 00:07:58 --> Severity: Warning --> Trying to access array offset on value of type null C:\OSPanel\domains\stimul.news\application\views\users\contents\SingleNews.php 18
ERROR - 2023-12-02 00:07:58 --> Severity: Warning --> Trying to access array offset on value of type null C:\OSPanel\domains\stimul.news\application\views\users\contents\SingleNews.php 23
ERROR - 2023-12-02 00:07:58 --> Severity: Warning --> Trying to access array offset on value of type null C:\OSPanel\domains\stimul.news\application\views\users\contents\SingleNews.php 28
ERROR - 2023-12-02 00:07:58 --> Severity: Warning --> Trying to access array offset on value of type null C:\OSPanel\domains\stimul.news\application\views\users\contents\SingleNews.php 33
ERROR - 2023-12-02 00:10:52 --> Severity: Warning --> Trying to access array offset on value of type null C:\OSPanel\domains\stimul.news\application\controllers\UserController.php 88
ERROR - 2023-12-02 00:10:52 --> Severity: Warning --> Trying to access array offset on value of type null C:\OSPanel\domains\stimul.news\application\controllers\UserController.php 88
ERROR - 2023-12-02 00:10:52 --> Severity: Warning --> Trying to access array offset on value of type null C:\OSPanel\domains\stimul.news\application\controllers\UserController.php 90
ERROR - 2023-12-02 00:10:52 --> Severity: Warning --> Trying to access array offset on value of type null C:\OSPanel\domains\stimul.news\application\controllers\UserController.php 91
ERROR - 2023-12-02 00:10:52 --> Severity: Warning --> Trying to access array offset on value of type null C:\OSPanel\domains\stimul.news\application\views\users\contents\SingleNews.php 6
ERROR - 2023-12-02 00:10:52 --> Severity: Warning --> Trying to access array offset on value of type null C:\OSPanel\domains\stimul.news\application\views\users\contents\SingleNews.php 7
ERROR - 2023-12-02 00:10:52 --> Severity: Warning --> Trying to access array offset on value of type null C:\OSPanel\domains\stimul.news\application\views\users\contents\SingleNews.php 8
ERROR - 2023-12-02 00:10:52 --> Severity: Warning --> Trying to access array offset on value of type null C:\OSPanel\domains\stimul.news\application\views\users\contents\SingleNews.php 16
ERROR - 2023-12-02 00:10:52 --> Severity: Warning --> Trying to access array offset on value of type null C:\OSPanel\domains\stimul.news\application\views\users\contents\SingleNews.php 16
ERROR - 2023-12-02 00:10:52 --> Severity: Warning --> Trying to access array offset on value of type null C:\OSPanel\domains\stimul.news\application\views\users\contents\SingleNews.php 18
ERROR - 2023-12-02 00:10:52 --> Severity: Warning --> Trying to access array offset on value of type null C:\OSPanel\domains\stimul.news\application\views\users\contents\SingleNews.php 18
ERROR - 2023-12-02 00:10:52 --> Severity: Warning --> Trying to access array offset on value of type null C:\OSPanel\domains\stimul.news\application\views\users\contents\SingleNews.php 18
ERROR - 2023-12-02 00:10:52 --> Severity: Warning --> Trying to access array offset on value of type null C:\OSPanel\domains\stimul.news\application\views\users\contents\SingleNews.php 23
ERROR - 2023-12-02 00:10:52 --> Severity: Warning --> Trying to access array offset on value of type null C:\OSPanel\domains\stimul.news\application\views\users\contents\SingleNews.php 28
ERROR - 2023-12-02 00:10:52 --> Severity: Warning --> Trying to access array offset on value of type null C:\OSPanel\domains\stimul.news\application\views\users\contents\SingleNews.php 33
ERROR - 2023-12-02 00:10:52 --> Severity: Warning --> Trying to access array offset on value of type null C:\OSPanel\domains\stimul.news\application\controllers\UserController.php 88
ERROR - 2023-12-02 00:10:52 --> Severity: Warning --> Trying to access array offset on value of type null C:\OSPanel\domains\stimul.news\application\controllers\UserController.php 88
ERROR - 2023-12-02 00:10:52 --> Severity: Warning --> Trying to access array offset on value of type null C:\OSPanel\domains\stimul.news\application\controllers\UserController.php 90
ERROR - 2023-12-02 00:10:52 --> Severity: Warning --> Trying to access array offset on value of type null C:\OSPanel\domains\stimul.news\application\controllers\UserController.php 91
ERROR - 2023-12-02 00:10:52 --> Severity: Warning --> Trying to access array offset on value of type null C:\OSPanel\domains\stimul.news\application\views\users\contents\SingleNews.php 6
ERROR - 2023-12-02 00:10:52 --> Severity: Warning --> Trying to access array offset on value of type null C:\OSPanel\domains\stimul.news\application\views\users\contents\SingleNews.php 7
ERROR - 2023-12-02 00:10:52 --> Severity: Warning --> Trying to access array offset on value of type null C:\OSPanel\domains\stimul.news\application\views\users\contents\SingleNews.php 8
ERROR - 2023-12-02 00:10:52 --> Severity: Warning --> Trying to access array offset on value of type null C:\OSPanel\domains\stimul.news\application\views\users\contents\SingleNews.php 16
ERROR - 2023-12-02 00:10:52 --> Severity: Warning --> Trying to access array offset on value of type null C:\OSPanel\domains\stimul.news\application\views\users\contents\SingleNews.php 16
ERROR - 2023-12-02 00:10:52 --> Severity: Warning --> Trying to access array offset on value of type null C:\OSPanel\domains\stimul.news\application\views\users\contents\SingleNews.php 18
ERROR - 2023-12-02 00:10:52 --> Severity: Warning --> Trying to access array offset on value of type null C:\OSPanel\domains\stimul.news\application\views\users\contents\SingleNews.php 18
ERROR - 2023-12-02 00:10:52 --> Severity: Warning --> Trying to access array offset on value of type null C:\OSPanel\domains\stimul.news\application\views\users\contents\SingleNews.php 18
ERROR - 2023-12-02 00:10:52 --> Severity: Warning --> Trying to access array offset on value of type null C:\OSPanel\domains\stimul.news\application\views\users\contents\SingleNews.php 23
ERROR - 2023-12-02 00:10:52 --> Severity: Warning --> Trying to access array offset on value of type null C:\OSPanel\domains\stimul.news\application\views\users\contents\SingleNews.php 28
ERROR - 2023-12-02 00:10:52 --> Severity: Warning --> Trying to access array offset on value of type null C:\OSPanel\domains\stimul.news\application\views\users\contents\SingleNews.php 33
ERROR - 2023-12-02 00:10:54 --> Severity: Warning --> Trying to access array offset on value of type null C:\OSPanel\domains\stimul.news\application\controllers\UserController.php 88
ERROR - 2023-12-02 00:10:54 --> Severity: Warning --> Trying to access array offset on value of type null C:\OSPanel\domains\stimul.news\application\controllers\UserController.php 88
ERROR - 2023-12-02 00:10:54 --> Severity: Warning --> Trying to access array offset on value of type null C:\OSPanel\domains\stimul.news\application\controllers\UserController.php 90
ERROR - 2023-12-02 00:10:54 --> Severity: Warning --> Trying to access array offset on value of type null C:\OSPanel\domains\stimul.news\application\controllers\UserController.php 91
ERROR - 2023-12-02 00:10:54 --> Severity: Warning --> Trying to access array offset on value of type null C:\OSPanel\domains\stimul.news\application\views\users\contents\SingleNews.php 6
ERROR - 2023-12-02 00:10:54 --> Severity: Warning --> Trying to access array offset on value of type null C:\OSPanel\domains\stimul.news\application\views\users\contents\SingleNews.php 7
ERROR - 2023-12-02 00:10:54 --> Severity: Warning --> Trying to access array offset on value of type null C:\OSPanel\domains\stimul.news\application\views\users\contents\SingleNews.php 8
ERROR - 2023-12-02 00:10:54 --> Severity: Warning --> Trying to access array offset on value of type null C:\OSPanel\domains\stimul.news\application\views\users\contents\SingleNews.php 16
ERROR - 2023-12-02 00:10:54 --> Severity: Warning --> Trying to access array offset on value of type null C:\OSPanel\domains\stimul.news\application\views\users\contents\SingleNews.php 16
ERROR - 2023-12-02 00:10:54 --> Severity: Warning --> Trying to access array offset on value of type null C:\OSPanel\domains\stimul.news\application\views\users\contents\SingleNews.php 18
ERROR - 2023-12-02 00:10:54 --> Severity: Warning --> Trying to access array offset on value of type null C:\OSPanel\domains\stimul.news\application\views\users\contents\SingleNews.php 18
ERROR - 2023-12-02 00:10:54 --> Severity: Warning --> Trying to access array offset on value of type null C:\OSPanel\domains\stimul.news\application\views\users\contents\SingleNews.php 18
ERROR - 2023-12-02 00:10:54 --> Severity: Warning --> Trying to access array offset on value of type null C:\OSPanel\domains\stimul.news\application\views\users\contents\SingleNews.php 23
ERROR - 2023-12-02 00:10:54 --> Severity: Warning --> Trying to access array offset on value of type null C:\OSPanel\domains\stimul.news\application\views\users\contents\SingleNews.php 28
ERROR - 2023-12-02 00:10:54 --> Severity: Warning --> Trying to access array offset on value of type null C:\OSPanel\domains\stimul.news\application\views\users\contents\SingleNews.php 33
ERROR - 2023-12-02 00:10:59 --> Severity: Warning --> Trying to access array offset on value of type null C:\OSPanel\domains\stimul.news\application\controllers\UserController.php 88
ERROR - 2023-12-02 00:10:59 --> Severity: Warning --> Trying to access array offset on value of type null C:\OSPanel\domains\stimul.news\application\controllers\UserController.php 88
ERROR - 2023-12-02 00:10:59 --> Severity: Warning --> Trying to access array offset on value of type null C:\OSPanel\domains\stimul.news\application\controllers\UserController.php 90
ERROR - 2023-12-02 00:10:59 --> Severity: Warning --> Trying to access array offset on value of type null C:\OSPanel\domains\stimul.news\application\controllers\UserController.php 91
ERROR - 2023-12-02 00:10:59 --> Severity: Warning --> Trying to access array offset on value of type null C:\OSPanel\domains\stimul.news\application\views\users\contents\SingleNews.php 6
ERROR - 2023-12-02 00:10:59 --> Severity: Warning --> Trying to access array offset on value of type null C:\OSPanel\domains\stimul.news\application\views\users\contents\SingleNews.php 7
ERROR - 2023-12-02 00:10:59 --> Severity: Warning --> Trying to access array offset on value of type null C:\OSPanel\domains\stimul.news\application\views\users\contents\SingleNews.php 8
ERROR - 2023-12-02 00:10:59 --> Severity: Warning --> Trying to access array offset on value of type null C:\OSPanel\domains\stimul.news\application\views\users\contents\SingleNews.php 16
ERROR - 2023-12-02 00:10:59 --> Severity: Warning --> Trying to access array offset on value of type null C:\OSPanel\domains\stimul.news\application\views\users\contents\SingleNews.php 16
ERROR - 2023-12-02 00:10:59 --> Severity: Warning --> Trying to access array offset on value of type null C:\OSPanel\domains\stimul.news\application\views\users\contents\SingleNews.php 18
ERROR - 2023-12-02 00:10:59 --> Severity: Warning --> Trying to access array offset on value of type null C:\OSPanel\domains\stimul.news\application\views\users\contents\SingleNews.php 18
ERROR - 2023-12-02 00:10:59 --> Severity: Warning --> Trying to access array offset on value of type null C:\OSPanel\domains\stimul.news\application\views\users\contents\SingleNews.php 18
ERROR - 2023-12-02 00:10:59 --> Severity: Warning --> Trying to access array offset on value of type null C:\OSPanel\domains\stimul.news\application\views\users\contents\SingleNews.php 23
ERROR - 2023-12-02 00:10:59 --> Severity: Warning --> Trying to access array offset on value of type null C:\OSPanel\domains\stimul.news\application\views\users\contents\SingleNews.php 28
ERROR - 2023-12-02 00:10:59 --> Severity: Warning --> Trying to access array offset on value of type null C:\OSPanel\domains\stimul.news\application\views\users\contents\SingleNews.php 33
ERROR - 2023-12-02 00:11:00 --> Severity: Warning --> Trying to access array offset on value of type null C:\OSPanel\domains\stimul.news\application\controllers\UserController.php 88
ERROR - 2023-12-02 00:11:00 --> Severity: Warning --> Trying to access array offset on value of type null C:\OSPanel\domains\stimul.news\application\controllers\UserController.php 88
ERROR - 2023-12-02 00:11:00 --> Severity: Warning --> Trying to access array offset on value of type null C:\OSPanel\domains\stimul.news\application\controllers\UserController.php 90
ERROR - 2023-12-02 00:11:00 --> Severity: Warning --> Trying to access array offset on value of type null C:\OSPanel\domains\stimul.news\application\controllers\UserController.php 91
ERROR - 2023-12-02 00:11:00 --> Severity: Warning --> Trying to access array offset on value of type null C:\OSPanel\domains\stimul.news\application\views\users\contents\SingleNews.php 6
ERROR - 2023-12-02 00:11:00 --> Severity: Warning --> Trying to access array offset on value of type null C:\OSPanel\domains\stimul.news\application\views\users\contents\SingleNews.php 7
ERROR - 2023-12-02 00:11:00 --> Severity: Warning --> Trying to access array offset on value of type null C:\OSPanel\domains\stimul.news\application\views\users\contents\SingleNews.php 8
ERROR - 2023-12-02 00:11:00 --> Severity: Warning --> Trying to access array offset on value of type null C:\OSPanel\domains\stimul.news\application\views\users\contents\SingleNews.php 16
ERROR - 2023-12-02 00:11:00 --> Severity: Warning --> Trying to access array offset on value of type null C:\OSPanel\domains\stimul.news\application\views\users\contents\SingleNews.php 16
ERROR - 2023-12-02 00:11:00 --> Severity: Warning --> Trying to access array offset on value of type null C:\OSPanel\domains\stimul.news\application\views\users\contents\SingleNews.php 18
ERROR - 2023-12-02 00:11:00 --> Severity: Warning --> Trying to access array offset on value of type null C:\OSPanel\domains\stimul.news\application\views\users\contents\SingleNews.php 18
ERROR - 2023-12-02 00:11:00 --> Severity: Warning --> Trying to access array offset on value of type null C:\OSPanel\domains\stimul.news\application\views\users\contents\SingleNews.php 18
ERROR - 2023-12-02 00:11:00 --> Severity: Warning --> Trying to access array offset on value of type null C:\OSPanel\domains\stimul.news\application\views\users\contents\SingleNews.php 23
ERROR - 2023-12-02 00:11:00 --> Severity: Warning --> Trying to access array offset on value of type null C:\OSPanel\domains\stimul.news\application\views\users\contents\SingleNews.php 28
ERROR - 2023-12-02 00:11:00 --> Severity: Warning --> Trying to access array offset on value of type null C:\OSPanel\domains\stimul.news\application\views\users\contents\SingleNews.php 33
ERROR - 2023-12-02 00:11:01 --> Severity: Warning --> Trying to access array offset on value of type null C:\OSPanel\domains\stimul.news\application\controllers\UserController.php 88
ERROR - 2023-12-02 00:11:01 --> Severity: Warning --> Trying to access array offset on value of type null C:\OSPanel\domains\stimul.news\application\controllers\UserController.php 88
ERROR - 2023-12-02 00:11:01 --> Severity: Warning --> Trying to access array offset on value of type null C:\OSPanel\domains\stimul.news\application\controllers\UserController.php 90
ERROR - 2023-12-02 00:11:01 --> Severity: Warning --> Trying to access array offset on value of type null C:\OSPanel\domains\stimul.news\application\controllers\UserController.php 91
ERROR - 2023-12-02 00:11:01 --> Severity: Warning --> Trying to access array offset on value of type null C:\OSPanel\domains\stimul.news\application\views\users\contents\SingleNews.php 6
ERROR - 2023-12-02 00:11:01 --> Severity: Warning --> Trying to access array offset on value of type null C:\OSPanel\domains\stimul.news\application\views\users\contents\SingleNews.php 7
ERROR - 2023-12-02 00:11:01 --> Severity: Warning --> Trying to access array offset on value of type null C:\OSPanel\domains\stimul.news\application\views\users\contents\SingleNews.php 8
ERROR - 2023-12-02 00:11:01 --> Severity: Warning --> Trying to access array offset on value of type null C:\OSPanel\domains\stimul.news\application\views\users\contents\SingleNews.php 16
ERROR - 2023-12-02 00:11:01 --> Severity: Warning --> Trying to access array offset on value of type null C:\OSPanel\domains\stimul.news\application\views\users\contents\SingleNews.php 16
ERROR - 2023-12-02 00:11:01 --> Severity: Warning --> Trying to access array offset on value of type null C:\OSPanel\domains\stimul.news\application\views\users\contents\SingleNews.php 18
ERROR - 2023-12-02 00:11:01 --> Severity: Warning --> Trying to access array offset on value of type null C:\OSPanel\domains\stimul.news\application\views\users\contents\SingleNews.php 18
ERROR - 2023-12-02 00:11:01 --> Severity: Warning --> Trying to access array offset on value of type null C:\OSPanel\domains\stimul.news\application\views\users\contents\SingleNews.php 18
ERROR - 2023-12-02 00:11:01 --> Severity: Warning --> Trying to access array offset on value of type null C:\OSPanel\domains\stimul.news\application\views\users\contents\SingleNews.php 23
ERROR - 2023-12-02 00:11:01 --> Severity: Warning --> Trying to access array offset on value of type null C:\OSPanel\domains\stimul.news\application\views\users\contents\SingleNews.php 28
ERROR - 2023-12-02 00:11:01 --> Severity: Warning --> Trying to access array offset on value of type null C:\OSPanel\domains\stimul.news\application\views\users\contents\SingleNews.php 33
ERROR - 2023-12-02 00:11:05 --> Severity: Warning --> Trying to access array offset on value of type null C:\OSPanel\domains\stimul.news\application\controllers\UserController.php 88
ERROR - 2023-12-02 00:11:05 --> Severity: Warning --> Trying to access array offset on value of type null C:\OSPanel\domains\stimul.news\application\controllers\UserController.php 88
ERROR - 2023-12-02 00:11:05 --> Severity: Warning --> Trying to access array offset on value of type null C:\OSPanel\domains\stimul.news\application\controllers\UserController.php 90
ERROR - 2023-12-02 00:11:05 --> Severity: Warning --> Trying to access array offset on value of type null C:\OSPanel\domains\stimul.news\application\controllers\UserController.php 91
ERROR - 2023-12-02 00:11:05 --> Severity: Warning --> Trying to access array offset on value of type null C:\OSPanel\domains\stimul.news\application\views\users\contents\SingleNews.php 6
ERROR - 2023-12-02 00:11:05 --> Severity: Warning --> Trying to access array offset on value of type null C:\OSPanel\domains\stimul.news\application\views\users\contents\SingleNews.php 7
ERROR - 2023-12-02 00:11:05 --> Severity: Warning --> Trying to access array offset on value of type null C:\OSPanel\domains\stimul.news\application\views\users\contents\SingleNews.php 8
ERROR - 2023-12-02 00:11:05 --> Severity: Warning --> Trying to access array offset on value of type null C:\OSPanel\domains\stimul.news\application\views\users\contents\SingleNews.php 16
ERROR - 2023-12-02 00:11:05 --> Severity: Warning --> Trying to access array offset on value of type null C:\OSPanel\domains\stimul.news\application\views\users\contents\SingleNews.php 16
ERROR - 2023-12-02 00:11:05 --> Severity: Warning --> Trying to access array offset on value of type null C:\OSPanel\domains\stimul.news\application\views\users\contents\SingleNews.php 18
ERROR - 2023-12-02 00:11:05 --> Severity: Warning --> Trying to access array offset on value of type null C:\OSPanel\domains\stimul.news\application\views\users\contents\SingleNews.php 18
ERROR - 2023-12-02 00:11:05 --> Severity: Warning --> Trying to access array offset on value of type null C:\OSPanel\domains\stimul.news\application\views\users\contents\SingleNews.php 18
ERROR - 2023-12-02 00:11:05 --> Severity: Warning --> Trying to access array offset on value of type null C:\OSPanel\domains\stimul.news\application\views\users\contents\SingleNews.php 23
ERROR - 2023-12-02 00:11:05 --> Severity: Warning --> Trying to access array offset on value of type null C:\OSPanel\domains\stimul.news\application\views\users\contents\SingleNews.php 28
ERROR - 2023-12-02 00:11:05 --> Severity: Warning --> Trying to access array offset on value of type null C:\OSPanel\domains\stimul.news\application\views\users\contents\SingleNews.php 33
ERROR - 2023-12-02 00:11:06 --> Severity: Warning --> Trying to access array offset on value of type null C:\OSPanel\domains\stimul.news\application\controllers\UserController.php 88
ERROR - 2023-12-02 00:11:06 --> Severity: Warning --> Trying to access array offset on value of type null C:\OSPanel\domains\stimul.news\application\controllers\UserController.php 88
ERROR - 2023-12-02 00:11:06 --> Severity: Warning --> Trying to access array offset on value of type null C:\OSPanel\domains\stimul.news\application\controllers\UserController.php 90
ERROR - 2023-12-02 00:11:06 --> Severity: Warning --> Trying to access array offset on value of type null C:\OSPanel\domains\stimul.news\application\controllers\UserController.php 91
ERROR - 2023-12-02 00:11:06 --> Severity: Warning --> Trying to access array offset on value of type null C:\OSPanel\domains\stimul.news\application\views\users\contents\SingleNews.php 6
ERROR - 2023-12-02 00:11:06 --> Severity: Warning --> Trying to access array offset on value of type null C:\OSPanel\domains\stimul.news\application\views\users\contents\SingleNews.php 7
ERROR - 2023-12-02 00:11:06 --> Severity: Warning --> Trying to access array offset on value of type null C:\OSPanel\domains\stimul.news\application\views\users\contents\SingleNews.php 8
ERROR - 2023-12-02 00:11:06 --> Severity: Warning --> Trying to access array offset on value of type null C:\OSPanel\domains\stimul.news\application\views\users\contents\SingleNews.php 16
ERROR - 2023-12-02 00:11:06 --> Severity: Warning --> Trying to access array offset on value of type null C:\OSPanel\domains\stimul.news\application\views\users\contents\SingleNews.php 16
ERROR - 2023-12-02 00:11:06 --> Severity: Warning --> Trying to access array offset on value of type null C:\OSPanel\domains\stimul.news\application\views\users\contents\SingleNews.php 18
ERROR - 2023-12-02 00:11:06 --> Severity: Warning --> Trying to access array offset on value of type null C:\OSPanel\domains\stimul.news\application\views\users\contents\SingleNews.php 18
ERROR - 2023-12-02 00:11:06 --> Severity: Warning --> Trying to access array offset on value of type null C:\OSPanel\domains\stimul.news\application\views\users\contents\SingleNews.php 18
ERROR - 2023-12-02 00:11:06 --> Severity: Warning --> Trying to access array offset on value of type null C:\OSPanel\domains\stimul.news\application\views\users\contents\SingleNews.php 23
ERROR - 2023-12-02 00:11:06 --> Severity: Warning --> Trying to access array offset on value of type null C:\OSPanel\domains\stimul.news\application\views\users\contents\SingleNews.php 28
ERROR - 2023-12-02 00:11:06 --> Severity: Warning --> Trying to access array offset on value of type null C:\OSPanel\domains\stimul.news\application\views\users\contents\SingleNews.php 33
ERROR - 2023-12-02 00:11:11 --> Severity: Warning --> Trying to access array offset on value of type null C:\OSPanel\domains\stimul.news\application\controllers\UserController.php 88
ERROR - 2023-12-02 00:11:11 --> Severity: Warning --> Trying to access array offset on value of type null C:\OSPanel\domains\stimul.news\application\controllers\UserController.php 88
ERROR - 2023-12-02 00:11:11 --> Severity: Warning --> Trying to access array offset on value of type null C:\OSPanel\domains\stimul.news\application\controllers\UserController.php 90
ERROR - 2023-12-02 00:11:11 --> Severity: Warning --> Trying to access array offset on value of type null C:\OSPanel\domains\stimul.news\application\controllers\UserController.php 91
ERROR - 2023-12-02 00:11:11 --> Severity: Warning --> Trying to access array offset on value of type null C:\OSPanel\domains\stimul.news\application\views\users\contents\SingleNews.php 6
ERROR - 2023-12-02 00:11:11 --> Severity: Warning --> Trying to access array offset on value of type null C:\OSPanel\domains\stimul.news\application\views\users\contents\SingleNews.php 7
ERROR - 2023-12-02 00:11:11 --> Severity: Warning --> Trying to access array offset on value of type null C:\OSPanel\domains\stimul.news\application\views\users\contents\SingleNews.php 8
ERROR - 2023-12-02 00:11:11 --> Severity: Warning --> Trying to access array offset on value of type null C:\OSPanel\domains\stimul.news\application\views\users\contents\SingleNews.php 16
ERROR - 2023-12-02 00:11:11 --> Severity: Warning --> Trying to access array offset on value of type null C:\OSPanel\domains\stimul.news\application\views\users\contents\SingleNews.php 16
ERROR - 2023-12-02 00:11:11 --> Severity: Warning --> Trying to access array offset on value of type null C:\OSPanel\domains\stimul.news\application\views\users\contents\SingleNews.php 18
ERROR - 2023-12-02 00:11:11 --> Severity: Warning --> Trying to access array offset on value of type null C:\OSPanel\domains\stimul.news\application\views\users\contents\SingleNews.php 18
ERROR - 2023-12-02 00:11:11 --> Severity: Warning --> Trying to access array offset on value of type null C:\OSPanel\domains\stimul.news\application\views\users\contents\SingleNews.php 18
ERROR - 2023-12-02 00:11:11 --> Severity: Warning --> Trying to access array offset on value of type null C:\OSPanel\domains\stimul.news\application\views\users\contents\SingleNews.php 23
ERROR - 2023-12-02 00:11:11 --> Severity: Warning --> Trying to access array offset on value of type null C:\OSPanel\domains\stimul.news\application\views\users\contents\SingleNews.php 28
ERROR - 2023-12-02 00:11:11 --> Severity: Warning --> Trying to access array offset on value of type null C:\OSPanel\domains\stimul.news\application\views\users\contents\SingleNews.php 33
ERROR - 2023-12-02 00:11:12 --> Severity: Warning --> Trying to access array offset on value of type null C:\OSPanel\domains\stimul.news\application\controllers\UserController.php 88
ERROR - 2023-12-02 00:11:12 --> Severity: Warning --> Trying to access array offset on value of type null C:\OSPanel\domains\stimul.news\application\controllers\UserController.php 88
ERROR - 2023-12-02 00:11:12 --> Severity: Warning --> Trying to access array offset on value of type null C:\OSPanel\domains\stimul.news\application\controllers\UserController.php 90
ERROR - 2023-12-02 00:11:12 --> Severity: Warning --> Trying to access array offset on value of type null C:\OSPanel\domains\stimul.news\application\controllers\UserController.php 91
ERROR - 2023-12-02 00:11:12 --> Severity: Warning --> Trying to access array offset on value of type null C:\OSPanel\domains\stimul.news\application\views\users\contents\SingleNews.php 6
ERROR - 2023-12-02 00:11:12 --> Severity: Warning --> Trying to access array offset on value of type null C:\OSPanel\domains\stimul.news\application\views\users\contents\SingleNews.php 7
ERROR - 2023-12-02 00:11:12 --> Severity: Warning --> Trying to access array offset on value of type null C:\OSPanel\domains\stimul.news\application\views\users\contents\SingleNews.php 8
ERROR - 2023-12-02 00:11:12 --> Severity: Warning --> Trying to access array offset on value of type null C:\OSPanel\domains\stimul.news\application\views\users\contents\SingleNews.php 16
ERROR - 2023-12-02 00:11:12 --> Severity: Warning --> Trying to access array offset on value of type null C:\OSPanel\domains\stimul.news\application\views\users\contents\SingleNews.php 16
ERROR - 2023-12-02 00:11:12 --> Severity: Warning --> Trying to access array offset on value of type null C:\OSPanel\domains\stimul.news\application\views\users\contents\SingleNews.php 18
ERROR - 2023-12-02 00:11:12 --> Severity: Warning --> Trying to access array offset on value of type null C:\OSPanel\domains\stimul.news\application\views\users\contents\SingleNews.php 18
ERROR - 2023-12-02 00:11:12 --> Severity: Warning --> Trying to access array offset on value of type null C:\OSPanel\domains\stimul.news\application\views\users\contents\SingleNews.php 18
ERROR - 2023-12-02 00:11:12 --> Severity: Warning --> Trying to access array offset on value of type null C:\OSPanel\domains\stimul.news\application\views\users\contents\SingleNews.php 23
ERROR - 2023-12-02 00:11:12 --> Severity: Warning --> Trying to access array offset on value of type null C:\OSPanel\domains\stimul.news\application\views\users\contents\SingleNews.php 28
ERROR - 2023-12-02 00:11:12 --> Severity: Warning --> Trying to access array offset on value of type null C:\OSPanel\domains\stimul.news\application\views\users\contents\SingleNews.php 33
ERROR - 2023-12-02 00:11:18 --> Severity: Warning --> Trying to access array offset on value of type null C:\OSPanel\domains\stimul.news\application\controllers\UserController.php 88
ERROR - 2023-12-02 00:11:18 --> Severity: Warning --> Trying to access array offset on value of type null C:\OSPanel\domains\stimul.news\application\controllers\UserController.php 88
ERROR - 2023-12-02 00:11:18 --> Severity: Warning --> Trying to access array offset on value of type null C:\OSPanel\domains\stimul.news\application\controllers\UserController.php 90
ERROR - 2023-12-02 00:11:18 --> Severity: Warning --> Trying to access array offset on value of type null C:\OSPanel\domains\stimul.news\application\controllers\UserController.php 91
ERROR - 2023-12-02 00:11:18 --> Severity: Warning --> Trying to access array offset on value of type null C:\OSPanel\domains\stimul.news\application\views\users\contents\SingleNews.php 6
ERROR - 2023-12-02 00:11:18 --> Severity: Warning --> Trying to access array offset on value of type null C:\OSPanel\domains\stimul.news\application\views\users\contents\SingleNews.php 7
ERROR - 2023-12-02 00:11:18 --> Severity: Warning --> Trying to access array offset on value of type null C:\OSPanel\domains\stimul.news\application\views\users\contents\SingleNews.php 8
ERROR - 2023-12-02 00:11:18 --> Severity: Warning --> Trying to access array offset on value of type null C:\OSPanel\domains\stimul.news\application\views\users\contents\SingleNews.php 16
ERROR - 2023-12-02 00:11:18 --> Severity: Warning --> Trying to access array offset on value of type null C:\OSPanel\domains\stimul.news\application\views\users\contents\SingleNews.php 16
ERROR - 2023-12-02 00:11:18 --> Severity: Warning --> Trying to access array offset on value of type null C:\OSPanel\domains\stimul.news\application\views\users\contents\SingleNews.php 18
ERROR - 2023-12-02 00:11:18 --> Severity: Warning --> Trying to access array offset on value of type null C:\OSPanel\domains\stimul.news\application\views\users\contents\SingleNews.php 18
ERROR - 2023-12-02 00:11:18 --> Severity: Warning --> Trying to access array offset on value of type null C:\OSPanel\domains\stimul.news\application\views\users\contents\SingleNews.php 18
ERROR - 2023-12-02 00:11:18 --> Severity: Warning --> Trying to access array offset on value of type null C:\OSPanel\domains\stimul.news\application\views\users\contents\SingleNews.php 23
ERROR - 2023-12-02 00:11:18 --> Severity: Warning --> Trying to access array offset on value of type null C:\OSPanel\domains\stimul.news\application\views\users\contents\SingleNews.php 28
ERROR - 2023-12-02 00:11:18 --> Severity: Warning --> Trying to access array offset on value of type null C:\OSPanel\domains\stimul.news\application\views\users\contents\SingleNews.php 33
ERROR - 2023-12-02 00:11:25 --> Severity: Warning --> Trying to access array offset on value of type null C:\OSPanel\domains\stimul.news\application\controllers\UserController.php 88
ERROR - 2023-12-02 00:11:25 --> Severity: Warning --> Trying to access array offset on value of type null C:\OSPanel\domains\stimul.news\application\controllers\UserController.php 88
ERROR - 2023-12-02 00:11:25 --> Severity: Warning --> Trying to access array offset on value of type null C:\OSPanel\domains\stimul.news\application\controllers\UserController.php 90
ERROR - 2023-12-02 00:11:25 --> Severity: Warning --> Trying to access array offset on value of type null C:\OSPanel\domains\stimul.news\application\controllers\UserController.php 91
ERROR - 2023-12-02 00:11:25 --> Severity: Warning --> Trying to access array offset on value of type null C:\OSPanel\domains\stimul.news\application\views\users\contents\SingleNews.php 6
ERROR - 2023-12-02 00:11:25 --> Severity: Warning --> Trying to access array offset on value of type null C:\OSPanel\domains\stimul.news\application\views\users\contents\SingleNews.php 7
ERROR - 2023-12-02 00:11:25 --> Severity: Warning --> Trying to access array offset on value of type null C:\OSPanel\domains\stimul.news\application\views\users\contents\SingleNews.php 8
ERROR - 2023-12-02 00:11:25 --> Severity: Warning --> Trying to access array offset on value of type null C:\OSPanel\domains\stimul.news\application\views\users\contents\SingleNews.php 16
ERROR - 2023-12-02 00:11:25 --> Severity: Warning --> Trying to access array offset on value of type null C:\OSPanel\domains\stimul.news\application\views\users\contents\SingleNews.php 16
ERROR - 2023-12-02 00:11:25 --> Severity: Warning --> Trying to access array offset on value of type null C:\OSPanel\domains\stimul.news\application\views\users\contents\SingleNews.php 18
ERROR - 2023-12-02 00:11:25 --> Severity: Warning --> Trying to access array offset on value of type null C:\OSPanel\domains\stimul.news\application\views\users\contents\SingleNews.php 18
ERROR - 2023-12-02 00:11:25 --> Severity: Warning --> Trying to access array offset on value of type null C:\OSPanel\domains\stimul.news\application\views\users\contents\SingleNews.php 18
ERROR - 2023-12-02 00:11:25 --> Severity: Warning --> Trying to access array offset on value of type null C:\OSPanel\domains\stimul.news\application\views\users\contents\SingleNews.php 23
ERROR - 2023-12-02 00:11:25 --> Severity: Warning --> Trying to access array offset on value of type null C:\OSPanel\domains\stimul.news\application\views\users\contents\SingleNews.php 28
ERROR - 2023-12-02 00:11:25 --> Severity: Warning --> Trying to access array offset on value of type null C:\OSPanel\domains\stimul.news\application\views\users\contents\SingleNews.php 33
ERROR - 2023-12-02 00:11:32 --> Severity: Warning --> Trying to access array offset on value of type null C:\OSPanel\domains\stimul.news\application\controllers\UserController.php 88
ERROR - 2023-12-02 00:11:32 --> Severity: Warning --> Trying to access array offset on value of type null C:\OSPanel\domains\stimul.news\application\controllers\UserController.php 88
ERROR - 2023-12-02 00:11:32 --> Severity: Warning --> Trying to access array offset on value of type null C:\OSPanel\domains\stimul.news\application\controllers\UserController.php 90
ERROR - 2023-12-02 00:11:32 --> Severity: Warning --> Trying to access array offset on value of type null C:\OSPanel\domains\stimul.news\application\controllers\UserController.php 91
ERROR - 2023-12-02 00:11:32 --> Severity: Warning --> Trying to access array offset on value of type null C:\OSPanel\domains\stimul.news\application\views\users\contents\SingleNews.php 6
ERROR - 2023-12-02 00:11:32 --> Severity: Warning --> Trying to access array offset on value of type null C:\OSPanel\domains\stimul.news\application\views\users\contents\SingleNews.php 7
ERROR - 2023-12-02 00:11:32 --> Severity: Warning --> Trying to access array offset on value of type null C:\OSPanel\domains\stimul.news\application\views\users\contents\SingleNews.php 8
ERROR - 2023-12-02 00:11:32 --> Severity: Warning --> Trying to access array offset on value of type null C:\OSPanel\domains\stimul.news\application\views\users\contents\SingleNews.php 16
ERROR - 2023-12-02 00:11:32 --> Severity: Warning --> Trying to access array offset on value of type null C:\OSPanel\domains\stimul.news\application\views\users\contents\SingleNews.php 16
ERROR - 2023-12-02 00:11:32 --> Severity: Warning --> Trying to access array offset on value of type null C:\OSPanel\domains\stimul.news\application\views\users\contents\SingleNews.php 18
ERROR - 2023-12-02 00:11:32 --> Severity: Warning --> Trying to access array offset on value of type null C:\OSPanel\domains\stimul.news\application\views\users\contents\SingleNews.php 18
ERROR - 2023-12-02 00:11:32 --> Severity: Warning --> Trying to access array offset on value of type null C:\OSPanel\domains\stimul.news\application\views\users\contents\SingleNews.php 18
ERROR - 2023-12-02 00:11:32 --> Severity: Warning --> Trying to access array offset on value of type null C:\OSPanel\domains\stimul.news\application\views\users\contents\SingleNews.php 23
ERROR - 2023-12-02 00:11:32 --> Severity: Warning --> Trying to access array offset on value of type null C:\OSPanel\domains\stimul.news\application\views\users\contents\SingleNews.php 28
ERROR - 2023-12-02 00:11:32 --> Severity: Warning --> Trying to access array offset on value of type null C:\OSPanel\domains\stimul.news\application\views\users\contents\SingleNews.php 33
ERROR - 2023-12-02 00:11:53 --> Severity: Warning --> Trying to access array offset on value of type bool C:\OSPanel\domains\stimul.news\application\controllers\UserController.php 140
ERROR - 2023-12-02 00:11:53 --> Severity: Warning --> Trying to access array offset on value of type bool C:\OSPanel\domains\stimul.news\application\controllers\UserController.php 141
ERROR - 2023-12-02 00:12:01 --> Severity: Warning --> Trying to access array offset on value of type bool C:\OSPanel\domains\stimul.news\application\controllers\UserController.php 140
ERROR - 2023-12-02 00:12:01 --> Severity: Warning --> Trying to access array offset on value of type bool C:\OSPanel\domains\stimul.news\application\controllers\UserController.php 141
ERROR - 2023-12-02 00:12:01 --> Severity: Warning --> Trying to access array offset on value of type bool C:\OSPanel\domains\stimul.news\application\controllers\UserController.php 140
ERROR - 2023-12-02 00:12:01 --> Severity: Warning --> Trying to access array offset on value of type bool C:\OSPanel\domains\stimul.news\application\controllers\UserController.php 141
ERROR - 2023-12-02 00:12:20 --> Severity: Warning --> Trying to access array offset on value of type bool C:\OSPanel\domains\stimul.news\application\controllers\UserController.php 140
ERROR - 2023-12-02 00:12:20 --> Severity: Warning --> Trying to access array offset on value of type bool C:\OSPanel\domains\stimul.news\application\controllers\UserController.php 141
ERROR - 2023-12-02 00:13:00 --> Severity: Warning --> Trying to access array offset on value of type null C:\OSPanel\domains\stimul.news\application\controllers\UserController.php 88
ERROR - 2023-12-02 00:13:00 --> Severity: Warning --> Trying to access array offset on value of type null C:\OSPanel\domains\stimul.news\application\controllers\UserController.php 88
ERROR - 2023-12-02 00:13:00 --> Severity: Warning --> Trying to access array offset on value of type null C:\OSPanel\domains\stimul.news\application\controllers\UserController.php 90
ERROR - 2023-12-02 00:13:00 --> Severity: Warning --> Trying to access array offset on value of type null C:\OSPanel\domains\stimul.news\application\controllers\UserController.php 91
ERROR - 2023-12-02 00:13:00 --> Severity: Warning --> Trying to access array offset on value of type null C:\OSPanel\domains\stimul.news\application\views\users\contents\SingleNews.php 6
ERROR - 2023-12-02 00:13:00 --> Severity: Warning --> Trying to access array offset on value of type null C:\OSPanel\domains\stimul.news\application\views\users\contents\SingleNews.php 7
ERROR - 2023-12-02 00:13:00 --> Severity: Warning --> Trying to access array offset on value of type null C:\OSPanel\domains\stimul.news\application\views\users\contents\SingleNews.php 8
ERROR - 2023-12-02 00:13:00 --> Severity: Warning --> Trying to access array offset on value of type null C:\OSPanel\domains\stimul.news\application\views\users\contents\SingleNews.php 16
ERROR - 2023-12-02 00:13:00 --> Severity: Warning --> Trying to access array offset on value of type null C:\OSPanel\domains\stimul.news\application\views\users\contents\SingleNews.php 16
ERROR - 2023-12-02 00:13:00 --> Severity: Warning --> Trying to access array offset on value of type null C:\OSPanel\domains\stimul.news\application\views\users\contents\SingleNews.php 18
ERROR - 2023-12-02 00:13:00 --> Severity: Warning --> Trying to access array offset on value of type null C:\OSPanel\domains\stimul.news\application\views\users\contents\SingleNews.php 18
ERROR - 2023-12-02 00:13:00 --> Severity: Warning --> Trying to access array offset on value of type null C:\OSPanel\domains\stimul.news\application\views\users\contents\SingleNews.php 18
ERROR - 2023-12-02 00:13:00 --> Severity: Warning --> Trying to access array offset on value of type null C:\OSPanel\domains\stimul.news\application\views\users\contents\SingleNews.php 23
ERROR - 2023-12-02 00:13:00 --> Severity: Warning --> Trying to access array offset on value of type null C:\OSPanel\domains\stimul.news\application\views\users\contents\SingleNews.php 28
ERROR - 2023-12-02 00:13:00 --> Severity: Warning --> Trying to access array offset on value of type null C:\OSPanel\domains\stimul.news\application\views\users\contents\SingleNews.php 33
ERROR - 2023-12-02 00:14:22 --> Severity: Warning --> Trying to access array offset on value of type bool C:\OSPanel\domains\stimul.news\application\controllers\UserController.php 140
ERROR - 2023-12-02 00:14:22 --> Severity: Warning --> Trying to access array offset on value of type bool C:\OSPanel\domains\stimul.news\application\controllers\UserController.php 141
ERROR - 2023-12-02 04:48:44 --> Severity: Warning --> Undefined variable $branding_data C:\OSPanel\domains\stimul.news\application\views\users\contents\Maintenance.php 8
ERROR - 2023-12-02 04:48:44 --> Severity: Warning --> Undefined variable $user_page_name C:\OSPanel\domains\stimul.news\application\views\users\contents\Maintenance.php 12
ERROR - 2023-12-02 04:48:45 --> Severity: Warning --> Undefined variable $branding_data C:\OSPanel\domains\stimul.news\application\views\users\contents\Maintenance.php 8
ERROR - 2023-12-02 04:48:45 --> Severity: Warning --> Undefined variable $user_page_name C:\OSPanel\domains\stimul.news\application\views\users\contents\Maintenance.php 12
ERROR - 2023-12-02 04:48:51 --> Severity: Warning --> Undefined variable $branding_data C:\OSPanel\domains\stimul.news\application\views\users\contents\Maintenance.php 8
ERROR - 2023-12-02 04:48:51 --> Severity: Warning --> Undefined variable $user_page_name C:\OSPanel\domains\stimul.news\application\views\users\contents\Maintenance.php 12
ERROR - 2023-12-02 05:08:27 --> Severity: Warning --> Undefined variable $branding_data C:\OSPanel\domains\stimul.news\application\views\users\contents\Maintenance.php 8
ERROR - 2023-12-02 05:19:18 --> Severity: Warning --> Undefined variable $branding_data C:\OSPanel\domains\stimul.news\application\views\users\contents\Maintenance.php 8
ERROR - 2023-12-02 05:37:13 --> Severity: Warning --> Undefined variable $branding_data C:\OSPanel\domains\stimul.news\application\views\users\contents\Maintenance.php 8
ERROR - 2023-12-02 05:44:15 --> Severity: Warning --> Undefined variable $branding_data C:\OSPanel\domains\stimul.news\application\views\users\contents\Maintenance.php 8
ERROR - 2023-12-02 05:44:33 --> Severity: Warning --> Undefined variable $branding_data C:\OSPanel\domains\stimul.news\application\views\users\contents\Maintenance.php 8
