ERROR - 2023-11-23 00:07:46 --> Severity: Warning --> Undefined variable $branding_options C:\OSPanel\domains\stimul.news\application\views\users\includes\Footer.php 8
ERROR - 2023-11-23 00:07:46 --> Severity: Warning --> Attempt to read property "logo_light" on null C:\OSPanel\domains\stimul.news\application\views\users\includes\Footer.php 8
ERROR - 2023-11-23 00:07:46 --> Severity: Warning --> Attempt to read property "file_name" on null C:\OSPanel\domains\stimul.news\application\views\users\includes\Footer.php 8
ERROR - 2023-11-23 05:10:19 --> Severity: Warning --> Undefined variable $branding_options C:\OSPanel\domains\stimul.news\application\views\users\includes\Footer.php 8
ERROR - 2023-11-23 05:10:19 --> Severity: Warning --> Attempt to read property "logo_light" on null C:\OSPanel\domains\stimul.news\application\views\users\includes\Footer.php 8
ERROR - 2023-11-23 05:10:19 --> Severity: Warning --> Attempt to read property "file_name" on null C:\OSPanel\domains\stimul.news\application\views\users\includes\Footer.php 8
ERROR - 2023-11-23 05:40:25 --> Could not find the language line "latest_news"
ERROR - 2023-11-23 05:40:25 --> Could not find the language line "latest_news"
ERROR - 2023-11-23 05:40:25 --> Could not find the language line "latest_news"
ERROR - 2023-11-23 05:41:02 --> Could not find the language line "latest_news"
ERROR - 2023-11-23 05:41:02 --> Could not find the language line "latest_news"
ERROR - 2023-11-23 05:41:02 --> Could not find the language line "latest_news"
ERROR - 2023-11-23 05:41:12 --> Could not find the language line "latest_news"
ERROR - 2023-11-23 05:41:12 --> Could not find the language line "latest_news"
ERROR - 2023-11-23 05:41:12 --> Could not find the language line "latest_news"
ERROR - 2023-11-23 05:42:58 --> Could not find the language line "latest_news"
ERROR - 2023-11-23 05:42:58 --> Could not find the language line "latest_news"
ERROR - 2023-11-23 05:42:58 --> Could not find the language line "latest_news"
ERROR - 2023-11-23 05:45:33 --> Could not find the language line "latest_news"
ERROR - 2023-11-23 05:45:33 --> Could not find the language line "latest_news"
ERROR - 2023-11-23 05:45:33 --> Could not find the language line "latest_news"
ERROR - 2023-11-23 05:45:57 --> Could not find the language line "latest_news"
ERROR - 2023-11-23 05:45:57 --> Could not find the language line "latest_news"
ERROR - 2023-11-23 05:45:57 --> Could not find the language line "latest_news"
ERROR - 2023-11-23 05:48:26 --> Could not find the language line "latest_news"
ERROR - 2023-11-23 05:48:26 --> Could not find the language line "latest_news"
ERROR - 2023-11-23 05:48:26 --> Could not find the language line "latest_news"
ERROR - 2023-11-23 05:51:16 --> Could not find the language line "latest_news"
ERROR - 2023-11-23 05:51:16 --> Could not find the language line "latest_news"
ERROR - 2023-11-23 05:51:16 --> Could not find the language line "latest_news"
ERROR - 2023-11-23 05:51:39 --> Could not find the language line "latest_news"
ERROR - 2023-11-23 05:51:39 --> Could not find the language line "latest_news"
ERROR - 2023-11-23 05:51:39 --> Could not find the language line "latest_news"
ERROR - 2023-11-23 05:52:46 --> Could not find the language line "latest_news"
ERROR - 2023-11-23 05:52:46 --> Could not find the language line "latest_news"
ERROR - 2023-11-23 05:52:46 --> Could not find the language line "latest_news"
ERROR - 2023-11-23 05:54:21 --> Could not find the language line "latest_news"
ERROR - 2023-11-23 05:54:21 --> Could not find the language line "latest_news"
ERROR - 2023-11-23 05:54:21 --> Could not find the language line "latest_news"
ERROR - 2023-11-23 06:03:26 --> Query error: Table 'stimul_news_db.contact' doesn't exist - Invalid query: SELECT COUNT(*) AS `numrows`
FROM `contact`
ERROR - 2023-11-23 06:03:47 --> Query error: Table 'stimul_news_db.contact' doesn't exist - Invalid query: SELECT COUNT(*) AS `numrows`
FROM `contact`
ERROR - 2023-11-23 06:04:00 --> Query error: Table 'stimul_news_db.contact' doesn't exist - Invalid query: SELECT COUNT(*) AS `numrows`
FROM `contact`
ERROR - 2023-11-23 06:05:14 --> Query error: Table 'stimul_news_db.contact' doesn't exist - Invalid query: SELECT COUNT(*) AS `numrows`
FROM `contact`
ERROR - 2023-11-23 06:05:15 --> Query error: Table 'stimul_news_db.contact' doesn't exist - Invalid query: SELECT COUNT(*) AS `numrows`
FROM `contact`
ERROR - 2023-11-23 06:05:33 --> Query error: Table 'stimul_news_db.contact' doesn't exist - Invalid query: SELECT COUNT(*) AS `numrows`
FROM `contact`
ERROR - 2023-11-23 06:05:40 --> Query error: Table 'stimul_news_db.contact' doesn't exist - Invalid query: SELECT COUNT(*) AS `numrows`
FROM `contact`
ERROR - 2023-11-23 06:06:01 --> Query error: Table 'stimul_news_db.contact' doesn't exist - Invalid query: SELECT COUNT(*) AS `numrows`
FROM `contact`
ERROR - 2023-11-23 06:06:11 --> Query error: Table 'stimul_news_db.contact' doesn't exist - Invalid query: SELECT COUNT(*) AS `numrows`
FROM `contact`
ERROR - 2023-11-23 06:06:35 --> Could not find the language line "latest_news"
ERROR - 2023-11-23 06:06:35 --> Could not find the language line "latest_news"
ERROR - 2023-11-23 06:06:35 --> Could not find the language line "latest_news"
ERROR - 2023-11-23 06:06:41 --> Could not find the language line "latest_news"
ERROR - 2023-11-23 06:06:41 --> Could not find the language line "latest_news"
ERROR - 2023-11-23 06:06:41 --> Could not find the language line "latest_news"
ERROR - 2023-11-23 06:07:11 --> Could not find the language line "latest_news"
ERROR - 2023-11-23 06:07:11 --> Could not find the language line "latest_news"
ERROR - 2023-11-23 06:07:11 --> Could not find the language line "latest_news"
ERROR - 2023-11-23 06:07:11 --> Severity: Warning --> Trying to access array offset on value of type null C:\OSPanel\domains\stimul.news\application\views\users\includes\Footer.php 63
ERROR - 2023-11-23 06:09:03 --> Could not find the language line "latest_news"
ERROR - 2023-11-23 06:09:03 --> Could not find the language line "latest_news"
ERROR - 2023-11-23 06:09:03 --> Could not find the language line "latest_news"
ERROR - 2023-11-23 06:10:22 --> Could not find the language line "latest_news"
ERROR - 2023-11-23 06:10:22 --> Could not find the language line "latest_news"
ERROR - 2023-11-23 06:10:22 --> Could not find the language line "latest_news"
ERROR - 2023-11-23 06:10:22 --> Severity: Warning --> Array to string conversion C:\OSPanel\domains\stimul.news\application\views\users\includes\Footer.php 63
ERROR - 2023-11-23 06:10:31 --> Could not find the language line "latest_news"
ERROR - 2023-11-23 06:10:31 --> Could not find the language line "latest_news"
ERROR - 2023-11-23 06:10:31 --> Could not find the language line "latest_news"
ERROR - 2023-11-23 06:12:26 --> Could not find the language line "latest_news"
ERROR - 2023-11-23 06:12:26 --> Could not find the language line "latest_news"
ERROR - 2023-11-23 06:12:26 --> Could not find the language line "latest_news"
ERROR - 2023-11-23 06:12:36 --> Could not find the language line "latest_news"
ERROR - 2023-11-23 06:12:36 --> Could not find the language line "latest_news"
ERROR - 2023-11-23 06:12:36 --> Could not find the language line "latest_news"
ERROR - 2023-11-23 06:12:36 --> Severity: Warning --> Undefined array key "c_data" C:\OSPanel\domains\stimul.news\application\views\users\includes\Footer.php 68
ERROR - 2023-11-23 06:12:36 --> Severity: Warning --> Trying to access array offset on value of type null C:\OSPanel\domains\stimul.news\application\views\users\includes\Footer.php 71
ERROR - 2023-11-23 06:12:36 --> Severity: Warning --> Trying to access array offset on value of type null C:\OSPanel\domains\stimul.news\application\views\users\includes\Footer.php 71
ERROR - 2023-11-23 06:12:36 --> Severity: Warning --> Trying to access array offset on value of type null C:\OSPanel\domains\stimul.news\application\views\users\includes\Footer.php 71
ERROR - 2023-11-23 06:14:05 --> Severity: Warning --> Undefined array key "c_data" C:\OSPanel\domains\stimul.news\application\controllers\UserController.php 37
ERROR - 2023-11-23 06:14:05 --> Could not find the language line "latest_news"
ERROR - 2023-11-23 06:14:05 --> Could not find the language line "latest_news"
ERROR - 2023-11-23 06:14:05 --> Could not find the language line "latest_news"
ERROR - 2023-11-23 06:14:05 --> Severity: Warning --> Trying to access array offset on value of type null C:\OSPanel\domains\stimul.news\application\views\users\includes\Footer.php 70
ERROR - 2023-11-23 06:14:05 --> Severity: Warning --> Trying to access array offset on value of type null C:\OSPanel\domains\stimul.news\application\views\users\includes\Footer.php 70
ERROR - 2023-11-23 06:14:05 --> Severity: Warning --> Trying to access array offset on value of type null C:\OSPanel\domains\stimul.news\application\views\users\includes\Footer.php 70
ERROR - 2023-11-23 06:14:33 --> Severity: Warning --> Undefined array key "c_data" C:\OSPanel\domains\stimul.news\application\controllers\UserController.php 37
ERROR - 2023-11-23 06:16:28 --> Could not find the language line "latest_news"
ERROR - 2023-11-23 06:16:28 --> Could not find the language line "latest_news"
ERROR - 2023-11-23 06:16:28 --> Could not find the language line "latest_news"
ERROR - 2023-11-23 06:16:50 --> Could not find the language line "latest_news"
ERROR - 2023-11-23 06:16:50 --> Could not find the language line "latest_news"
ERROR - 2023-11-23 06:16:50 --> Could not find the language line "latest_news"
