ERROR - 2023-11-21 06:00:56 --> Severity: Warning --> Undefined variable $branding_options C:\OSPanel\domains\stimul.news\application\views\users\includes\Footer.php 8
ERROR - 2023-11-21 06:00:56 --> Severity: Warning --> Attempt to read property "logo_light" on null C:\OSPanel\domains\stimul.news\application\views\users\includes\Footer.php 8
ERROR - 2023-11-21 06:00:56 --> Severity: Warning --> Attempt to read property "file_name" on null C:\OSPanel\domains\stimul.news\application\views\users\includes\Footer.php 8
ERROR - 2023-11-21 06:05:58 --> Severity: Warning --> Undefined variable $branding_options C:\OSPanel\domains\stimul.news\application\views\users\includes\Footer.php 8
ERROR - 2023-11-21 06:05:59 --> Severity: Warning --> Attempt to read property "logo_light" on null C:\OSPanel\domains\stimul.news\application\views\users\includes\Footer.php 8
ERROR - 2023-11-21 06:05:59 --> Severity: Warning --> Attempt to read property "file_name" on null C:\OSPanel\domains\stimul.news\application\views\users\includes\Footer.php 8
ERROR - 2023-11-21 06:06:18 --> Severity: Warning --> Undefined array key "slider_status" C:\OSPanel\domains\stimul.news\application\views\users\includes\HeaderSlider.php 31
ERROR - 2023-11-21 06:06:18 --> Severity: Warning --> Undefined variable $branding_options C:\OSPanel\domains\stimul.news\application\views\users\includes\Footer.php 8
ERROR - 2023-11-21 06:06:18 --> Severity: Warning --> Attempt to read property "logo_light" on null C:\OSPanel\domains\stimul.news\application\views\users\includes\Footer.php 8
ERROR - 2023-11-21 06:06:18 --> Severity: Warning --> Attempt to read property "file_name" on null C:\OSPanel\domains\stimul.news\application\views\users\includes\Footer.php 8
ERROR - 2023-11-21 06:14:21 --> Query error: Unknown column 's_status' in 'where clause' - Invalid query: SELECT *
FROM `news`
WHERE `s_status` = 1
ORDER BY `n_uid` DESC
ERROR - 2023-11-21 06:14:22 --> Query error: Unknown column 's_status' in 'where clause' - Invalid query: SELECT *
FROM `news`
WHERE `s_status` = 1
ORDER BY `n_uid` DESC
ERROR - 2023-11-21 06:14:28 --> Query error: Unknown column 's_status' in 'where clause' - Invalid query: SELECT *
FROM `news`
WHERE `s_status` = 1
ORDER BY `n_uid` DESC
ERROR - 2023-11-21 06:15:13 --> Severity: Warning --> Undefined variable $branding_options C:\OSPanel\domains\stimul.news\application\views\users\includes\Footer.php 8
ERROR - 2023-11-21 06:15:13 --> Severity: Warning --> Attempt to read property "logo_light" on null C:\OSPanel\domains\stimul.news\application\views\users\includes\Footer.php 8
ERROR - 2023-11-21 06:15:13 --> Severity: Warning --> Attempt to read property "file_name" on null C:\OSPanel\domains\stimul.news\application\views\users\includes\Footer.php 8
ERROR - 2023-11-21 06:17:30 --> Severity: Warning --> Undefined array key "n_preview_img" C:\OSPanel\domains\stimul.news\application\views\users\includes\HeaderSlider.php 39
ERROR - 2023-11-21 06:17:30 --> Severity: Warning --> Undefined variable $branding_options C:\OSPanel\domains\stimul.news\application\views\users\includes\Footer.php 8
ERROR - 2023-11-21 06:17:30 --> Severity: Warning --> Attempt to read property "logo_light" on null C:\OSPanel\domains\stimul.news\application\views\users\includes\Footer.php 8
ERROR - 2023-11-21 06:17:30 --> Severity: Warning --> Attempt to read property "file_name" on null C:\OSPanel\domains\stimul.news\application\views\users\includes\Footer.php 8
ERROR - 2023-11-21 06:18:44 --> Severity: Warning --> Undefined array key "n_preview_img" C:\OSPanel\domains\stimul.news\application\views\users\includes\HeaderSlider.php 41
ERROR - 2023-11-21 06:20:54 --> Severity: Notice --> Only variables should be passed by reference C:\OSPanel\domains\stimul.news\application\views\users\includes\HeaderSlider.php 36
ERROR - 2023-11-21 06:23:02 --> Severity: Warning --> Undefined variable $branding_options C:\OSPanel\domains\stimul.news\application\views\users\includes\Footer.php 8
ERROR - 2023-11-21 06:23:02 --> Severity: Warning --> Attempt to read property "logo_light" on null C:\OSPanel\domains\stimul.news\application\views\users\includes\Footer.php 8
ERROR - 2023-11-21 06:23:02 --> Severity: Warning --> Attempt to read property "file_name" on null C:\OSPanel\domains\stimul.news\application\views\users\includes\Footer.php 8
ERROR - 2023-11-21 06:23:31 --> Severity: Warning --> Undefined variable $branding_options C:\OSPanel\domains\stimul.news\application\views\users\includes\Footer.php 8
ERROR - 2023-11-21 06:23:31 --> Severity: Warning --> Attempt to read property "logo_light" on null C:\OSPanel\domains\stimul.news\application\views\users\includes\Footer.php 8
ERROR - 2023-11-21 06:23:31 --> Severity: Warning --> Attempt to read property "file_name" on null C:\OSPanel\domains\stimul.news\application\views\users\includes\Footer.php 8
ERROR - 2023-11-21 06:25:41 --> Severity: Warning --> Undefined variable $branding_options C:\OSPanel\domains\stimul.news\application\views\users\includes\Footer.php 8
ERROR - 2023-11-21 06:25:41 --> Severity: Warning --> Attempt to read property "logo_light" on null C:\OSPanel\domains\stimul.news\application\views\users\includes\Footer.php 8
ERROR - 2023-11-21 06:25:41 --> Severity: Warning --> Attempt to read property "file_name" on null C:\OSPanel\domains\stimul.news\application\views\users\includes\Footer.php 8
ERROR - 2023-11-21 06:28:35 --> Severity: error --> Exception: Cannot use object of type stdClass as array C:\OSPanel\domains\stimul.news\application\views\users\includes\HeaderSlider.php 51
ERROR - 2023-11-21 06:28:49 --> Severity: Warning --> Undefined variable $branding_options C:\OSPanel\domains\stimul.news\application\views\users\includes\Footer.php 8
ERROR - 2023-11-21 06:28:49 --> Severity: Warning --> Attempt to read property "logo_light" on null C:\OSPanel\domains\stimul.news\application\views\users\includes\Footer.php 8
ERROR - 2023-11-21 06:28:49 --> Severity: Warning --> Attempt to read property "file_name" on null C:\OSPanel\domains\stimul.news\application\views\users\includes\Footer.php 8
ERROR - 2023-11-21 06:28:52 --> Severity: Warning --> Undefined variable $branding_options C:\OSPanel\domains\stimul.news\application\views\users\includes\Footer.php 8
ERROR - 2023-11-21 06:28:52 --> Severity: Warning --> Attempt to read property "logo_light" on null C:\OSPanel\domains\stimul.news\application\views\users\includes\Footer.php 8
ERROR - 2023-11-21 06:28:52 --> Severity: Warning --> Attempt to read property "file_name" on null C:\OSPanel\domains\stimul.news\application\views\users\includes\Footer.php 8
ERROR - 2023-11-21 06:29:14 --> Severity: Warning --> Undefined variable $branding_options C:\OSPanel\domains\stimul.news\application\views\users\includes\Footer.php 8
ERROR - 2023-11-21 06:29:14 --> Severity: Warning --> Attempt to read property "logo_light" on null C:\OSPanel\domains\stimul.news\application\views\users\includes\Footer.php 8
ERROR - 2023-11-21 06:29:14 --> Severity: Warning --> Attempt to read property "file_name" on null C:\OSPanel\domains\stimul.news\application\views\users\includes\Footer.php 8
ERROR - 2023-11-21 06:31:50 --> Severity: Warning --> Undefined variable $branding_options C:\OSPanel\domains\stimul.news\application\views\users\includes\Footer.php 8
ERROR - 2023-11-21 06:31:50 --> Severity: Warning --> Attempt to read property "logo_light" on null C:\OSPanel\domains\stimul.news\application\views\users\includes\Footer.php 8
ERROR - 2023-11-21 06:31:50 --> Severity: Warning --> Attempt to read property "file_name" on null C:\OSPanel\domains\stimul.news\application\views\users\includes\Footer.php 8
ERROR - 2023-11-21 06:32:21 --> Severity: Warning --> Undefined variable $branding_options C:\OSPanel\domains\stimul.news\application\views\users\includes\Footer.php 8
ERROR - 2023-11-21 06:32:21 --> Severity: Warning --> Attempt to read property "logo_light" on null C:\OSPanel\domains\stimul.news\application\views\users\includes\Footer.php 8
ERROR - 2023-11-21 06:32:21 --> Severity: Warning --> Attempt to read property "file_name" on null C:\OSPanel\domains\stimul.news\application\views\users\includes\Footer.php 8
ERROR - 2023-11-21 06:43:54 --> Severity: error --> Exception: strip_tags(): Argument #1 ($string) must be of type string, array given C:\OSPanel\domains\stimul.news\application\views\users\includes\HeaderSlider.php 42
ERROR - 2023-11-21 06:43:57 --> Severity: error --> Exception: strip_tags(): Argument #1 ($string) must be of type string, array given C:\OSPanel\domains\stimul.news\application\views\users\includes\HeaderSlider.php 42
ERROR - 2023-11-21 06:44:01 --> Severity: error --> Exception: strip_tags(): Argument #1 ($string) must be of type string, array given C:\OSPanel\domains\stimul.news\application\views\users\includes\HeaderSlider.php 42
ERROR - 2023-11-21 06:45:22 --> Severity: Warning --> Undefined variable $branding_options C:\OSPanel\domains\stimul.news\application\views\users\includes\Footer.php 8
ERROR - 2023-11-21 06:45:22 --> Severity: Warning --> Attempt to read property "logo_light" on null C:\OSPanel\domains\stimul.news\application\views\users\includes\Footer.php 8
ERROR - 2023-11-21 06:45:22 --> Severity: Warning --> Attempt to read property "file_name" on null C:\OSPanel\domains\stimul.news\application\views\users\includes\Footer.php 8
ERROR - 2023-11-21 06:45:23 --> Severity: Warning --> Undefined variable $branding_options C:\OSPanel\domains\stimul.news\application\views\users\includes\Footer.php 8
ERROR - 2023-11-21 06:45:23 --> Severity: Warning --> Attempt to read property "logo_light" on null C:\OSPanel\domains\stimul.news\application\views\users\includes\Footer.php 8
ERROR - 2023-11-21 06:45:23 --> Severity: Warning --> Attempt to read property "file_name" on null C:\OSPanel\domains\stimul.news\application\views\users\includes\Footer.php 8
ERROR - 2023-11-21 06:46:09 --> Severity: Warning --> Undefined variable $branding_options C:\OSPanel\domains\stimul.news\application\views\users\includes\Footer.php 8
ERROR - 2023-11-21 06:46:09 --> Severity: Warning --> Attempt to read property "logo_light" on null C:\OSPanel\domains\stimul.news\application\views\users\includes\Footer.php 8
ERROR - 2023-11-21 06:46:09 --> Severity: Warning --> Attempt to read property "file_name" on null C:\OSPanel\domains\stimul.news\application\views\users\includes\Footer.php 8
ERROR - 2023-11-21 06:46:14 --> Severity: Warning --> Undefined variable $branding_options C:\OSPanel\domains\stimul.news\application\views\users\includes\Footer.php 8
ERROR - 2023-11-21 06:46:14 --> Severity: Warning --> Attempt to read property "logo_light" on null C:\OSPanel\domains\stimul.news\application\views\users\includes\Footer.php 8
ERROR - 2023-11-21 06:46:14 --> Severity: Warning --> Attempt to read property "file_name" on null C:\OSPanel\domains\stimul.news\application\views\users\includes\Footer.php 8
ERROR - 2023-11-21 06:47:12 --> Severity: Warning --> Undefined variable $branding_options C:\OSPanel\domains\stimul.news\application\views\users\includes\Footer.php 8
ERROR - 2023-11-21 06:47:12 --> Severity: Warning --> Attempt to read property "logo_light" on null C:\OSPanel\domains\stimul.news\application\views\users\includes\Footer.php 8
ERROR - 2023-11-21 06:47:12 --> Severity: Warning --> Attempt to read property "file_name" on null C:\OSPanel\domains\stimul.news\application\views\users\includes\Footer.php 8
ERROR - 2023-11-21 06:51:56 --> Severity: Warning --> Undefined variable $branding_options C:\OSPanel\domains\stimul.news\application\views\users\includes\Footer.php 8
ERROR - 2023-11-21 06:51:56 --> Severity: Warning --> Attempt to read property "logo_light" on null C:\OSPanel\domains\stimul.news\application\views\users\includes\Footer.php 8
ERROR - 2023-11-21 06:51:56 --> Severity: Warning --> Attempt to read property "file_name" on null C:\OSPanel\domains\stimul.news\application\views\users\includes\Footer.php 8
ERROR - 2023-11-21 06:52:16 --> Could not find the language line "categories_navbar_all"
ERROR - 2023-11-21 06:52:16 --> Could not find the language line "about_us_navbar"
ERROR - 2023-11-21 06:52:16 --> Could not find the language line "contacts_navbar"
ERROR - 2023-11-21 06:52:16 --> Could not find the language line "read_more"
ERROR - 2023-11-21 06:52:16 --> Severity: Warning --> Undefined variable $branding_options C:\OSPanel\domains\stimul.news\application\views\users\includes\Footer.php 8
ERROR - 2023-11-21 06:52:16 --> Severity: Warning --> Attempt to read property "logo_light" on null C:\OSPanel\domains\stimul.news\application\views\users\includes\Footer.php 8
ERROR - 2023-11-21 06:52:16 --> Severity: Warning --> Attempt to read property "file_name" on null C:\OSPanel\domains\stimul.news\application\views\users\includes\Footer.php 8
ERROR - 2023-11-21 06:52:25 --> Severity: Warning --> Undefined variable $branding_options C:\OSPanel\domains\stimul.news\application\views\users\includes\Footer.php 8
ERROR - 2023-11-21 06:52:25 --> Severity: Warning --> Attempt to read property "logo_light" on null C:\OSPanel\domains\stimul.news\application\views\users\includes\Footer.php 8
ERROR - 2023-11-21 06:52:25 --> Severity: Warning --> Attempt to read property "file_name" on null C:\OSPanel\domains\stimul.news\application\views\users\includes\Footer.php 8
