ERROR - 2023-12-07 05:07:43 --> Severity: Warning --> Undefined variable $flat_news_target_full C:\OSPanel\domains\stimul.news\application\views\users\contents\SingleNews.php 12
ERROR - 2023-12-07 05:07:43 --> Severity: Warning --> Trying to access array offset on value of type null C:\OSPanel\domains\stimul.news\application\views\users\contents\SingleNews.php 12
ERROR - 2023-12-07 05:07:43 --> Severity: Warning --> Undefined variable $flat_news_target C:\OSPanel\domains\stimul.news\application\views\users\contents\SingleNews.php 39
ERROR - 2023-12-07 05:07:43 --> Severity: Warning --> Trying to access array offset on value of type null C:\OSPanel\domains\stimul.news\application\views\users\contents\SingleNews.php 39
ERROR - 2023-12-07 05:08:10 --> Severity: Warning --> Undefined variable $flat_news_target_full C:\OSPanel\domains\stimul.news\application\views\users\contents\SingleNews.php 12
ERROR - 2023-12-07 05:08:10 --> Severity: Warning --> Trying to access array offset on value of type null C:\OSPanel\domains\stimul.news\application\views\users\contents\SingleNews.php 12
ERROR - 2023-12-07 07:11:23 --> Severity: Warning --> Undefined variable $news_full C:\OSPanel\domains\stimul.news\application\views\users\contents\NewsList.php 16
ERROR - 2023-12-07 07:11:23 --> Severity: Warning --> Trying to access array offset on value of type null C:\OSPanel\domains\stimul.news\application\views\users\contents\NewsList.php 16
ERROR - 2023-12-07 07:11:23 --> Severity: Warning --> Undefined variable $flat_news_target C:\OSPanel\domains\stimul.news\application\views\users\contents\NewsList.php 46
ERROR - 2023-12-07 07:11:23 --> Severity: Warning --> Trying to access array offset on value of type null C:\OSPanel\domains\stimul.news\application\views\users\contents\NewsList.php 46
ERROR - 2023-12-07 07:11:23 --> Severity: Warning --> Undefined variable $news_full C:\OSPanel\domains\stimul.news\application\views\users\contents\NewsList.php 16
ERROR - 2023-12-07 07:11:23 --> Severity: Warning --> Trying to access array offset on value of type null C:\OSPanel\domains\stimul.news\application\views\users\contents\NewsList.php 16
ERROR - 2023-12-07 07:11:23 --> Severity: Warning --> Undefined variable $flat_news_target C:\OSPanel\domains\stimul.news\application\views\users\contents\NewsList.php 46
ERROR - 2023-12-07 07:11:23 --> Severity: Warning --> Trying to access array offset on value of type null C:\OSPanel\domains\stimul.news\application\views\users\contents\NewsList.php 46
ERROR - 2023-12-07 07:11:23 --> Severity: Warning --> Undefined variable $news_full C:\OSPanel\domains\stimul.news\application\views\users\contents\NewsList.php 16
ERROR - 2023-12-07 07:11:23 --> Severity: Warning --> Trying to access array offset on value of type null C:\OSPanel\domains\stimul.news\application\views\users\contents\NewsList.php 16
ERROR - 2023-12-07 07:11:23 --> Severity: Warning --> Undefined variable $flat_news_target C:\OSPanel\domains\stimul.news\application\views\users\contents\NewsList.php 46
ERROR - 2023-12-07 07:11:23 --> Severity: Warning --> Trying to access array offset on value of type null C:\OSPanel\domains\stimul.news\application\views\users\contents\NewsList.php 46
ERROR - 2023-12-07 07:11:23 --> Severity: Warning --> Undefined variable $news_full C:\OSPanel\domains\stimul.news\application\views\users\contents\NewsList.php 16
ERROR - 2023-12-07 07:11:23 --> Severity: Warning --> Trying to access array offset on value of type null C:\OSPanel\domains\stimul.news\application\views\users\contents\NewsList.php 16
ERROR - 2023-12-07 07:11:23 --> Severity: Warning --> Undefined variable $flat_news_target C:\OSPanel\domains\stimul.news\application\views\users\contents\NewsList.php 46
ERROR - 2023-12-07 07:11:23 --> Severity: Warning --> Trying to access array offset on value of type null C:\OSPanel\domains\stimul.news\application\views\users\contents\NewsList.php 46
ERROR - 2023-12-07 07:11:23 --> Severity: Warning --> Undefined variable $news_full C:\OSPanel\domains\stimul.news\application\views\users\contents\NewsList.php 16
ERROR - 2023-12-07 07:11:23 --> Severity: Warning --> Trying to access array offset on value of type null C:\OSPanel\domains\stimul.news\application\views\users\contents\NewsList.php 16
ERROR - 2023-12-07 07:11:23 --> Severity: Warning --> Undefined variable $flat_news_target C:\OSPanel\domains\stimul.news\application\views\users\contents\NewsList.php 46
ERROR - 2023-12-07 07:11:23 --> Severity: Warning --> Trying to access array offset on value of type null C:\OSPanel\domains\stimul.news\application\views\users\contents\NewsList.php 46
ERROR - 2023-12-07 07:11:23 --> Severity: Warning --> Undefined variable $news_full C:\OSPanel\domains\stimul.news\application\views\users\contents\NewsList.php 16
ERROR - 2023-12-07 07:11:23 --> Severity: Warning --> Trying to access array offset on value of type null C:\OSPanel\domains\stimul.news\application\views\users\contents\NewsList.php 16
ERROR - 2023-12-07 07:11:23 --> Severity: Warning --> Undefined variable $flat_news_target C:\OSPanel\domains\stimul.news\application\views\users\contents\NewsList.php 46
ERROR - 2023-12-07 07:11:23 --> Severity: Warning --> Trying to access array offset on value of type null C:\OSPanel\domains\stimul.news\application\views\users\contents\NewsList.php 46
ERROR - 2023-12-07 07:11:23 --> Severity: Warning --> Undefined variable $news_full C:\OSPanel\domains\stimul.news\application\views\users\contents\NewsList.php 16
ERROR - 2023-12-07 07:11:23 --> Severity: Warning --> Trying to access array offset on value of type null C:\OSPanel\domains\stimul.news\application\views\users\contents\NewsList.php 16
ERROR - 2023-12-07 07:11:23 --> Severity: Warning --> Undefined variable $flat_news_target C:\OSPanel\domains\stimul.news\application\views\users\contents\NewsList.php 46
ERROR - 2023-12-07 07:11:23 --> Severity: Warning --> Trying to access array offset on value of type null C:\OSPanel\domains\stimul.news\application\views\users\contents\NewsList.php 46
ERROR - 2023-12-07 07:11:23 --> Severity: Warning --> Undefined variable $news_full C:\OSPanel\domains\stimul.news\application\views\users\contents\NewsList.php 16
ERROR - 2023-12-07 07:11:23 --> Severity: Warning --> Trying to access array offset on value of type null C:\OSPanel\domains\stimul.news\application\views\users\contents\NewsList.php 16
ERROR - 2023-12-07 07:11:23 --> Severity: Warning --> Undefined variable $flat_news_target C:\OSPanel\domains\stimul.news\application\views\users\contents\NewsList.php 46
ERROR - 2023-12-07 07:11:23 --> Severity: Warning --> Trying to access array offset on value of type null C:\OSPanel\domains\stimul.news\application\views\users\contents\NewsList.php 46
ERROR - 2023-12-07 07:11:23 --> Severity: Warning --> Undefined variable $news_full C:\OSPanel\domains\stimul.news\application\views\users\contents\NewsList.php 16
ERROR - 2023-12-07 07:11:23 --> Severity: Warning --> Trying to access array offset on value of type null C:\OSPanel\domains\stimul.news\application\views\users\contents\NewsList.php 16
ERROR - 2023-12-07 07:11:23 --> Severity: Warning --> Undefined variable $flat_news_target C:\OSPanel\domains\stimul.news\application\views\users\contents\NewsList.php 46
ERROR - 2023-12-07 07:11:23 --> Severity: Warning --> Trying to access array offset on value of type null C:\OSPanel\domains\stimul.news\application\views\users\contents\NewsList.php 46
ERROR - 2023-12-07 07:11:23 --> Severity: Warning --> Undefined variable $news_full C:\OSPanel\domains\stimul.news\application\views\users\contents\NewsList.php 16
ERROR - 2023-12-07 07:11:23 --> Severity: Warning --> Trying to access array offset on value of type null C:\OSPanel\domains\stimul.news\application\views\users\contents\NewsList.php 16
ERROR - 2023-12-07 07:11:23 --> Severity: Warning --> Undefined variable $flat_news_target C:\OSPanel\domains\stimul.news\application\views\users\contents\NewsList.php 46
ERROR - 2023-12-07 07:11:23 --> Severity: Warning --> Trying to access array offset on value of type null C:\OSPanel\domains\stimul.news\application\views\users\contents\NewsList.php 46
ERROR - 2023-12-07 07:16:27 --> Severity: Warning --> Undefined variable $news_full C:\OSPanel\domains\stimul.news\application\views\users\contents\NewsList.php 16
ERROR - 2023-12-07 07:16:27 --> Severity: Warning --> Trying to access array offset on value of type null C:\OSPanel\domains\stimul.news\application\views\users\contents\NewsList.php 16
ERROR - 2023-12-07 07:16:27 --> Severity: Warning --> Undefined variable $news_full C:\OSPanel\domains\stimul.news\application\views\users\contents\NewsList.php 16
ERROR - 2023-12-07 07:16:27 --> Severity: Warning --> Trying to access array offset on value of type null C:\OSPanel\domains\stimul.news\application\views\users\contents\NewsList.php 16
ERROR - 2023-12-07 07:16:27 --> Severity: Warning --> Undefined variable $news_full C:\OSPanel\domains\stimul.news\application\views\users\contents\NewsList.php 16
ERROR - 2023-12-07 07:16:27 --> Severity: Warning --> Trying to access array offset on value of type null C:\OSPanel\domains\stimul.news\application\views\users\contents\NewsList.php 16
ERROR - 2023-12-07 07:16:27 --> Severity: Warning --> Undefined variable $news_full C:\OSPanel\domains\stimul.news\application\views\users\contents\NewsList.php 16
ERROR - 2023-12-07 07:16:27 --> Severity: Warning --> Trying to access array offset on value of type null C:\OSPanel\domains\stimul.news\application\views\users\contents\NewsList.php 16
ERROR - 2023-12-07 07:16:27 --> Severity: Warning --> Undefined variable $news_full C:\OSPanel\domains\stimul.news\application\views\users\contents\NewsList.php 16
ERROR - 2023-12-07 07:16:27 --> Severity: Warning --> Trying to access array offset on value of type null C:\OSPanel\domains\stimul.news\application\views\users\contents\NewsList.php 16
ERROR - 2023-12-07 07:16:27 --> Severity: Warning --> Undefined variable $news_full C:\OSPanel\domains\stimul.news\application\views\users\contents\NewsList.php 16
ERROR - 2023-12-07 07:16:27 --> Severity: Warning --> Trying to access array offset on value of type null C:\OSPanel\domains\stimul.news\application\views\users\contents\NewsList.php 16
ERROR - 2023-12-07 07:16:27 --> Severity: Warning --> Undefined variable $news_full C:\OSPanel\domains\stimul.news\application\views\users\contents\NewsList.php 16
ERROR - 2023-12-07 07:16:27 --> Severity: Warning --> Trying to access array offset on value of type null C:\OSPanel\domains\stimul.news\application\views\users\contents\NewsList.php 16
ERROR - 2023-12-07 07:16:27 --> Severity: Warning --> Undefined variable $news_full C:\OSPanel\domains\stimul.news\application\views\users\contents\NewsList.php 16
ERROR - 2023-12-07 07:16:27 --> Severity: Warning --> Trying to access array offset on value of type null C:\OSPanel\domains\stimul.news\application\views\users\contents\NewsList.php 16
ERROR - 2023-12-07 07:16:27 --> Severity: Warning --> Undefined variable $news_full C:\OSPanel\domains\stimul.news\application\views\users\contents\NewsList.php 16
ERROR - 2023-12-07 07:16:27 --> Severity: Warning --> Trying to access array offset on value of type null C:\OSPanel\domains\stimul.news\application\views\users\contents\NewsList.php 16
ERROR - 2023-12-07 07:16:27 --> Severity: Warning --> Undefined variable $news_full C:\OSPanel\domains\stimul.news\application\views\users\contents\NewsList.php 16
ERROR - 2023-12-07 07:16:27 --> Severity: Warning --> Trying to access array offset on value of type null C:\OSPanel\domains\stimul.news\application\views\users\contents\NewsList.php 16
